#
# A fatal error has been detected by the Java Runtime Environment:
#
#  EXCEPTION_ACCESS_VIOLATION (0xc0000005) at pc=0x00007ffbdbf6420d, pid=7468, tid=1248
#
# JRE version: OpenJDK Runtime Environment (11.0.10) (build 11.0.10+0-b96-7249189)
# Java VM: OpenJDK 64-Bit Server VM (11.0.10+0-b96-7249189, mixed mode, tiered, compressed oops, g1 gc, windows-amd64)
# Problematic frame:
# V  [jvm.dll+0x2d420d]
#
# No core dump will be written. Minidumps are not enabled by default on client versions of Windows
#
# If you would like to submit a bug report, please visit:
#   https://bugreport.java.com/bugreport/crash.jsp
#

---------------  S U M M A R Y ------------

Command Line: --add-opens=java.base/java.util=ALL-UNNAMED --add-opens=java.base/java.lang=ALL-UNNAMED --add-opens=java.base/java.lang.invoke=ALL-UNNAMED --add-opens=java.base/java.util=ALL-UNNAMED --add-opens=java.prefs/java.util.prefs=ALL-UNNAMED --add-opens=java.prefs/java.util.prefs=ALL-UNNAMED --add-opens=java.base/java.nio.charset=ALL-UNNAMED --add-opens=java.base/java.net=ALL-UNNAMED --add-opens=java.base/java.util.concurrent.atomic=ALL-UNNAMED -Xmx2048m -Dfile.encoding=windows-1252 -Duser.country=IN -Duser.language=en -Duser.variant org.gradle.launcher.daemon.bootstrap.GradleDaemon 7.0.2

Host: Intel(R) Pentium(R) CPU B950 @ 2.10GHz, 2 cores, 3G,  Windows 10 , 64 bit Build 19041 (10.0.19041.928)
Time: Wed Oct  6 20:50:19 2021 Pacific Daylight Time elapsed time: 31.937151 seconds (0d 0h 0m 31s)

---------------  T H R E A D  ---------------

Current thread (0x00000242f62e2800):  GCTaskThread "GC Thread#1" [stack: 0x000000e102a00000,0x000000e102b00000] [id=1248]

Stack: [0x000000e102a00000,0x000000e102b00000],  sp=0x000000e102aff310,  free space=1020k
Native frames: (J=compiled Java code, j=interpreted, Vv=VM code, C=native code)
V  [jvm.dll+0x2d420d]
V  [jvm.dll+0x2fe6ff]
V  [jvm.dll+0x2ff998]
V  [jvm.dll+0x2d1282]
V  [jvm.dll+0x2fdb7b]
V  [jvm.dll+0x2fd8ae]
V  [jvm.dll+0x30c177]
V  [jvm.dll+0x2ace4e]
V  [jvm.dll+0x2acd71]
V  [jvm.dll+0x2da2db]
V  [jvm.dll+0x30dbb5]
V  [jvm.dll+0x30c9fd]
V  [jvm.dll+0x2dd418]
V  [jvm.dll+0x748da0]
V  [jvm.dll+0x6e3d45]
V  [jvm.dll+0x5ebe96]
C  [ucrtbase.dll+0x21bb2]
C  [KERNEL32.DLL+0x17034]
C  [ntdll.dll+0x52651]


siginfo: EXCEPTION_ACCESS_VIOLATION (0xc0000005), reading address 0x00000000000000f8


Register to memory mapping:

RIP=0x00007ffbdbf6420d jvm.dll
RAX=0x00000242dbf53e80 points into unknown readable memory: 0x0000000000000000 | 00 00 00 00 00 00 00 00
RBX=0x00000242f62368b0 points into unknown readable memory: 0x00007ffbdc4b30f8 | f8 30 4b dc fb 7f 00 00
RCX=0x0 is NULL
RDX=0x00000242dbfb04a0 points into unknown readable memory: 0x00007ffbdc4baae0 | e0 aa 4b dc fb 7f 00 00
RSP=0x000000e102aff310 points into unknown readable memory: 0x00000242f6236a20 | 20 6a 23 f6 42 02 00 00
RBP=0x00000242f6236a20 points into unknown readable memory: 0x00007ffbdc4b30b0 | b0 30 4b dc fb 7f 00 00
RSI=0x0000000100036f30 is pointing into metadata
RDI=0x00000000836d9e58 is pointing into object: java.util.LinkedHashMap$Entry 
{0x00000000836d9e48} - klass: 'java/util/LinkedHashMap$Entry'
R8 =0x00000000836d9e68 is pointing into object: java.util.LinkedHashMap$Entry 
{0x00000000836d9e48} - klass: 'java/util/LinkedHashMap$Entry'
R9 =0x0 is NULL
R10=0x00000000836d9e68 is pointing into object: java.util.LinkedHashMap$Entry 
{0x00000000836d9e48} - klass: 'java/util/LinkedHashMap$Entry'
R11=0x00000242f6236a20 points into unknown readable memory: 0x00007ffbdc4b30b0 | b0 30 4b dc fb 7f 00 00
R12=0x0000000000000005 is an unknown value
R13=0x0 is NULL
R14=0x0000000100036f30 is pointing into metadata
R15=0x00000000836d9e48 is an oop: java.util.LinkedHashMap$Entry 
{0x00000000836d9e48} - klass: 'java/util/LinkedHashMap$Entry'


Registers:
RAX=0x00000242dbf53e80, RBX=0x00000242f62368b0, RCX=0x0000000000000000, RDX=0x00000242dbfb04a0
RSP=0x000000e102aff310, RBP=0x00000242f6236a20, RSI=0x0000000100036f30, RDI=0x00000000836d9e58
R8 =0x00000000836d9e68, R9 =0x0000000000000000, R10=0x00000000836d9e68, R11=0x00000242f6236a20
R12=0x0000000000000005, R13=0x0000000000000000, R14=0x0000000100036f30, R15=0x00000000836d9e48
RIP=0x00007ffbdbf6420d, EFLAGS=0x0000000000010246

Top of Stack: (sp=0x000000e102aff310)
0x000000e102aff310:   00000242f6236a20 00007ffbdbf64144
0x000000e102aff320:   00000242dbf439d0 00000000836d9e35
0x000000e102aff330:   00000000836d9e68 00007ffbdbf8e6ff
0x000000e102aff340:   00000000836d9e48 00007ffbdbf8fc22
0x000000e102aff350:   00000000836d9e34 0000000100005e88
0x000000e102aff360:   00000000856dd570 0000000000000002
0x000000e102aff370:   00000000836d9e48 00007ffbdbf8f998
0x000000e102aff380:   0000000000000002 0000000000000015
0x000000e102aff390:   00000242f62368b0 0000000000000015
0x000000e102aff3a0:   00000242dbf439d0 00000000833d0e00
0x000000e102aff3b0:   00000002f6236a20 0000000000000015
0x000000e102aff3c0:   0000000000000001 00000242f62368b0
0x000000e102aff3d0:   0000000000000040 00000242dbf43a50
0x000000e102aff3e0:   0000000000000000 00000242f62368b0
0x000000e102aff3f0:   000000e102aff601 00007ffbdbf61282
0x000000e102aff400:   00000242f6236800 00007ffbdbf99d01 

Instructions: (pc=0x00007ffbdbf6420d)
0x00007ffbdbf6410d:   74 24 38 48 83 c4 20 5f c3 cc cc cc cc cc cc cc
0x00007ffbdbf6411d:   cc cc cc 48 89 5c 24 08 57 48 83 ec 20 48 8b 41
0x00007ffbdbf6412d:   18 48 8b da 48 83 cb 01 48 8b d3 48 8b 78 10 48
0x00007ffbdbf6413d:   8b cf e8 6c 7b 00 00 84 c0 75 29 48 81 c7 90 00
0x00007ffbdbf6414d:   00 00 48 8b 47 08 48 39 47 20 75 08 48 8b cf e8
0x00007ffbdbf6415d:   7f 47 0b 00 48 8b 4f 20 48 8b 47 38 48 89 1c c8
0x00007ffbdbf6416d:   48 ff 47 20 48 8b 5c 24 30 48 83 c4 20 5f c3 cc
0x00007ffbdbf6417d:   cc cc cc 48 89 5c 24 08 57 48 83 ec 20 48 8b 79
0x00007ffbdbf6418d:   10 48 8b da 48 83 cb 01 48 8b cf 48 8b d3 e8 10
0x00007ffbdbf6419d:   7b 00 00 84 c0 75 29 48 81 c7 90 00 00 00 48 8b
0x00007ffbdbf641ad:   47 08 48 39 47 20 75 08 48 8b cf e8 23 47 0b 00
0x00007ffbdbf641bd:   48 8b 4f 20 48 8b 47 38 48 89 1c c8 48 ff 47 20
0x00007ffbdbf641cd:   48 8b 5c 24 30 48 83 c4 20 5f c3 cc cc cc cc cc
0x00007ffbdbf641dd:   cc cc cc 40 53 48 83 ec 20 8b 82 04 01 00 00 48
0x00007ffbdbf641ed:   8b d9 d1 e8 a8 01 75 6b 48 8b 41 08 8b 88 c0 02
0x00007ffbdbf641fd:   00 00 48 8b 80 b0 02 00 00 49 d3 e9 4a 8b 0c c8
0x00007ffbdbf6420d:   48 8b 81 f8 00 00 00 83 b8 18 01 00 00 00 74 43
0x00007ffbdbf6421d:   48 8b 4b 50 48 89 7c 24 30 49 c1 e8 09 48 8b 79
0x00007ffbdbf6422d:   48 48 2b 79 40 49 03 f8 48 8b d7 e8 93 c1 ff ff
0x00007ffbdbf6423d:   84 c0 74 1a 80 7b 28 00 48 8d 4b 18 74 10 48 8b
0x00007ffbdbf6424d:   43 50 48 8b 50 40 48 03 d7 e8 35 25 36 00 48 8b
0x00007ffbdbf6425d:   7c 24 30 48 83 c4 20 5b c3 cc cc cc cc cc cc cc
0x00007ffbdbf6426d:   cc cc cc 48 89 5c 24 08 48 89 74 24 10 57 48 83
0x00007ffbdbf6427d:   ec 20 48 63 fa 48 8d 05 5f 91 54 00 45 33 c0 48
0x00007ffbdbf6428d:   89 01 48 8b f1 89 79 08 48 8b df 48 8d 0c fd 00
0x00007ffbdbf6429d:   00 00 00 41 8d 50 05 e8 37 f6 dd ff 45 33 db 48
0x00007ffbdbf642ad:   89 46 10 4c 8d 4e 10 4c 8b d0 45 8b c3 85 ff 7e
0x00007ffbdbf642bd:   56 83 ff 02 72 51 8d 4f ff 48 63 d1 48 8d 04 d0
0x00007ffbdbf642cd:   4d 3b d1 77 05 49 3b c1 73 3d 8b c7 25 01 00 00
0x00007ffbdbf642dd:   80 7d 07 ff c8 83 c8 fe ff c0 2b f8 0f 1f 80 00
0x00007ffbdbf642ed:   00 00 00 41 83 c0 02 44 3b c7 7c f7 8d 47 01 49
0x00007ffbdbf642fd:   8b fa 99 2b c2 d1 f8 48 63 c8 48 c1 e1 04 48 c1 


Stack slot to memory mapping:
stack at sp + 0 slots: 0x00000242f6236a20 points into unknown readable memory: 0x00007ffbdc4b30b0 | b0 30 4b dc fb 7f 00 00
stack at sp + 1 slots: 0x00007ffbdbf64144 jvm.dll
stack at sp + 2 slots: 0x00000242dbf439d0 points into unknown readable memory: 0x000000000000090b | 0b 09 00 00 00 00 00 00
stack at sp + 3 slots: 0x00000000836d9e35 is pointing into object: [Ljava.util.HashMap$Node; 
{0x00000000836d9df8} - klass: 'java/util/HashMap$Node'[]
 - length: 16
stack at sp + 4 slots: 0x00000000836d9e68 is pointing into object: java.util.LinkedHashMap$Entry 
{0x00000000836d9e48} - klass: 'java/util/LinkedHashMap$Entry'
stack at sp + 5 slots: 0x00007ffbdbf8e6ff jvm.dll
stack at sp + 6 slots: 0x00000000836d9e48 is an oop: java.util.LinkedHashMap$Entry 
{0x00000000836d9e48} - klass: 'java/util/LinkedHashMap$Entry'
stack at sp + 7 slots: 0x00007ffbdbf8fc22 jvm.dll


---------------  P R O C E S S  ---------------

Threads class SMR info:
_java_thread_list=0x00000242facc8740, length=40, elements={
0x00000242dbf29000, 0x00000242f55fd000, 0x00000242f55fe800, 0x00000242f565e000,
0x00000242f565f000, 0x00000242f5663800, 0x00000242f566a800, 0x00000242f566f000,
0x00000242f567b800, 0x00000242f60d3800, 0x00000242f7319000, 0x00000242f7a19800,
0x00000242f74e4000, 0x00000242f7637000, 0x00000242f750b000, 0x00000242f7705800,
0x00000242f73d5800, 0x00000242f72ca000, 0x00000242f81f2000, 0x00000242f63a6000,
0x00000242f63a2000, 0x00000242f63a4800, 0x00000242f63a7000, 0x00000242f63a3000,
0x00000242f63a3800, 0x00000242f63a1800, 0x00000242f63a5800, 0x00000242f63a8000,
0x00000242f8a92000, 0x00000242f8a96000, 0x00000242f8a93800, 0x00000242f8a94800,
0x00000242f8a90800, 0x00000242f8a98800, 0x00000242f8a99800, 0x00000242f8a97000,
0x00000242f8a97800, 0x00000242f8a95000, 0x00000242f8a9b800, 0x00000242f8a9c800
}

Java Threads: ( => current thread )
  0x00000242dbf29000 JavaThread "main" [_thread_blocked, id=2504, stack(0x000000e101900000,0x000000e101a00000)]
  0x00000242f55fd000 JavaThread "Reference Handler" daemon [_thread_blocked, id=8008, stack(0x000000e102000000,0x000000e102100000)]
  0x00000242f55fe800 JavaThread "Finalizer" daemon [_thread_blocked, id=6360, stack(0x000000e102100000,0x000000e102200000)]
  0x00000242f565e000 JavaThread "Signal Dispatcher" daemon [_thread_blocked, id=7348, stack(0x000000e102200000,0x000000e102300000)]
  0x00000242f565f000 JavaThread "Attach Listener" daemon [_thread_blocked, id=7280, stack(0x000000e102300000,0x000000e102400000)]
  0x00000242f5663800 JavaThread "Service Thread" daemon [_thread_blocked, id=7860, stack(0x000000e102400000,0x000000e102500000)]
  0x00000242f566a800 JavaThread "C2 CompilerThread0" daemon [_thread_in_native, id=5576, stack(0x000000e102500000,0x000000e102600000)]
  0x00000242f566f000 JavaThread "C1 CompilerThread0" daemon [_thread_blocked, id=7036, stack(0x000000e102600000,0x000000e102700000)]
  0x00000242f567b800 JavaThread "Sweeper thread" daemon [_thread_blocked, id=4196, stack(0x000000e102700000,0x000000e102800000)]
  0x00000242f60d3800 JavaThread "Common-Cleaner" daemon [_thread_blocked, id=6196, stack(0x000000e102800000,0x000000e102900000)]
  0x00000242f7319000 JavaThread "Daemon health stats" [_thread_blocked, id=7512, stack(0x000000e102b00000,0x000000e102c00000)]
  0x00000242f7a19800 JavaThread "Incoming local TCP Connector on port 55245" [_thread_in_native, id=1008, stack(0x000000e102c00000,0x000000e102d00000)]
  0x00000242f74e4000 JavaThread "Daemon periodic checks" [_thread_blocked, id=8116, stack(0x000000e102d00000,0x000000e102e00000)]
  0x00000242f7637000 JavaThread "Daemon" [_thread_blocked, id=7584, stack(0x000000e102e00000,0x000000e102f00000)]
  0x00000242f750b000 JavaThread "Handler for socket connection from /127.0.0.1:55245 to /127.0.0.1:55246" [_thread_in_native, id=7208, stack(0x000000e102f00000,0x000000e103000000)]
  0x00000242f7705800 JavaThread "Cancel handler" [_thread_blocked, id=6428, stack(0x000000e103000000,0x000000e103100000)]
  0x00000242f73d5800 JavaThread "Daemon worker" [_thread_blocked, id=7880, stack(0x000000e103100000,0x000000e103200000)]
  0x00000242f72ca000 JavaThread "Asynchronous log dispatcher for DefaultDaemonConnection: socket connection from /127.0.0.1:55245 to /127.0.0.1:55246" [_thread_blocked, id=4572, stack(0x000000e103200000,0x000000e103300000)]
  0x00000242f81f2000 JavaThread "Stdin handler" [_thread_blocked, id=3340, stack(0x000000e103300000,0x000000e103400000)]
  0x00000242f63a6000 JavaThread "Daemon client event forwarder" [_thread_blocked, id=6572, stack(0x000000e103400000,0x000000e103500000)]
  0x00000242f63a2000 JavaThread "Cache worker for file hash cache (C:\Users\Prasanth\.gradle\caches\7.0.2\fileHashes)" [_thread_blocked, id=2980, stack(0x000000e103500000,0x000000e103600000)]
  0x00000242f63a4800 JavaThread "File lock request listener" [_thread_in_native, id=7364, stack(0x000000e103600000,0x000000e103700000)]
  0x00000242f63a7000 JavaThread "Cache worker for journal cache (C:\Users\Prasanth\.gradle\caches\journal-1)" [_thread_blocked, id=5784, stack(0x000000e103700000,0x000000e103800000)]
  0x00000242f63a3000 JavaThread "Cache worker for file hash cache (C:\Users\Prasanth\AndroidStudioProjects\Skyblue\.gradle\7.0.2\fileHashes)" [_thread_blocked, id=7612, stack(0x000000e103800000,0x000000e103900000)]
  0x00000242f63a3800 JavaThread "File watcher server" daemon [_thread_in_native, id=1908, stack(0x000000e103900000,0x000000e103a00000)]
  0x00000242f63a1800 JavaThread "File watcher consumer" daemon [_thread_blocked, id=5072, stack(0x000000e103a00000,0x000000e103b00000)]
  0x00000242f63a5800 JavaThread "Cache worker for checksums cache (C:\Users\Prasanth\AndroidStudioProjects\Skyblue\.gradle\checksums)" [_thread_blocked, id=2968, stack(0x000000e103b00000,0x000000e103c00000)]
  0x00000242f63a8000 JavaThread "Cache worker for cache directory md-supplier (C:\Users\Prasanth\.gradle\caches\7.0.2\md-supplier)" [_thread_blocked, id=6644, stack(0x000000e103c00000,0x000000e103d00000)]
  0x00000242f8a92000 JavaThread "Cache worker for cache directory md-rule (C:\Users\Prasanth\.gradle\caches\7.0.2\md-rule)" [_thread_blocked, id=7768, stack(0x000000e103d00000,0x000000e103e00000)]
  0x00000242f8a96000 JavaThread "Cache worker for execution history cache (C:\Users\Prasanth\.gradle\caches\7.0.2\executionHistory)" [_thread_blocked, id=3860, stack(0x000000e103e00000,0x000000e103f00000)]
  0x00000242f8a93800 JavaThread "jar transforms" [_thread_blocked, id=2508, stack(0x000000e103f00000,0x000000e104000000)]
  0x00000242f8a94800 JavaThread "jar transforms Thread 2" [_thread_blocked, id=7432, stack(0x000000e104000000,0x000000e104100000)]
  0x00000242f8a90800 JavaThread "Cache worker for file content cache (C:\Users\Prasanth\.gradle\caches\7.0.2\fileContent)" [_thread_blocked, id=4852, stack(0x000000e104100000,0x000000e104200000)]
  0x00000242f8a98800 JavaThread "Cache worker for dependencies-accessors (C:\Users\Prasanth\AndroidStudioProjects\Skyblue\.gradle\7.0.2\dependencies-accessors)" [_thread_blocked, id=7656, stack(0x000000e104200000,0x000000e104300000)]
  0x00000242f8a99800 JavaThread "Cache worker for Build Output Cleanup Cache (C:\Users\Prasanth\AndroidStudioProjects\Skyblue\.gradle\buildOutputCleanup)" [_thread_blocked, id=3480, stack(0x000000e104300000,0x000000e104400000)]
  0x00000242f8a97000 JavaThread "Build operations" [_thread_blocked, id=368, stack(0x000000e104400000,0x000000e104500000)]
  0x00000242f8a97800 JavaThread "Build operations Thread 2" [_thread_blocked, id=5428, stack(0x000000e104500000,0x000000e104600000)]
  0x00000242f8a95000 JavaThread "Memory manager" [_thread_blocked, id=7852, stack(0x000000e104600000,0x000000e104700000)]
  0x00000242f8a9b800 JavaThread "build event listener" [_thread_blocked, id=6672, stack(0x000000e104700000,0x000000e104800000)]
  0x00000242f8a9c800 JavaThread "Execution worker for ':'" [_thread_blocked, id=7600, stack(0x000000e104800000,0x000000e104900000)]

Other Threads:
  0x00000242f55f8000 VMThread "VM Thread" [stack: 0x000000e101f00000,0x000000e102000000] [id=8080]
  0x00000242f60f1800 WatcherThread [stack: 0x000000e102900000,0x000000e102a00000] [id=8120]
  0x00000242dbf40800 GCTaskThread "GC Thread#0" [stack: 0x000000e101a00000,0x000000e101b00000] [id=5944]
=>0x00000242f62e2800 GCTaskThread "GC Thread#1" [stack: 0x000000e102a00000,0x000000e102b00000] [id=1248]
  0x00000242dbf74800 ConcurrentGCThread "G1 Main Marker" [stack: 0x000000e101b00000,0x000000e101c00000] [id=5472]
  0x00000242dbf75800 ConcurrentGCThread "G1 Conc#0" [stack: 0x000000e101c00000,0x000000e101d00000] [id=5820]
  0x00000242dbfc6800 ConcurrentGCThread "G1 Refine#0" [stack: 0x000000e101d00000,0x000000e101e00000] [id=5780]
  0x00000242dbfc7800 ConcurrentGCThread "G1 Young RemSet Sampling" [stack: 0x000000e101e00000,0x000000e101f00000] [id=6540]

Threads with active compile tasks:
C2 CompilerThread0  32187 7147 %     4       org.gradle.internal.instantiation.generator.AbstractClassGenerator::inspectType @ 107 (560 bytes)

VM state:at safepoint (normal execution)

VM Mutex/Monitor currently owned by a thread:  ([mutex/lock_event])
[0x00000242dbf25920] Threads_lock - owner thread: 0x00000242f55f8000
[0x00000242dbf26850] Heap_lock - owner thread: 0x00000242f73d5800

Heap address: 0x0000000080000000, size: 2048 MB, Compressed Oops mode: 32-bit
Narrow klass base: 0x0000000000000000, Narrow klass shift: 3
Compressed class space size: 1073741824 Address: 0x0000000100000000

Heap:
 garbage-first heap   total 134144K, used 105447K [0x0000000080000000, 0x0000000100000000)
  region size 1024K, 50 young (51200K), 7 survivors (7168K)
 Metaspace       used 77089K, capacity 78851K, committed 79052K, reserved 1118208K
  class space    used 10032K, capacity 10690K, committed 10752K, reserved 1048576K
Heap Regions: E=young(eden), S=young(survivor), O=old, HS=humongous(starts), HC=humongous(continues), CS=collection set, F=free, A=archive, TAMS=top-at-mark-start (previous, next)
|   0|0x0000000080000000, 0x0000000080100000, 0x0000000080100000|100%| O|  |TAMS 0x0000000080100000, 0x0000000080000000| Untracked 
|   1|0x0000000080100000, 0x0000000080200000, 0x0000000080200000|100%| O|  |TAMS 0x0000000080200000, 0x0000000080100000| Untracked 
|   2|0x0000000080200000, 0x0000000080300000, 0x0000000080300000|100%| O|  |TAMS 0x0000000080300000, 0x0000000080200000| Untracked 
|   3|0x0000000080300000, 0x0000000080400000, 0x0000000080400000|100%| O|  |TAMS 0x0000000080400000, 0x0000000080300000| Untracked 
|   4|0x0000000080400000, 0x0000000080500000, 0x0000000080500000|100%|HS|  |TAMS 0x0000000080500000, 0x0000000080400000| Complete 
|   5|0x0000000080500000, 0x0000000080600000, 0x0000000080600000|100%|HC|  |TAMS 0x0000000080600000, 0x0000000080500000| Complete 
|   6|0x0000000080600000, 0x0000000080700000, 0x0000000080700000|100%|HC|  |TAMS 0x0000000080700000, 0x0000000080600000| Complete 
|   7|0x0000000080700000, 0x0000000080800000, 0x0000000080800000|100%| O|  |TAMS 0x0000000080800000, 0x0000000080700000| Untracked 
|   8|0x0000000080800000, 0x0000000080900000, 0x0000000080900000|100%| O|  |TAMS 0x0000000080900000, 0x0000000080800000| Untracked 
|   9|0x0000000080900000, 0x0000000080a00000, 0x0000000080a00000|100%| O|  |TAMS 0x0000000080a00000, 0x0000000080900000| Untracked 
|  10|0x0000000080a00000, 0x0000000080b00000, 0x0000000080b00000|100%| O|  |TAMS 0x0000000080b00000, 0x0000000080a00000| Untracked 
|  11|0x0000000080b00000, 0x0000000080c00000, 0x0000000080c00000|100%| O|  |TAMS 0x0000000080c00000, 0x0000000080b00000| Untracked 
|  12|0x0000000080c00000, 0x0000000080d00000, 0x0000000080d00000|100%| O|  |TAMS 0x0000000080d00000, 0x0000000080c00000| Untracked 
|  13|0x0000000080d00000, 0x0000000080e00000, 0x0000000080e00000|100%| O|  |TAMS 0x0000000080e00000, 0x0000000080d00000| Untracked 
|  14|0x0000000080e00000, 0x0000000080f00000, 0x0000000080f00000|100%| O|  |TAMS 0x0000000080f00000, 0x0000000080e00000| Untracked 
|  15|0x0000000080f00000, 0x0000000081000000, 0x0000000081000000|100%| O|  |TAMS 0x0000000081000000, 0x0000000080f00000| Untracked 
|  16|0x0000000081000000, 0x0000000081100000, 0x0000000081100000|100%| O|  |TAMS 0x0000000081100000, 0x0000000081000000| Untracked 
|  17|0x0000000081100000, 0x0000000081200000, 0x0000000081200000|100%| O|  |TAMS 0x0000000081200000, 0x0000000081100000| Untracked 
|  18|0x0000000081200000, 0x0000000081300000, 0x0000000081300000|100%| O|  |TAMS 0x0000000081300000, 0x0000000081200000| Untracked 
|  19|0x0000000081300000, 0x0000000081400000, 0x0000000081400000|100%| O|  |TAMS 0x0000000081400000, 0x0000000081300000| Untracked 
|  20|0x0000000081400000, 0x0000000081500000, 0x0000000081500000|100%| O|  |TAMS 0x0000000081500000, 0x0000000081400000| Untracked 
|  21|0x0000000081500000, 0x0000000081600000, 0x0000000081600000|100%| O|  |TAMS 0x0000000081600000, 0x0000000081500000| Untracked 
|  22|0x0000000081600000, 0x0000000081700000, 0x0000000081700000|100%| O|  |TAMS 0x0000000081700000, 0x0000000081600000| Untracked 
|  23|0x0000000081700000, 0x0000000081800000, 0x0000000081800000|100%| O|  |TAMS 0x0000000081800000, 0x0000000081700000| Untracked 
|  24|0x0000000081800000, 0x0000000081900000, 0x0000000081900000|100%|HS|  |TAMS 0x0000000081900000, 0x0000000081800000| Complete 
|  25|0x0000000081900000, 0x0000000081a00000, 0x0000000081a00000|100%| O|  |TAMS 0x0000000081a00000, 0x0000000081900000| Untracked 
|  26|0x0000000081a00000, 0x0000000081b00000, 0x0000000081b00000|100%| O|  |TAMS 0x0000000081b00000, 0x0000000081a00000| Untracked 
|  27|0x0000000081b00000, 0x0000000081c00000, 0x0000000081c00000|100%|HS|  |TAMS 0x0000000081c00000, 0x0000000081b00000| Complete 
|  28|0x0000000081c00000, 0x0000000081d00000, 0x0000000081d00000|100%|HS|  |TAMS 0x0000000081d00000, 0x0000000081c00000| Complete 
|  29|0x0000000081d00000, 0x0000000081e00000, 0x0000000081e00000|100%|HC|  |TAMS 0x0000000081e00000, 0x0000000081d00000| Complete 
|  30|0x0000000081e00000, 0x0000000081f00000, 0x0000000081f00000|100%| O|  |TAMS 0x0000000081f00000, 0x0000000081e00000| Untracked 
|  31|0x0000000081f00000, 0x0000000082000000, 0x0000000082000000|100%| O|  |TAMS 0x0000000082000000, 0x0000000081f00000| Untracked 
|  32|0x0000000082000000, 0x0000000082100000, 0x0000000082100000|100%| O|  |TAMS 0x0000000082100000, 0x0000000082000000| Untracked 
|  33|0x0000000082100000, 0x0000000082200000, 0x0000000082200000|100%| O|  |TAMS 0x0000000082200000, 0x0000000082100000| Untracked 
|  34|0x0000000082200000, 0x0000000082300000, 0x0000000082300000|100%| O|  |TAMS 0x0000000082300000, 0x0000000082200000| Untracked 
|  35|0x0000000082300000, 0x0000000082400000, 0x0000000082400000|100%| O|  |TAMS 0x0000000082400000, 0x0000000082300000| Untracked 
|  36|0x0000000082400000, 0x0000000082500000, 0x0000000082500000|100%| O|  |TAMS 0x0000000082500000, 0x0000000082400000| Untracked 
|  37|0x0000000082500000, 0x0000000082600000, 0x0000000082600000|100%| O|  |TAMS 0x0000000082600000, 0x0000000082500000| Untracked 
|  38|0x0000000082600000, 0x0000000082700000, 0x0000000082700000|100%| O|  |TAMS 0x0000000082700000, 0x0000000082600000| Untracked 
|  39|0x0000000082700000, 0x0000000082800000, 0x0000000082800000|100%| O|  |TAMS 0x0000000082800000, 0x0000000082700000| Untracked 
|  40|0x0000000082800000, 0x0000000082900000, 0x0000000082900000|100%| O|  |TAMS 0x0000000082900000, 0x0000000082800000| Untracked 
|  41|0x0000000082900000, 0x0000000082a00000, 0x0000000082a00000|100%| O|  |TAMS 0x000000008295a600, 0x0000000082900000| Untracked 
|  42|0x0000000082a00000, 0x0000000082b00000, 0x0000000082b00000|100%| O|  |TAMS 0x0000000082a00000, 0x0000000082a00000| Untracked 
|  43|0x0000000082b00000, 0x0000000082c00000, 0x0000000082c00000|100%| O|  |TAMS 0x0000000082b00000, 0x0000000082b00000| Untracked 
|  44|0x0000000082c00000, 0x0000000082d00000, 0x0000000082d00000|100%| O|  |TAMS 0x0000000082c00000, 0x0000000082c00000| Untracked 
|  45|0x0000000082d00000, 0x0000000082e00000, 0x0000000082e00000|100%| O|  |TAMS 0x0000000082d00000, 0x0000000082d00000| Untracked 
|  46|0x0000000082e00000, 0x0000000082f00000, 0x0000000082f00000|100%| O|  |TAMS 0x0000000082e00000, 0x0000000082e00000| Untracked 
|  47|0x0000000082f00000, 0x0000000083000000, 0x0000000083000000|100%| O|  |TAMS 0x0000000082f00000, 0x0000000082f00000| Untracked 
|  48|0x0000000083000000, 0x0000000083100000, 0x0000000083100000|100%| O|  |TAMS 0x0000000083000000, 0x0000000083000000| Untracked 
|  49|0x0000000083100000, 0x0000000083200000, 0x0000000083200000|100%| O|  |TAMS 0x0000000083100000, 0x0000000083100000| Untracked 
|  50|0x0000000083200000, 0x0000000083300000, 0x0000000083300000|100%| O|  |TAMS 0x0000000083200000, 0x0000000083200000| Untracked 
|  51|0x0000000083300000, 0x0000000083400000, 0x0000000083400000|100%| O|  |TAMS 0x0000000083300000, 0x0000000083300000| Untracked 
|  52|0x0000000083400000, 0x0000000083500000, 0x0000000083500000|100%| O|  |TAMS 0x0000000083400000, 0x0000000083400000| Untracked 
|  53|0x0000000083500000, 0x0000000083600000, 0x0000000083600000|100%| O|  |TAMS 0x0000000083500000, 0x0000000083500000| Untracked 
|  54|0x0000000083600000, 0x0000000083700000, 0x0000000083700000|100%| O|  |TAMS 0x0000000083600000, 0x0000000083600000| Untracked 
|  55|0x0000000083700000, 0x0000000083800000, 0x0000000083800000|100%| O|  |TAMS 0x0000000083700000, 0x0000000083700000| Untracked 
|  56|0x0000000083800000, 0x0000000083900000, 0x0000000083900000|100%| O|  |TAMS 0x0000000083800000, 0x0000000083800000| Untracked 
|  57|0x0000000083900000, 0x0000000083946dd8, 0x0000000083a00000| 27%| O|  |TAMS 0x0000000083900000, 0x0000000083900000| Untracked 
|  58|0x0000000083a00000, 0x0000000083a00000, 0x0000000083b00000|  0%| F|  |TAMS 0x0000000083a00000, 0x0000000083a00000| Untracked 
|  59|0x0000000083b00000, 0x0000000083b00000, 0x0000000083c00000|  0%| F|  |TAMS 0x0000000083b00000, 0x0000000083b00000| Untracked 
|  60|0x0000000083c00000, 0x0000000083c00000, 0x0000000083d00000|  0%| F|  |TAMS 0x0000000083c00000, 0x0000000083c00000| Untracked 
|  61|0x0000000083d00000, 0x0000000083d00000, 0x0000000083e00000|  0%| F|  |TAMS 0x0000000083d00000, 0x0000000083d00000| Untracked 
|  62|0x0000000083e00000, 0x0000000083e00000, 0x0000000083f00000|  0%| F|  |TAMS 0x0000000083e00000, 0x0000000083e00000| Untracked 
|  63|0x0000000083f00000, 0x0000000083f00000, 0x0000000084000000|  0%| F|  |TAMS 0x0000000083f00000, 0x0000000083f00000| Untracked 
|  64|0x0000000084000000, 0x0000000084000000, 0x0000000084100000|  0%| F|  |TAMS 0x0000000084000000, 0x0000000084000000| Untracked 
|  65|0x0000000084100000, 0x0000000084100000, 0x0000000084200000|  0%| F|  |TAMS 0x0000000084100000, 0x0000000084100000| Untracked 
|  66|0x0000000084200000, 0x0000000084200000, 0x0000000084300000|  0%| F|  |TAMS 0x0000000084200000, 0x0000000084200000| Untracked 
|  67|0x0000000084300000, 0x0000000084300000, 0x0000000084400000|  0%| F|  |TAMS 0x0000000084300000, 0x0000000084300000| Untracked 
|  68|0x0000000084400000, 0x0000000084400000, 0x0000000084500000|  0%| F|  |TAMS 0x0000000084400000, 0x0000000084400000| Untracked 
|  69|0x0000000084500000, 0x0000000084500000, 0x0000000084600000|  0%| F|  |TAMS 0x0000000084500000, 0x0000000084500000| Untracked 
|  70|0x0000000084600000, 0x0000000084600000, 0x0000000084700000|  0%| F|  |TAMS 0x0000000084600000, 0x0000000084600000| Untracked 
|  71|0x0000000084700000, 0x0000000084700000, 0x0000000084800000|  0%| F|  |TAMS 0x0000000084700000, 0x0000000084700000| Untracked 
|  72|0x0000000084800000, 0x0000000084800000, 0x0000000084900000|  0%| F|  |TAMS 0x0000000084800000, 0x0000000084800000| Untracked 
|  73|0x0000000084900000, 0x0000000084900000, 0x0000000084a00000|  0%| F|  |TAMS 0x0000000084900000, 0x0000000084900000| Untracked 
|  74|0x0000000084a00000, 0x0000000084a00000, 0x0000000084b00000|  0%| F|  |TAMS 0x0000000084a00000, 0x0000000084a00000| Untracked 
|  75|0x0000000084b00000, 0x0000000084b80000, 0x0000000084c00000| 50%| S|  |TAMS 0x0000000084b00000, 0x0000000084b00000| Complete 
|  76|0x0000000084c00000, 0x0000000084d00000, 0x0000000084d00000|100%| S|  |TAMS 0x0000000084c00000, 0x0000000084c00000| Complete 
|  77|0x0000000084d00000, 0x0000000084e00000, 0x0000000084e00000|100%| S|  |TAMS 0x0000000084d00000, 0x0000000084d00000| Complete 
|  78|0x0000000084e00000, 0x0000000084f00000, 0x0000000084f00000|100%| S|  |TAMS 0x0000000084e00000, 0x0000000084e00000| Complete 
|  79|0x0000000084f00000, 0x0000000085000000, 0x0000000085000000|100%| S|  |TAMS 0x0000000084f00000, 0x0000000084f00000| Complete 
|  80|0x0000000085000000, 0x0000000085100000, 0x0000000085100000|100%| S|  |TAMS 0x0000000085000000, 0x0000000085000000| Complete 
|  81|0x0000000085100000, 0x0000000085200000, 0x0000000085200000|100%| S|  |TAMS 0x0000000085100000, 0x0000000085100000| Complete 
|  82|0x0000000085200000, 0x0000000085300000, 0x0000000085300000|100%| E|CS|TAMS 0x0000000085200000, 0x0000000085200000| Complete 
|  83|0x0000000085300000, 0x0000000085400000, 0x0000000085400000|100%| E|CS|TAMS 0x0000000085300000, 0x0000000085300000| Complete 
|  84|0x0000000085400000, 0x0000000085500000, 0x0000000085500000|100%| E|CS|TAMS 0x0000000085400000, 0x0000000085400000| Complete 
|  85|0x0000000085500000, 0x0000000085600000, 0x0000000085600000|100%| E|CS|TAMS 0x0000000085500000, 0x0000000085500000| Complete 
|  86|0x0000000085600000, 0x0000000085700000, 0x0000000085700000|100%| E|CS|TAMS 0x0000000085600000, 0x0000000085600000| Complete 
|  87|0x0000000085700000, 0x0000000085800000, 0x0000000085800000|100%| E|CS|TAMS 0x0000000085700000, 0x0000000085700000| Complete 
|  88|0x0000000085800000, 0x0000000085900000, 0x0000000085900000|100%| E|CS|TAMS 0x0000000085800000, 0x0000000085800000| Complete 
|  89|0x0000000085900000, 0x0000000085a00000, 0x0000000085a00000|100%| E|CS|TAMS 0x0000000085900000, 0x0000000085900000| Complete 
|  90|0x0000000085a00000, 0x0000000085b00000, 0x0000000085b00000|100%| E|CS|TAMS 0x0000000085a00000, 0x0000000085a00000| Complete 
|  91|0x0000000085b00000, 0x0000000085c00000, 0x0000000085c00000|100%| E|CS|TAMS 0x0000000085b00000, 0x0000000085b00000| Complete 
|  92|0x0000000085c00000, 0x0000000085d00000, 0x0000000085d00000|100%| E|CS|TAMS 0x0000000085c00000, 0x0000000085c00000| Complete 
|  93|0x0000000085d00000, 0x0000000085e00000, 0x0000000085e00000|100%| E|CS|TAMS 0x0000000085d00000, 0x0000000085d00000| Complete 
|  94|0x0000000085e00000, 0x0000000085f00000, 0x0000000085f00000|100%| E|CS|TAMS 0x0000000085e00000, 0x0000000085e00000| Complete 
|  95|0x0000000085f00000, 0x0000000086000000, 0x0000000086000000|100%| E|CS|TAMS 0x0000000085f00000, 0x0000000085f00000| Complete 
|  96|0x0000000086000000, 0x0000000086100000, 0x0000000086100000|100%| E|CS|TAMS 0x0000000086000000, 0x0000000086000000| Complete 
|  97|0x0000000086100000, 0x0000000086200000, 0x0000000086200000|100%| E|CS|TAMS 0x0000000086100000, 0x0000000086100000| Complete 
|  98|0x0000000086200000, 0x0000000086300000, 0x0000000086300000|100%| E|CS|TAMS 0x0000000086200000, 0x0000000086200000| Complete 
|  99|0x0000000086300000, 0x0000000086400000, 0x0000000086400000|100%| E|CS|TAMS 0x0000000086300000, 0x0000000086300000| Complete 
| 100|0x0000000086400000, 0x0000000086500000, 0x0000000086500000|100%| E|CS|TAMS 0x0000000086400000, 0x0000000086400000| Complete 
| 101|0x0000000086500000, 0x0000000086600000, 0x0000000086600000|100%| E|CS|TAMS 0x0000000086500000, 0x0000000086500000| Complete 
| 102|0x0000000086600000, 0x0000000086700000, 0x0000000086700000|100%| E|CS|TAMS 0x0000000086600000, 0x0000000086600000| Complete 
| 103|0x0000000086700000, 0x0000000086800000, 0x0000000086800000|100%| E|CS|TAMS 0x0000000086700000, 0x0000000086700000| Complete 
| 104|0x0000000086800000, 0x0000000086900000, 0x0000000086900000|100%| E|CS|TAMS 0x0000000086800000, 0x0000000086800000| Complete 
| 105|0x0000000086900000, 0x0000000086a00000, 0x0000000086a00000|100%| E|CS|TAMS 0x0000000086900000, 0x0000000086900000| Complete 
| 106|0x0000000086a00000, 0x0000000086b00000, 0x0000000086b00000|100%| E|CS|TAMS 0x0000000086a00000, 0x0000000086a00000| Complete 
| 107|0x0000000086b00000, 0x0000000086c00000, 0x0000000086c00000|100%| E|CS|TAMS 0x0000000086b00000, 0x0000000086b00000| Complete 
| 108|0x0000000086c00000, 0x0000000086d00000, 0x0000000086d00000|100%| E|CS|TAMS 0x0000000086c00000, 0x0000000086c00000| Complete 
| 109|0x0000000086d00000, 0x0000000086e00000, 0x0000000086e00000|100%| E|CS|TAMS 0x0000000086d00000, 0x0000000086d00000| Complete 
| 110|0x0000000086e00000, 0x0000000086f00000, 0x0000000086f00000|100%| E|CS|TAMS 0x0000000086e00000, 0x0000000086e00000| Complete 
| 111|0x0000000086f00000, 0x0000000087000000, 0x0000000087000000|100%| E|CS|TAMS 0x0000000086f00000, 0x0000000086f00000| Complete 
| 112|0x0000000087000000, 0x0000000087100000, 0x0000000087100000|100%| E|CS|TAMS 0x0000000087000000, 0x0000000087000000| Complete 
| 113|0x0000000087100000, 0x0000000087200000, 0x0000000087200000|100%| E|CS|TAMS 0x0000000087100000, 0x0000000087100000| Complete 
| 114|0x0000000087200000, 0x0000000087300000, 0x0000000087300000|100%| E|CS|TAMS 0x0000000087200000, 0x0000000087200000| Complete 
| 115|0x0000000087300000, 0x0000000087400000, 0x0000000087400000|100%| E|CS|TAMS 0x0000000087300000, 0x0000000087300000| Complete 
| 116|0x0000000087400000, 0x0000000087500000, 0x0000000087500000|100%| E|CS|TAMS 0x0000000087400000, 0x0000000087400000| Complete 
| 117|0x0000000087500000, 0x0000000087600000, 0x0000000087600000|100%| E|CS|TAMS 0x0000000087500000, 0x0000000087500000| Complete 
| 118|0x0000000087600000, 0x0000000087700000, 0x0000000087700000|100%| E|CS|TAMS 0x0000000087600000, 0x0000000087600000| Complete 
| 119|0x0000000087700000, 0x0000000087800000, 0x0000000087800000|100%| E|CS|TAMS 0x0000000087700000, 0x0000000087700000| Complete 
| 120|0x0000000087800000, 0x0000000087900000, 0x0000000087900000|100%| E|CS|TAMS 0x0000000087800000, 0x0000000087800000| Complete 
| 121|0x0000000087900000, 0x0000000087a00000, 0x0000000087a00000|100%| E|CS|TAMS 0x0000000087900000, 0x0000000087900000| Complete 
| 122|0x0000000087a00000, 0x0000000087b00000, 0x0000000087b00000|100%| E|CS|TAMS 0x0000000087a00000, 0x0000000087a00000| Complete 
| 123|0x0000000087b00000, 0x0000000087c00000, 0x0000000087c00000|100%| E|CS|TAMS 0x0000000087b00000, 0x0000000087b00000| Complete 
| 124|0x0000000087c00000, 0x0000000087d00000, 0x0000000087d00000|100%| E|CS|TAMS 0x0000000087c00000, 0x0000000087c00000| Complete 
| 125|0x0000000087d00000, 0x0000000087e00000, 0x0000000087e00000|100%| E|CS|TAMS 0x0000000087d00000, 0x0000000087d00000| Complete 
| 126|0x0000000087e00000, 0x0000000087f00000, 0x0000000087f00000|100%| E|CS|TAMS 0x0000000087e00000, 0x0000000087e00000| Complete 
| 127|0x0000000087f00000, 0x0000000088000000, 0x0000000088000000|100%| E|CS|TAMS 0x0000000087f00000, 0x0000000087f00000| Complete 
| 128|0x0000000088000000, 0x0000000088100000, 0x0000000088100000|100%| E|CS|TAMS 0x0000000088000000, 0x0000000088000000| Complete 
| 129|0x0000000088100000, 0x0000000088200000, 0x0000000088200000|100%| E|CS|TAMS 0x0000000088100000, 0x0000000088100000| Complete 
| 130|0x0000000088200000, 0x0000000088300000, 0x0000000088300000|100%| E|CS|TAMS 0x0000000088200000, 0x0000000088200000| Complete 

Card table byte_map: [0x00000242eea20000,0x00000242eee20000] _byte_map_base: 0x00000242ee620000

Marking Bits (Prev, Next): (CMBitMap*) 0x00000242dbf6b8d0, (CMBitMap*) 0x00000242dbf6b898
 Prev Bits: [0x00000242f1220000, 0x00000242f3220000)
 Next Bits: [0x00000242ef220000, 0x00000242f1220000)

Polling page: 0x00000242d9e10000

Metaspace:

Usage:
  Non-class:     66.56 MB capacity,    65.49 MB ( 98%) used,   909.68 KB (  1%) free+waste,   194.13 KB ( <1%) overhead. 
      Class:     10.44 MB capacity,     9.80 MB ( 94%) used,   567.54 KB (  5%) free+waste,    90.00 KB ( <1%) overhead. 
       Both:     77.00 MB capacity,    75.28 MB ( 98%) used,     1.44 MB (  2%) free+waste,   284.13 KB ( <1%) overhead. 

Virtual space:
  Non-class space:       68.00 MB reserved,      66.70 MB ( 98%) committed 
      Class space:        1.00 GB reserved,      10.50 MB (  1%) committed 
             Both:        1.07 GB reserved,      77.20 MB (  7%) committed 

Chunk freelists:
   Non-Class:  11.00 KB
       Class:  0 bytes
        Both:  11.00 KB

MaxMetaspaceSize: 17179869184.00 GB
CompressedClassSpaceSize: 1.00 GB

CodeHeap 'non-profiled nmethods': size=120064Kb used=3799Kb max_used=3799Kb free=116264Kb
 bounds [0x00000242e74e0000, 0x00000242e78a0000, 0x00000242eea20000]
CodeHeap 'profiled nmethods': size=120000Kb used=15759Kb max_used=15759Kb free=104240Kb
 bounds [0x00000242dffb0000, 0x00000242e0f20000, 0x00000242e74e0000]
CodeHeap 'non-nmethods': size=5696Kb used=2259Kb max_used=2304Kb free=3436Kb
 bounds [0x00000242dfa20000, 0x00000242dfc90000, 0x00000242dffb0000]
 total_blobs=8190 nmethods=7323 adapters=779
 compilation: enabled
              stopped_count=0, restarted_count=0
 full_count=0

Compilation events (20 events):
Event: 31.775 Thread 0x00000242f566f000 7374       2       org.gradle.api.internal.tasks.properties.annotations.AbstractInputFilePropertyAnnotationHandler::visitPropertyValue (170 bytes)
Event: 31.777 Thread 0x00000242f566f000 nmethod 7374 0x00000242e0f0eb90 code [0x00000242e0f0eea0, 0x00000242e0f0fb08]
Event: 31.778 Thread 0x00000242f566f000 7375       2       com.google.common.collect.Ordering::natural (4 bytes)
Event: 31.778 Thread 0x00000242f566f000 nmethod 7375 0x00000242e0f10290 code [0x00000242e0f10440, 0x00000242e0f10518]
Event: 31.779 Thread 0x00000242f566f000 7376       1       org.gradle.api.internal.tasks.properties.AbstractPropertyNode::getTypeMetadata (5 bytes)
Event: 31.779 Thread 0x00000242f566f000 nmethod 7376 0x00000242e7895c10 code [0x00000242e7895dc0, 0x00000242e7895e78]
Event: 31.779 Thread 0x00000242f566f000 7377       2       org.gradle.internal.reflect.validation.ReplayingTypeValidationContext::replay (17 bytes)
Event: 31.780 Thread 0x00000242f566f000 nmethod 7377 0x00000242e0f10590 code [0x00000242e0f10760, 0x00000242e0f109a8]
Event: 31.828 Thread 0x00000242f566f000 7380       2       org.gradle.internal.logging.sink.LogEventDispatcher::dispatch (12 bytes)
Event: 31.829 Thread 0x00000242f566f000 nmethod 7380 0x00000242e0f10a90 code [0x00000242e0f10c40, 0x00000242e0f10d68]
Event: 31.858 Thread 0x00000242f566f000 7381   !   2       com.google.common.cache.LocalCache$LoadingValueReference::loadFuture (125 bytes)
Event: 31.859 Thread 0x00000242f566f000 nmethod 7381 0x00000242e0f10e10 code [0x00000242e0f110a0, 0x00000242e0f11658]
Event: 31.859 Thread 0x00000242f566f000 7382   !   2       com.google.common.cache.LocalCache$Segment::getAndRecordStats (134 bytes)
Event: 31.861 Thread 0x00000242f566f000 nmethod 7382 0x00000242e0f11c10 code [0x00000242e0f11f00, 0x00000242e0f127c8]
Event: 31.880 Thread 0x00000242f566f000 7383       2       java.lang.invoke.InnerClassLambdaMetafactory$1::run (5 bytes)
Event: 31.881 Thread 0x00000242f566f000 nmethod 7383 0x00000242e0f12f90 code [0x00000242e0f131a0, 0x00000242e0f13428]
Event: 31.881 Thread 0x00000242f566f000 7384       2       java.lang.invoke.SimpleMethodHandle::speciesData (4 bytes)
Event: 31.882 Thread 0x00000242f566f000 nmethod 7384 0x00000242e0f13690 code [0x00000242e0f13840, 0x00000242e0f13938]
Event: 31.882 Thread 0x00000242f566f000 7385       2       java.lang.invoke.SimpleMethodHandle::copyWithExtendL (7 bytes)
Event: 31.882 Thread 0x00000242f566f000 nmethod 7385 0x00000242e0f13a10 code [0x00000242e0f13bc0, 0x00000242e0f13da8]

GC Heap History (20 events):
Event: 11.244 GC heap after
{Heap after GC invocations=17 (full 0):
 garbage-first heap   total 92160K, used 28685K [0x0000000080000000, 0x0000000100000000)
  region size 1024K, 3 young (3072K), 3 survivors (3072K)
 Metaspace       used 43917K, capacity 44946K, committed 45184K, reserved 1089536K
  class space    used 5609K, capacity 5971K, committed 6016K, reserved 1048576K
}
Event: 12.595 GC heap before
{Heap before GC invocations=17 (full 0):
 garbage-first heap   total 92160K, used 61453K [0x0000000080000000, 0x0000000100000000)
  region size 1024K, 35 young (35840K), 3 survivors (3072K)
 Metaspace       used 46306K, capacity 47511K, committed 47616K, reserved 1091584K
  class space    used 5907K, capacity 6355K, committed 6400K, reserved 1048576K
}
Event: 12.613 GC heap after
{Heap after GC invocations=18 (full 0):
 garbage-first heap   total 111616K, used 30916K [0x0000000080000000, 0x0000000100000000)
  region size 1024K, 5 young (5120K), 5 survivors (5120K)
 Metaspace       used 46306K, capacity 47511K, committed 47616K, reserved 1091584K
  class space    used 5907K, capacity 6355K, committed 6400K, reserved 1048576K
}
Event: 18.105 GC heap before
{Heap before GC invocations=18 (full 0):
 garbage-first heap   total 111616K, used 76996K [0x0000000080000000, 0x0000000100000000)
  region size 1024K, 47 young (48128K), 5 survivors (5120K)
 Metaspace       used 48357K, capacity 49649K, committed 49920K, reserved 1093632K
  class space    used 6167K, capacity 6621K, committed 6656K, reserved 1048576K
}
Event: 18.127 GC heap after
{Heap after GC invocations=19 (full 0):
 garbage-first heap   total 111616K, used 41551K [0x0000000080000000, 0x0000000100000000)
  region size 1024K, 6 young (6144K), 6 survivors (6144K)
 Metaspace       used 48357K, capacity 49649K, committed 49920K, reserved 1093632K
  class space    used 6167K, capacity 6621K, committed 6656K, reserved 1048576K
}
Event: 20.524 GC heap before
{Heap before GC invocations=19 (full 0):
 garbage-first heap   total 111616K, used 79439K [0x0000000080000000, 0x0000000100000000)
  region size 1024K, 43 young (44032K), 6 survivors (6144K)
 Metaspace       used 53706K, capacity 55049K, committed 55296K, reserved 1097728K
  class space    used 6820K, capacity 7332K, committed 7424K, reserved 1048576K
}
Event: 20.550 GC heap after
{Heap after GC invocations=20 (full 0):
 garbage-first heap   total 111616K, used 43783K [0x0000000080000000, 0x0000000100000000)
  region size 1024K, 2 young (2048K), 2 survivors (2048K)
 Metaspace       used 53706K, capacity 55049K, committed 55296K, reserved 1097728K
  class space    used 6820K, capacity 7332K, committed 7424K, reserved 1048576K
}
Event: 22.684 GC heap before
{Heap before GC invocations=20 (full 0):
 garbage-first heap   total 111616K, used 73479K [0x0000000080000000, 0x0000000100000000)
  region size 1024K, 32 young (32768K), 2 survivors (2048K)
 Metaspace       used 58576K, capacity 59990K, committed 60160K, reserved 1101824K
  class space    used 7405K, capacity 7931K, committed 7936K, reserved 1048576K
}
Event: 22.695 GC heap after
{Heap after GC invocations=21 (full 0):
 garbage-first heap   total 111616K, used 45622K [0x0000000080000000, 0x0000000100000000)
  region size 1024K, 4 young (4096K), 4 survivors (4096K)
 Metaspace       used 58576K, capacity 59990K, committed 60160K, reserved 1101824K
  class space    used 7405K, capacity 7931K, committed 7936K, reserved 1048576K
}
Event: 24.212 GC heap before
{Heap before GC invocations=22 (full 0):
 garbage-first heap   total 111616K, used 81462K [0x0000000080000000, 0x0000000100000000)
  region size 1024K, 40 young (40960K), 4 survivors (4096K)
 Metaspace       used 62079K, capacity 63569K, committed 63692K, reserved 1103872K
  class space    used 7835K, capacity 8392K, committed 8448K, reserved 1048576K
}
Event: 24.234 GC heap after
{Heap after GC invocations=23 (full 0):
 garbage-first heap   total 111616K, used 48772K [0x0000000080000000, 0x0000000100000000)
  region size 1024K, 5 young (5120K), 5 survivors (5120K)
 Metaspace       used 62079K, capacity 63569K, committed 63692K, reserved 1103872K
  class space    used 7835K, capacity 8392K, committed 8448K, reserved 1048576K
}
Event: 25.536 GC heap before
{Heap before GC invocations=23 (full 0):
 garbage-first heap   total 111616K, used 85636K [0x0000000080000000, 0x0000000100000000)
  region size 1024K, 41 young (41984K), 5 survivors (5120K)
 Metaspace       used 63639K, capacity 65248K, committed 65484K, reserved 1105920K
  class space    used 8071K, capacity 8644K, committed 8704K, reserved 1048576K
}
Event: 25.563 GC heap after
{Heap after GC invocations=24 (full 0):
 garbage-first heap   total 134144K, used 51973K [0x0000000080000000, 0x0000000100000000)
  region size 1024K, 4 young (4096K), 4 survivors (4096K)
 Metaspace       used 63639K, capacity 65248K, committed 65484K, reserved 1105920K
  class space    used 8071K, capacity 8644K, committed 8704K, reserved 1048576K
}
Event: 27.036 GC heap before
{Heap before GC invocations=24 (full 0):
 garbage-first heap   total 134144K, used 96005K [0x0000000080000000, 0x0000000100000000)
  region size 1024K, 47 young (48128K), 4 survivors (4096K)
 Metaspace       used 66871K, capacity 68423K, committed 68556K, reserved 1107968K
  class space    used 8598K, capacity 9167K, committed 9216K, reserved 1048576K
}
Event: 27.054 GC heap after
{Heap after GC invocations=25 (full 0):
 garbage-first heap   total 134144K, used 55003K [0x0000000080000000, 0x0000000100000000)
  region size 1024K, 6 young (6144K), 6 survivors (6144K)
 Metaspace       used 66871K, capacity 68423K, committed 68556K, reserved 1107968K
  class space    used 8598K, capacity 9167K, committed 9216K, reserved 1048576K
}
Event: 28.265 GC heap before
{Heap before GC invocations=25 (full 0):
 garbage-first heap   total 134144K, used 101083K [0x0000000080000000, 0x0000000100000000)
  region size 1024K, 51 young (52224K), 6 survivors (6144K)
 Metaspace       used 69241K, capacity 70885K, committed 70988K, reserved 1110016K
  class space    used 8945K, capacity 9551K, committed 9600K, reserved 1048576K
}
Event: 28.296 GC heap after
{Heap after GC invocations=26 (full 0):
 garbage-first heap   total 134144K, used 58642K [0x0000000080000000, 0x0000000100000000)
  region size 1024K, 7 young (7168K), 7 survivors (7168K)
 Metaspace       used 69241K, capacity 70885K, committed 70988K, reserved 1110016K
  class space    used 8945K, capacity 9551K, committed 9600K, reserved 1048576K
}
Event: 29.907 GC heap before
{Heap before GC invocations=26 (full 0):
 garbage-first heap   total 134144K, used 102674K [0x0000000080000000, 0x0000000100000000)
  region size 1024K, 50 young (51200K), 7 survivors (7168K)
 Metaspace       used 72934K, capacity 74729K, committed 74956K, reserved 1114112K
  class space    used 9525K, capacity 10162K, committed 10240K, reserved 1048576K
}
Event: 29.938 GC heap after
{Heap after GC invocations=27 (full 0):
 garbage-first heap   total 134144K, used 61415K [0x0000000080000000, 0x0000000100000000)
  region size 1024K, 6 young (6144K), 6 survivors (6144K)
 Metaspace       used 72934K, capacity 74729K, committed 74956K, reserved 1114112K
  class space    used 9525K, capacity 10162K, committed 10240K, reserved 1048576K
}
Event: 31.888 GC heap before
{Heap before GC invocations=27 (full 0):
 garbage-first heap   total 134144K, used 105447K [0x0000000080000000, 0x0000000100000000)
  region size 1024K, 49 young (50176K), 6 survivors (6144K)
 Metaspace       used 77089K, capacity 78851K, committed 79052K, reserved 1118208K
  class space    used 10032K, capacity 10690K, committed 10752K, reserved 1048576K
}

Deoptimization events (20 events):
Event: 31.630 Thread 0x00000242f73d5800 DEOPT PACKING pc=0x00000242e0dfa872 sp=0x000000e1031fa310
Event: 31.630 Thread 0x00000242f73d5800 DEOPT UNPACKING pc=0x00000242dfa46abf sp=0x000000e1031f9840 mode 0
Event: 31.686 Thread 0x00000242f73d5800 DEOPT PACKING pc=0x00000242e0d7b329 sp=0x000000e1031fa280
Event: 31.686 Thread 0x00000242f73d5800 DEOPT UNPACKING pc=0x00000242dfa46abf sp=0x000000e1031f9698 mode 0
Event: 31.719 Thread 0x00000242f73d5800 Uncommon trap: trap_request=0xffffffde fr.pc=0x00000242e76d8ccc relative=0x00000000000000ac
Event: 31.719 Thread 0x00000242f73d5800 Uncommon trap: reason=class_check action=maybe_recompile pc=0x00000242e76d8ccc method=com.google.common.collect.AbstractIndexedListIterator.next()Ljava/lang/Object; @ 27 c2
Event: 31.719 Thread 0x00000242f73d5800 DEOPT PACKING pc=0x00000242e76d8ccc sp=0x000000e1031fbe10
Event: 31.720 Thread 0x00000242f73d5800 DEOPT UNPACKING pc=0x00000242dfa46ca9 sp=0x000000e1031fbda8 mode 2
Event: 31.731 Thread 0x00000242f73d5800 Uncommon trap: trap_request=0xffffffde fr.pc=0x00000242e76d8ccc relative=0x00000000000000ac
Event: 31.731 Thread 0x00000242f73d5800 Uncommon trap: reason=class_check action=maybe_recompile pc=0x00000242e76d8ccc method=com.google.common.collect.AbstractIndexedListIterator.next()Ljava/lang/Object; @ 27 c2
Event: 31.731 Thread 0x00000242f73d5800 DEOPT PACKING pc=0x00000242e76d8ccc sp=0x000000e1031fbe10
Event: 31.731 Thread 0x00000242f73d5800 DEOPT UNPACKING pc=0x00000242dfa46ca9 sp=0x000000e1031fbda8 mode 2
Event: 31.731 Thread 0x00000242f73d5800 Uncommon trap: trap_request=0xffffffde fr.pc=0x00000242e76d8ccc relative=0x00000000000000ac
Event: 31.731 Thread 0x00000242f73d5800 Uncommon trap: reason=class_check action=maybe_recompile pc=0x00000242e76d8ccc method=com.google.common.collect.AbstractIndexedListIterator.next()Ljava/lang/Object; @ 27 c2
Event: 31.731 Thread 0x00000242f73d5800 DEOPT PACKING pc=0x00000242e76d8ccc sp=0x000000e1031fbe10
Event: 31.731 Thread 0x00000242f73d5800 DEOPT UNPACKING pc=0x00000242dfa46ca9 sp=0x000000e1031fbda8 mode 2
Event: 31.731 Thread 0x00000242f73d5800 Uncommon trap: trap_request=0xffffffde fr.pc=0x00000242e76d8ccc relative=0x00000000000000ac
Event: 31.731 Thread 0x00000242f73d5800 Uncommon trap: reason=class_check action=maybe_recompile pc=0x00000242e76d8ccc method=com.google.common.collect.AbstractIndexedListIterator.next()Ljava/lang/Object; @ 27 c2
Event: 31.731 Thread 0x00000242f73d5800 DEOPT PACKING pc=0x00000242e76d8ccc sp=0x000000e1031fbe10
Event: 31.731 Thread 0x00000242f73d5800 DEOPT UNPACKING pc=0x00000242dfa46ca9 sp=0x000000e1031fbda8 mode 2

Classes redefined (0 events):
No events

Internal exceptions (20 events):
Event: 31.292 Thread 0x00000242f73d5800 Exception <a 'java/lang/ClassNotFoundException'{0x0000000086731758}: com/android/build/gradle/internal/tasks/NewIncrementalTaskBeanInfo> (0x0000000086731758) thrown at [./src/hotspot/share/classfile/systemDictionary.cpp, line 231]
Event: 31.293 Thread 0x00000242f73d5800 Exception <a 'java/lang/ClassNotFoundException'{0x000000008674c598}: com/android/build/gradle/internal/tasks/AndroidVariantTaskBeanInfo> (0x000000008674c598) thrown at [./src/hotspot/share/classfile/systemDictionary.cpp, line 231]
Event: 31.294 Thread 0x00000242f73d5800 Exception <a 'java/lang/ClassNotFoundException'{0x0000000086765910}: com/android/build/gradle/internal/tasks/BaseTaskBeanInfo> (0x0000000086765910) thrown at [./src/hotspot/share/classfile/systemDictionary.cpp, line 231]
Event: 31.296 Thread 0x00000242f73d5800 Exception <a 'java/lang/ClassNotFoundException'{0x000000008677f720}: com/android/build/gradle/internal/tasks/BaseTaskCustomizer> (0x000000008677f720) thrown at [./src/hotspot/share/classfile/systemDictionary.cpp, line 231]
Event: 31.299 Thread 0x00000242f73d5800 Exception <a 'java/lang/ClassNotFoundException'{0x00000000867aaf70}: com/android/build/gradle/internal/tasks/AndroidVariantTaskCustomizer> (0x00000000867aaf70) thrown at [./src/hotspot/share/classfile/systemDictionary.cpp, line 231]
Event: 31.301 Thread 0x00000242f73d5800 Exception <a 'java/lang/ClassNotFoundException'{0x00000000867d3898}: com/android/build/gradle/internal/tasks/NewIncrementalTaskCustomizer> (0x00000000867d3898) thrown at [./src/hotspot/share/classfile/systemDictionary.cpp, line 231]
Event: 31.302 Thread 0x00000242f73d5800 Exception <a 'java/lang/ClassNotFoundException'{0x00000000867f9348}: com/android/build/gradle/tasks/MergeResourcesCustomizer> (0x00000000867f9348) thrown at [./src/hotspot/share/classfile/systemDictionary.cpp, line 231]
Event: 31.306 Thread 0x00000242f73d5800 Exception <a 'java/lang/ClassNotFoundException'{0x000000008664d188}: com/android/build/gradle/tasks/MergeResources_DecoratedCustomizer> (0x000000008664d188) thrown at [./src/hotspot/share/classfile/systemDictionary.cpp, line 231]
Event: 31.407 Thread 0x00000242f73d5800 Exception <a 'java/lang/ClassNotFoundException'{0x00000000863de178}: com/google/gms/googleservices/GoogleServicesTask_DecoratedBeanInfo> (0x00000000863de178) thrown at [./src/hotspot/share/classfile/systemDictionary.cpp, line 231]
Event: 31.407 Thread 0x00000242f73d5800 Exception <a 'java/lang/ClassNotFoundException'{0x00000000863f6158}: com/google/gms/googleservices/GoogleServicesTaskBeanInfo> (0x00000000863f6158) thrown at [./src/hotspot/share/classfile/systemDictionary.cpp, line 231]
Event: 31.408 Thread 0x00000242f73d5800 Exception <a 'java/lang/ClassNotFoundException'{0x000000008620ee08}: com/google/gms/googleservices/GoogleServicesTaskCustomizer> (0x000000008620ee08) thrown at [./src/hotspot/share/classfile/systemDictionary.cpp, line 231]
Event: 31.410 Thread 0x00000242f73d5800 Exception <a 'java/lang/ClassNotFoundException'{0x000000008623cea8}: com/google/gms/googleservices/GoogleServicesTask_DecoratedCustomizer> (0x000000008623cea8) thrown at [./src/hotspot/share/classfile/systemDictionary.cpp, line 231]
Event: 31.435 Thread 0x00000242f73d5800 Exception <a 'java/lang/ClassNotFoundException'{0x00000000862cf4e0}: com/android/build/gradle/internal/api/ReadOnlyBuildTypeBeanInfo> (0x00000000862cf4e0) thrown at [./src/hotspot/share/classfile/systemDictionary.cpp, line 231]
Event: 31.436 Thread 0x00000242f73d5800 Exception <a 'java/lang/ClassNotFoundException'{0x00000000862e8b00}: com/android/build/gradle/internal/api/ReadOnlyBaseConfigBeanInfo> (0x00000000862e8b00) thrown at [./src/hotspot/share/classfile/systemDictionary.cpp, line 231]
Event: 31.437 Thread 0x00000242f73d5800 Exception <a 'java/lang/ClassNotFoundException'{0x0000000086102b68}: com/android/build/gradle/internal/api/ReadOnlyBaseConfigCustomizer> (0x0000000086102b68) thrown at [./src/hotspot/share/classfile/systemDictionary.cpp, line 231]
Event: 31.439 Thread 0x00000242f73d5800 Exception <a 'java/lang/ClassNotFoundException'{0x000000008612c650}: com/android/build/gradle/internal/api/ReadOnlyBuildTypeCustomizer> (0x000000008612c650) thrown at [./src/hotspot/share/classfile/systemDictionary.cpp, line 231]
Event: 31.453 Thread 0x00000242f73d5800 Exception <a 'java/lang/ClassNotFoundException'{0x0000000086092e30}: com/android/build/gradle/internal/api/ImmutableFlavorListBeanInfo> (0x0000000086092e30) thrown at [./src/hotspot/share/classfile/systemDictionary.cpp, line 231]
Event: 31.453 Thread 0x00000242f73d5800 Exception <a 'java/lang/ClassNotFoundException'{0x00000000860ad170}: com/android/build/gradle/internal/api/ImmutableFlavorListCustomizer> (0x00000000860ad170) thrown at [./src/hotspot/share/classfile/systemDictionary.cpp, line 231]
Event: 31.485 Thread 0x00000242f73d5800 Exception <a 'java/lang/ClassNotFoundException'{0x0000000085f8c548}: org/gradle/api/internal/file/collections/DefaultConfigurableFileCollectionBeanInfo> (0x0000000085f8c548) thrown at [./src/hotspot/share/classfile/systemDictionary.cpp, line 231]
Event: 31.486 Thread 0x00000242f73d5800 Exception <a 'java/lang/ClassNotFoundException'{0x0000000085fa81c0}: org/gradle/api/internal/file/collections/DefaultConfigurableFileCollectionCustomizer> (0x0000000085fa81c0) thrown at [./src/hotspot/share/classfile/systemDictionary.cpp, line 231]

Events (20 events):
Event: 31.884 loading class org/gradle/execution/plan/MutationInfo done
Event: 31.884 loading class org/gradle/execution/plan/LocalTaskNode
Event: 31.884 loading class org/gradle/execution/plan/LocalTaskNode done
Event: 31.885 loading class org/gradle/execution/plan/MutationInfo
Event: 31.885 loading class org/gradle/execution/plan/MutationInfo done
Event: 31.885 loading class org/gradle/execution/plan/MutationInfo
Event: 31.885 loading class org/gradle/execution/plan/MutationInfo done
Event: 31.885 loading class org/gradle/internal/execution/impl/DefaultWorkValidationContext$1
Event: 31.885 loading class org/gradle/internal/execution/impl/DefaultWorkValidationContext$1 done
Event: 31.886 loading class org/gradle/internal/reflect/validation/TypeValidationProblem
Event: 31.886 loading class org/gradle/internal/reflect/validation/TypeValidationProblem done
Event: 31.886 loading class org/gradle/internal/reflect/validation/TypeValidationProblem
Event: 31.886 loading class org/gradle/internal/reflect/validation/TypeValidationProblem done
Event: 31.887 loading class org/gradle/problems/BaseProblem
Event: 31.887 loading class org/gradle/problems/BaseProblem done
Event: 31.887 loading class org/gradle/problems/Problem
Event: 31.887 loading class org/gradle/problems/Problem done
Event: 31.888 loading class org/gradle/problems/WithId
Event: 31.888 loading class org/gradle/problems/WithId done
Event: 31.888 Executing VM operation: G1CollectForAllocation


Dynamic libraries:
0x00007ff7447d0000 - 0x00007ff7447da000 	C:\Program Files\Android\Android Studio\jre\bin\java.exe
0x00007ffc12190000 - 0x00007ffc12385000 	C:\Windows\SYSTEM32\ntdll.dll
0x00007ffc11dd0000 - 0x00007ffc11e8d000 	C:\Windows\System32\KERNEL32.DLL
0x00007ffc0f9d0000 - 0x00007ffc0fc98000 	C:\Windows\System32\KERNELBASE.dll
0x00007ffc0f8d0000 - 0x00007ffc0f9d0000 	C:\Windows\System32\ucrtbase.dll
0x00007ffc001c0000 - 0x00007ffc001d9000 	C:\Program Files\Android\Android Studio\jre\bin\jli.dll
0x00007ffc001a0000 - 0x00007ffc001b7000 	C:\Program Files\Android\Android Studio\jre\bin\VCRUNTIME140.dll
0x00007ffc10be0000 - 0x00007ffc10d80000 	C:\Windows\System32\USER32.dll
0x00007ffc10120000 - 0x00007ffc10142000 	C:\Windows\System32\win32u.dll
0x00007ffc0ef90000 - 0x00007ffc0f22a000 	C:\Windows\WinSxS\amd64_microsoft.windows.common-controls_6595b64144ccf1df_6.0.19041.844_none_ca00b6081b84eb1d\COMCTL32.dll
0x00007ffc10950000 - 0x00007ffc1097a000 	C:\Windows\System32\GDI32.dll
0x00007ffc11390000 - 0x00007ffc1142e000 	C:\Windows\System32\msvcrt.dll
0x00007ffc0ff10000 - 0x00007ffc1001b000 	C:\Windows\System32\gdi32full.dll
0x00007ffc10150000 - 0x00007ffc101ed000 	C:\Windows\System32\msvcp_win.dll
0x00007ffc114e0000 - 0x00007ffc11510000 	C:\Windows\System32\IMM32.DLL
0x00007ffbd9f20000 - 0x00007ffbd9fbd000 	C:\Program Files\Android\Android Studio\jre\bin\msvcp140.dll
0x00007ffbdbc90000 - 0x00007ffbdc75f000 	C:\Program Files\Android\Android Studio\jre\bin\server\jvm.dll
0x00007ffc11520000 - 0x00007ffc115cc000 	C:\Windows\System32\ADVAPI32.dll
0x00007ffc120b0000 - 0x00007ffc1214b000 	C:\Windows\System32\sechost.dll
0x00007ffc10980000 - 0x00007ffc10aab000 	C:\Windows\System32\RPCRT4.dll
0x00007ffc10d80000 - 0x00007ffc10d88000 	C:\Windows\System32\PSAPI.DLL
0x00007ffc09e00000 - 0x00007ffc09e09000 	C:\Windows\SYSTEM32\WSOCK32.dll
0x00007ffc12040000 - 0x00007ffc120ab000 	C:\Windows\System32\WS2_32.dll
0x00007ffbf7130000 - 0x00007ffbf7157000 	C:\Windows\SYSTEM32\WINMM.dll
0x00007ffc0a7c0000 - 0x00007ffc0a7ca000 	C:\Windows\SYSTEM32\VERSION.dll
0x00007ffc0d1c0000 - 0x00007ffc0d1d2000 	C:\Windows\SYSTEM32\kernel.appcore.dll
0x00007ffbe3480000 - 0x00007ffbe3491000 	C:\Program Files\Android\Android Studio\jre\bin\verify.dll
0x00007ffc0f350000 - 0x00007ffc0f534000 	C:\Windows\SYSTEM32\DBGHELP.DLL
0x00007ffc0f250000 - 0x00007ffc0f27c000 	C:\Windows\SYSTEM32\dbgcore.DLL
0x00007ffc0fe60000 - 0x00007ffc0fee0000 	C:\Windows\System32\bcryptPrimitives.dll
0x00007ffbe18a0000 - 0x00007ffbe18c9000 	C:\Program Files\Android\Android Studio\jre\bin\java.dll
0x00007ffc09df0000 - 0x00007ffc09dfb000 	C:\Program Files\Android\Android Studio\jre\bin\jimage.dll
0x00007ffbe1880000 - 0x00007ffbe1898000 	C:\Program Files\Android\Android Studio\jre\bin\zip.dll
0x00007ffc101f0000 - 0x00007ffc10932000 	C:\Windows\System32\SHELL32.dll
0x00007ffc0d3c0000 - 0x00007ffc0db51000 	C:\Windows\SYSTEM32\windows.storage.dll
0x00007ffc115d0000 - 0x00007ffc11925000 	C:\Windows\System32\combase.dll
0x00007ffc0ec30000 - 0x00007ffc0ec5c000 	C:\Windows\SYSTEM32\Wldp.dll
0x00007ffc11430000 - 0x00007ffc114de000 	C:\Windows\System32\SHCORE.dll
0x00007ffc11b60000 - 0x00007ffc11bb5000 	C:\Windows\System32\shlwapi.dll
0x00007ffc0f810000 - 0x00007ffc0f82f000 	C:\Windows\SYSTEM32\profapi.dll
0x00007ffbe1860000 - 0x00007ffbe187a000 	C:\Program Files\Android\Android Studio\jre\bin\net.dll
0x00007ffc06730000 - 0x00007ffc0683b000 	C:\Windows\SYSTEM32\WINHTTP.dll
0x00007ffc0e9c0000 - 0x00007ffc0ea2a000 	C:\Windows\system32\mswsock.dll
0x00007ffbe1840000 - 0x00007ffbe1854000 	C:\Program Files\Android\Android Studio\jre\bin\nio.dll
0x00007ffbfcb70000 - 0x00007ffbfcb97000 	C:\Users\Prasanth\.gradle\native\8bec1ad78214c89d9ad589b4d07fe93259594b29d510b10fafb7a158f7737e5d\windows-amd64\native-platform.dll
0x00007ffbf0960000 - 0x00007ffbf0a9d000 	C:\Users\Prasanth\.gradle\native\53dbd7edfb1c66fb8903c78663c9afc45aea4f116125fa6feffd364cf09443e8\windows-amd64\native-platform-file-events.dll
0x00007ffbed620000 - 0x00007ffbed62a000 	C:\Program Files\Android\Android Studio\jre\bin\management.dll
0x00007ffbea830000 - 0x00007ffbea83c000 	C:\Program Files\Android\Android Studio\jre\bin\management_ext.dll
0x00007ffc0f660000 - 0x00007ffc0f678000 	C:\Windows\SYSTEM32\CRYPTSP.dll
0x00007ffc0e320000 - 0x00007ffc0e354000 	C:\Windows\system32\rsaenh.dll
0x00007ffc0fee0000 - 0x00007ffc0ff07000 	C:\Windows\System32\bcrypt.dll
0x00007ffc0f790000 - 0x00007ffc0f7be000 	C:\Windows\SYSTEM32\USERENV.dll
0x00007ffc0eb90000 - 0x00007ffc0eb9c000 	C:\Windows\SYSTEM32\CRYPTBASE.dll
0x00007ffc0e6b0000 - 0x00007ffc0e6eb000 	C:\Windows\SYSTEM32\IPHLPAPI.DLL
0x00007ffc11510000 - 0x00007ffc11518000 	C:\Windows\System32\NSI.dll
0x00007ffc07580000 - 0x00007ffc07597000 	C:\Windows\SYSTEM32\dhcpcsvc6.DLL
0x00007ffc079c0000 - 0x00007ffc079dd000 	C:\Windows\SYSTEM32\dhcpcsvc.DLL
0x00007ffc0e6f0000 - 0x00007ffc0e7bc000 	C:\Windows\SYSTEM32\DNSAPI.dll

dbghelp: loaded successfully - version: 4.0.5 - missing functions: none
symbol engine: initialized successfully - sym options: 0x614 - pdb path: .;C:\Program Files\Android\Android Studio\jre\bin;C:\Windows\SYSTEM32;C:\Windows\WinSxS\amd64_microsoft.windows.common-controls_6595b64144ccf1df_6.0.19041.844_none_ca00b6081b84eb1d;C:\Program Files\Android\Android Studio\jre\bin\server;C:\Users\Prasanth\.gradle\native\8bec1ad78214c89d9ad589b4d07fe93259594b29d510b10fafb7a158f7737e5d\windows-amd64;C:\Users\Prasanth\.gradle\native\53dbd7edfb1c66fb8903c78663c9afc45aea4f116125fa6feffd364cf09443e8\windows-amd64

VM Arguments:
jvm_args: --add-opens=java.base/java.util=ALL-UNNAMED --add-opens=java.base/java.lang=ALL-UNNAMED --add-opens=java.base/java.lang.invoke=ALL-UNNAMED --add-opens=java.base/java.util=ALL-UNNAMED --add-opens=java.prefs/java.util.prefs=ALL-UNNAMED --add-opens=java.prefs/java.util.prefs=ALL-UNNAMED --add-opens=java.base/java.nio.charset=ALL-UNNAMED --add-opens=java.base/java.net=ALL-UNNAMED --add-opens=java.base/java.util.concurrent.atomic=ALL-UNNAMED -Xmx2048m -Dfile.encoding=windows-1252 -Duser.country=IN -Duser.language=en -Duser.variant 
java_command: org.gradle.launcher.daemon.bootstrap.GradleDaemon 7.0.2
java_class_path (initial): C:\Users\Prasanth\.gradle\wrapper\dists\gradle-7.0.2-bin\857tjihv64xamwrf0h14cai3r\gradle-7.0.2\lib\gradle-launcher-7.0.2.jar
Launcher Type: SUN_STANDARD

[Global flags]
     intx CICompilerCount                          = 2                                         {product} {ergonomic}
     uint ConcGCThreads                            = 1                                         {product} {ergonomic}
     uint G1ConcRefinementThreads                  = 2                                         {product} {ergonomic}
   size_t G1HeapRegionSize                         = 1048576                                   {product} {ergonomic}
    uintx GCDrainStackTargetSize                   = 64                                        {product} {ergonomic}
   size_t InitialHeapSize                          = 65011712                                  {product} {ergonomic}
   size_t MarkStackSize                            = 4194304                                   {product} {ergonomic}
   size_t MaxHeapSize                              = 2147483648                                {product} {command line}
   size_t MaxNewSize                               = 1287651328                                {product} {ergonomic}
   size_t MinHeapDeltaBytes                        = 1048576                                   {product} {ergonomic}
    uintx NonNMethodCodeHeapSize                   = 5825164                                {pd product} {ergonomic}
    uintx NonProfiledCodeHeapSize                  = 122916538                              {pd product} {ergonomic}
    uintx ProfiledCodeHeapSize                     = 122916538                              {pd product} {ergonomic}
    uintx ReservedCodeCacheSize                    = 251658240                              {pd product} {ergonomic}
     bool SegmentedCodeCache                       = true                                      {product} {ergonomic}
     bool UseCompressedClassPointers               = true                                 {lp64_product} {ergonomic}
     bool UseCompressedOops                        = true                                 {lp64_product} {ergonomic}
     bool UseG1GC                                  = true                                      {product} {ergonomic}
     bool UseLargePagesIndividualAllocation        = false                                  {pd product} {ergonomic}

Logging:
Log output configuration:
 #0: stdout all=warning uptime,level,tags
 #1: stderr all=off uptime,level,tags

Environment Variables:
PATH=C:\Windows\system32;C:\Windows;C:\Windows\System32\Wbem;C:\Windows\System32\WindowsPowerShell\v1.0\;C:\Windows\System32\OpenSSH\;C:\Users\Prasanth\AppData\Local\Microsoft\WindowsApps;
USERNAME=Prasanth
OS=Windows_NT
PROCESSOR_IDENTIFIER=Intel64 Family 6 Model 42 Stepping 7, GenuineIntel



---------------  S Y S T E M  ---------------

OS: Windows 10 , 64 bit Build 19041 (10.0.19041.928)
OS uptime: 0 days 12:13 hours

CPU:total 2 (initial active 2) (2 cores per cpu, 1 threads per core) family 6 model 42 stepping 7 microcode 0x2f, cmov, cx8, fxsr, mmx, sse, sse2, sse3, ssse3, sse4.1, sse4.2, popcnt, clmul, tsc, tscinvbit

Memory: 4k page, system-wide physical 3931M (751M free)
TotalPageFile size 7158M (AvailPageFile size 2074M)
current process WorkingSet (physical memory assigned to process): 340M, peak: 341M
current process commit charge ("private bytes"): 363M, peak: 364M

vm_info: OpenJDK 64-Bit Server VM (11.0.10+0-b96-7249189) for windows-amd64 JRE (11.0.10+0-b96-7249189), built on Mar 31 2021 21:44:00 by "builder" with MS VC++ 14.0 (VS2015)

END.
