#
# A fatal error has been detected by the Java Runtime Environment:
#
#  EXCEPTION_ACCESS_VIOLATION (0xc0000005) at pc=0x00007ffbdbf6420d, pid=1852, tid=8168
#
# JRE version: OpenJDK Runtime Environment (11.0.10) (build 11.0.10+0-b96-7249189)
# Java VM: OpenJDK 64-Bit Server VM (11.0.10+0-b96-7249189, mixed mode, tiered, compressed oops, g1 gc, windows-amd64)
# Problematic frame:
# V  [jvm.dll+0x2d420d]
#
# No core dump will be written. Minidumps are not enabled by default on client versions of Windows
#
# If you would like to submit a bug report, please visit:
#   https://bugreport.java.com/bugreport/crash.jsp
#

---------------  S U M M A R Y ------------

Command Line: --add-opens=java.base/java.util=ALL-UNNAMED --add-opens=java.base/java.lang=ALL-UNNAMED --add-opens=java.base/java.lang.invoke=ALL-UNNAMED --add-opens=java.base/java.util=ALL-UNNAMED --add-opens=java.prefs/java.util.prefs=ALL-UNNAMED --add-opens=java.prefs/java.util.prefs=ALL-UNNAMED --add-opens=java.base/java.nio.charset=ALL-UNNAMED --add-opens=java.base/java.net=ALL-UNNAMED --add-opens=java.base/java.util.concurrent.atomic=ALL-UNNAMED -Xmx2048m -Dfile.encoding=windows-1252 -Duser.country=IN -Duser.language=en -Duser.variant org.gradle.launcher.daemon.bootstrap.GradleDaemon 7.0.2

Host: Intel(R) Pentium(R) CPU B950 @ 2.10GHz, 2 cores, 3G,  Windows 10 , 64 bit Build 19041 (10.0.19041.928)
Time: Wed Oct  6 18:47:22 2021 Pacific Daylight Time elapsed time: 2121.272127 seconds (0d 0h 35m 21s)

---------------  T H R E A D  ---------------

Current thread (0x0000024d7eef2000):  GCTaskThread "GC Thread#0" [stack: 0x0000007ce3800000,0x0000007ce3900000] [id=8168]

Stack: [0x0000007ce3800000,0x0000007ce3900000],  sp=0x0000007ce38feea0,  free space=1019k
Native frames: (J=compiled Java code, j=interpreted, Vv=VM code, C=native code)
V  [jvm.dll+0x2d420d]
V  [jvm.dll+0x2fe869]
V  [jvm.dll+0x2feaa9]
V  [jvm.dll+0x2ff998]
V  [jvm.dll+0x2d1282]
V  [jvm.dll+0x2fdb7b]
V  [jvm.dll+0x2fd8ae]
V  [jvm.dll+0x30c177]
V  [jvm.dll+0x2ace4e]
V  [jvm.dll+0x2acd71]
V  [jvm.dll+0x2da2f5]
V  [jvm.dll+0x30dbb5]
V  [jvm.dll+0x30c9fd]
V  [jvm.dll+0x2dd418]
V  [jvm.dll+0x748da0]
V  [jvm.dll+0x6e3d45]
V  [jvm.dll+0x5ebe96]
C  [ucrtbase.dll+0x21bb2]
C  [KERNEL32.DLL+0x17034]
C  [ntdll.dll+0x52651]


siginfo: EXCEPTION_ACCESS_VIOLATION (0xc0000005), reading address 0x00000000000000f8


Register to memory mapping:

RIP=0x00007ffbdbf6420d jvm.dll
RAX=0x0000024d7ef03600 points into unknown readable memory: 0x0000000000000000 | 00 00 00 00 00 00 00 00
RBX=0x0000024d1d5d54c0 points into unknown readable memory: 0x00007ffbdc4b30f8 | f8 30 4b dc fb 7f 00 00
RCX=0x0 is NULL
RDX=0x0000024d1cbaa4b0 points into unknown readable memory: 0x00007ffbdc4baae0 | e0 aa 4b dc fb 7f 00 00
RSP=0x0000007ce38feea0 points into unknown readable memory: 0x000000000003dbbf | bf db 03 00 00 00 00 00
RBP=0x0000007ce38fef30 points into unknown readable memory: 0x0000000000000002 | 02 00 00 00 00 00 00 00
RSI=0x0000000087b77eb0 is an oop: com.sun.tools.javac.util.UnsharedNameTable$HashEntry 
{0x0000000087b77eb0} - klass: 'com/sun/tools/javac/util/UnsharedNameTable$HashEntry'
RDI=0x0000024d1d5d5630 points into unknown readable memory: 0x00007ffbdc4b30b0 | b0 30 4b dc fb 7f 00 00
R8 =0x0000000087b77ec8 is pointing into object: com.sun.tools.javac.util.UnsharedNameTable$HashEntry 
{0x0000000087b77eb0} - klass: 'com/sun/tools/javac/util/UnsharedNameTable$HashEntry'
R9 =0x0 is NULL
R10=0x0000000087b77ec8 is pointing into object: com.sun.tools.javac.util.UnsharedNameTable$HashEntry 
{0x0000000087b77eb0} - klass: 'com/sun/tools/javac/util/UnsharedNameTable$HashEntry'
R11=0x0000024d1d5d5630 points into unknown readable memory: 0x00007ffbdc4b30b0 | b0 30 4b dc fb 7f 00 00
R12=0x0000000000000004 is an unknown value
R13=0x0 is NULL
R14=0x0000000000000001 is an unknown value
R15=0x000000008c581058 is an oop: com.sun.tools.javac.util.UnsharedNameTable$HashEntry 
{0x000000008c581058} - klass: 'com/sun/tools/javac/util/UnsharedNameTable$HashEntry'


Registers:
RAX=0x0000024d7ef03600, RBX=0x0000024d1d5d54c0, RCX=0x0000000000000000, RDX=0x0000024d1cbaa4b0
RSP=0x0000007ce38feea0, RBP=0x0000007ce38fef30, RSI=0x0000000087b77eb0, RDI=0x0000024d1d5d5630
R8 =0x0000000087b77ec8, R9 =0x0000000000000000, R10=0x0000000087b77ec8, R11=0x0000024d1d5d5630
R12=0x0000000000000004, R13=0x0000000000000000, R14=0x0000000000000001, R15=0x000000008c581058
RIP=0x00007ffbdbf6420d, EFLAGS=0x0000000000010246

Top of Stack: (sp=0x0000007ce38feea0)
0x0000007ce38feea0:   000000000003dbbf 00007ffbdbf6423d
0x0000007ce38feeb0:   0000024d7eef3020 0000000087b77ead
0x0000007ce38feec0:   0000000000000003 00007ffbdbf8e869
0x0000007ce38feed0:   0000000087b77ec0 00007ffbdbf8edcf
0x0000007ce38feee0:   0000000087b77ec0 00007ffbdbf8e6ff
0x0000007ce38feef0:   0000000087b77eb0 00007ffbdbf8eaa9
0x0000007ce38fef00:   0000024d1d5d5630 0000000100dba3a0
0x0000007ce38fef10:   0000000000000000 0000024d1d5d54c0
0x0000007ce38fef20:   0000000087b77eb0 00007ffbdbf8f998
0x0000007ce38fef30:   0000000000000002 000000000000000d
0x0000007ce38fef40:   0000024d1d5d54c0 00007ffbdbf603fe
0x0000007ce38fef50:   0000000088667800 0000000088667800
0x0000007ce38fef60:   0000000988623414 000000000000000d
0x0000007ce38fef70:   0000000000000001 0000024d1d5d54c0
0x0000007ce38fef80:   0000000000000040 0000024d7eef30a0
0x0000007ce38fef90:   0000000000000000 0000024d1d5d54c0 

Instructions: (pc=0x00007ffbdbf6420d)
0x00007ffbdbf6410d:   74 24 38 48 83 c4 20 5f c3 cc cc cc cc cc cc cc
0x00007ffbdbf6411d:   cc cc cc 48 89 5c 24 08 57 48 83 ec 20 48 8b 41
0x00007ffbdbf6412d:   18 48 8b da 48 83 cb 01 48 8b d3 48 8b 78 10 48
0x00007ffbdbf6413d:   8b cf e8 6c 7b 00 00 84 c0 75 29 48 81 c7 90 00
0x00007ffbdbf6414d:   00 00 48 8b 47 08 48 39 47 20 75 08 48 8b cf e8
0x00007ffbdbf6415d:   7f 47 0b 00 48 8b 4f 20 48 8b 47 38 48 89 1c c8
0x00007ffbdbf6416d:   48 ff 47 20 48 8b 5c 24 30 48 83 c4 20 5f c3 cc
0x00007ffbdbf6417d:   cc cc cc 48 89 5c 24 08 57 48 83 ec 20 48 8b 79
0x00007ffbdbf6418d:   10 48 8b da 48 83 cb 01 48 8b cf 48 8b d3 e8 10
0x00007ffbdbf6419d:   7b 00 00 84 c0 75 29 48 81 c7 90 00 00 00 48 8b
0x00007ffbdbf641ad:   47 08 48 39 47 20 75 08 48 8b cf e8 23 47 0b 00
0x00007ffbdbf641bd:   48 8b 4f 20 48 8b 47 38 48 89 1c c8 48 ff 47 20
0x00007ffbdbf641cd:   48 8b 5c 24 30 48 83 c4 20 5f c3 cc cc cc cc cc
0x00007ffbdbf641dd:   cc cc cc 40 53 48 83 ec 20 8b 82 04 01 00 00 48
0x00007ffbdbf641ed:   8b d9 d1 e8 a8 01 75 6b 48 8b 41 08 8b 88 c0 02
0x00007ffbdbf641fd:   00 00 48 8b 80 b0 02 00 00 49 d3 e9 4a 8b 0c c8
0x00007ffbdbf6420d:   48 8b 81 f8 00 00 00 83 b8 18 01 00 00 00 74 43
0x00007ffbdbf6421d:   48 8b 4b 50 48 89 7c 24 30 49 c1 e8 09 48 8b 79
0x00007ffbdbf6422d:   48 48 2b 79 40 49 03 f8 48 8b d7 e8 93 c1 ff ff
0x00007ffbdbf6423d:   84 c0 74 1a 80 7b 28 00 48 8d 4b 18 74 10 48 8b
0x00007ffbdbf6424d:   43 50 48 8b 50 40 48 03 d7 e8 35 25 36 00 48 8b
0x00007ffbdbf6425d:   7c 24 30 48 83 c4 20 5b c3 cc cc cc cc cc cc cc
0x00007ffbdbf6426d:   cc cc cc 48 89 5c 24 08 48 89 74 24 10 57 48 83
0x00007ffbdbf6427d:   ec 20 48 63 fa 48 8d 05 5f 91 54 00 45 33 c0 48
0x00007ffbdbf6428d:   89 01 48 8b f1 89 79 08 48 8b df 48 8d 0c fd 00
0x00007ffbdbf6429d:   00 00 00 41 8d 50 05 e8 37 f6 dd ff 45 33 db 48
0x00007ffbdbf642ad:   89 46 10 4c 8d 4e 10 4c 8b d0 45 8b c3 85 ff 7e
0x00007ffbdbf642bd:   56 83 ff 02 72 51 8d 4f ff 48 63 d1 48 8d 04 d0
0x00007ffbdbf642cd:   4d 3b d1 77 05 49 3b c1 73 3d 8b c7 25 01 00 00
0x00007ffbdbf642dd:   80 7d 07 ff c8 83 c8 fe ff c0 2b f8 0f 1f 80 00
0x00007ffbdbf642ed:   00 00 00 41 83 c0 02 44 3b c7 7c f7 8d 47 01 49
0x00007ffbdbf642fd:   8b fa 99 2b c2 d1 f8 48 63 c8 48 c1 e1 04 48 c1 


Stack slot to memory mapping:
stack at sp + 0 slots: 0x000000000003dbbf is an unknown value
stack at sp + 1 slots: 0x00007ffbdbf6423d jvm.dll
stack at sp + 2 slots: 0x0000024d7eef3020 points into unknown readable memory: 0x000000000000383e | 3e 38 00 00 00 00 00 00
stack at sp + 3 slots: 0x0000000087b77ead is pointing into object: com.sun.tools.javac.util.UnsharedNameTable$HashEntry 
{0x0000000087b77e90} - klass: 'com/sun/tools/javac/util/UnsharedNameTable$HashEntry'
stack at sp + 4 slots: 0x0000000000000003 is an unknown value
stack at sp + 5 slots: 0x00007ffbdbf8e869 jvm.dll
stack at sp + 6 slots: 0x0000000087b77ec0 is pointing into object: com.sun.tools.javac.util.UnsharedNameTable$HashEntry 
{0x0000000087b77eb0} - klass: 'com/sun/tools/javac/util/UnsharedNameTable$HashEntry'
stack at sp + 7 slots: 0x00007ffbdbf8edcf jvm.dll


---------------  P R O C E S S  ---------------

Threads class SMR info:
_java_thread_list=0x0000024d217c2cc0, length=44, elements={
0x0000024d7eedd800, 0x0000024d1a62e000, 0x0000024d1a630000, 0x0000024d1a68c000,
0x0000024d1a68d000, 0x0000024d1a691800, 0x0000024d1a698000, 0x0000024d1a699800,
0x0000024d1a6b0800, 0x0000024d1a922000, 0x0000024d1c2ee000, 0x0000024d1bc71800,
0x0000024d1c8e7800, 0x0000024d1c1e4000, 0x0000024d1c1e3800, 0x0000024d1c1e5000,
0x0000024d1c1e6800, 0x0000024d1c1e7800, 0x0000024d1e9e0000, 0x0000024d1e9e1800,
0x0000024d1e9e2000, 0x0000024d1e9dc800, 0x0000024d1e9e9000, 0x0000024d1e9e7000,
0x0000024d1c1e2800, 0x0000024d1c1e9000, 0x0000024d2137a800, 0x0000024d21378000,
0x0000024d21379800, 0x0000024d2137b000, 0x0000024d21376800, 0x0000024d2137d000,
0x0000024d2137c000, 0x0000024d21377000, 0x0000024d2137d800, 0x0000024d21378800,
0x0000024d21381000, 0x0000024d21381800, 0x0000024d21383800, 0x0000024d21382800,
0x0000024d2137f800, 0x0000024d21384000, 0x0000024d21385000, 0x0000024d1e9e0800
}

Java Threads: ( => current thread )
  0x0000024d7eedd800 JavaThread "main" [_thread_blocked, id=4888, stack(0x0000007ce3700000,0x0000007ce3800000)]
  0x0000024d1a62e000 JavaThread "Reference Handler" daemon [_thread_blocked, id=5392, stack(0x0000007ce3e00000,0x0000007ce3f00000)]
  0x0000024d1a630000 JavaThread "Finalizer" daemon [_thread_blocked, id=7016, stack(0x0000007ce3f00000,0x0000007ce4000000)]
  0x0000024d1a68c000 JavaThread "Signal Dispatcher" daemon [_thread_blocked, id=6476, stack(0x0000007ce4000000,0x0000007ce4100000)]
  0x0000024d1a68d000 JavaThread "Attach Listener" daemon [_thread_blocked, id=5336, stack(0x0000007ce4100000,0x0000007ce4200000)]
  0x0000024d1a691800 JavaThread "Service Thread" daemon [_thread_blocked, id=384, stack(0x0000007ce4200000,0x0000007ce4300000)]
  0x0000024d1a698000 JavaThread "C2 CompilerThread0" daemon [_thread_blocked, id=4652, stack(0x0000007ce4300000,0x0000007ce4400000)]
  0x0000024d1a699800 JavaThread "C1 CompilerThread0" daemon [_thread_blocked, id=3332, stack(0x0000007ce4400000,0x0000007ce4500000)]
  0x0000024d1a6b0800 JavaThread "Sweeper thread" daemon [_thread_blocked, id=5276, stack(0x0000007ce4500000,0x0000007ce4600000)]
  0x0000024d1a922000 JavaThread "Common-Cleaner" daemon [_thread_blocked, id=4636, stack(0x0000007ce4600000,0x0000007ce4700000)]
  0x0000024d1c2ee000 JavaThread "Daemon health stats" [_thread_blocked, id=2736, stack(0x0000007ce4900000,0x0000007ce4a00000)]
  0x0000024d1bc71800 JavaThread "Incoming local TCP Connector on port 54458" [_thread_in_native, id=7640, stack(0x0000007ce4a00000,0x0000007ce4b00000)]
  0x0000024d1c8e7800 JavaThread "Daemon periodic checks" [_thread_blocked, id=1380, stack(0x0000007ce4c00000,0x0000007ce4d00000)]
  0x0000024d1c1e4000 JavaThread "Cache worker for file hash cache (C:\Users\Prasanth\.gradle\caches\7.0.2\fileHashes)" [_thread_blocked, id=5564, stack(0x0000007ce5300000,0x0000007ce5400000)]
  0x0000024d1c1e3800 JavaThread "File lock request listener" [_thread_in_native, id=1048, stack(0x0000007ce5400000,0x0000007ce5500000)]
  0x0000024d1c1e5000 JavaThread "Cache worker for journal cache (C:\Users\Prasanth\.gradle\caches\journal-1)" [_thread_blocked, id=7248, stack(0x0000007ce5500000,0x0000007ce5600000)]
  0x0000024d1c1e6800 JavaThread "File watcher server" daemon [_thread_blocked, id=600, stack(0x0000007ce5700000,0x0000007ce5800000)]
  0x0000024d1c1e7800 JavaThread "File watcher consumer" daemon [_thread_blocked, id=5300, stack(0x0000007ce5800000,0x0000007ce5900000)]
  0x0000024d1e9e0000 JavaThread "Cache worker for execution history cache (C:\Users\Prasanth\.gradle\caches\7.0.2\executionHistory)" [_thread_blocked, id=208, stack(0x0000007ce5c00000,0x0000007ce5d00000)]
  0x0000024d1e9e1800 JavaThread "jar transforms" [_thread_blocked, id=4692, stack(0x0000007ce5d00000,0x0000007ce5e00000)]
  0x0000024d1e9e2000 JavaThread "jar transforms Thread 2" [_thread_blocked, id=304, stack(0x0000007ce5e00000,0x0000007ce5f00000)]
  0x0000024d1e9dc800 JavaThread "Cache worker for file content cache (C:\Users\Prasanth\.gradle\caches\7.0.2\fileContent)" [_thread_blocked, id=5624, stack(0x0000007ce5f00000,0x0000007ce6000000)]
  0x0000024d1e9e9000 JavaThread "Memory manager" [_thread_blocked, id=5780, stack(0x0000007ce6400000,0x0000007ce6500000)]
  0x0000024d1e9e7000 JavaThread "Cache worker for Java compile cache (C:\Users\Prasanth\.gradle\caches\7.0.2\javaCompile)" [_thread_blocked, id=7524, stack(0x0000007ce6b00000,0x0000007ce6c00000)]
  0x0000024d1c1e2800 JavaThread "ForkJoinPool.commonPool-worker-1" daemon [_thread_blocked, id=3904, stack(0x0000007ce4f00000,0x0000007ce5000000)]
  0x0000024d1c1e9000 JavaThread "Daemon Thread 14" [_thread_blocked, id=5648, stack(0x0000007ce3500000,0x0000007ce3600000)]
  0x0000024d2137a800 JavaThread "Handler for socket connection from /127.0.0.1:54458 to /127.0.0.1:55500" [_thread_in_native, id=6852, stack(0x0000007ce3600000,0x0000007ce3700000)]
  0x0000024d21378000 JavaThread "Cancel handler" [_thread_blocked, id=5528, stack(0x0000007ce4b00000,0x0000007ce4c00000)]
  0x0000024d21379800 JavaThread "Daemon worker Thread 14" [_thread_blocked, id=1548, stack(0x0000007ce4d00000,0x0000007ce4e00000)]
  0x0000024d2137b000 JavaThread "Asynchronous log dispatcher for DefaultDaemonConnection: socket connection from /127.0.0.1:54458 to /127.0.0.1:55500" [_thread_blocked, id=7352, stack(0x0000007ce4e00000,0x0000007ce4f00000)]
  0x0000024d21376800 JavaThread "Stdin handler" [_thread_blocked, id=3776, stack(0x0000007ce5000000,0x0000007ce5100000)]
  0x0000024d2137d000 JavaThread "Daemon client event forwarder" [_thread_blocked, id=7328, stack(0x0000007ce5100000,0x0000007ce5200000)]
  0x0000024d2137c000 JavaThread "Cache worker for file hash cache (C:\Users\Prasanth\AndroidStudioProjects\Skyblue\.gradle\7.0.2\fileHashes)" [_thread_blocked, id=6448, stack(0x0000007ce5200000,0x0000007ce5300000)]
  0x0000024d21377000 JavaThread "Cache worker for checksums cache (C:\Users\Prasanth\AndroidStudioProjects\Skyblue\.gradle\checksums)" [_thread_blocked, id=6828, stack(0x0000007ce5600000,0x0000007ce5700000)]
  0x0000024d2137d800 JavaThread "Cache worker for cache directory md-supplier (C:\Users\Prasanth\.gradle\caches\7.0.2\md-supplier)" [_thread_blocked, id=4772, stack(0x0000007ce5900000,0x0000007ce5a00000)]
  0x0000024d21378800 JavaThread "Cache worker for cache directory md-rule (C:\Users\Prasanth\.gradle\caches\7.0.2\md-rule)" [_thread_blocked, id=6560, stack(0x0000007ce5a00000,0x0000007ce5b00000)]
  0x0000024d21381000 JavaThread "Cache worker for dependencies-accessors (C:\Users\Prasanth\AndroidStudioProjects\Skyblue\.gradle\7.0.2\dependencies-accessors)" [_thread_blocked, id=2504, stack(0x0000007ce5b00000,0x0000007ce5c00000)]
  0x0000024d21381800 JavaThread "Cache worker for Build Output Cleanup Cache (C:\Users\Prasanth\AndroidStudioProjects\Skyblue\.gradle\buildOutputCleanup)" [_thread_blocked, id=2872, stack(0x0000007ce6000000,0x0000007ce6100000)]
  0x0000024d21383800 JavaThread "Build operations" [_thread_blocked, id=4700, stack(0x0000007ce6100000,0x0000007ce6200000)]
  0x0000024d21382800 JavaThread "Build operations Thread 2" [_thread_blocked, id=536, stack(0x0000007ce6200000,0x0000007ce6300000)]
  0x0000024d2137f800 JavaThread "build event listener" [_thread_blocked, id=6432, stack(0x0000007ce6300000,0x0000007ce6400000)]
  0x0000024d21384000 JavaThread "Execution worker for ':'" [_thread_blocked, id=7344, stack(0x0000007ce6500000,0x0000007ce6600000)]
  0x0000024d21385000 JavaThread "Cache worker for execution history cache (C:\Users\Prasanth\AndroidStudioProjects\Skyblue\.gradle\7.0.2\executionHistory)" [_thread_blocked, id=100, stack(0x0000007ce6600000,0x0000007ce6700000)]
  0x0000024d1e9e0800 JavaThread "Cache worker for Java compile cache (C:\Users\Prasanth\AndroidStudioProjects\Skyblue\.gradle\7.0.2\javaCompile)" [_thread_blocked, id=6860, stack(0x0000007ce6700000,0x0000007ce6800000)]

Other Threads:
  0x0000024d1a628000 VMThread "VM Thread" [stack: 0x0000007ce3d00000,0x0000007ce3e00000] [id=3900]
  0x0000024d1a948800 WatcherThread [stack: 0x0000007ce4700000,0x0000007ce4800000] [id=7736]
=>0x0000024d7eef2000 GCTaskThread "GC Thread#0" [stack: 0x0000007ce3800000,0x0000007ce3900000] [id=8168]
  0x0000024d1aa1e800 GCTaskThread "GC Thread#1" [stack: 0x0000007ce4800000,0x0000007ce4900000] [id=5252]
  0x0000024d7ef24000 ConcurrentGCThread "G1 Main Marker" [stack: 0x0000007ce3900000,0x0000007ce3a00000] [id=5412]
  0x0000024d7ef25000 ConcurrentGCThread "G1 Conc#0" [stack: 0x0000007ce3a00000,0x0000007ce3b00000] [id=7116]
  0x0000024d7ef76000 ConcurrentGCThread "G1 Refine#0" [stack: 0x0000007ce3b00000,0x0000007ce3c00000] [id=1652]
  0x0000024d7ef77000 ConcurrentGCThread "G1 Young RemSet Sampling" [stack: 0x0000007ce3c00000,0x0000007ce3d00000] [id=7928]

Threads with active compile tasks:
C2 CompilerThread02121715 27040       4       com.sun.tools.javac.jvm.ClassReader$AnnotationDeproxy::deproxyCompound (115 bytes)

VM state:at safepoint (normal execution)

VM Mutex/Monitor currently owned by a thread:  ([mutex/lock_event])
[0x0000024d7eedc760] Threads_lock - owner thread: 0x0000024d1a628000
[0x0000024d7eedca30] Heap_lock - owner thread: 0x0000024d21384000

Heap address: 0x0000000080000000, size: 2048 MB, Compressed Oops mode: 32-bit
Narrow klass base: 0x0000000000000000, Narrow klass shift: 3
Compressed class space size: 1073741824 Address: 0x0000000100000000

Heap:
 garbage-first heap   total 293888K, used 144596K [0x0000000080000000, 0x0000000100000000)
  region size 1024K, 4 young (4096K), 1 survivors (1024K)
 Metaspace       used 123526K, capacity 128013K, committed 128512K, reserved 1161216K
  class space    used 15290K, capacity 16946K, committed 17152K, reserved 1048576K
Heap Regions: E=young(eden), S=young(survivor), O=old, HS=humongous(starts), HC=humongous(continues), CS=collection set, F=free, A=archive, TAMS=top-at-mark-start (previous, next)
|   0|0x0000000080000000, 0x0000000080100000, 0x0000000080100000|100%| O|  |TAMS 0x0000000080100000, 0x0000000080000000| Untracked 
|   1|0x0000000080100000, 0x0000000080200000, 0x0000000080200000|100%| O|  |TAMS 0x0000000080200000, 0x0000000080100000| Untracked 
|   2|0x0000000080200000, 0x0000000080300000, 0x0000000080300000|100%| O|  |TAMS 0x0000000080300000, 0x0000000080200000| Untracked 
|   3|0x0000000080300000, 0x0000000080400000, 0x0000000080400000|100%| O|  |TAMS 0x0000000080400000, 0x0000000080300000| Untracked 
|   4|0x0000000080400000, 0x0000000080500000, 0x0000000080500000|100%|HS|  |TAMS 0x0000000080500000, 0x0000000080400000| Complete 
|   5|0x0000000080500000, 0x0000000080600000, 0x0000000080600000|100%|HC|  |TAMS 0x0000000080600000, 0x0000000080500000| Complete 
|   6|0x0000000080600000, 0x0000000080700000, 0x0000000080700000|100%|HC|  |TAMS 0x0000000080700000, 0x0000000080600000| Complete 
|   7|0x0000000080700000, 0x0000000080800000, 0x0000000080800000|100%| O|  |TAMS 0x0000000080800000, 0x0000000080700000| Complete 
|   8|0x0000000080800000, 0x0000000080900000, 0x0000000080900000|100%| O|  |TAMS 0x0000000080900000, 0x0000000080800000| Untracked 
|   9|0x0000000080900000, 0x0000000080a00000, 0x0000000080a00000|100%| O|  |TAMS 0x0000000080a00000, 0x0000000080900000| Untracked 
|  10|0x0000000080a00000, 0x0000000080b00000, 0x0000000080b00000|100%| O|  |TAMS 0x0000000080b00000, 0x0000000080a00000| Untracked 
|  11|0x0000000080b00000, 0x0000000080c00000, 0x0000000080c00000|100%| O|CS|TAMS 0x0000000080c00000, 0x0000000080b00000| Complete 
|  12|0x0000000080c00000, 0x0000000080d00000, 0x0000000080d00000|100%| O|  |TAMS 0x0000000080d00000, 0x0000000080c00000| Untracked 
|  13|0x0000000080d00000, 0x0000000080e00000, 0x0000000080e00000|100%| O|  |TAMS 0x0000000080e00000, 0x0000000080d00000| Complete 
|  14|0x0000000080e00000, 0x0000000080f00000, 0x0000000080f00000|100%| O|  |TAMS 0x0000000080f00000, 0x0000000080e00000| Complete 
|  15|0x0000000080f00000, 0x0000000081000000, 0x0000000081000000|100%| O|  |TAMS 0x0000000081000000, 0x0000000080f00000| Complete 
|  16|0x0000000081000000, 0x0000000081100000, 0x0000000081100000|100%| O|  |TAMS 0x0000000081100000, 0x0000000081000000| Untracked 
|  17|0x0000000081100000, 0x0000000081200000, 0x0000000081200000|100%| O|  |TAMS 0x0000000081200000, 0x0000000081100000| Complete 
|  18|0x0000000081200000, 0x0000000081300000, 0x0000000081300000|100%| O|  |TAMS 0x0000000081300000, 0x0000000081200000| Complete 
|  19|0x0000000081300000, 0x0000000081400000, 0x0000000081400000|100%| O|  |TAMS 0x0000000081400000, 0x0000000081300000| Complete 
|  20|0x0000000081400000, 0x0000000081500000, 0x0000000081500000|100%| O|  |TAMS 0x0000000081500000, 0x0000000081400000| Complete 
|  21|0x0000000081500000, 0x0000000081600000, 0x0000000081600000|100%| O|  |TAMS 0x0000000081600000, 0x0000000081500000| Untracked 
|  22|0x0000000081600000, 0x0000000081700000, 0x0000000081700000|100%| O|  |TAMS 0x0000000081700000, 0x0000000081600000| Complete 
|  23|0x0000000081700000, 0x0000000081800000, 0x0000000081800000|100%| O|  |TAMS 0x0000000081800000, 0x0000000081700000| Complete 
|  24|0x0000000081800000, 0x0000000081900000, 0x0000000081900000|100%| O|CS|TAMS 0x0000000081900000, 0x0000000081800000| Complete 
|  25|0x0000000081900000, 0x0000000081a00000, 0x0000000081a00000|100%| O|  |TAMS 0x0000000081a00000, 0x0000000081900000| Untracked 
|  26|0x0000000081a00000, 0x0000000081b00000, 0x0000000081b00000|100%| O|  |TAMS 0x0000000081b00000, 0x0000000081a00000| Complete 
|  27|0x0000000081b00000, 0x0000000081c00000, 0x0000000081c00000|100%|HS|  |TAMS 0x0000000081c00000, 0x0000000081b00000| Complete 
|  28|0x0000000081c00000, 0x0000000081d00000, 0x0000000081d00000|100%|HS|  |TAMS 0x0000000081d00000, 0x0000000081c00000| Complete 
|  29|0x0000000081d00000, 0x0000000081e00000, 0x0000000081e00000|100%|HS|  |TAMS 0x0000000081e00000, 0x0000000081d00000| Complete 
|  30|0x0000000081e00000, 0x0000000081f00000, 0x0000000081f00000|100%|HC|  |TAMS 0x0000000081f00000, 0x0000000081e00000| Complete 
|  31|0x0000000081f00000, 0x0000000082000000, 0x0000000082000000|100%| O|  |TAMS 0x0000000082000000, 0x0000000081f00000| Complete 
|  32|0x0000000082000000, 0x0000000082100000, 0x0000000082100000|100%| O|  |TAMS 0x0000000082100000, 0x0000000082000000| Untracked 
|  33|0x0000000082100000, 0x0000000082200000, 0x0000000082200000|100%| O|  |TAMS 0x0000000082200000, 0x0000000082100000| Untracked 
|  34|0x0000000082200000, 0x0000000082300000, 0x0000000082300000|100%| O|CS|TAMS 0x0000000082300000, 0x0000000082200000| Complete 
|  35|0x0000000082300000, 0x0000000082400000, 0x0000000082400000|100%| O|  |TAMS 0x0000000082400000, 0x0000000082300000| Complete 
|  36|0x0000000082400000, 0x0000000082500000, 0x0000000082500000|100%| O|  |TAMS 0x0000000082500000, 0x0000000082400000| Untracked 
|  37|0x0000000082500000, 0x0000000082600000, 0x0000000082600000|100%| O|  |TAMS 0x0000000082600000, 0x0000000082500000| Untracked 
|  38|0x0000000082600000, 0x0000000082700000, 0x0000000082700000|100%| O|  |TAMS 0x0000000082700000, 0x0000000082600000| Untracked 
|  39|0x0000000082700000, 0x0000000082800000, 0x0000000082800000|100%| O|  |TAMS 0x0000000082800000, 0x0000000082700000| Untracked 
|  40|0x0000000082800000, 0x0000000082900000, 0x0000000082900000|100%| O|  |TAMS 0x0000000082800000, 0x0000000082800000| Untracked 
|  41|0x0000000082900000, 0x0000000082a00000, 0x0000000082a00000|100%| O|  |TAMS 0x0000000082a00000, 0x0000000082900000| Complete 
|  42|0x0000000082a00000, 0x0000000082b00000, 0x0000000082b00000|100%| O|  |TAMS 0x0000000082b00000, 0x0000000082a00000| Complete 
|  43|0x0000000082b00000, 0x0000000082c00000, 0x0000000082c00000|100%| O|  |TAMS 0x0000000082c00000, 0x0000000082b00000| Complete 
|  44|0x0000000082c00000, 0x0000000082d00000, 0x0000000082d00000|100%| O|  |TAMS 0x0000000082d00000, 0x0000000082c00000| Complete 
|  45|0x0000000082d00000, 0x0000000082e00000, 0x0000000082e00000|100%| O|  |TAMS 0x0000000082e00000, 0x0000000082d00000| Complete 
|  46|0x0000000082e00000, 0x0000000082f00000, 0x0000000082f00000|100%| O|  |TAMS 0x0000000082f00000, 0x0000000082e00000| Complete 
|  47|0x0000000082f00000, 0x0000000083000000, 0x0000000083000000|100%| O|CS|TAMS 0x0000000083000000, 0x0000000082f00000| Complete 
|  48|0x0000000083000000, 0x0000000083100000, 0x0000000083100000|100%| O|CS|TAMS 0x0000000083100000, 0x0000000083000000| Complete 
|  49|0x0000000083100000, 0x0000000083200000, 0x0000000083200000|100%| O|  |TAMS 0x0000000083200000, 0x0000000083100000| Complete 
|  50|0x0000000083200000, 0x0000000083300000, 0x0000000083300000|100%| O|  |TAMS 0x0000000083300000, 0x0000000083200000| Untracked 
|  51|0x0000000083300000, 0x0000000083400000, 0x0000000083400000|100%| O|  |TAMS 0x0000000083400000, 0x0000000083300000| Complete 
|  52|0x0000000083400000, 0x0000000083500000, 0x0000000083500000|100%| O|  |TAMS 0x0000000083500000, 0x0000000083400000| Complete 
|  53|0x0000000083500000, 0x0000000083600000, 0x0000000083600000|100%| O|  |TAMS 0x0000000083600000, 0x0000000083500000| Complete 
|  54|0x0000000083600000, 0x0000000083700000, 0x0000000083700000|100%| O|  |TAMS 0x0000000083700000, 0x0000000083600000| Complete 
|  55|0x0000000083700000, 0x0000000083800000, 0x0000000083800000|100%| O|CS|TAMS 0x0000000083800000, 0x0000000083700000| Complete 
|  56|0x0000000083800000, 0x0000000083900000, 0x0000000083900000|100%| O|  |TAMS 0x0000000083900000, 0x0000000083800000| Complete 
|  57|0x0000000083900000, 0x0000000083a00000, 0x0000000083a00000|100%| O|  |TAMS 0x0000000083a00000, 0x0000000083900000| Complete 
|  58|0x0000000083a00000, 0x0000000083b00000, 0x0000000083b00000|100%| O|CS|TAMS 0x0000000083b00000, 0x0000000083a00000| Complete 
|  59|0x0000000083b00000, 0x0000000083c00000, 0x0000000083c00000|100%| O|  |TAMS 0x0000000083c00000, 0x0000000083b00000| Complete 
|  60|0x0000000083c00000, 0x0000000083d00000, 0x0000000083d00000|100%| O|  |TAMS 0x0000000083d00000, 0x0000000083c00000| Complete 
|  61|0x0000000083d00000, 0x0000000083e00000, 0x0000000083e00000|100%| O|  |TAMS 0x0000000083d00000, 0x0000000083d00000| Untracked 
|  62|0x0000000083e00000, 0x0000000083f00000, 0x0000000083f00000|100%| O|  |TAMS 0x0000000083f00000, 0x0000000083e00000| Complete 
|  63|0x0000000083f00000, 0x0000000084000000, 0x0000000084000000|100%| O|CS|TAMS 0x0000000084000000, 0x0000000083f00000| Complete 
|  64|0x0000000084000000, 0x0000000084100000, 0x0000000084100000|100%| O|CS|TAMS 0x0000000084100000, 0x0000000084000000| Complete 
|  65|0x0000000084100000, 0x0000000084200000, 0x0000000084200000|100%| O|  |TAMS 0x0000000084100000, 0x0000000084100000| Untracked 
|  66|0x0000000084200000, 0x0000000084300000, 0x0000000084300000|100%| O|  |TAMS 0x0000000084300000, 0x0000000084200000| Untracked 
|  67|0x0000000084300000, 0x0000000084400000, 0x0000000084400000|100%| O|  |TAMS 0x0000000084400000, 0x0000000084300000| Untracked 
|  68|0x0000000084400000, 0x0000000084500000, 0x0000000084500000|100%| O|  |TAMS 0x0000000084400000, 0x0000000084400000| Untracked 
|  69|0x0000000084500000, 0x0000000084600000, 0x0000000084600000|100%| O|  |TAMS 0x0000000084600000, 0x0000000084500000| Complete 
|  70|0x0000000084600000, 0x0000000084700000, 0x0000000084700000|100%| O|  |TAMS 0x0000000084700000, 0x0000000084600000| Complete 
|  71|0x0000000084700000, 0x0000000084800000, 0x0000000084800000|100%| O|  |TAMS 0x0000000084800000, 0x0000000084700000| Untracked 
|  72|0x0000000084800000, 0x0000000084900000, 0x0000000084900000|100%| O|CS|TAMS 0x0000000084900000, 0x0000000084800000| Complete 
|  73|0x0000000084900000, 0x0000000084a00000, 0x0000000084a00000|100%| O|  |TAMS 0x0000000084a00000, 0x0000000084900000| Complete 
|  74|0x0000000084a00000, 0x0000000084b00000, 0x0000000084b00000|100%| O|CS|TAMS 0x0000000084b00000, 0x0000000084a00000| Complete 
|  75|0x0000000084b00000, 0x0000000084c00000, 0x0000000084c00000|100%| O|  |TAMS 0x0000000084c00000, 0x0000000084b00000| Untracked 
|  76|0x0000000084c00000, 0x0000000084d00000, 0x0000000084d00000|100%| O|  |TAMS 0x0000000084d00000, 0x0000000084c00000| Complete 
|  77|0x0000000084d00000, 0x0000000084e00000, 0x0000000084e00000|100%| O|  |TAMS 0x0000000084e00000, 0x0000000084d00000| Untracked 
|  78|0x0000000084e00000, 0x0000000084f00000, 0x0000000084f00000|100%| O|  |TAMS 0x0000000084f00000, 0x0000000084e00000| Untracked 
|  79|0x0000000084f00000, 0x0000000085000000, 0x0000000085000000|100%| O|  |TAMS 0x0000000085000000, 0x0000000084f00000| Untracked 
|  80|0x0000000085000000, 0x0000000085100000, 0x0000000085100000|100%| O|  |TAMS 0x0000000085100000, 0x0000000085000000| Complete 
|  81|0x0000000085100000, 0x0000000085200000, 0x0000000085200000|100%| O|  |TAMS 0x0000000085100000, 0x0000000085100000| Untracked 
|  82|0x0000000085200000, 0x0000000085300000, 0x0000000085300000|100%| O|CS|TAMS 0x0000000085300000, 0x0000000085200000| Complete 
|  83|0x0000000085300000, 0x0000000085400000, 0x0000000085400000|100%| O|  |TAMS 0x0000000085400000, 0x0000000085300000| Complete 
|  84|0x0000000085400000, 0x0000000085500000, 0x0000000085500000|100%| O|  |TAMS 0x0000000085400000, 0x0000000085400000| Untracked 
|  85|0x0000000085500000, 0x0000000085600000, 0x0000000085600000|100%| O|  |TAMS 0x0000000085600000, 0x0000000085500000| Untracked 
|  86|0x0000000085600000, 0x0000000085700000, 0x0000000085700000|100%| O|  |TAMS 0x0000000085600000, 0x0000000085600000| Untracked 
|  87|0x0000000085700000, 0x0000000085800000, 0x0000000085800000|100%| O|  |TAMS 0x0000000085800000, 0x0000000085700000| Complete 
|  88|0x0000000085800000, 0x0000000085900000, 0x0000000085900000|100%| O|  |TAMS 0x0000000085900000, 0x0000000085800000| Complete 
|  89|0x0000000085900000, 0x0000000085a00000, 0x0000000085a00000|100%| O|  |TAMS 0x0000000085a00000, 0x0000000085900000| Complete 
|  90|0x0000000085a00000, 0x0000000085b00000, 0x0000000085b00000|100%| O|CS|TAMS 0x0000000085b00000, 0x0000000085a00000| Complete 
|  91|0x0000000085b00000, 0x0000000085c00000, 0x0000000085c00000|100%| O|  |TAMS 0x0000000085c00000, 0x0000000085b00000| Untracked 
|  92|0x0000000085c00000, 0x0000000085d00000, 0x0000000085d00000|100%| O|CS|TAMS 0x0000000085d00000, 0x0000000085c00000| Complete 
|  93|0x0000000085d00000, 0x0000000085e00000, 0x0000000085e00000|100%| O|CS|TAMS 0x0000000085e00000, 0x0000000085d00000| Complete 
|  94|0x0000000085e00000, 0x0000000085f00000, 0x0000000085f00000|100%| O|CS|TAMS 0x0000000085f00000, 0x0000000085e00000| Complete 
|  95|0x0000000085f00000, 0x0000000086000000, 0x0000000086000000|100%| O|CS|TAMS 0x0000000086000000, 0x0000000085f00000| Complete 
|  96|0x0000000086000000, 0x0000000086100000, 0x0000000086100000|100%| O|  |TAMS 0x0000000086100000, 0x0000000086000000| Complete 
|  97|0x0000000086100000, 0x0000000086200000, 0x0000000086200000|100%| O|  |TAMS 0x0000000086200000, 0x0000000086100000| Complete 
|  98|0x0000000086200000, 0x0000000086300000, 0x0000000086300000|100%| O|  |TAMS 0x0000000086300000, 0x0000000086200000| Untracked 
|  99|0x0000000086300000, 0x0000000086400000, 0x0000000086400000|100%| O|  |TAMS 0x0000000086400000, 0x0000000086300000| Untracked 
| 100|0x0000000086400000, 0x0000000086500000, 0x0000000086500000|100%| O|  |TAMS 0x0000000086500000, 0x0000000086400000| Complete 
| 101|0x0000000086500000, 0x0000000086600000, 0x0000000086600000|100%| O|  |TAMS 0x0000000086600000, 0x0000000086500000| Complete 
| 102|0x0000000086600000, 0x0000000086700000, 0x0000000086700000|100%| O|CS|TAMS 0x0000000086700000, 0x0000000086600000| Complete 
| 103|0x0000000086700000, 0x0000000086800000, 0x0000000086800000|100%| O|  |TAMS 0x0000000086800000, 0x0000000086700000| Complete 
| 104|0x0000000086800000, 0x0000000086900000, 0x0000000086900000|100%| O|  |TAMS 0x0000000086900000, 0x0000000086800000| Complete 
| 105|0x0000000086900000, 0x0000000086a00000, 0x0000000086a00000|100%| O|  |TAMS 0x0000000086a00000, 0x0000000086900000| Complete 
| 106|0x0000000086a00000, 0x0000000086b00000, 0x0000000086b00000|100%| O|  |TAMS 0x0000000086a00000, 0x0000000086a00000| Untracked 
| 107|0x0000000086b00000, 0x0000000086c00000, 0x0000000086c00000|100%| O|  |TAMS 0x0000000086b00000, 0x0000000086b00000| Untracked 
| 108|0x0000000086c00000, 0x0000000086d00000, 0x0000000086d00000|100%| O|  |TAMS 0x0000000086c00000, 0x0000000086c00000| Untracked 
| 109|0x0000000086d00000, 0x0000000086e00000, 0x0000000086e00000|100%| O|CS|TAMS 0x0000000086e00000, 0x0000000086d00000| Complete 
| 110|0x0000000086e00000, 0x0000000086f00000, 0x0000000086f00000|100%| O|  |TAMS 0x0000000086f00000, 0x0000000086e00000| Untracked 
| 111|0x0000000086f00000, 0x0000000087000000, 0x0000000087000000|100%|HS|  |TAMS 0x0000000086f00000, 0x0000000086f00000| Complete 
| 112|0x0000000087000000, 0x0000000087100000, 0x0000000087100000|100%|HC|  |TAMS 0x0000000087000000, 0x0000000087000000| Complete 
| 113|0x0000000087100000, 0x0000000087200000, 0x0000000087200000|100%| O|  |TAMS 0x0000000087200000, 0x0000000087100000| Untracked 
| 114|0x0000000087200000, 0x0000000087300000, 0x0000000087300000|100%| O|  |TAMS 0x0000000087300000, 0x0000000087200000| Untracked 
| 115|0x0000000087300000, 0x0000000087400000, 0x0000000087400000|100%| O|  |TAMS 0x0000000087400000, 0x0000000087300000| Untracked 
| 116|0x0000000087400000, 0x0000000087500000, 0x0000000087500000|100%| O|  |TAMS 0x0000000087500000, 0x0000000087400000| Untracked 
| 117|0x0000000087500000, 0x0000000087600000, 0x0000000087600000|100%| O|  |TAMS 0x0000000087600000, 0x0000000087500000| Untracked 
| 118|0x0000000087600000, 0x0000000087700000, 0x0000000087700000|100%| O|  |TAMS 0x0000000087700000, 0x0000000087600000| Untracked 
| 119|0x0000000087700000, 0x0000000087800000, 0x0000000087800000|100%| O|  |TAMS 0x0000000087700000, 0x0000000087700000| Untracked 
| 120|0x0000000087800000, 0x0000000087900000, 0x0000000087900000|100%| O|CS|TAMS 0x0000000087900000, 0x0000000087800000| Complete 
| 121|0x0000000087900000, 0x0000000087a00000, 0x0000000087a00000|100%| O|  |TAMS 0x0000000087900000, 0x0000000087900000| Untracked 
| 122|0x0000000087a00000, 0x0000000087b00000, 0x0000000087b00000|100%| O|CS|TAMS 0x0000000087b00000, 0x0000000087a00000| Complete 
| 123|0x0000000087b00000, 0x0000000087c00000, 0x0000000087c00000|100%| O|  |TAMS 0x0000000087b00000, 0x0000000087b00000| Untracked 
| 124|0x0000000087c00000, 0x0000000087d00000, 0x0000000087d00000|100%| O|  |TAMS 0x0000000087c00000, 0x0000000087c00000| Untracked 
| 125|0x0000000087d00000, 0x0000000087e00000, 0x0000000087e00000|100%| O|  |TAMS 0x0000000087d00000, 0x0000000087d00000| Untracked 
| 126|0x0000000087e00000, 0x0000000087f00000, 0x0000000087f00000|100%| O|  |TAMS 0x0000000087f00000, 0x0000000087e00000| Untracked 
| 127|0x0000000087f00000, 0x0000000088000000, 0x0000000088000000|100%| O|CS|TAMS 0x0000000088000000, 0x0000000087f00000| Complete 
| 128|0x0000000088000000, 0x0000000088100000, 0x0000000088100000|100%| O|  |TAMS 0x0000000088100000, 0x0000000088000000| Complete 
| 129|0x0000000088100000, 0x0000000088200000, 0x0000000088200000|100%| O|CS|TAMS 0x0000000088200000, 0x0000000088100000| Complete 
| 130|0x0000000088200000, 0x0000000088300000, 0x0000000088300000|100%| O|  |TAMS 0x0000000088200000, 0x0000000088200000| Untracked 
| 131|0x0000000088300000, 0x0000000088400000, 0x0000000088400000|100%| O|  |TAMS 0x0000000088300000, 0x0000000088300000| Untracked 
| 132|0x0000000088400000, 0x0000000088500000, 0x0000000088500000|100%| O|  |TAMS 0x0000000088400000, 0x0000000088400000| Untracked 
| 133|0x0000000088500000, 0x00000000885f9108, 0x0000000088600000| 97%| O|  |TAMS 0x0000000088500000, 0x0000000088500000| Untracked 
| 134|0x0000000088600000, 0x0000000088700000, 0x0000000088700000|100%| O|  |TAMS 0x0000000088700000, 0x0000000088600000| Untracked 
| 135|0x0000000088700000, 0x0000000088700000, 0x0000000088800000|  0%| F|  |TAMS 0x0000000088700000, 0x0000000088700000| Untracked 
| 136|0x0000000088800000, 0x0000000088900000, 0x0000000088900000|100%| O|  |TAMS 0x0000000088900000, 0x0000000088800000| Untracked 
| 137|0x0000000088900000, 0x0000000088a00000, 0x0000000088a00000|100%| O|CS|TAMS 0x0000000088a00000, 0x0000000088900000| Complete 
| 138|0x0000000088a00000, 0x0000000088b00000, 0x0000000088b00000|100%| O|  |TAMS 0x0000000088b00000, 0x0000000088a00000| Complete 
| 139|0x0000000088b00000, 0x0000000088c00000, 0x0000000088c00000|100%| O|  |TAMS 0x0000000088c00000, 0x0000000088b00000| Untracked 
| 140|0x0000000088c00000, 0x0000000088d00000, 0x0000000088d00000|100%| O|CS|TAMS 0x0000000088d00000, 0x0000000088c00000| Complete 
| 141|0x0000000088d00000, 0x0000000088e00000, 0x0000000088e00000|100%| O|CS|TAMS 0x0000000088e00000, 0x0000000088d00000| Complete 
| 142|0x0000000088e00000, 0x0000000088f00000, 0x0000000088f00000|100%| O|  |TAMS 0x0000000088f00000, 0x0000000088e00000| Untracked 
| 143|0x0000000088f00000, 0x0000000089000000, 0x0000000089000000|100%| O|CS|TAMS 0x0000000089000000, 0x0000000088f00000| Complete 
| 144|0x0000000089000000, 0x0000000089100000, 0x0000000089100000|100%| O|  |TAMS 0x0000000089100000, 0x0000000089000000| Complete 
| 145|0x0000000089100000, 0x0000000089200000, 0x0000000089200000|100%| O|  |TAMS 0x0000000089200000, 0x0000000089100000| Untracked 
| 146|0x0000000089200000, 0x0000000089300000, 0x0000000089300000|100%| O|  |TAMS 0x000000008923a000, 0x0000000089200000| Untracked 
| 147|0x0000000089300000, 0x0000000089300000, 0x0000000089400000|  0%| F|  |TAMS 0x0000000089300000, 0x0000000089300000| Untracked 
| 148|0x0000000089400000, 0x0000000089400000, 0x0000000089500000|  0%| F|  |TAMS 0x0000000089400000, 0x0000000089400000| Untracked 
| 149|0x0000000089500000, 0x0000000089500000, 0x0000000089600000|  0%| F|  |TAMS 0x0000000089500000, 0x0000000089500000| Untracked 
| 150|0x0000000089600000, 0x0000000089600000, 0x0000000089700000|  0%| F|  |TAMS 0x0000000089600000, 0x0000000089600000| Untracked 
| 151|0x0000000089700000, 0x0000000089700000, 0x0000000089800000|  0%| F|  |TAMS 0x0000000089700000, 0x0000000089700000| Untracked 
| 152|0x0000000089800000, 0x0000000089800000, 0x0000000089900000|  0%| F|  |TAMS 0x0000000089800000, 0x0000000089800000| Untracked 
| 153|0x0000000089900000, 0x0000000089900000, 0x0000000089a00000|  0%| F|  |TAMS 0x0000000089900000, 0x0000000089900000| Untracked 
| 154|0x0000000089a00000, 0x0000000089a00000, 0x0000000089b00000|  0%| F|  |TAMS 0x0000000089a00000, 0x0000000089a00000| Untracked 
| 155|0x0000000089b00000, 0x0000000089b00000, 0x0000000089c00000|  0%| F|  |TAMS 0x0000000089b00000, 0x0000000089b00000| Untracked 
| 156|0x0000000089c00000, 0x0000000089c00000, 0x0000000089d00000|  0%| F|  |TAMS 0x0000000089c00000, 0x0000000089c00000| Untracked 
| 157|0x0000000089d00000, 0x0000000089d00000, 0x0000000089e00000|  0%| F|  |TAMS 0x0000000089d00000, 0x0000000089d00000| Untracked 
| 158|0x0000000089e00000, 0x0000000089e00000, 0x0000000089f00000|  0%| F|  |TAMS 0x0000000089e00000, 0x0000000089e00000| Untracked 
| 159|0x0000000089f00000, 0x0000000089f00000, 0x000000008a000000|  0%| F|  |TAMS 0x0000000089f00000, 0x0000000089f00000| Untracked 
| 160|0x000000008a000000, 0x000000008a000000, 0x000000008a100000|  0%| F|  |TAMS 0x000000008a000000, 0x000000008a000000| Untracked 
| 161|0x000000008a100000, 0x000000008a100000, 0x000000008a200000|  0%| F|  |TAMS 0x000000008a100000, 0x000000008a100000| Untracked 
| 162|0x000000008a200000, 0x000000008a200000, 0x000000008a300000|  0%| F|  |TAMS 0x000000008a200000, 0x000000008a200000| Untracked 
| 163|0x000000008a300000, 0x000000008a300000, 0x000000008a400000|  0%| F|  |TAMS 0x000000008a300000, 0x000000008a300000| Untracked 
| 164|0x000000008a400000, 0x000000008a400000, 0x000000008a500000|  0%| F|  |TAMS 0x000000008a400000, 0x000000008a400000| Untracked 
| 165|0x000000008a500000, 0x000000008a500000, 0x000000008a600000|  0%| F|  |TAMS 0x000000008a500000, 0x000000008a500000| Untracked 
| 166|0x000000008a600000, 0x000000008a600000, 0x000000008a700000|  0%| F|  |TAMS 0x000000008a600000, 0x000000008a600000| Untracked 
| 167|0x000000008a700000, 0x000000008a700000, 0x000000008a800000|  0%| F|  |TAMS 0x000000008a700000, 0x000000008a700000| Untracked 
| 168|0x000000008a800000, 0x000000008a800000, 0x000000008a900000|  0%| F|  |TAMS 0x000000008a800000, 0x000000008a800000| Untracked 
| 169|0x000000008a900000, 0x000000008a900000, 0x000000008aa00000|  0%| F|  |TAMS 0x000000008a900000, 0x000000008a900000| Untracked 
| 170|0x000000008aa00000, 0x000000008aa00000, 0x000000008ab00000|  0%| F|  |TAMS 0x000000008aa00000, 0x000000008aa00000| Untracked 
| 171|0x000000008ab00000, 0x000000008ab00000, 0x000000008ac00000|  0%| F|  |TAMS 0x000000008ab00000, 0x000000008ab00000| Untracked 
| 172|0x000000008ac00000, 0x000000008ac00000, 0x000000008ad00000|  0%| F|  |TAMS 0x000000008ac00000, 0x000000008ac00000| Untracked 
| 173|0x000000008ad00000, 0x000000008ad00000, 0x000000008ae00000|  0%| F|  |TAMS 0x000000008ad00000, 0x000000008ad00000| Untracked 
| 174|0x000000008ae00000, 0x000000008ae00000, 0x000000008af00000|  0%| F|  |TAMS 0x000000008ae00000, 0x000000008ae00000| Untracked 
| 175|0x000000008af00000, 0x000000008af00000, 0x000000008b000000|  0%| F|  |TAMS 0x000000008af00000, 0x000000008af00000| Untracked 
| 176|0x000000008b000000, 0x000000008b000000, 0x000000008b100000|  0%| F|  |TAMS 0x000000008b000000, 0x000000008b000000| Untracked 
| 177|0x000000008b100000, 0x000000008b100000, 0x000000008b200000|  0%| F|  |TAMS 0x000000008b100000, 0x000000008b100000| Untracked 
| 178|0x000000008b200000, 0x000000008b200000, 0x000000008b300000|  0%| F|  |TAMS 0x000000008b200000, 0x000000008b200000| Untracked 
| 179|0x000000008b300000, 0x000000008b300000, 0x000000008b400000|  0%| F|  |TAMS 0x000000008b300000, 0x000000008b300000| Untracked 
| 180|0x000000008b400000, 0x000000008b400000, 0x000000008b500000|  0%| F|  |TAMS 0x000000008b400000, 0x000000008b400000| Untracked 
| 181|0x000000008b500000, 0x000000008b500000, 0x000000008b600000|  0%| F|  |TAMS 0x000000008b500000, 0x000000008b500000| Untracked 
| 182|0x000000008b600000, 0x000000008b600000, 0x000000008b700000|  0%| F|  |TAMS 0x000000008b600000, 0x000000008b600000| Untracked 
| 183|0x000000008b700000, 0x000000008b700000, 0x000000008b800000|  0%| F|  |TAMS 0x000000008b700000, 0x000000008b700000| Untracked 
| 184|0x000000008b800000, 0x000000008b800000, 0x000000008b900000|  0%| F|  |TAMS 0x000000008b800000, 0x000000008b800000| Untracked 
| 185|0x000000008b900000, 0x000000008b900000, 0x000000008ba00000|  0%| F|  |TAMS 0x000000008b900000, 0x000000008b900000| Untracked 
| 186|0x000000008ba00000, 0x000000008ba00000, 0x000000008bb00000|  0%| F|  |TAMS 0x000000008ba00000, 0x000000008ba00000| Untracked 
| 187|0x000000008bb00000, 0x000000008bb00000, 0x000000008bc00000|  0%| F|  |TAMS 0x000000008bb00000, 0x000000008bb00000| Untracked 
| 188|0x000000008bc00000, 0x000000008bc00000, 0x000000008bd00000|  0%| F|  |TAMS 0x000000008bc00000, 0x000000008bc00000| Untracked 
| 189|0x000000008bd00000, 0x000000008bd00000, 0x000000008be00000|  0%| F|  |TAMS 0x000000008bd00000, 0x000000008bd00000| Untracked 
| 190|0x000000008be00000, 0x000000008be00000, 0x000000008bf00000|  0%| F|  |TAMS 0x000000008be00000, 0x000000008be00000| Untracked 
| 191|0x000000008bf00000, 0x000000008bf00000, 0x000000008c000000|  0%| F|  |TAMS 0x000000008bf00000, 0x000000008bf00000| Untracked 
| 192|0x000000008c000000, 0x000000008c000000, 0x000000008c100000|  0%| F|  |TAMS 0x000000008c000000, 0x000000008c000000| Untracked 
| 193|0x000000008c100000, 0x000000008c100000, 0x000000008c200000|  0%| F|  |TAMS 0x000000008c100000, 0x000000008c100000| Untracked 
| 194|0x000000008c200000, 0x000000008c200000, 0x000000008c300000|  0%| F|  |TAMS 0x000000008c200000, 0x000000008c200000| Untracked 
| 195|0x000000008c300000, 0x000000008c400000, 0x000000008c400000|100%| E|CS|TAMS 0x000000008c300000, 0x000000008c300000| Complete 
| 196|0x000000008c400000, 0x000000008c500000, 0x000000008c500000|100%| E|CS|TAMS 0x000000008c400000, 0x000000008c400000| Complete 
| 197|0x000000008c500000, 0x000000008c600000, 0x000000008c600000|100%| E|CS|TAMS 0x000000008c500000, 0x000000008c500000| Complete 
| 198|0x000000008c600000, 0x000000008c700000, 0x000000008c700000|100%| E|CS|TAMS 0x000000008c600000, 0x000000008c600000| Complete 
| 199|0x000000008c700000, 0x000000008c800000, 0x000000008c800000|100%| E|CS|TAMS 0x000000008c700000, 0x000000008c700000| Complete 
| 200|0x000000008c800000, 0x000000008c900000, 0x000000008c900000|100%| E|CS|TAMS 0x000000008c800000, 0x000000008c800000| Complete 
| 201|0x000000008c900000, 0x000000008ca00000, 0x000000008ca00000|100%| E|CS|TAMS 0x000000008c900000, 0x000000008c900000| Complete 
| 202|0x000000008ca00000, 0x000000008cb00000, 0x000000008cb00000|100%| E|CS|TAMS 0x000000008ca00000, 0x000000008ca00000| Complete 
| 203|0x000000008cb00000, 0x000000008cc00000, 0x000000008cc00000|100%| E|CS|TAMS 0x000000008cb00000, 0x000000008cb00000| Complete 
| 204|0x000000008cc00000, 0x000000008cd00000, 0x000000008cd00000|100%| E|CS|TAMS 0x000000008cc00000, 0x000000008cc00000| Complete 
| 205|0x000000008cd00000, 0x000000008ce00000, 0x000000008ce00000|100%| E|CS|TAMS 0x000000008cd00000, 0x000000008cd00000| Complete 
| 206|0x000000008ce00000, 0x000000008ce00000, 0x000000008cf00000|  0%| F|  |TAMS 0x000000008ce00000, 0x000000008ce00000| Untracked 
| 207|0x000000008cf00000, 0x000000008cf00000, 0x000000008d000000|  0%| F|  |TAMS 0x000000008cf00000, 0x000000008cf00000| Untracked 
| 208|0x000000008d000000, 0x000000008d000000, 0x000000008d100000|  0%| F|  |TAMS 0x000000008d000000, 0x000000008d000000| Untracked 
| 209|0x000000008d100000, 0x000000008d100000, 0x000000008d200000|  0%| F|  |TAMS 0x000000008d100000, 0x000000008d100000| Untracked 
| 210|0x000000008d200000, 0x000000008d200000, 0x000000008d300000|  0%| F|  |TAMS 0x000000008d200000, 0x000000008d200000| Untracked 
| 211|0x000000008d300000, 0x000000008d300000, 0x000000008d400000|  0%| F|  |TAMS 0x000000008d300000, 0x000000008d300000| Untracked 
| 212|0x000000008d400000, 0x000000008d400000, 0x000000008d500000|  0%| F|  |TAMS 0x000000008d400000, 0x000000008d400000| Untracked 
| 213|0x000000008d500000, 0x000000008d500000, 0x000000008d600000|  0%| F|  |TAMS 0x000000008d500000, 0x000000008d500000| Untracked 
| 214|0x000000008d600000, 0x000000008d600000, 0x000000008d700000|  0%| F|  |TAMS 0x000000008d600000, 0x000000008d600000| Untracked 
| 215|0x000000008d700000, 0x000000008d700000, 0x000000008d800000|  0%| F|  |TAMS 0x000000008d700000, 0x000000008d700000| Untracked 
| 216|0x000000008d800000, 0x000000008d800000, 0x000000008d900000|  0%| F|  |TAMS 0x000000008d800000, 0x000000008d800000| Untracked 
| 217|0x000000008d900000, 0x000000008d900000, 0x000000008da00000|  0%| F|  |TAMS 0x000000008d900000, 0x000000008d900000| Untracked 
| 218|0x000000008da00000, 0x000000008da00000, 0x000000008db00000|  0%| F|  |TAMS 0x000000008da00000, 0x000000008da00000| Untracked 
| 219|0x000000008db00000, 0x000000008db00000, 0x000000008dc00000|  0%| F|  |TAMS 0x000000008db00000, 0x000000008db00000| Untracked 
| 220|0x000000008dc00000, 0x000000008dc00000, 0x000000008dd00000|  0%| F|  |TAMS 0x000000008dc00000, 0x000000008dc00000| Untracked 
| 221|0x000000008dd00000, 0x000000008dd00000, 0x000000008de00000|  0%| F|  |TAMS 0x000000008dd00000, 0x000000008dd00000| Untracked 
| 222|0x000000008de00000, 0x000000008de00000, 0x000000008df00000|  0%| F|  |TAMS 0x000000008de00000, 0x000000008de00000| Untracked 
| 223|0x000000008df00000, 0x000000008df00000, 0x000000008e000000|  0%| F|  |TAMS 0x000000008df00000, 0x000000008df00000| Untracked 
| 224|0x000000008e000000, 0x000000008e000000, 0x000000008e100000|  0%| F|  |TAMS 0x000000008e000000, 0x000000008e000000| Untracked 
| 225|0x000000008e100000, 0x000000008e100000, 0x000000008e200000|  0%| F|  |TAMS 0x000000008e100000, 0x000000008e100000| Untracked 
| 226|0x000000008e200000, 0x000000008e200000, 0x000000008e300000|  0%| F|  |TAMS 0x000000008e200000, 0x000000008e200000| Untracked 
| 227|0x000000008e300000, 0x000000008e300000, 0x000000008e400000|  0%| F|  |TAMS 0x000000008e300000, 0x000000008e300000| Untracked 
| 228|0x000000008e400000, 0x000000008e400000, 0x000000008e500000|  0%| F|  |TAMS 0x000000008e400000, 0x000000008e400000| Untracked 
| 229|0x000000008e500000, 0x000000008e500000, 0x000000008e600000|  0%| F|  |TAMS 0x000000008e500000, 0x000000008e500000| Untracked 
| 230|0x000000008e600000, 0x000000008e600000, 0x000000008e700000|  0%| F|  |TAMS 0x000000008e600000, 0x000000008e600000| Untracked 
| 231|0x000000008e700000, 0x000000008e700000, 0x000000008e800000|  0%| F|  |TAMS 0x000000008e700000, 0x000000008e700000| Untracked 
| 232|0x000000008e800000, 0x000000008e800000, 0x000000008e900000|  0%| F|  |TAMS 0x000000008e800000, 0x000000008e800000| Untracked 
| 233|0x000000008e900000, 0x000000008e900000, 0x000000008ea00000|  0%| F|  |TAMS 0x000000008e900000, 0x000000008e900000| Untracked 
| 234|0x000000008ea00000, 0x000000008ea00000, 0x000000008eb00000|  0%| F|  |TAMS 0x000000008ea00000, 0x000000008ea00000| Untracked 
| 235|0x000000008eb00000, 0x000000008eb00000, 0x000000008ec00000|  0%| F|  |TAMS 0x000000008eb00000, 0x000000008eb00000| Untracked 
| 236|0x000000008ec00000, 0x000000008ec00000, 0x000000008ed00000|  0%| F|  |TAMS 0x000000008ec00000, 0x000000008ec00000| Untracked 
| 237|0x000000008ed00000, 0x000000008ed00000, 0x000000008ee00000|  0%| F|  |TAMS 0x000000008ed00000, 0x000000008ed00000| Untracked 
| 238|0x000000008ee00000, 0x000000008ee00000, 0x000000008ef00000|  0%| F|  |TAMS 0x000000008ee00000, 0x000000008ee00000| Untracked 
| 239|0x000000008ef00000, 0x000000008ef00000, 0x000000008f000000|  0%| F|  |TAMS 0x000000008ef00000, 0x000000008ef00000| Untracked 
| 240|0x000000008f000000, 0x000000008f000000, 0x000000008f100000|  0%| F|  |TAMS 0x000000008f000000, 0x000000008f000000| Untracked 
| 241|0x000000008f100000, 0x000000008f100000, 0x000000008f200000|  0%| F|  |TAMS 0x000000008f100000, 0x000000008f100000| Untracked 
| 242|0x000000008f200000, 0x000000008f200000, 0x000000008f300000|  0%| F|  |TAMS 0x000000008f200000, 0x000000008f200000| Untracked 
| 243|0x000000008f300000, 0x000000008f300000, 0x000000008f400000|  0%| F|  |TAMS 0x000000008f300000, 0x000000008f300000| Untracked 
| 244|0x000000008f400000, 0x000000008f400000, 0x000000008f500000|  0%| F|  |TAMS 0x000000008f400000, 0x000000008f400000| Untracked 
| 245|0x000000008f500000, 0x000000008f500000, 0x000000008f600000|  0%| F|  |TAMS 0x000000008f500000, 0x000000008f500000| Untracked 
| 246|0x000000008f600000, 0x000000008f600000, 0x000000008f700000|  0%| F|  |TAMS 0x000000008f600000, 0x000000008f600000| Untracked 
| 247|0x000000008f700000, 0x000000008f700000, 0x000000008f800000|  0%| F|  |TAMS 0x000000008f700000, 0x000000008f700000| Untracked 
| 248|0x000000008f800000, 0x000000008f800000, 0x000000008f900000|  0%| F|  |TAMS 0x000000008f800000, 0x000000008f800000| Untracked 
| 249|0x000000008f900000, 0x000000008f900000, 0x000000008fa00000|  0%| F|  |TAMS 0x000000008f900000, 0x000000008f900000| Untracked 
| 250|0x000000008fa00000, 0x000000008fa00000, 0x000000008fb00000|  0%| F|  |TAMS 0x000000008fa00000, 0x000000008fa00000| Untracked 
| 251|0x000000008fb00000, 0x000000008fb00000, 0x000000008fc00000|  0%| F|  |TAMS 0x000000008fb00000, 0x000000008fb00000| Untracked 
| 252|0x000000008fc00000, 0x000000008fc00000, 0x000000008fd00000|  0%| F|  |TAMS 0x000000008fc00000, 0x000000008fc00000| Untracked 
| 253|0x000000008fd00000, 0x000000008fd00000, 0x000000008fe00000|  0%| F|  |TAMS 0x000000008fd00000, 0x000000008fd00000| Untracked 
| 254|0x000000008fe00000, 0x000000008fe00000, 0x000000008ff00000|  0%| F|  |TAMS 0x000000008fe00000, 0x000000008fe00000| Untracked 
| 255|0x000000008ff00000, 0x000000008ff00000, 0x0000000090000000|  0%| F|  |TAMS 0x000000008ff00000, 0x000000008ff00000| Untracked 
| 256|0x0000000090000000, 0x0000000090000000, 0x0000000090100000|  0%| F|  |TAMS 0x0000000090000000, 0x0000000090000000| Untracked 
| 257|0x0000000090100000, 0x0000000090100000, 0x0000000090200000|  0%| F|  |TAMS 0x0000000090100000, 0x0000000090100000| Untracked 
| 258|0x0000000090200000, 0x0000000090200000, 0x0000000090300000|  0%| F|  |TAMS 0x0000000090200000, 0x0000000090200000| Untracked 
| 259|0x0000000090300000, 0x0000000090300000, 0x0000000090400000|  0%| F|  |TAMS 0x0000000090300000, 0x0000000090300000| Untracked 
| 260|0x0000000090400000, 0x0000000090400000, 0x0000000090500000|  0%| F|  |TAMS 0x0000000090400000, 0x0000000090400000| Untracked 
| 261|0x0000000090500000, 0x0000000090500000, 0x0000000090600000|  0%| F|  |TAMS 0x0000000090500000, 0x0000000090500000| Untracked 
| 262|0x0000000090600000, 0x0000000090600000, 0x0000000090700000|  0%| F|  |TAMS 0x0000000090600000, 0x0000000090600000| Untracked 
| 263|0x0000000090700000, 0x0000000090700000, 0x0000000090800000|  0%| F|  |TAMS 0x0000000090700000, 0x0000000090700000| Untracked 
| 264|0x0000000090800000, 0x0000000090800000, 0x0000000090900000|  0%| F|  |TAMS 0x0000000090800000, 0x0000000090800000| Untracked 
| 265|0x0000000090900000, 0x0000000090900000, 0x0000000090a00000|  0%| F|  |TAMS 0x0000000090900000, 0x0000000090900000| Untracked 
| 266|0x0000000090a00000, 0x0000000090a00000, 0x0000000090b00000|  0%| F|  |TAMS 0x0000000090a00000, 0x0000000090a00000| Untracked 
| 267|0x0000000090b00000, 0x0000000090b00000, 0x0000000090c00000|  0%| F|  |TAMS 0x0000000090b00000, 0x0000000090b00000| Untracked 
| 268|0x0000000090c00000, 0x0000000090c00000, 0x0000000090d00000|  0%| F|  |TAMS 0x0000000090c00000, 0x0000000090c00000| Untracked 
| 269|0x0000000090d00000, 0x0000000090d00000, 0x0000000090e00000|  0%| F|  |TAMS 0x0000000090d00000, 0x0000000090d00000| Untracked 
| 270|0x0000000090e00000, 0x0000000090e00000, 0x0000000090f00000|  0%| F|  |TAMS 0x0000000090e00000, 0x0000000090e00000| Untracked 
| 271|0x0000000090f00000, 0x0000000090f00000, 0x0000000091000000|  0%| F|  |TAMS 0x0000000090f00000, 0x0000000090f00000| Untracked 
| 272|0x0000000091000000, 0x0000000091000000, 0x0000000091100000|  0%| F|  |TAMS 0x0000000091000000, 0x0000000091000000| Untracked 
| 273|0x0000000091100000, 0x0000000091100000, 0x0000000091200000|  0%| F|  |TAMS 0x0000000091100000, 0x0000000091100000| Untracked 
| 274|0x0000000091200000, 0x0000000091200000, 0x0000000091300000|  0%| F|  |TAMS 0x0000000091200000, 0x0000000091200000| Untracked 
| 275|0x0000000091300000, 0x0000000091300000, 0x0000000091400000|  0%| F|  |TAMS 0x0000000091300000, 0x0000000091300000| Untracked 
| 276|0x0000000091400000, 0x0000000091400000, 0x0000000091500000|  0%| F|  |TAMS 0x0000000091400000, 0x0000000091400000| Untracked 
| 277|0x0000000091500000, 0x0000000091500000, 0x0000000091600000|  0%| F|  |TAMS 0x0000000091500000, 0x0000000091500000| Untracked 
| 278|0x0000000091600000, 0x0000000091600000, 0x0000000091700000|  0%| F|  |TAMS 0x0000000091600000, 0x0000000091600000| Untracked 
| 279|0x0000000091700000, 0x0000000091700000, 0x0000000091800000|  0%| F|  |TAMS 0x0000000091700000, 0x0000000091700000| Untracked 
| 280|0x0000000091800000, 0x0000000091800000, 0x0000000091900000|  0%| F|  |TAMS 0x0000000091800000, 0x0000000091800000| Untracked 
| 281|0x0000000091900000, 0x0000000091900000, 0x0000000091a00000|  0%| F|  |TAMS 0x0000000091900000, 0x0000000091900000| Untracked 
| 282|0x0000000091a00000, 0x0000000091a00000, 0x0000000091b00000|  0%| F|  |TAMS 0x0000000091a00000, 0x0000000091a00000| Untracked 
| 283|0x0000000091b00000, 0x0000000091c00000, 0x0000000091c00000|100%| S|  |TAMS 0x0000000091b00000, 0x0000000091b00000| Complete 
| 284|0x0000000091c00000, 0x0000000091d00000, 0x0000000091d00000|100%| E|CS|TAMS 0x0000000091c00000, 0x0000000091c00000| Complete 
| 285|0x0000000091d00000, 0x0000000091e00000, 0x0000000091e00000|100%| E|CS|TAMS 0x0000000091d00000, 0x0000000091d00000| Complete 
| 286|0x0000000091e00000, 0x0000000091f00000, 0x0000000091f00000|100%| E|CS|TAMS 0x0000000091e00000, 0x0000000091e00000| Complete 

Card table byte_map: [0x0000024d13240000,0x0000024d13640000] _byte_map_base: 0x0000024d12e40000

Marking Bits (Prev, Next): (CMBitMap*) 0x0000024d7ef1b000, (CMBitMap*) 0x0000024d7ef1afc8
 Prev Bits: [0x0000024d15a40000, 0x0000024d17a40000)
 Next Bits: [0x0000024d13a40000, 0x0000024d15a40000)

Polling page: 0x0000024d00000000

Metaspace:

Usage:
  Non-class:    108.46 MB capacity,   105.70 MB ( 97%) used,     2.26 MB (  2%) free+waste,   515.00 KB ( <1%) overhead. 
      Class:     16.55 MB capacity,    14.93 MB ( 90%) used,     1.40 MB (  8%) free+waste,   226.88 KB (  1%) overhead. 
       Both:    125.01 MB capacity,   120.63 MB ( 96%) used,     3.66 MB (  3%) free+waste,   741.88 KB ( <1%) overhead. 

Virtual space:
  Non-class space:      110.00 MB reserved,     108.75 MB ( 99%) committed 
      Class space:        1.00 GB reserved,      16.75 MB (  2%) committed 
             Both:        1.11 GB reserved,     125.50 MB ( 11%) committed 

Chunk freelists:
   Non-Class:  293.00 KB
       Class:  142.00 KB
        Both:  435.00 KB

MaxMetaspaceSize: 17179869184.00 GB
CompressedClassSpaceSize: 1.00 GB

CodeHeap 'non-profiled nmethods': size=120064Kb used=18681Kb max_used=18681Kb free=101383Kb
 bounds [0x0000024d0b4f0000, 0x0000024d0c730000, 0x0000024d12a30000]
CodeHeap 'profiled nmethods': size=120000Kb used=49956Kb max_used=49956Kb free=70043Kb
 bounds [0x0000024d03fc0000, 0x0000024d070c0000, 0x0000024d0b4f0000]
CodeHeap 'non-nmethods': size=5696Kb used=2340Kb max_used=2381Kb free=3356Kb
 bounds [0x0000024d03a30000, 0x0000024d03ca0000, 0x0000024d03fc0000]
 total_blobs=24114 nmethods=23145 adapters=880
 compilation: enabled
              stopped_count=0, restarted_count=0
 full_count=0

Compilation events (20 events):
Event: 2120.734 Thread 0x0000024d1a699800 27042       2       com.sun.tools.javac.code.ClassFinder::scanPlatformPath (30 bytes)
Event: 2120.735 Thread 0x0000024d1a699800 nmethod 27042 0x0000024d070b0d10 code [0x0000024d070b0f80, 0x0000024d070b1538]
Event: 2120.735 Thread 0x0000024d1a699800 27043       2       com.sun.tools.javac.code.ClassFinder::scanUserPaths (543 bytes)
Event: 2120.739 Thread 0x0000024d1a699800 nmethod 27043 0x0000024d070b1990 code [0x0000024d070b1f20, 0x0000024d070b3c68]
Event: 2120.751 Thread 0x0000024d1a699800 27044       2       com.sun.tools.javac.code.Symbol$ClassSymbol::accept (9 bytes)
Event: 2120.752 Thread 0x0000024d1a699800 nmethod 27044 0x0000024d070b4e10 code [0x0000024d070b4fc0, 0x0000024d070b50e8]
Event: 2120.752 Thread 0x0000024d1a699800 27045       2       com.sun.tools.javac.processing.JavacProcessingEnvironment$ComputeAnnotationSet::visitType (10 bytes)
Event: 2120.752 Thread 0x0000024d1a699800 nmethod 27045 0x0000024d070b5190 code [0x0000024d070b5380, 0x0000024d070b5638]
Event: 2120.793 Thread 0x0000024d1a699800 27046       1       com.sun.tools.javac.comp.Modules::getDefaultModule (5 bytes)
Event: 2120.793 Thread 0x0000024d1a699800 nmethod 27046 0x0000024d0c726990 code [0x0000024d0c726b40, 0x0000024d0c726bf8]
Event: 2120.812 Thread 0x0000024d1a698000 nmethod 27014 0x0000024d0c726c90 code [0x0000024d0c7270c0, 0x0000024d0c72a7c8]
Event: 2120.812 Thread 0x0000024d1a698000 27033       4       com.sun.tools.javac.util.AbstractLog::getSource (50 bytes)
Event: 2120.813 Thread 0x0000024d1a699800 27048   !   2       com.sun.tools.javac.processing.JavacProcessingEnvironment$1::visitTopLevel (136 bytes)
Event: 2120.814 Thread 0x0000024d1a699800 nmethod 27048 0x0000024d070b5810 code [0x0000024d070b5a40, 0x0000024d070b6138]
Event: 2120.814 Thread 0x0000024d1a699800 27049       2       com.sun.tools.javac.tree.TreeScanner::visitPackageDef (17 bytes)
Event: 2120.815 Thread 0x0000024d1a699800 nmethod 27049 0x0000024d070b6510 code [0x0000024d070b66e0, 0x0000024d070b6838]
Event: 2120.822 Thread 0x0000024d1a699800 27051       2       com.sun.tools.javac.code.Symtab::listPackageModules (107 bytes)
Event: 2120.823 Thread 0x0000024d1a699800 nmethod 27051 0x0000024d070b6910 code [0x0000024d070b6ba0, 0x0000024d070b72b8]
Event: 2120.851 Thread 0x0000024d1a698000 nmethod 27033 0x0000024d0c72c710 code [0x0000024d0c72c940, 0x0000024d0c72dba0]
Event: 2120.851 Thread 0x0000024d1a698000 27040       4       com.sun.tools.javac.jvm.ClassReader$AnnotationDeproxy::deproxyCompound (115 bytes)

GC Heap History (20 events):
Event: 1764.359 GC heap after
{Heap after GC invocations=214 (full 0):
 garbage-first heap   total 244736K, used 141177K [0x0000000080000000, 0x0000000100000000)
  region size 1024K, 5 young (5120K), 5 survivors (5120K)
 Metaspace       used 110737K, capacity 114939K, committed 115072K, reserved 1148928K
  class space    used 13493K, capacity 14953K, committed 14976K, reserved 1048576K
}
Event: 1766.532 GC heap before
{Heap before GC invocations=215 (full 0):
 garbage-first heap   total 244736K, used 194425K [0x0000000080000000, 0x0000000100000000)
  region size 1024K, 57 young (58368K), 5 survivors (5120K)
 Metaspace       used 110760K, capacity 114939K, committed 115072K, reserved 1148928K
  class space    used 13493K, capacity 14953K, committed 14976K, reserved 1048576K
}
Event: 1766.582 GC heap after
{Heap after GC invocations=216 (full 0):
 garbage-first heap   total 293888K, used 143096K [0x0000000080000000, 0x0000000100000000)
  region size 1024K, 6 young (6144K), 6 survivors (6144K)
 Metaspace       used 110760K, capacity 114939K, committed 115072K, reserved 1148928K
  class space    used 13493K, capacity 14953K, committed 14976K, reserved 1048576K
}
Event: 1771.361 GC heap before
{Heap before GC invocations=216 (full 0):
 garbage-first heap   total 293888K, used 216824K [0x0000000080000000, 0x0000000100000000)
  region size 1024K, 79 young (80896K), 6 survivors (6144K)
 Metaspace       used 116114K, capacity 120430K, committed 120576K, reserved 1155072K
  class space    used 14262K, capacity 15809K, committed 15872K, reserved 1048576K
}
Event: 1771.395 GC heap after
{Heap after GC invocations=217 (full 0):
 garbage-first heap   total 293888K, used 146688K [0x0000000080000000, 0x0000000100000000)
  region size 1024K, 9 young (9216K), 9 survivors (9216K)
 Metaspace       used 116114K, capacity 120430K, committed 120576K, reserved 1155072K
  class space    used 14262K, capacity 15809K, committed 15872K, reserved 1048576K
}
Event: 1785.026 GC heap before
{Heap before GC invocations=218 (full 0):
 garbage-first heap   total 293888K, used 236800K [0x0000000080000000, 0x0000000100000000)
  region size 1024K, 98 young (100352K), 9 survivors (9216K)
 Metaspace       used 123437K, capacity 128104K, committed 128128K, reserved 1161216K
  class space    used 15339K, capacity 17022K, committed 17024K, reserved 1048576K
}
Event: 1785.103 GC heap after
{Heap after GC invocations=219 (full 0):
 garbage-first heap   total 293888K, used 153515K [0x0000000080000000, 0x0000000100000000)
  region size 1024K, 13 young (13312K), 13 survivors (13312K)
 Metaspace       used 123437K, capacity 128104K, committed 128128K, reserved 1161216K
  class space    used 15339K, capacity 17022K, committed 17024K, reserved 1048576K
}
Event: 1785.240 GC heap before
{Heap before GC invocations=219 (full 0):
 garbage-first heap   total 293888K, used 154539K [0x0000000080000000, 0x0000000100000000)
  region size 1024K, 14 young (14336K), 13 survivors (13312K)
 Metaspace       used 123448K, capacity 128105K, committed 128128K, reserved 1161216K
  class space    used 15340K, capacity 17022K, committed 17024K, reserved 1048576K
}
Event: 1785.284 GC heap after
{Heap after GC invocations=220 (full 0):
 garbage-first heap   total 293888K, used 145606K [0x0000000080000000, 0x0000000100000000)
  region size 1024K, 1 young (1024K), 1 survivors (1024K)
 Metaspace       used 123448K, capacity 128105K, committed 128128K, reserved 1161216K
  class space    used 15340K, capacity 17022K, committed 17024K, reserved 1048576K
}
Event: 1787.695 GC heap before
{Heap before GC invocations=220 (full 0):
 garbage-first heap   total 293888K, used 164038K [0x0000000080000000, 0x0000000100000000)
  region size 1024K, 21 young (21504K), 1 survivors (1024K)
 Metaspace       used 123525K, capacity 128191K, committed 128512K, reserved 1161216K
  class space    used 15349K, capacity 17063K, committed 17152K, reserved 1048576K
}
Event: 1787.725 GC heap after
{Heap after GC invocations=221 (full 0):
 garbage-first heap   total 293888K, used 145911K [0x0000000080000000, 0x0000000100000000)
  region size 1024K, 2 young (2048K), 2 survivors (2048K)
 Metaspace       used 123525K, capacity 128191K, committed 128512K, reserved 1161216K
  class space    used 15349K, capacity 17063K, committed 17152K, reserved 1048576K
}
Event: 2111.256 GC heap before
{Heap before GC invocations=222 (full 0):
 garbage-first heap   total 293888K, used 247287K [0x0000000080000000, 0x0000000100000000)
  region size 1024K, 90 young (92160K), 2 survivors (2048K)
 Metaspace       used 123441K, capacity 128043K, committed 128512K, reserved 1161216K
  class space    used 15329K, capacity 17028K, committed 17152K, reserved 1048576K
}
Event: 2111.297 GC heap after
{Heap after GC invocations=223 (full 0):
 garbage-first heap   total 293888K, used 148842K [0x0000000080000000, 0x0000000100000000)
  region size 1024K, 12 young (12288K), 12 survivors (12288K)
 Metaspace       used 123441K, capacity 128043K, committed 128512K, reserved 1161216K
  class space    used 15329K, capacity 17028K, committed 17152K, reserved 1048576K
}
Event: 2111.383 GC heap before
{Heap before GC invocations=223 (full 0):
 garbage-first heap   total 293888K, used 149866K [0x0000000080000000, 0x0000000100000000)
  region size 1024K, 14 young (14336K), 12 survivors (12288K)
 Metaspace       used 123443K, capacity 128043K, committed 128512K, reserved 1161216K
  class space    used 15329K, capacity 17028K, committed 17152K, reserved 1048576K
}
Event: 2111.418 GC heap after
{Heap after GC invocations=224 (full 0):
 garbage-first heap   total 293888K, used 132328K [0x0000000080000000, 0x0000000100000000)
  region size 1024K, 1 young (1024K), 1 survivors (1024K)
 Metaspace       used 123443K, capacity 128043K, committed 128512K, reserved 1161216K
  class space    used 15329K, capacity 17028K, committed 17152K, reserved 1048576K
}
Event: 2111.530 GC heap before
{Heap before GC invocations=224 (full 0):
 garbage-first heap   total 293888K, used 133352K [0x0000000080000000, 0x0000000100000000)
  region size 1024K, 3 young (3072K), 1 survivors (1024K)
 Metaspace       used 123443K, capacity 128043K, committed 128512K, reserved 1161216K
  class space    used 15329K, capacity 17028K, committed 17152K, reserved 1048576K
}
Event: 2111.547 GC heap after
{Heap after GC invocations=225 (full 0):
 garbage-first heap   total 293888K, used 132261K [0x0000000080000000, 0x0000000100000000)
  region size 1024K, 1 young (1024K), 1 survivors (1024K)
 Metaspace       used 123443K, capacity 128043K, committed 128512K, reserved 1161216K
  class space    used 15329K, capacity 17028K, committed 17152K, reserved 1048576K
}
Event: 2120.854 GC heap before
{Heap before GC invocations=226 (full 0):
 garbage-first heap   total 293888K, used 212133K [0x0000000080000000, 0x0000000100000000)
  region size 1024K, 81 young (82944K), 1 survivors (1024K)
 Metaspace       used 123526K, capacity 128013K, committed 128512K, reserved 1161216K
  class space    used 15290K, capacity 16946K, committed 17152K, reserved 1048576K
}
Event: 2120.904 GC heap after
{Heap after GC invocations=227 (full 0):
 garbage-first heap   total 293888K, used 141524K [0x0000000080000000, 0x0000000100000000)
  region size 1024K, 11 young (11264K), 11 survivors (11264K)
 Metaspace       used 123526K, capacity 128013K, committed 128512K, reserved 1161216K
  class space    used 15290K, capacity 16946K, committed 17152K, reserved 1048576K
}
Event: 2120.928 GC heap before
{Heap before GC invocations=227 (full 0):
 garbage-first heap   total 293888K, used 144596K [0x0000000080000000, 0x0000000100000000)
  region size 1024K, 14 young (14336K), 11 survivors (11264K)
 Metaspace       used 123526K, capacity 128013K, committed 128512K, reserved 1161216K
  class space    used 15290K, capacity 16946K, committed 17152K, reserved 1048576K
}

Deoptimization events (20 events):
Event: 2120.040 Thread 0x0000024d21384000 Uncommon trap: trap_request=0xffffffc6 fr.pc=0x0000024d0c4f64e8 relative=0x00000000000006c8
Event: 2120.040 Thread 0x0000024d21384000 Uncommon trap: reason=bimorphic_or_optimized_type_check action=maybe_recompile pc=0x0000024d0c4f64e8 method=com.sun.tools.javac.comp.Check.checkDeprecated(Lcom/sun/tools/javac/util/JCDiagnostic$DiagnosticPosition;Lcom/sun/tools/javac/code/Symbol;Lcom/sun/
Event: 2120.040 Thread 0x0000024d21384000 DEOPT PACKING pc=0x0000024d0c4f64e8 sp=0x0000007ce65f8770
Event: 2120.040 Thread 0x0000024d21384000 DEOPT UNPACKING pc=0x0000024d03a56ca9 sp=0x0000007ce65f8730 mode 2
Event: 2120.100 Thread 0x0000024d21384000 DEOPT PACKING pc=0x0000024d066ba25c sp=0x0000007ce65f8f40
Event: 2120.100 Thread 0x0000024d21384000 DEOPT UNPACKING pc=0x0000024d03a56abf sp=0x0000007ce65f83f0 mode 0
Event: 2120.488 Thread 0x0000024d21384000 DEOPT PACKING pc=0x0000024d0678993a sp=0x0000007ce65f92f0
Event: 2120.488 Thread 0x0000024d21384000 DEOPT UNPACKING pc=0x0000024d03a56abf sp=0x0000007ce65f87f8 mode 0
Event: 2120.597 Thread 0x0000024d21384000 DEOPT PACKING pc=0x0000024d0678a563 sp=0x0000007ce65f9370
Event: 2120.597 Thread 0x0000024d21384000 DEOPT UNPACKING pc=0x0000024d03a56abf sp=0x0000007ce65f8828 mode 0
Event: 2120.666 Thread 0x0000024d21384000 DEOPT PACKING pc=0x0000024d066efb18 sp=0x0000007ce65f9080
Event: 2120.666 Thread 0x0000024d21384000 DEOPT UNPACKING pc=0x0000024d03a56abf sp=0x0000007ce65f8550 mode 0
Event: 2120.729 Thread 0x0000024d21384000 Uncommon trap: trap_request=0xffffff4d fr.pc=0x0000024d0ba52540 relative=0x0000000000001300
Event: 2120.729 Thread 0x0000024d21384000 Uncommon trap: reason=unstable_if action=reinterpret pc=0x0000024d0ba52540 method=com.sun.tools.javac.code.Types.rank(Lcom/sun/tools/javac/code/Type;)I @ 80 c2
Event: 2120.729 Thread 0x0000024d21384000 DEOPT PACKING pc=0x0000024d0ba52540 sp=0x0000007ce65f8720
Event: 2120.729 Thread 0x0000024d21384000 DEOPT UNPACKING pc=0x0000024d03a56ca9 sp=0x0000007ce65f8678 mode 2
Event: 2120.729 Thread 0x0000024d21384000 Uncommon trap: trap_request=0xffffff4d fr.pc=0x0000024d0b5685dc relative=0x000000000000043c
Event: 2120.729 Thread 0x0000024d21384000 Uncommon trap: reason=unstable_if action=reinterpret pc=0x0000024d0b5685dc method=com.sun.tools.javac.code.Types.rank(Lcom/sun/tools/javac/code/Type;)I @ 80 c2
Event: 2120.729 Thread 0x0000024d21384000 DEOPT PACKING pc=0x0000024d0b5685dc sp=0x0000007ce65f8660
Event: 2120.729 Thread 0x0000024d21384000 DEOPT UNPACKING pc=0x0000024d03a56ca9 sp=0x0000007ce65f85f8 mode 2

Classes redefined (0 events):
No events

Internal exceptions (20 events):
Event: 1774.139 Thread 0x0000024d1e9e4800 Exception <a 'sun/nio/fs/WindowsException'{0x000000008fed46d8}> (0x000000008fed46d8) thrown at [./src/hotspot/share/prims/jni.cpp, line 615]
Event: 1774.143 Thread 0x0000024d1e9e4800 Exception <a 'sun/nio/fs/WindowsException'{0x000000008fedc270}> (0x000000008fedc270) thrown at [./src/hotspot/share/prims/jni.cpp, line 615]
Event: 1774.157 Thread 0x0000024d1e9e4800 Exception <a 'sun/nio/fs/WindowsException'{0x000000008fef2920}> (0x000000008fef2920) thrown at [./src/hotspot/share/prims/jni.cpp, line 615]
Event: 1774.161 Thread 0x0000024d1e9e4800 Exception <a 'sun/nio/fs/WindowsException'{0x000000008fefac80}> (0x000000008fefac80) thrown at [./src/hotspot/share/prims/jni.cpp, line 615]
Event: 1774.164 Thread 0x0000024d1e9e4800 Exception <a 'sun/nio/fs/WindowsException'{0x000000008fcc36d0}> (0x000000008fcc36d0) thrown at [./src/hotspot/share/prims/jni.cpp, line 615]
Event: 1774.172 Thread 0x0000024d1e9e4800 Exception <a 'sun/nio/fs/WindowsException'{0x000000008fcd0160}> (0x000000008fcd0160) thrown at [./src/hotspot/share/prims/jni.cpp, line 615]
Event: 1783.482 Thread 0x0000024d1e9e4800 Exception <a 'sun/nio/fs/WindowsException'{0x000000008ee8a7a8}> (0x000000008ee8a7a8) thrown at [./src/hotspot/share/prims/jni.cpp, line 615]
Event: 1784.926 Thread 0x0000024d1e9e4800 Implicit null exception at 0x0000024d0c6391da to 0x0000024d0c6399f8
Event: 1785.141 Thread 0x0000024d1e9e4800 Exception <a 'sun/nio/fs/WindowsException'{0x0000000091e6ae58}> (0x0000000091e6ae58) thrown at [./src/hotspot/share/prims/jni.cpp, line 615]
Event: 2104.774 Thread 0x0000024d21379800 Exception <a 'sun/nio/fs/WindowsException'{0x000000008ff1d058}> (0x000000008ff1d058) thrown at [./src/hotspot/share/prims/jni.cpp, line 615]
Event: 2104.855 Thread 0x0000024d21379800 Exception <a 'java/lang/NoClassDefFoundError'{0x000000008fc28480}: org/jetbrains/kotlin/gradle/plugin/KotlinBasePluginWrapper> (0x000000008fc28480) thrown at [./src/hotspot/share/oops/constantPool.cpp, line 775]
Event: 2104.918 Thread 0x0000024d21379800 Exception <a 'sun/nio/fs/WindowsException'{0x000000008fa82760}> (0x000000008fa82760) thrown at [./src/hotspot/share/prims/jni.cpp, line 615]
Event: 2104.978 Thread 0x0000024d21379800 Exception <a 'sun/nio/fs/WindowsException'{0x000000008f9243b8}> (0x000000008f9243b8) thrown at [./src/hotspot/share/prims/jni.cpp, line 615]
Event: 2104.978 Thread 0x0000024d21379800 Exception <a 'sun/nio/fs/WindowsException'{0x000000008f925370}> (0x000000008f925370) thrown at [./src/hotspot/share/prims/jni.cpp, line 615]
Event: 2104.978 Thread 0x0000024d21379800 Exception <a 'sun/nio/fs/WindowsException'{0x000000008f9265d8}> (0x000000008f9265d8) thrown at [./src/hotspot/share/prims/jni.cpp, line 615]
Event: 2104.978 Thread 0x0000024d21379800 Exception <a 'sun/nio/fs/WindowsException'{0x000000008f9275e0}> (0x000000008f9275e0) thrown at [./src/hotspot/share/prims/jni.cpp, line 615]
Event: 2105.065 Thread 0x0000024d21384000 Implicit null exception at 0x0000024d0c648198 to 0x0000024d0c648684
Event: 2110.061 Thread 0x0000024d21384000 Implicit null exception at 0x0000024d0c4d1219 to 0x0000024d0c4d138c
Event: 2111.497 Thread 0x0000024d21384000 Exception <a 'sun/nio/fs/WindowsException'{0x0000000091d0fd58}> (0x0000000091d0fd58) thrown at [./src/hotspot/share/prims/jni.cpp, line 615]
Event: 2111.498 Thread 0x0000024d21384000 Exception <a 'sun/nio/fs/WindowsException'{0x0000000091d0fe60}> (0x0000000091d0fe60) thrown at [./src/hotspot/share/prims/jni.cpp, line 615]

Events (20 events):
Event: 2120.802 loading class com/bumptech/glide/repackaged/com/google/common/collect/SingletonImmutableSet done
Event: 2120.803 loading class com/bumptech/glide/repackaged/com/google/common/collect/RegularImmutableSet
Event: 2120.803 loading class com/bumptech/glide/repackaged/com/google/common/collect/RegularImmutableSet done
Event: 2120.803 loading class com/bumptech/glide/repackaged/com/google/common/collect/ObjectArrays
Event: 2120.803 loading class com/bumptech/glide/repackaged/com/google/common/collect/ObjectArrays done
Event: 2120.804 loading class com/bumptech/glide/repackaged/com/google/common/collect/Hashing
Event: 2120.804 loading class com/bumptech/glide/repackaged/com/google/common/collect/Hashing done
Event: 2120.805 loading class com/bumptech/glide/annotation/compiler/ExtensionProcessor
Event: 2120.805 loading class com/bumptech/glide/annotation/compiler/ExtensionProcessor done
Event: 2120.806 loading class com/bumptech/glide/annotation/compiler/GlideExtensionValidator
Event: 2120.806 loading class com/bumptech/glide/annotation/compiler/GlideExtensionValidator done
Event: 2120.807 loading class com/bumptech/glide/annotation/GlideModule
Event: 2120.807 loading class com/bumptech/glide/annotation/GlideModule done
Event: 2120.809 loading class com/bumptech/glide/annotation/GlideExtension
Event: 2120.809 loading class com/bumptech/glide/annotation/GlideExtension done
Event: 2120.810 Executing VM operation: ICBufferFull
Event: 2120.811 Executing VM operation: ICBufferFull done
Event: 2120.854 Executing VM operation: G1CollectForAllocation
Event: 2120.904 Executing VM operation: G1CollectForAllocation done
Event: 2120.928 Executing VM operation: G1CollectForAllocation


Dynamic libraries:
0x00007ff7447d0000 - 0x00007ff7447da000 	C:\Program Files\Android\Android Studio\jre\bin\java.exe
0x00007ffc12190000 - 0x00007ffc12385000 	C:\Windows\SYSTEM32\ntdll.dll
0x00007ffc11dd0000 - 0x00007ffc11e8d000 	C:\Windows\System32\KERNEL32.DLL
0x00007ffc0f9d0000 - 0x00007ffc0fc98000 	C:\Windows\System32\KERNELBASE.dll
0x00007ffc0f8d0000 - 0x00007ffc0f9d0000 	C:\Windows\System32\ucrtbase.dll
0x00007ffbfb6d0000 - 0x00007ffbfb6e9000 	C:\Program Files\Android\Android Studio\jre\bin\jli.dll
0x00007ffbfaf00000 - 0x00007ffbfaf17000 	C:\Program Files\Android\Android Studio\jre\bin\VCRUNTIME140.dll
0x00007ffc10be0000 - 0x00007ffc10d80000 	C:\Windows\System32\USER32.dll
0x00007ffc10120000 - 0x00007ffc10142000 	C:\Windows\System32\win32u.dll
0x00007ffc0ef90000 - 0x00007ffc0f22a000 	C:\Windows\WinSxS\amd64_microsoft.windows.common-controls_6595b64144ccf1df_6.0.19041.844_none_ca00b6081b84eb1d\COMCTL32.dll
0x00007ffc10950000 - 0x00007ffc1097a000 	C:\Windows\System32\GDI32.dll
0x00007ffc0ff10000 - 0x00007ffc1001b000 	C:\Windows\System32\gdi32full.dll
0x00007ffc11390000 - 0x00007ffc1142e000 	C:\Windows\System32\msvcrt.dll
0x00007ffc10150000 - 0x00007ffc101ed000 	C:\Windows\System32\msvcp_win.dll
0x00007ffc114e0000 - 0x00007ffc11510000 	C:\Windows\System32\IMM32.DLL
0x00007ffbcb2e0000 - 0x00007ffbcb37d000 	C:\Program Files\Android\Android Studio\jre\bin\msvcp140.dll
0x00007ffbdbc90000 - 0x00007ffbdc75f000 	C:\Program Files\Android\Android Studio\jre\bin\server\jvm.dll
0x00007ffc11520000 - 0x00007ffc115cc000 	C:\Windows\System32\ADVAPI32.dll
0x00007ffc120b0000 - 0x00007ffc1214b000 	C:\Windows\System32\sechost.dll
0x00007ffc10980000 - 0x00007ffc10aab000 	C:\Windows\System32\RPCRT4.dll
0x00007ffc10d80000 - 0x00007ffc10d88000 	C:\Windows\System32\PSAPI.DLL
0x00007ffbf7130000 - 0x00007ffbf7157000 	C:\Windows\SYSTEM32\WINMM.dll
0x00007ffc09e00000 - 0x00007ffc09e09000 	C:\Windows\SYSTEM32\WSOCK32.dll
0x00007ffc12040000 - 0x00007ffc120ab000 	C:\Windows\System32\WS2_32.dll
0x00007ffc0a7c0000 - 0x00007ffc0a7ca000 	C:\Windows\SYSTEM32\VERSION.dll
0x00007ffc0d1c0000 - 0x00007ffc0d1d2000 	C:\Windows\SYSTEM32\kernel.appcore.dll
0x00007ffbe3480000 - 0x00007ffbe3491000 	C:\Program Files\Android\Android Studio\jre\bin\verify.dll
0x00007ffc0f350000 - 0x00007ffc0f534000 	C:\Windows\SYSTEM32\DBGHELP.DLL
0x00007ffc0f250000 - 0x00007ffc0f27c000 	C:\Windows\SYSTEM32\dbgcore.DLL
0x00007ffc0fe60000 - 0x00007ffc0fee0000 	C:\Windows\System32\bcryptPrimitives.dll
0x00007ffbe18a0000 - 0x00007ffbe18c9000 	C:\Program Files\Android\Android Studio\jre\bin\java.dll
0x00007ffc09df0000 - 0x00007ffc09dfb000 	C:\Program Files\Android\Android Studio\jre\bin\jimage.dll
0x00007ffbe1880000 - 0x00007ffbe1898000 	C:\Program Files\Android\Android Studio\jre\bin\zip.dll
0x00007ffc101f0000 - 0x00007ffc10932000 	C:\Windows\System32\SHELL32.dll
0x00007ffc0d3c0000 - 0x00007ffc0db51000 	C:\Windows\SYSTEM32\windows.storage.dll
0x00007ffc115d0000 - 0x00007ffc11925000 	C:\Windows\System32\combase.dll
0x00007ffc0ec30000 - 0x00007ffc0ec5c000 	C:\Windows\SYSTEM32\Wldp.dll
0x00007ffc11430000 - 0x00007ffc114de000 	C:\Windows\System32\SHCORE.dll
0x00007ffc11b60000 - 0x00007ffc11bb5000 	C:\Windows\System32\shlwapi.dll
0x00007ffc0f810000 - 0x00007ffc0f82f000 	C:\Windows\SYSTEM32\profapi.dll
0x00007ffbe1860000 - 0x00007ffbe187a000 	C:\Program Files\Android\Android Studio\jre\bin\net.dll
0x00007ffc06730000 - 0x00007ffc0683b000 	C:\Windows\SYSTEM32\WINHTTP.dll
0x00007ffc0e9c0000 - 0x00007ffc0ea2a000 	C:\Windows\system32\mswsock.dll
0x00007ffbe1840000 - 0x00007ffbe1854000 	C:\Program Files\Android\Android Studio\jre\bin\nio.dll
0x00007ffbfcb70000 - 0x00007ffbfcb97000 	C:\Users\Prasanth\.gradle\native\8bec1ad78214c89d9ad589b4d07fe93259594b29d510b10fafb7a158f7737e5d\windows-amd64\native-platform.dll
0x00007ffbf0960000 - 0x00007ffbf0a9d000 	C:\Users\Prasanth\.gradle\native\53dbd7edfb1c66fb8903c78663c9afc45aea4f116125fa6feffd364cf09443e8\windows-amd64\native-platform-file-events.dll
0x00007ffbed620000 - 0x00007ffbed62a000 	C:\Program Files\Android\Android Studio\jre\bin\management.dll
0x00007ffbea830000 - 0x00007ffbea83c000 	C:\Program Files\Android\Android Studio\jre\bin\management_ext.dll
0x00007ffc0f660000 - 0x00007ffc0f678000 	C:\Windows\SYSTEM32\CRYPTSP.dll
0x00007ffc0e320000 - 0x00007ffc0e354000 	C:\Windows\system32\rsaenh.dll
0x00007ffc0fee0000 - 0x00007ffc0ff07000 	C:\Windows\System32\bcrypt.dll
0x00007ffc0f790000 - 0x00007ffc0f7be000 	C:\Windows\SYSTEM32\USERENV.dll
0x00007ffc0eb90000 - 0x00007ffc0eb9c000 	C:\Windows\SYSTEM32\CRYPTBASE.dll
0x00007ffc0e6b0000 - 0x00007ffc0e6eb000 	C:\Windows\SYSTEM32\IPHLPAPI.DLL
0x00007ffc11510000 - 0x00007ffc11518000 	C:\Windows\System32\NSI.dll
0x00007ffc07580000 - 0x00007ffc07597000 	C:\Windows\SYSTEM32\dhcpcsvc6.DLL
0x00007ffc079c0000 - 0x00007ffc079dd000 	C:\Windows\SYSTEM32\dhcpcsvc.DLL
0x00007ffc0e6f0000 - 0x00007ffc0e7bc000 	C:\Windows\SYSTEM32\DNSAPI.dll
0x00007ffbe4590000 - 0x00007ffbe45b7000 	C:\Program Files\Android\Android Studio\jre\bin\sunec.dll

dbghelp: loaded successfully - version: 4.0.5 - missing functions: none
symbol engine: initialized successfully - sym options: 0x614 - pdb path: .;C:\Program Files\Android\Android Studio\jre\bin;C:\Windows\SYSTEM32;C:\Windows\WinSxS\amd64_microsoft.windows.common-controls_6595b64144ccf1df_6.0.19041.844_none_ca00b6081b84eb1d;C:\Program Files\Android\Android Studio\jre\bin\server;C:\Users\Prasanth\.gradle\native\8bec1ad78214c89d9ad589b4d07fe93259594b29d510b10fafb7a158f7737e5d\windows-amd64;C:\Users\Prasanth\.gradle\native\53dbd7edfb1c66fb8903c78663c9afc45aea4f116125fa6feffd364cf09443e8\windows-amd64

VM Arguments:
jvm_args: --add-opens=java.base/java.util=ALL-UNNAMED --add-opens=java.base/java.lang=ALL-UNNAMED --add-opens=java.base/java.lang.invoke=ALL-UNNAMED --add-opens=java.base/java.util=ALL-UNNAMED --add-opens=java.prefs/java.util.prefs=ALL-UNNAMED --add-opens=java.prefs/java.util.prefs=ALL-UNNAMED --add-opens=java.base/java.nio.charset=ALL-UNNAMED --add-opens=java.base/java.net=ALL-UNNAMED --add-opens=java.base/java.util.concurrent.atomic=ALL-UNNAMED -Xmx2048m -Dfile.encoding=windows-1252 -Duser.country=IN -Duser.language=en -Duser.variant 
java_command: org.gradle.launcher.daemon.bootstrap.GradleDaemon 7.0.2
java_class_path (initial): C:\Users\Prasanth\.gradle\wrapper\dists\gradle-7.0.2-bin\857tjihv64xamwrf0h14cai3r\gradle-7.0.2\lib\gradle-launcher-7.0.2.jar
Launcher Type: SUN_STANDARD

[Global flags]
     intx CICompilerCount                          = 2                                         {product} {ergonomic}
     uint ConcGCThreads                            = 1                                         {product} {ergonomic}
     uint G1ConcRefinementThreads                  = 2                                         {product} {ergonomic}
   size_t G1HeapRegionSize                         = 1048576                                   {product} {ergonomic}
    uintx GCDrainStackTargetSize                   = 64                                        {product} {ergonomic}
   size_t InitialHeapSize                          = 65011712                                  {product} {ergonomic}
   size_t MarkStackSize                            = 4194304                                   {product} {ergonomic}
   size_t MaxHeapSize                              = 2147483648                                {product} {command line}
   size_t MaxNewSize                               = 1287651328                                {product} {ergonomic}
   size_t MinHeapDeltaBytes                        = 1048576                                   {product} {ergonomic}
    uintx NonNMethodCodeHeapSize                   = 5825164                                {pd product} {ergonomic}
    uintx NonProfiledCodeHeapSize                  = 122916538                              {pd product} {ergonomic}
    uintx ProfiledCodeHeapSize                     = 122916538                              {pd product} {ergonomic}
    uintx ReservedCodeCacheSize                    = 251658240                              {pd product} {ergonomic}
     bool SegmentedCodeCache                       = true                                      {product} {ergonomic}
     bool UseCompressedClassPointers               = true                                 {lp64_product} {ergonomic}
     bool UseCompressedOops                        = true                                 {lp64_product} {ergonomic}
     bool UseG1GC                                  = true                                      {product} {ergonomic}
     bool UseLargePagesIndividualAllocation        = false                                  {pd product} {ergonomic}

Logging:
Log output configuration:
 #0: stdout all=warning uptime,level,tags
 #1: stderr all=off uptime,level,tags

Environment Variables:
PATH=C:\Windows\system32;C:\Windows;C:\Windows\System32\Wbem;C:\Windows\System32\WindowsPowerShell\v1.0\;C:\Windows\System32\OpenSSH\;C:\Users\Prasanth\AppData\Local\Microsoft\WindowsApps;
USERNAME=Prasanth
OS=Windows_NT
PROCESSOR_IDENTIFIER=Intel64 Family 6 Model 42 Stepping 7, GenuineIntel



---------------  S Y S T E M  ---------------

OS: Windows 10 , 64 bit Build 19041 (10.0.19041.928)
OS uptime: 0 days 10:10 hours

CPU:total 2 (initial active 2) (2 cores per cpu, 1 threads per core) family 6 model 42 stepping 7 microcode 0x2f, cmov, cx8, fxsr, mmx, sse, sse2, sse3, ssse3, sse4.1, sse4.2, popcnt, clmul, tsc, tscinvbit

Memory: 4k page, system-wide physical 3931M (298M free)
TotalPageFile size 6491M (AvailPageFile size 1498M)
current process WorkingSet (physical memory assigned to process): 545M, peak: 560M
current process commit charge ("private bytes"): 644M, peak: 648M

vm_info: OpenJDK 64-Bit Server VM (11.0.10+0-b96-7249189) for windows-amd64 JRE (11.0.10+0-b96-7249189), built on Mar 31 2021 21:44:00 by "builder" with MS VC++ 14.0 (VS2015)

END.
