#
# A fatal error has been detected by the Java Runtime Environment:
#
#  EXCEPTION_ACCESS_VIOLATION (0xc0000005) at pc=0x00007ff9a617a469, pid=5396, tid=7260
#
# JRE version: OpenJDK Runtime Environment (11.0.10) (build 11.0.10+0-b96-7249189)
# Java VM: OpenJDK 64-Bit Server VM (11.0.10+0-b96-7249189, mixed mode, tiered, compressed oops, g1 gc, windows-amd64)
# Problematic frame:
# V  [jvm.dll+0x2da469]
#
# No core dump will be written. Minidumps are not enabled by default on client versions of Windows
#
# If you would like to submit a bug report, please visit:
#   https://bugreport.java.com/bugreport/crash.jsp
#

---------------  S U M M A R Y ------------

Command Line: --add-opens=java.base/java.util=ALL-UNNAMED --add-opens=java.base/java.lang=ALL-UNNAMED --add-opens=java.base/java.lang.invoke=ALL-UNNAMED --add-opens=java.base/java.util=ALL-UNNAMED --add-opens=java.prefs/java.util.prefs=ALL-UNNAMED --add-opens=java.prefs/java.util.prefs=ALL-UNNAMED --add-opens=java.base/java.nio.charset=ALL-UNNAMED --add-opens=java.base/java.net=ALL-UNNAMED --add-opens=java.base/java.util.concurrent.atomic=ALL-UNNAMED -Xmx2048m -Dfile.encoding=windows-1252 -Duser.country=IN -Duser.language=en -Duser.variant org.gradle.launcher.daemon.bootstrap.GradleDaemon 7.0.2

Host: Intel(R) Pentium(R) CPU B950 @ 2.10GHz, 2 cores, 3G,  Windows 10 , 64 bit Build 19041 (10.0.19041.928)
Time: Sun Oct 17 00:09:28 2021 Pacific Daylight Time elapsed time: 5579.054203 seconds (0d 1h 32m 59s)

---------------  T H R E A D  ---------------

Current thread (0x0000020542498800):  ConcurrentGCThread "G1 Conc#0" [stack: 0x0000001f12900000,0x0000001f12a00000] [id=7260]

Stack: [0x0000001f12900000,0x0000001f12a00000],  sp=0x0000001f129ff410,  free space=1021k
Native frames: (J=compiled Java code, j=interpreted, Vv=VM code, C=native code)
V  [jvm.dll+0x2da469]
V  [jvm.dll+0x2da396]
V  [jvm.dll+0x2d1c8d]
V  [jvm.dll+0x2d1aa1]
V  [jvm.dll+0x2dffcf]
V  [jvm.dll+0x2e1d8b]
V  [jvm.dll+0x2e395b]
V  [jvm.dll+0x2e2579]
V  [jvm.dll+0x2e6b46]
V  [jvm.dll+0x748da0]
V  [jvm.dll+0x6e3d45]
V  [jvm.dll+0x5ebe96]
C  [ucrtbase.dll+0x21bb2]
C  [KERNEL32.DLL+0x17034]
C  [ntdll.dll+0x52651]


siginfo: EXCEPTION_ACCESS_VIOLATION (0xc0000005), reading address 0x0000000000000160


Register to memory mapping:

RIP=0x00007ff9a617a469 jvm.dll
RAX=0x0000020542476980 points into unknown readable memory: 0x0000000000000000 | 00 00 00 00 00 00 00 00
RBX=0x0000000000020000 is an unknown value
RCX=0x000002054248e380 points into unknown readable memory: 0x0000020542497000 | 00 70 49 42 05 02 00 00
RDX=0x0 is NULL
RSP=0x0000001f129ff410 points into unknown readable memory: 0x0000000100001a68 | 68 1a 00 00 01 00 00 00
RBP=0x000002054248e380 points into unknown readable memory: 0x0000020542497000 | 00 70 49 42 05 02 00 00
RSI=0x0000000100002308 is pointing into metadata
RDI=0x0000000000020000 is an unknown value
R8 =0x0 is NULL
R9 =0x0000000000020000 is an unknown value
R10=0x000002054248e380 points into unknown readable memory: 0x0000020542497000 | 00 70 49 42 05 02 00 00
R11=0x0000020559720000 points into unknown readable memory: 0x1102421220011021 | 21 10 01 20 12 42 02 11
R12=0x000000000000000c is an unknown value
R13=0x0000000100002070 is a pointer to class: 
java.lang.Class {0x0000000100002078}
R14=0x0 is NULL
R15=0x0000000100002310 is a pointer to class: 
java.lang.Cloneable {0x0000000100002318}


Registers:
RAX=0x0000020542476980, RBX=0x0000000000020000, RCX=0x000002054248e380, RDX=0x0000000000000000
RSP=0x0000001f129ff410, RBP=0x000002054248e380, RSI=0x0000000100002308, RDI=0x0000000000020000
R8 =0x0000000000000000, R9 =0x0000000000020000, R10=0x000002054248e380, R11=0x0000020559720000
R12=0x000000000000000c, R13=0x0000000100002070, R14=0x0000000000000000, R15=0x0000000100002310
RIP=0x00007ff9a617a469, EFLAGS=0x0000000000010202

Top of Stack: (sp=0x0000001f129ff410)
0x0000001f129ff410:   0000000100001a68 0000000080e99880
0x0000001f129ff420:   000002054249b560 0000001f129ff618
0x0000001f129ff430:   0000000080ec9470 00007ff9a617a396
0x0000001f129ff440:   0000000080e98a18 00007ff9a61721ed
0x0000001f129ff450:   000002054249b560 0000001f129ff618
0x0000001f129ff460:   0000000000000000 0000001f129ff4c0
0x0000001f129ff470:   0000000080ec94c0 00007ff9a6171c8d
0x0000001f129ff480:   000000000000000f 0000000080ec9480
0x0000001f129ff490:   0000000000000003 0000001f129ff618
0x0000001f129ff4a0:   0000020542498d01 aaaaaaaaaaaaaaab
0x0000001f129ff4b0:   0000001f129ff618 00007ff9a6171aa1
0x0000001f129ff4c0:   000000000000000f 0000000080ec9470
0x0000001f129ff4d0:   0000000100002070 0000001f129ff5f0
0x0000001f129ff4e0:   0000000080ec9470 00007ff9a617ffcf
0x0000001f129ff4f0:   000002054249b560 00000000001e0000
0x0000001f129ff500:   0000001f129ff5f0 0000000000000000 

Instructions: (pc=0x00007ff9a617a469)
0x00007ff9a617a369:   00 00 00 00 48 8b fa 4c 8b ca 49 8b 42 08 8b 53
0x00007ff9a617a379:   10 8b 88 c0 02 00 00 48 8b 80 b0 02 00 00 49 d3
0x00007ff9a617a389:   e8 49 8b ca 4e 8b 04 c0 e8 ba 00 00 00 84 c0 75
0x00007ff9a617a399:   0b 48 8b 5c 24 48 48 83 c4 30 5f c3 48 8b 43 20
0x00007ff9a617a3a9:   48 8b 88 d8 02 00 00 48 8b 83 98 00 00 00 48 85
0x00007ff9a617a3b9:   c0 74 0e 48 3b f8 72 0e 48 3b bb a0 00 00 00 72
0x00007ff9a617a3c9:   77 48 3b f9 73 72 80 3d c2 d1 71 00 00 74 15 8b
0x00007ff9a617a3d9:   47 08 8b 0d 37 47 6d 00 48 d3 e0 48 03 05 25 47
0x00007ff9a617a3e9:   6d 00 eb 04 48 8b 47 08 81 78 08 00 00 00 c0 72
0x00007ff9a617a3f9:   35 48 8b 83 b0 00 00 00 48 39 83 a8 00 00 00 73
0x00007ff9a617a409:   10 48 8b 83 c8 00 00 00 48 39 83 c0 00 00 00 72
0x00007ff9a617a419:   27 48 8b cb e8 0e a4 00 00 b0 01 48 8b 5c 24 48
0x00007ff9a617a429:   48 83 c4 30 5f c3 48 8d 54 24 40 48 89 7c 24 40
0x00007ff9a617a439:   48 8b cb e8 ff 18 00 00 b0 01 48 8b 5c 24 48 48
0x00007ff9a617a449:   83 c4 30 5f c3 cc cc 48 89 5c 24 18 48 89 6c 24
0x00007ff9a617a459:   20 41 56 48 83 ec 20 49 8b d9 44 8b f2 48 8b e9
0x00007ff9a617a469:   4d 3b 88 60 01 00 00 72 13 32 c0 48 8b 5c 24 40
0x00007ff9a617a479:   48 8b 6c 24 48 48 83 c4 20 41 5e c3 48 8b 81 90
0x00007ff9a617a489:   00 00 00 48 8b d3 48 89 74 24 30 48 2b 10 8b 48
0x00007ff9a617a499:   10 48 c1 ea 03 48 d3 ea 48 8d 48 18 e8 c6 38 e3
0x00007ff9a617a4a9:   ff 0f b6 f0 84 c0 74 6f 48 89 7c 24 38 48 8b 7c
0x00007ff9a617a4b9:   24 50 48 85 ff 75 2d 40 38 3d d1 d0 71 00 74 15
0x00007ff9a617a4c9:   8b 53 08 8b 0d 46 46 6d 00 48 d3 e2 48 03 15 34
0x00007ff9a617a4d9:   46 6d 00 eb 04 48 8b 53 08 48 8b cb e8 f6 24 eb
0x00007ff9a617a4e9:   ff 48 63 f8 48 8b 85 f0 02 00 00 8b 0d be d6 71
0x00007ff9a617a4f9:   00 4a 8b 14 f0 48 8b 42 18 48 8b 40 10 48 2b d8
0x00007ff9a617a509:   48 d3 eb 48 8d 4a 38 8b d3 e8 c9 e4 ff ff 48 01
0x00007ff9a617a519:   78 08 48 8b 7c 24 38 48 8b 5c 24 40 40 0f b6 c6
0x00007ff9a617a529:   48 8b 74 24 30 48 8b 6c 24 48 48 83 c4 20 41 5e
0x00007ff9a617a539:   c3 cc cc cc cc cc cc 4c 8b 81 b8 02 00 00 48 8b
0x00007ff9a617a549:   81 a8 02 00 00 8b 91 c0 02 00 00 49 03 c0 8b ca
0x00007ff9a617a559:   48 d3 e0 49 d3 e0 49 2b c0 48 83 e0 f8 c3 cc cc 


Stack slot to memory mapping:
stack at sp + 0 slots: 0x0000000100001a68 is pointing into metadata
stack at sp + 1 slots: 0x0000000080e99880 is an oop: [B 
{0x0000000080e99880} - klass: {type array byte}
 - length: 30
stack at sp + 2 slots: 0x000002054249b560 points into unknown readable memory: 0x00007ff9a66befa0 | a0 ef 6b a6 f9 7f 00 00
stack at sp + 3 slots: 0x0000001f129ff618 points into unknown readable memory: 0x00007ff9a66bef20 | 20 ef 6b a6 f9 7f 00 00
stack at sp + 4 slots: 0x0000000080ec9470 is an oop: java.lang.Class 
{0x0000000080ec9470} - klass: 'java/lang/Class'
stack at sp + 5 slots: 0x00007ff9a617a396 jvm.dll
stack at sp + 6 slots: 0x0000000080e98a18 is pointing into object: java.lang.String 
{0x0000000080e98a08} - klass: 'java/lang/String'
stack at sp + 7 slots: 0x00007ff9a61721ed jvm.dll


---------------  P R O C E S S  ---------------

Threads class SMR info:
_java_thread_list=0x000002055f41fe70, length=43, elements={
0x000002054244b800, 0x000002055dafc800, 0x000002055daff000, 0x000002055db61000,
0x000002055db62000, 0x000002055db64800, 0x000002055db67800, 0x000002055db6a800,
0x000002055e4f6800, 0x000002055e5e5000, 0x000002055fec6800, 0x0000020560869000,
0x000002055fb48800, 0x000002055f011800, 0x000002055f015800, 0x000002055f014000,
0x000002055f010000, 0x000002055f012800, 0x000002056130c000, 0x000002056130f800,
0x000002056130d000, 0x0000020561309800, 0x0000020561312800, 0x000002055e7c4000,
0x0000020561317800, 0x000002055e7c9000, 0x000002055e7c8000, 0x000002055e7c7000,
0x000002055e7c3000, 0x000002055e7c4800, 0x000002055e7cb800, 0x000002055e7c6800,
0x000002055e7c5800, 0x000002055e7cd800, 0x000002055e7d2000, 0x000002055e7cf800,
0x000002055e7ce800, 0x000002055e7d0000, 0x000002055e7cd000, 0x000002055e7d1000,
0x000002055e7cc000, 0x000002056130e000, 0x000002056130e800
}

Java Threads: ( => current thread )
  0x000002054244b800 JavaThread "main" [_thread_blocked, id=7248, stack(0x0000001f12600000,0x0000001f12700000)]
  0x000002055dafc800 JavaThread "Reference Handler" daemon [_thread_blocked, id=7276, stack(0x0000001f12d00000,0x0000001f12e00000)]
  0x000002055daff000 JavaThread "Finalizer" daemon [_thread_blocked, id=7280, stack(0x0000001f12e00000,0x0000001f12f00000)]
  0x000002055db61000 JavaThread "Signal Dispatcher" daemon [_thread_blocked, id=7284, stack(0x0000001f12f00000,0x0000001f13000000)]
  0x000002055db62000 JavaThread "Attach Listener" daemon [_thread_blocked, id=7288, stack(0x0000001f13000000,0x0000001f13100000)]
  0x000002055db64800 JavaThread "Service Thread" daemon [_thread_blocked, id=7292, stack(0x0000001f13100000,0x0000001f13200000)]
  0x000002055db67800 JavaThread "C2 CompilerThread0" daemon [_thread_blocked, id=7296, stack(0x0000001f13200000,0x0000001f13300000)]
  0x000002055db6a800 JavaThread "C1 CompilerThread0" daemon [_thread_blocked, id=7300, stack(0x0000001f13300000,0x0000001f13400000)]
  0x000002055e4f6800 JavaThread "Sweeper thread" daemon [_thread_blocked, id=7304, stack(0x0000001f13400000,0x0000001f13500000)]
  0x000002055e5e5000 JavaThread "Common-Cleaner" daemon [_thread_blocked, id=7308, stack(0x0000001f13500000,0x0000001f13600000)]
  0x000002055fec6800 JavaThread "Daemon health stats" [_thread_blocked, id=7424, stack(0x0000001f13900000,0x0000001f13a00000)]
  0x0000020560869000 JavaThread "Incoming local TCP Connector on port 50150" [_thread_in_native, id=7432, stack(0x0000001f13a00000,0x0000001f13b00000)]
  0x000002055fb48800 JavaThread "Daemon periodic checks" [_thread_blocked, id=7440, stack(0x0000001f13b00000,0x0000001f13c00000)]
  0x000002055f011800 JavaThread "Cache worker for file hash cache (C:\Users\Prasanth\.gradle\caches\7.0.2\fileHashes)" [_thread_blocked, id=7544, stack(0x0000001f14300000,0x0000001f14400000)]
  0x000002055f015800 JavaThread "File lock request listener" [_thread_in_native, id=7548, stack(0x0000001f14400000,0x0000001f14500000)]
  0x000002055f014000 JavaThread "Cache worker for journal cache (C:\Users\Prasanth\.gradle\caches\journal-1)" [_thread_blocked, id=7580, stack(0x0000001f14500000,0x0000001f14600000)]
  0x000002055f010000 JavaThread "File watcher server" daemon [_thread_in_native, id=7612, stack(0x0000001f14700000,0x0000001f14800000)]
  0x000002055f012800 JavaThread "File watcher consumer" daemon [_thread_blocked, id=7616, stack(0x0000001f14800000,0x0000001f14900000)]
  0x000002056130c000 JavaThread "Cache worker for execution history cache (C:\Users\Prasanth\.gradle\caches\7.0.2\executionHistory)" [_thread_blocked, id=7648, stack(0x0000001f14c00000,0x0000001f14d00000)]
  0x000002056130f800 JavaThread "jar transforms" [_thread_blocked, id=7716, stack(0x0000001f14d00000,0x0000001f14e00000)]
  0x000002056130d000 JavaThread "jar transforms Thread 2" [_thread_blocked, id=7724, stack(0x0000001f14e00000,0x0000001f14f00000)]
  0x0000020561309800 JavaThread "Cache worker for file content cache (C:\Users\Prasanth\.gradle\caches\7.0.2\fileContent)" [_thread_blocked, id=7728, stack(0x0000001f14f00000,0x0000001f15000000)]
  0x0000020561312800 JavaThread "Memory manager" [_thread_blocked, id=7836, stack(0x0000001f15500000,0x0000001f15600000)]
  0x000002055e7c4000 JavaThread "Cache worker for Java compile cache (C:\Users\Prasanth\.gradle\caches\7.0.2\javaCompile)" [_thread_blocked, id=4324, stack(0x0000001f13800000,0x0000001f13900000)]
  0x0000020561317800 JavaThread "ForkJoinPool.commonPool-worker-3" daemon [_thread_blocked, id=5596, stack(0x0000001f13f00000,0x0000001f14000000)]
  0x000002055e7c9000 JavaThread "Daemon Thread 7" [_thread_blocked, id=7876, stack(0x0000001f12400000,0x0000001f12500000)]
  0x000002055e7c8000 JavaThread "Handler for socket connection from /127.0.0.1:50150 to /127.0.0.1:55964" [_thread_in_native, id=7576, stack(0x0000001f12500000,0x0000001f12600000)]
  0x000002055e7c7000 JavaThread "Cancel handler" [_thread_blocked, id=2372, stack(0x0000001f13c00000,0x0000001f13d00000)]
  0x000002055e7c3000 JavaThread "Daemon worker Thread 7" [_thread_blocked, id=6776, stack(0x0000001f13d00000,0x0000001f13e00000)]
  0x000002055e7c4800 JavaThread "Asynchronous log dispatcher for DefaultDaemonConnection: socket connection from /127.0.0.1:50150 to /127.0.0.1:55964" [_thread_blocked, id=5488, stack(0x0000001f13e00000,0x0000001f13f00000)]
  0x000002055e7cb800 JavaThread "Stdin handler" [_thread_blocked, id=560, stack(0x0000001f14000000,0x0000001f14100000)]
  0x000002055e7c6800 JavaThread "Daemon client event forwarder" [_thread_blocked, id=7004, stack(0x0000001f14100000,0x0000001f14200000)]
  0x000002055e7c5800 JavaThread "Cache worker for file hash cache (C:\Users\Prasanth\AndroidStudioProjects\Skyblue\.gradle\7.0.2\fileHashes)" [_thread_blocked, id=6264, stack(0x0000001f14200000,0x0000001f14300000)]
  0x000002055e7cd800 JavaThread "Cache worker for checksums cache (C:\Users\Prasanth\AndroidStudioProjects\Skyblue\.gradle\checksums)" [_thread_blocked, id=7220, stack(0x0000001f14600000,0x0000001f14700000)]
  0x000002055e7d2000 JavaThread "Cache worker for cache directory md-supplier (C:\Users\Prasanth\.gradle\caches\7.0.2\md-supplier)" [_thread_blocked, id=5320, stack(0x0000001f14900000,0x0000001f14a00000)]
  0x000002055e7cf800 JavaThread "Cache worker for cache directory md-rule (C:\Users\Prasanth\.gradle\caches\7.0.2\md-rule)" [_thread_blocked, id=5896, stack(0x0000001f14a00000,0x0000001f14b00000)]
  0x000002055e7ce800 JavaThread "Cache worker for dependencies-accessors (C:\Users\Prasanth\AndroidStudioProjects\Skyblue\.gradle\7.0.2\dependencies-accessors)" [_thread_blocked, id=5100, stack(0x0000001f14b00000,0x0000001f14c00000)]
  0x000002055e7d0000 JavaThread "Cache worker for Build Output Cleanup Cache (C:\Users\Prasanth\AndroidStudioProjects\Skyblue\.gradle\buildOutputCleanup)" [_thread_blocked, id=4720, stack(0x0000001f15000000,0x0000001f15100000)]
  0x000002055e7cd000 JavaThread "Build operations" [_thread_blocked, id=764, stack(0x0000001f15100000,0x0000001f15200000)]
  0x000002055e7d1000 JavaThread "Build operations Thread 2" [_thread_blocked, id=4744, stack(0x0000001f15200000,0x0000001f15300000)]
  0x000002055e7cc000 JavaThread "build event listener" [_thread_blocked, id=1060, stack(0x0000001f15300000,0x0000001f15400000)]
  0x000002056130e000 JavaThread "Execution worker for ':'" [_thread_blocked, id=368, stack(0x0000001f15400000,0x0000001f15500000)]
  0x000002056130e800 JavaThread "Cache worker for execution history cache (C:\Users\Prasanth\AndroidStudioProjects\Skyblue\.gradle\7.0.2\executionHistory)" [_thread_blocked, id=5060, stack(0x0000001f15600000,0x0000001f15700000)]

Other Threads:
  0x000002055daf8000 VMThread "VM Thread" [stack: 0x0000001f12c00000,0x0000001f12d00000] [id=7272]
  0x000002055e62a800 WatcherThread [stack: 0x0000001f13600000,0x0000001f13700000] [id=7312]
  0x0000020542463800 GCTaskThread "GC Thread#0" [stack: 0x0000001f12700000,0x0000001f12800000] [id=7252]
  0x000002055e731000 GCTaskThread "GC Thread#1" [stack: 0x0000001f13700000,0x0000001f13800000] [id=7316]
  0x0000020542497000 ConcurrentGCThread "G1 Main Marker" [stack: 0x0000001f12800000,0x0000001f12900000] [id=7256]
=>0x0000020542498800 ConcurrentGCThread "G1 Conc#0" [stack: 0x0000001f12900000,0x0000001f12a00000] [id=7260]
  0x00000205424e9800 ConcurrentGCThread "G1 Refine#0" [stack: 0x0000001f12a00000,0x0000001f12b00000] [id=7264]
  0x00000205424ea800 ConcurrentGCThread "G1 Young RemSet Sampling" [stack: 0x0000001f12b00000,0x0000001f12c00000] [id=7268]

Threads with active compile tasks:

VM state:not at safepoint (normal execution)

VM Mutex/Monitor currently owned by a thread:  ([mutex/lock_event])
[0x0000020542448c90] Heap_lock - owner thread: 0x000002055e7c3000

Heap address: 0x0000000080000000, size: 2048 MB, Compressed Oops mode: 32-bit
Narrow klass base: 0x0000000000000000, Narrow klass shift: 3
Compressed class space size: 1073741824 Address: 0x0000000100000000

Heap:
 garbage-first heap   total 365568K, used 162506K [0x0000000080000000, 0x0000000100000000)
  region size 1024K, 17 young (17408K), 1 survivors (1024K)
 Metaspace       used 137336K, capacity 141384K, committed 141568K, reserved 1173504K
  class space    used 16646K, capacity 18101K, committed 18176K, reserved 1048576K
Heap Regions: E=young(eden), S=young(survivor), O=old, HS=humongous(starts), HC=humongous(continues), CS=collection set, F=free, A=archive, TAMS=top-at-mark-start (previous, next)
|   0|0x0000000080000000, 0x0000000080100000, 0x0000000080100000|100%| O|  |TAMS 0x0000000080100000, 0x0000000080100000| Untracked 
|   1|0x0000000080100000, 0x0000000080200000, 0x0000000080200000|100%| O|  |TAMS 0x0000000080200000, 0x0000000080200000| Untracked 
|   2|0x0000000080200000, 0x0000000080300000, 0x0000000080300000|100%| O|  |TAMS 0x0000000080300000, 0x0000000080300000| Untracked 
|   3|0x0000000080300000, 0x0000000080400000, 0x0000000080400000|100%| O|  |TAMS 0x0000000080400000, 0x0000000080400000| Untracked 
|   4|0x0000000080400000, 0x0000000080500000, 0x0000000080500000|100%|HS|  |TAMS 0x0000000080500000, 0x0000000080500000| Complete 
|   5|0x0000000080500000, 0x0000000080600000, 0x0000000080600000|100%|HC|  |TAMS 0x0000000080600000, 0x0000000080600000| Complete 
|   6|0x0000000080600000, 0x0000000080700000, 0x0000000080700000|100%|HC|  |TAMS 0x0000000080700000, 0x0000000080700000| Complete 
|   7|0x0000000080700000, 0x0000000080800000, 0x0000000080800000|100%| O|  |TAMS 0x0000000080800000, 0x0000000080800000| Untracked 
|   8|0x0000000080800000, 0x0000000080900000, 0x0000000080900000|100%| O|  |TAMS 0x0000000080900000, 0x0000000080900000| Untracked 
|   9|0x0000000080900000, 0x0000000080a00000, 0x0000000080a00000|100%| O|  |TAMS 0x0000000080a00000, 0x0000000080a00000| Untracked 
|  10|0x0000000080a00000, 0x0000000080b00000, 0x0000000080b00000|100%| O|  |TAMS 0x0000000080b00000, 0x0000000080b00000| Untracked 
|  11|0x0000000080b00000, 0x0000000080c00000, 0x0000000080c00000|100%| O|  |TAMS 0x0000000080c00000, 0x0000000080c00000| Untracked 
|  12|0x0000000080c00000, 0x0000000080d00000, 0x0000000080d00000|100%| O|  |TAMS 0x0000000080d00000, 0x0000000080d00000| Untracked 
|  13|0x0000000080d00000, 0x0000000080e00000, 0x0000000080e00000|100%| O|  |TAMS 0x0000000080e00000, 0x0000000080e00000| Untracked 
|  14|0x0000000080e00000, 0x0000000080f00000, 0x0000000080f00000|100%| O|  |TAMS 0x0000000080f00000, 0x0000000080f00000| Untracked 
|  15|0x0000000080f00000, 0x0000000081000000, 0x0000000081000000|100%| O|  |TAMS 0x0000000081000000, 0x0000000081000000| Untracked 
|  16|0x0000000081000000, 0x0000000081100000, 0x0000000081100000|100%| O|  |TAMS 0x0000000081100000, 0x0000000081100000| Untracked 
|  17|0x0000000081100000, 0x0000000081200000, 0x0000000081200000|100%| O|  |TAMS 0x0000000081200000, 0x0000000081200000| Untracked 
|  18|0x0000000081200000, 0x0000000081300000, 0x0000000081300000|100%| O|  |TAMS 0x0000000081300000, 0x0000000081300000| Untracked 
|  19|0x0000000081300000, 0x0000000081400000, 0x0000000081400000|100%| O|  |TAMS 0x0000000081400000, 0x0000000081400000| Untracked 
|  20|0x0000000081400000, 0x0000000081500000, 0x0000000081500000|100%| O|  |TAMS 0x0000000081500000, 0x0000000081500000| Untracked 
|  21|0x0000000081500000, 0x0000000081600000, 0x0000000081600000|100%| O|  |TAMS 0x0000000081600000, 0x0000000081600000| Untracked 
|  22|0x0000000081600000, 0x0000000081700000, 0x0000000081700000|100%| O|  |TAMS 0x0000000081700000, 0x0000000081700000| Untracked 
|  23|0x0000000081700000, 0x0000000081800000, 0x0000000081800000|100%| O|  |TAMS 0x0000000081800000, 0x0000000081800000| Untracked 
|  24|0x0000000081800000, 0x0000000081900000, 0x0000000081900000|100%| O|  |TAMS 0x0000000081900000, 0x0000000081900000| Untracked 
|  25|0x0000000081900000, 0x0000000081a00000, 0x0000000081a00000|100%| O|  |TAMS 0x0000000081a00000, 0x0000000081a00000| Untracked 
|  26|0x0000000081a00000, 0x0000000081b00000, 0x0000000081b00000|100%| O|  |TAMS 0x0000000081b00000, 0x0000000081b00000| Untracked 
|  27|0x0000000081b00000, 0x0000000081c00000, 0x0000000081c00000|100%| O|  |TAMS 0x0000000081c00000, 0x0000000081c00000| Untracked 
|  28|0x0000000081c00000, 0x0000000081d00000, 0x0000000081d00000|100%|HS|  |TAMS 0x0000000081d00000, 0x0000000081d00000| Complete 
|  29|0x0000000081d00000, 0x0000000081e00000, 0x0000000081e00000|100%|HS|  |TAMS 0x0000000081e00000, 0x0000000081e00000| Complete 
|  30|0x0000000081e00000, 0x0000000081f00000, 0x0000000081f00000|100%|HS|  |TAMS 0x0000000081f00000, 0x0000000081f00000| Complete 
|  31|0x0000000081f00000, 0x0000000082000000, 0x0000000082000000|100%|HC|  |TAMS 0x0000000082000000, 0x0000000082000000| Complete 
|  32|0x0000000082000000, 0x0000000082100000, 0x0000000082100000|100%| O|  |TAMS 0x0000000082100000, 0x0000000082100000| Untracked 
|  33|0x0000000082100000, 0x0000000082200000, 0x0000000082200000|100%| O|  |TAMS 0x0000000082200000, 0x0000000082200000| Untracked 
|  34|0x0000000082200000, 0x0000000082300000, 0x0000000082300000|100%| O|  |TAMS 0x0000000082300000, 0x0000000082300000| Untracked 
|  35|0x0000000082300000, 0x0000000082400000, 0x0000000082400000|100%| O|  |TAMS 0x0000000082400000, 0x0000000082400000| Untracked 
|  36|0x0000000082400000, 0x0000000082500000, 0x0000000082500000|100%| O|  |TAMS 0x0000000082500000, 0x0000000082500000| Untracked 
|  37|0x0000000082500000, 0x0000000082600000, 0x0000000082600000|100%| O|  |TAMS 0x0000000082600000, 0x0000000082600000| Untracked 
|  38|0x0000000082600000, 0x0000000082700000, 0x0000000082700000|100%| O|  |TAMS 0x0000000082700000, 0x0000000082700000| Untracked 
|  39|0x0000000082700000, 0x0000000082800000, 0x0000000082800000|100%| O|  |TAMS 0x0000000082800000, 0x0000000082800000| Untracked 
|  40|0x0000000082800000, 0x0000000082900000, 0x0000000082900000|100%| O|  |TAMS 0x0000000082900000, 0x0000000082900000| Untracked 
|  41|0x0000000082900000, 0x0000000082a00000, 0x0000000082a00000|100%| O|  |TAMS 0x0000000082a00000, 0x0000000082a00000| Untracked 
|  42|0x0000000082a00000, 0x0000000082b00000, 0x0000000082b00000|100%| O|  |TAMS 0x0000000082b00000, 0x0000000082b00000| Untracked 
|  43|0x0000000082b00000, 0x0000000082c00000, 0x0000000082c00000|100%| O|  |TAMS 0x0000000082c00000, 0x0000000082c00000| Untracked 
|  44|0x0000000082c00000, 0x0000000082d00000, 0x0000000082d00000|100%| O|  |TAMS 0x0000000082d00000, 0x0000000082d00000| Untracked 
|  45|0x0000000082d00000, 0x0000000082e00000, 0x0000000082e00000|100%| O|  |TAMS 0x0000000082e00000, 0x0000000082e00000| Untracked 
|  46|0x0000000082e00000, 0x0000000082f00000, 0x0000000082f00000|100%| O|  |TAMS 0x0000000082f00000, 0x0000000082f00000| Untracked 
|  47|0x0000000082f00000, 0x0000000083000000, 0x0000000083000000|100%| O|  |TAMS 0x0000000082f00000, 0x0000000083000000| Untracked 
|  48|0x0000000083000000, 0x0000000083100000, 0x0000000083100000|100%| O|  |TAMS 0x0000000083100000, 0x0000000083100000| Untracked 
|  49|0x0000000083100000, 0x0000000083200000, 0x0000000083200000|100%| O|  |TAMS 0x0000000083100000, 0x0000000083200000| Untracked 
|  50|0x0000000083200000, 0x0000000083300000, 0x0000000083300000|100%| O|  |TAMS 0x0000000083300000, 0x0000000083300000| Untracked 
|  51|0x0000000083300000, 0x0000000083400000, 0x0000000083400000|100%| O|  |TAMS 0x0000000083400000, 0x0000000083400000| Untracked 
|  52|0x0000000083400000, 0x0000000083500000, 0x0000000083500000|100%| O|  |TAMS 0x0000000083400000, 0x0000000083500000| Untracked 
|  53|0x0000000083500000, 0x0000000083600000, 0x0000000083600000|100%| O|  |TAMS 0x0000000083600000, 0x0000000083600000| Untracked 
|  54|0x0000000083600000, 0x0000000083600000, 0x0000000083700000|  0%| F|  |TAMS 0x0000000083600000, 0x0000000083600000| Untracked 
|  55|0x0000000083700000, 0x0000000083800000, 0x0000000083800000|100%| O|  |TAMS 0x0000000083800000, 0x0000000083800000| Untracked 
|  56|0x0000000083800000, 0x0000000083900000, 0x0000000083900000|100%| O|  |TAMS 0x0000000083900000, 0x0000000083900000| Untracked 
|  57|0x0000000083900000, 0x0000000083a00000, 0x0000000083a00000|100%| O|  |TAMS 0x0000000083a00000, 0x0000000083a00000| Untracked 
|  58|0x0000000083a00000, 0x0000000083b00000, 0x0000000083b00000|100%| O|  |TAMS 0x0000000083a00000, 0x0000000083b00000| Untracked 
|  59|0x0000000083b00000, 0x0000000083b00000, 0x0000000083c00000|  0%| F|  |TAMS 0x0000000083b00000, 0x0000000083b00000| Untracked 
|  60|0x0000000083c00000, 0x0000000083d00000, 0x0000000083d00000|100%| O|  |TAMS 0x0000000083d00000, 0x0000000083d00000| Untracked 
|  61|0x0000000083d00000, 0x0000000083e00000, 0x0000000083e00000|100%| O|  |TAMS 0x0000000083e00000, 0x0000000083e00000| Untracked 
|  62|0x0000000083e00000, 0x0000000083f00000, 0x0000000083f00000|100%| O|  |TAMS 0x0000000083f00000, 0x0000000083f00000| Untracked 
|  63|0x0000000083f00000, 0x0000000084000000, 0x0000000084000000|100%| O|  |TAMS 0x0000000084000000, 0x0000000084000000| Untracked 
|  64|0x0000000084000000, 0x0000000084100000, 0x0000000084100000|100%| O|  |TAMS 0x0000000084100000, 0x0000000084100000| Untracked 
|  65|0x0000000084100000, 0x0000000084200000, 0x0000000084200000|100%| O|  |TAMS 0x0000000084200000, 0x0000000084200000| Untracked 
|  66|0x0000000084200000, 0x0000000084300000, 0x0000000084300000|100%| O|  |TAMS 0x0000000084300000, 0x0000000084300000| Untracked 
|  67|0x0000000084300000, 0x0000000084400000, 0x0000000084400000|100%| O|  |TAMS 0x0000000084400000, 0x0000000084400000| Untracked 
|  68|0x0000000084400000, 0x0000000084500000, 0x0000000084500000|100%| O|  |TAMS 0x0000000084500000, 0x0000000084500000| Untracked 
|  69|0x0000000084500000, 0x0000000084600000, 0x0000000084600000|100%| O|  |TAMS 0x0000000084600000, 0x0000000084600000| Untracked 
|  70|0x0000000084600000, 0x0000000084700000, 0x0000000084700000|100%| O|  |TAMS 0x0000000084700000, 0x0000000084700000| Untracked 
|  71|0x0000000084700000, 0x0000000084700000, 0x0000000084800000|  0%| F|  |TAMS 0x0000000084700000, 0x0000000084700000| Untracked 
|  72|0x0000000084800000, 0x0000000084900000, 0x0000000084900000|100%| O|  |TAMS 0x0000000084900000, 0x0000000084900000| Untracked 
|  73|0x0000000084900000, 0x0000000084a00000, 0x0000000084a00000|100%| O|  |TAMS 0x0000000084a00000, 0x0000000084a00000| Untracked 
|  74|0x0000000084a00000, 0x0000000084b00000, 0x0000000084b00000|100%| O|  |TAMS 0x0000000084b00000, 0x0000000084b00000| Untracked 
|  75|0x0000000084b00000, 0x0000000084c00000, 0x0000000084c00000|100%| O|  |TAMS 0x0000000084c00000, 0x0000000084c00000| Untracked 
|  76|0x0000000084c00000, 0x0000000084d00000, 0x0000000084d00000|100%|HS|  |TAMS 0x0000000084c00000, 0x0000000084c00000| Complete 
|  77|0x0000000084d00000, 0x0000000084e00000, 0x0000000084e00000|100%|HC|  |TAMS 0x0000000084d00000, 0x0000000084d00000| Complete 
|  78|0x0000000084e00000, 0x0000000084e00000, 0x0000000084f00000|  0%| F|  |TAMS 0x0000000084e00000, 0x0000000084e00000| Untracked 
|  79|0x0000000084f00000, 0x0000000085000000, 0x0000000085000000|100%| O|  |TAMS 0x0000000085000000, 0x0000000085000000| Untracked 
|  80|0x0000000085000000, 0x0000000085100000, 0x0000000085100000|100%| O|  |TAMS 0x0000000085100000, 0x0000000085100000| Untracked 
|  81|0x0000000085100000, 0x0000000085200000, 0x0000000085200000|100%| O|  |TAMS 0x0000000085200000, 0x0000000085200000| Untracked 
|  82|0x0000000085200000, 0x0000000085300000, 0x0000000085300000|100%| O|  |TAMS 0x0000000085300000, 0x0000000085300000| Untracked 
|  83|0x0000000085300000, 0x0000000085300000, 0x0000000085400000|  0%| F|  |TAMS 0x0000000085300000, 0x0000000085300000| Untracked 
|  84|0x0000000085400000, 0x0000000085500000, 0x0000000085500000|100%| O|  |TAMS 0x0000000085500000, 0x0000000085500000| Untracked 
|  85|0x0000000085500000, 0x0000000085600000, 0x0000000085600000|100%| O|  |TAMS 0x0000000085600000, 0x0000000085600000| Untracked 
|  86|0x0000000085600000, 0x0000000085700000, 0x0000000085700000|100%| O|  |TAMS 0x0000000085600000, 0x0000000085700000| Untracked 
|  87|0x0000000085700000, 0x0000000085800000, 0x0000000085800000|100%| O|  |TAMS 0x0000000085800000, 0x0000000085800000| Untracked 
|  88|0x0000000085800000, 0x0000000085900000, 0x0000000085900000|100%| O|  |TAMS 0x0000000085900000, 0x0000000085900000| Untracked 
|  89|0x0000000085900000, 0x0000000085a00000, 0x0000000085a00000|100%| O|  |TAMS 0x0000000085a00000, 0x0000000085a00000| Untracked 
|  90|0x0000000085a00000, 0x0000000085b00000, 0x0000000085b00000|100%| O|  |TAMS 0x0000000085b00000, 0x0000000085b00000| Untracked 
|  91|0x0000000085b00000, 0x0000000085c00000, 0x0000000085c00000|100%| O|  |TAMS 0x0000000085c00000, 0x0000000085c00000| Untracked 
|  92|0x0000000085c00000, 0x0000000085d00000, 0x0000000085d00000|100%| O|  |TAMS 0x0000000085d00000, 0x0000000085d00000| Untracked 
|  93|0x0000000085d00000, 0x0000000085d00000, 0x0000000085e00000|  0%| F|  |TAMS 0x0000000085d00000, 0x0000000085d00000| Untracked 
|  94|0x0000000085e00000, 0x0000000085f00000, 0x0000000085f00000|100%| O|  |TAMS 0x0000000085f00000, 0x0000000085f00000| Untracked 
|  95|0x0000000085f00000, 0x0000000086000000, 0x0000000086000000|100%| O|  |TAMS 0x0000000085f00000, 0x0000000086000000| Untracked 
|  96|0x0000000086000000, 0x0000000086100000, 0x0000000086100000|100%| O|  |TAMS 0x0000000086100000, 0x0000000086100000| Untracked 
|  97|0x0000000086100000, 0x0000000086100000, 0x0000000086200000|  0%| F|  |TAMS 0x0000000086100000, 0x0000000086100000| Untracked 
|  98|0x0000000086200000, 0x0000000086300000, 0x0000000086300000|100%| O|  |TAMS 0x0000000086300000, 0x0000000086300000| Untracked 
|  99|0x0000000086300000, 0x0000000086400000, 0x0000000086400000|100%| O|  |TAMS 0x0000000086400000, 0x0000000086400000| Untracked 
| 100|0x0000000086400000, 0x0000000086500000, 0x0000000086500000|100%| O|  |TAMS 0x0000000086500000, 0x0000000086500000| Untracked 
| 101|0x0000000086500000, 0x0000000086600000, 0x0000000086600000|100%| O|  |TAMS 0x0000000086600000, 0x0000000086600000| Untracked 
| 102|0x0000000086600000, 0x0000000086700000, 0x0000000086700000|100%| O|  |TAMS 0x0000000086700000, 0x0000000086700000| Untracked 
| 103|0x0000000086700000, 0x0000000086800000, 0x0000000086800000|100%| O|  |TAMS 0x0000000086800000, 0x0000000086800000| Untracked 
| 104|0x0000000086800000, 0x0000000086900000, 0x0000000086900000|100%| O|  |TAMS 0x0000000086826000, 0x0000000086900000| Untracked 
| 105|0x0000000086900000, 0x0000000086a00000, 0x0000000086a00000|100%| O|  |TAMS 0x0000000086900000, 0x0000000086a00000| Untracked 
| 106|0x0000000086a00000, 0x0000000086b00000, 0x0000000086b00000|100%| O|  |TAMS 0x0000000086a00000, 0x0000000086b00000| Untracked 
| 107|0x0000000086b00000, 0x0000000086c00000, 0x0000000086c00000|100%| O|  |TAMS 0x0000000086c00000, 0x0000000086c00000| Untracked 
| 108|0x0000000086c00000, 0x0000000086d00000, 0x0000000086d00000|100%| O|  |TAMS 0x0000000086c00000, 0x0000000086d00000| Untracked 
| 109|0x0000000086d00000, 0x0000000086e00000, 0x0000000086e00000|100%| O|  |TAMS 0x0000000086e00000, 0x0000000086e00000| Untracked 
| 110|0x0000000086e00000, 0x0000000086f00000, 0x0000000086f00000|100%| O|  |TAMS 0x0000000086e00000, 0x0000000086f00000| Untracked 
| 111|0x0000000086f00000, 0x0000000087000000, 0x0000000087000000|100%| O|  |TAMS 0x0000000086f00000, 0x0000000087000000| Untracked 
| 112|0x0000000087000000, 0x0000000087100000, 0x0000000087100000|100%| O|  |TAMS 0x0000000087000000, 0x0000000087100000| Untracked 
| 113|0x0000000087100000, 0x0000000087200000, 0x0000000087200000|100%| O|  |TAMS 0x0000000087200000, 0x0000000087200000| Untracked 
| 114|0x0000000087200000, 0x0000000087300000, 0x0000000087300000|100%| O|  |TAMS 0x0000000087300000, 0x0000000087300000| Untracked 
| 115|0x0000000087300000, 0x0000000087300000, 0x0000000087400000|  0%| F|  |TAMS 0x0000000087300000, 0x0000000087300000| Untracked 
| 116|0x0000000087400000, 0x0000000087500000, 0x0000000087500000|100%| O|  |TAMS 0x0000000087500000, 0x0000000087500000| Untracked 
| 117|0x0000000087500000, 0x0000000087600000, 0x0000000087600000|100%| O|  |TAMS 0x0000000087600000, 0x0000000087600000| Untracked 
| 118|0x0000000087600000, 0x0000000087700000, 0x0000000087700000|100%| O|  |TAMS 0x0000000087700000, 0x0000000087700000| Untracked 
| 119|0x0000000087700000, 0x0000000087800000, 0x0000000087800000|100%|HS|  |TAMS 0x0000000087800000, 0x0000000087800000| Complete 
| 120|0x0000000087800000, 0x0000000087900000, 0x0000000087900000|100%|HC|  |TAMS 0x0000000087900000, 0x0000000087900000| Complete 
| 121|0x0000000087900000, 0x0000000087a00000, 0x0000000087a00000|100%|HS|  |TAMS 0x0000000087a00000, 0x0000000087a00000| Complete 
| 122|0x0000000087a00000, 0x0000000087b00000, 0x0000000087b00000|100%|HC|  |TAMS 0x0000000087b00000, 0x0000000087b00000| Complete 
| 123|0x0000000087b00000, 0x0000000087c00000, 0x0000000087c00000|100%|HC|  |TAMS 0x0000000087c00000, 0x0000000087c00000| Complete 
| 124|0x0000000087c00000, 0x0000000087d00000, 0x0000000087d00000|100%| O|  |TAMS 0x0000000087d00000, 0x0000000087d00000| Untracked 
| 125|0x0000000087d00000, 0x0000000087e00000, 0x0000000087e00000|100%| O|  |TAMS 0x0000000087e00000, 0x0000000087e00000| Untracked 
| 126|0x0000000087e00000, 0x0000000087f00000, 0x0000000087f00000|100%| O|  |TAMS 0x0000000087f00000, 0x0000000087f00000| Untracked 
| 127|0x0000000087f00000, 0x0000000088000000, 0x0000000088000000|100%| O|  |TAMS 0x0000000088000000, 0x0000000088000000| Untracked 
| 128|0x0000000088000000, 0x0000000088100000, 0x0000000088100000|100%|HS|  |TAMS 0x0000000088100000, 0x0000000088100000| Complete 
| 129|0x0000000088100000, 0x0000000088200000, 0x0000000088200000|100%|HC|  |TAMS 0x0000000088200000, 0x0000000088200000| Complete 
| 130|0x0000000088200000, 0x0000000088300000, 0x0000000088300000|100%|HC|  |TAMS 0x0000000088300000, 0x0000000088300000| Complete 
| 131|0x0000000088300000, 0x0000000088400000, 0x0000000088400000|100%|HC|  |TAMS 0x0000000088400000, 0x0000000088400000| Complete 
| 132|0x0000000088400000, 0x0000000088500000, 0x0000000088500000|100%|HC|  |TAMS 0x0000000088500000, 0x0000000088500000| Complete 
| 133|0x0000000088500000, 0x0000000088600000, 0x0000000088600000|100%| O|  |TAMS 0x0000000088600000, 0x0000000088600000| Untracked 
| 134|0x0000000088600000, 0x0000000088700000, 0x0000000088700000|100%| O|  |TAMS 0x0000000088700000, 0x0000000088700000| Untracked 
| 135|0x0000000088700000, 0x0000000088700000, 0x0000000088800000|  0%| F|  |TAMS 0x0000000088700000, 0x0000000088700000| Untracked 
| 136|0x0000000088800000, 0x0000000088900000, 0x0000000088900000|100%| O|  |TAMS 0x0000000088800000, 0x0000000088900000| Untracked 
| 137|0x0000000088900000, 0x0000000088a00000, 0x0000000088a00000|100%| O|  |TAMS 0x0000000088a00000, 0x0000000088a00000| Untracked 
| 138|0x0000000088a00000, 0x0000000088b00000, 0x0000000088b00000|100%|HS|  |TAMS 0x0000000088b00000, 0x0000000088b00000| Complete 
| 139|0x0000000088b00000, 0x0000000088c00000, 0x0000000088c00000|100%|HC|  |TAMS 0x0000000088c00000, 0x0000000088c00000| Complete 
| 140|0x0000000088c00000, 0x0000000088d00000, 0x0000000088d00000|100%|HC|  |TAMS 0x0000000088d00000, 0x0000000088d00000| Complete 
| 141|0x0000000088d00000, 0x0000000088e00000, 0x0000000088e00000|100%|HC|  |TAMS 0x0000000088e00000, 0x0000000088e00000| Complete 
| 142|0x0000000088e00000, 0x0000000088f00000, 0x0000000088f00000|100%|HC|  |TAMS 0x0000000088f00000, 0x0000000088f00000| Complete 
| 143|0x0000000088f00000, 0x0000000088f00000, 0x0000000089000000|  0%| F|  |TAMS 0x0000000088f00000, 0x0000000088f00000| Untracked 
| 144|0x0000000089000000, 0x0000000089100000, 0x0000000089100000|100%| O|  |TAMS 0x0000000089100000, 0x0000000089100000| Untracked 
| 145|0x0000000089100000, 0x0000000089200000, 0x0000000089200000|100%|HS|  |TAMS 0x0000000089200000, 0x0000000089200000| Complete 
| 146|0x0000000089200000, 0x0000000089300000, 0x0000000089300000|100%|HC|  |TAMS 0x0000000089300000, 0x0000000089300000| Complete 
| 147|0x0000000089300000, 0x0000000089400000, 0x0000000089400000|100%|HC|  |TAMS 0x0000000089400000, 0x0000000089400000| Complete 
| 148|0x0000000089400000, 0x0000000089500000, 0x0000000089500000|100%| O|  |TAMS 0x0000000089500000, 0x0000000089500000| Untracked 
| 149|0x0000000089500000, 0x0000000089500000, 0x0000000089600000|  0%| F|  |TAMS 0x0000000089500000, 0x0000000089500000| Untracked 
| 150|0x0000000089600000, 0x0000000089700000, 0x0000000089700000|100%| O|  |TAMS 0x0000000089700000, 0x0000000089700000| Untracked 
| 151|0x0000000089700000, 0x0000000089800000, 0x0000000089800000|100%| O|  |TAMS 0x0000000089800000, 0x0000000089800000| Untracked 
| 152|0x0000000089800000, 0x0000000089800000, 0x0000000089900000|  0%| F|  |TAMS 0x0000000089800000, 0x0000000089800000| Untracked 
| 153|0x0000000089900000, 0x0000000089900000, 0x0000000089a00000|  0%| F|  |TAMS 0x0000000089900000, 0x0000000089900000| Untracked 
| 154|0x0000000089a00000, 0x0000000089b00000, 0x0000000089b00000|100%| O|  |TAMS 0x0000000089b00000, 0x0000000089b00000| Untracked 
| 155|0x0000000089b00000, 0x0000000089c00000, 0x0000000089c00000|100%| O|  |TAMS 0x0000000089c00000, 0x0000000089c00000| Untracked 
| 156|0x0000000089c00000, 0x0000000089c00000, 0x0000000089d00000|  0%| F|  |TAMS 0x0000000089c00000, 0x0000000089c00000| Untracked 
| 157|0x0000000089d00000, 0x0000000089d00000, 0x0000000089e00000|  0%| F|  |TAMS 0x0000000089d00000, 0x0000000089d00000| Untracked 
| 158|0x0000000089e00000, 0x0000000089e00000, 0x0000000089f00000|  0%| F|  |TAMS 0x0000000089e00000, 0x0000000089e00000| Untracked 
| 159|0x0000000089f00000, 0x0000000089f00000, 0x000000008a000000|  0%| F|  |TAMS 0x0000000089f00000, 0x0000000089f00000| Untracked 
| 160|0x000000008a000000, 0x000000008a000000, 0x000000008a100000|  0%| F|  |TAMS 0x000000008a000000, 0x000000008a000000| Untracked 
| 161|0x000000008a100000, 0x000000008a100000, 0x000000008a200000|  0%| F|  |TAMS 0x000000008a100000, 0x000000008a100000| Untracked 
| 162|0x000000008a200000, 0x000000008a200000, 0x000000008a300000|  0%| F|  |TAMS 0x000000008a200000, 0x000000008a200000| Untracked 
| 163|0x000000008a300000, 0x000000008a300000, 0x000000008a400000|  0%| F|  |TAMS 0x000000008a300000, 0x000000008a300000| Untracked 
| 164|0x000000008a400000, 0x000000008a400000, 0x000000008a500000|  0%| F|  |TAMS 0x000000008a400000, 0x000000008a400000| Untracked 
| 165|0x000000008a500000, 0x000000008a500000, 0x000000008a600000|  0%| F|  |TAMS 0x000000008a500000, 0x000000008a500000| Untracked 
| 166|0x000000008a600000, 0x000000008a600000, 0x000000008a700000|  0%| F|  |TAMS 0x000000008a600000, 0x000000008a600000| Untracked 
| 167|0x000000008a700000, 0x000000008a700000, 0x000000008a800000|  0%| F|  |TAMS 0x000000008a700000, 0x000000008a700000| Untracked 
| 168|0x000000008a800000, 0x000000008a800000, 0x000000008a900000|  0%| F|  |TAMS 0x000000008a800000, 0x000000008a800000| Untracked 
| 169|0x000000008a900000, 0x000000008a900000, 0x000000008aa00000|  0%| F|  |TAMS 0x000000008a900000, 0x000000008a900000| Untracked 
| 170|0x000000008aa00000, 0x000000008aa00000, 0x000000008ab00000|  0%| F|  |TAMS 0x000000008aa00000, 0x000000008aa00000| Untracked 
| 171|0x000000008ab00000, 0x000000008ab00000, 0x000000008ac00000|  0%| F|  |TAMS 0x000000008ab00000, 0x000000008ab00000| Untracked 
| 172|0x000000008ac00000, 0x000000008ac00000, 0x000000008ad00000|  0%| F|  |TAMS 0x000000008ac00000, 0x000000008ac00000| Untracked 
| 173|0x000000008ad00000, 0x000000008ad00000, 0x000000008ae00000|  0%| F|  |TAMS 0x000000008ad00000, 0x000000008ad00000| Untracked 
| 174|0x000000008ae00000, 0x000000008ae00000, 0x000000008af00000|  0%| F|  |TAMS 0x000000008ae00000, 0x000000008ae00000| Untracked 
| 175|0x000000008af00000, 0x000000008af00000, 0x000000008b000000|  0%| F|  |TAMS 0x000000008af00000, 0x000000008af00000| Untracked 
| 176|0x000000008b000000, 0x000000008b000000, 0x000000008b100000|  0%| F|  |TAMS 0x000000008b000000, 0x000000008b000000| Untracked 
| 177|0x000000008b100000, 0x000000008b100000, 0x000000008b200000|  0%| F|  |TAMS 0x000000008b100000, 0x000000008b100000| Untracked 
| 178|0x000000008b200000, 0x000000008b200000, 0x000000008b300000|  0%| F|  |TAMS 0x000000008b200000, 0x000000008b200000| Untracked 
| 179|0x000000008b300000, 0x000000008b300000, 0x000000008b400000|  0%| F|  |TAMS 0x000000008b300000, 0x000000008b300000| Untracked 
| 180|0x000000008b400000, 0x000000008b400000, 0x000000008b500000|  0%| F|  |TAMS 0x000000008b400000, 0x000000008b400000| Untracked 
| 181|0x000000008b500000, 0x000000008b500000, 0x000000008b600000|  0%| F|  |TAMS 0x000000008b500000, 0x000000008b500000| Untracked 
| 182|0x000000008b600000, 0x000000008b600000, 0x000000008b700000|  0%| F|  |TAMS 0x000000008b600000, 0x000000008b600000| Untracked 
| 183|0x000000008b700000, 0x000000008b700000, 0x000000008b800000|  0%| F|  |TAMS 0x000000008b700000, 0x000000008b700000| Untracked 
| 184|0x000000008b800000, 0x000000008b800000, 0x000000008b900000|  0%| F|  |TAMS 0x000000008b800000, 0x000000008b800000| Untracked 
| 185|0x000000008b900000, 0x000000008b900000, 0x000000008ba00000|  0%| F|  |TAMS 0x000000008b900000, 0x000000008b900000| Untracked 
| 186|0x000000008ba00000, 0x000000008ba00000, 0x000000008bb00000|  0%| F|  |TAMS 0x000000008ba00000, 0x000000008ba00000| Untracked 
| 187|0x000000008bb00000, 0x000000008bb00000, 0x000000008bc00000|  0%| F|  |TAMS 0x000000008bb00000, 0x000000008bb00000| Untracked 
| 188|0x000000008bc00000, 0x000000008bc00000, 0x000000008bd00000|  0%| F|  |TAMS 0x000000008bc00000, 0x000000008bc00000| Untracked 
| 189|0x000000008bd00000, 0x000000008bd00000, 0x000000008be00000|  0%| F|  |TAMS 0x000000008bd00000, 0x000000008bd00000| Untracked 
| 190|0x000000008be00000, 0x000000008be00000, 0x000000008bf00000|  0%| F|  |TAMS 0x000000008be00000, 0x000000008be00000| Untracked 
| 191|0x000000008bf00000, 0x000000008bf00000, 0x000000008c000000|  0%| F|  |TAMS 0x000000008bf00000, 0x000000008bf00000| Untracked 
| 192|0x000000008c000000, 0x000000008c000000, 0x000000008c100000|  0%| F|  |TAMS 0x000000008c000000, 0x000000008c000000| Untracked 
| 193|0x000000008c100000, 0x000000008c100000, 0x000000008c200000|  0%| F|  |TAMS 0x000000008c100000, 0x000000008c100000| Untracked 
| 194|0x000000008c200000, 0x000000008c200000, 0x000000008c300000|  0%| F|  |TAMS 0x000000008c200000, 0x000000008c200000| Untracked 
| 195|0x000000008c300000, 0x000000008c300000, 0x000000008c400000|  0%| F|  |TAMS 0x000000008c300000, 0x000000008c300000| Untracked 
| 196|0x000000008c400000, 0x000000008c400000, 0x000000008c500000|  0%| F|  |TAMS 0x000000008c400000, 0x000000008c400000| Untracked 
| 197|0x000000008c500000, 0x000000008c500000, 0x000000008c600000|  0%| F|  |TAMS 0x000000008c500000, 0x000000008c500000| Untracked 
| 198|0x000000008c600000, 0x000000008c600000, 0x000000008c700000|  0%| F|  |TAMS 0x000000008c600000, 0x000000008c600000| Untracked 
| 199|0x000000008c700000, 0x000000008c700000, 0x000000008c800000|  0%| F|  |TAMS 0x000000008c700000, 0x000000008c700000| Untracked 
| 200|0x000000008c800000, 0x000000008c800000, 0x000000008c900000|  0%| F|  |TAMS 0x000000008c800000, 0x000000008c800000| Untracked 
| 201|0x000000008c900000, 0x000000008c900000, 0x000000008ca00000|  0%| F|  |TAMS 0x000000008c900000, 0x000000008c900000| Untracked 
| 202|0x000000008ca00000, 0x000000008ca00000, 0x000000008cb00000|  0%| F|  |TAMS 0x000000008ca00000, 0x000000008ca00000| Untracked 
| 203|0x000000008cb00000, 0x000000008cb00000, 0x000000008cc00000|  0%| F|  |TAMS 0x000000008cb00000, 0x000000008cb00000| Untracked 
| 204|0x000000008cc00000, 0x000000008cc00000, 0x000000008cd00000|  0%| F|  |TAMS 0x000000008cc00000, 0x000000008cc00000| Untracked 
| 205|0x000000008cd00000, 0x000000008cd00000, 0x000000008ce00000|  0%| F|  |TAMS 0x000000008cd00000, 0x000000008cd00000| Untracked 
| 206|0x000000008ce00000, 0x000000008ce00000, 0x000000008cf00000|  0%| F|  |TAMS 0x000000008ce00000, 0x000000008ce00000| Untracked 
| 207|0x000000008cf00000, 0x000000008cf00000, 0x000000008d000000|  0%| F|  |TAMS 0x000000008cf00000, 0x000000008cf00000| Untracked 
| 208|0x000000008d000000, 0x000000008d000000, 0x000000008d100000|  0%| F|  |TAMS 0x000000008d000000, 0x000000008d000000| Untracked 
| 209|0x000000008d100000, 0x000000008d100000, 0x000000008d200000|  0%| F|  |TAMS 0x000000008d100000, 0x000000008d100000| Untracked 
| 210|0x000000008d200000, 0x000000008d200000, 0x000000008d300000|  0%| F|  |TAMS 0x000000008d200000, 0x000000008d200000| Untracked 
| 211|0x000000008d300000, 0x000000008d300000, 0x000000008d400000|  0%| F|  |TAMS 0x000000008d300000, 0x000000008d300000| Untracked 
| 212|0x000000008d400000, 0x000000008d400000, 0x000000008d500000|  0%| F|  |TAMS 0x000000008d400000, 0x000000008d400000| Untracked 
| 213|0x000000008d500000, 0x000000008d500000, 0x000000008d600000|  0%| F|  |TAMS 0x000000008d500000, 0x000000008d500000| Untracked 
| 214|0x000000008d600000, 0x000000008d600000, 0x000000008d700000|  0%| F|  |TAMS 0x000000008d600000, 0x000000008d600000| Untracked 
| 215|0x000000008d700000, 0x000000008d700000, 0x000000008d800000|  0%| F|  |TAMS 0x000000008d700000, 0x000000008d700000| Untracked 
| 216|0x000000008d800000, 0x000000008d800000, 0x000000008d900000|  0%| F|  |TAMS 0x000000008d800000, 0x000000008d800000| Untracked 
| 217|0x000000008d900000, 0x000000008d900000, 0x000000008da00000|  0%| F|  |TAMS 0x000000008d900000, 0x000000008d900000| Untracked 
| 218|0x000000008da00000, 0x000000008da00000, 0x000000008db00000|  0%| F|  |TAMS 0x000000008da00000, 0x000000008da00000| Untracked 
| 219|0x000000008db00000, 0x000000008db00000, 0x000000008dc00000|  0%| F|  |TAMS 0x000000008db00000, 0x000000008db00000| Untracked 
| 220|0x000000008dc00000, 0x000000008dc00000, 0x000000008dd00000|  0%| F|  |TAMS 0x000000008dc00000, 0x000000008dc00000| Untracked 
| 221|0x000000008dd00000, 0x000000008dd00000, 0x000000008de00000|  0%| F|  |TAMS 0x000000008dd00000, 0x000000008dd00000| Untracked 
| 222|0x000000008de00000, 0x000000008de00000, 0x000000008df00000|  0%| F|  |TAMS 0x000000008de00000, 0x000000008de00000| Untracked 
| 223|0x000000008df00000, 0x000000008df00000, 0x000000008e000000|  0%| F|  |TAMS 0x000000008df00000, 0x000000008df00000| Untracked 
| 224|0x000000008e000000, 0x000000008e000000, 0x000000008e100000|  0%| F|  |TAMS 0x000000008e000000, 0x000000008e000000| Untracked 
| 225|0x000000008e100000, 0x000000008e100000, 0x000000008e200000|  0%| F|  |TAMS 0x000000008e100000, 0x000000008e100000| Untracked 
| 226|0x000000008e200000, 0x000000008e200000, 0x000000008e300000|  0%| F|  |TAMS 0x000000008e200000, 0x000000008e200000| Untracked 
| 227|0x000000008e300000, 0x000000008e300000, 0x000000008e400000|  0%| F|  |TAMS 0x000000008e300000, 0x000000008e300000| Untracked 
| 228|0x000000008e400000, 0x000000008e400000, 0x000000008e500000|  0%| F|  |TAMS 0x000000008e400000, 0x000000008e400000| Untracked 
| 229|0x000000008e500000, 0x000000008e500000, 0x000000008e600000|  0%| F|  |TAMS 0x000000008e500000, 0x000000008e500000| Untracked 
| 230|0x000000008e600000, 0x000000008e600000, 0x000000008e700000|  0%| F|  |TAMS 0x000000008e600000, 0x000000008e600000| Untracked 
| 231|0x000000008e700000, 0x000000008e700000, 0x000000008e800000|  0%| F|  |TAMS 0x000000008e700000, 0x000000008e700000| Untracked 
| 232|0x000000008e800000, 0x000000008e800000, 0x000000008e900000|  0%| F|  |TAMS 0x000000008e800000, 0x000000008e800000| Untracked 
| 233|0x000000008e900000, 0x000000008e900000, 0x000000008ea00000|  0%| F|  |TAMS 0x000000008e900000, 0x000000008e900000| Untracked 
| 234|0x000000008ea00000, 0x000000008ea00000, 0x000000008eb00000|  0%| F|  |TAMS 0x000000008ea00000, 0x000000008ea00000| Untracked 
| 235|0x000000008eb00000, 0x000000008eb00000, 0x000000008ec00000|  0%| F|  |TAMS 0x000000008eb00000, 0x000000008eb00000| Untracked 
| 236|0x000000008ec00000, 0x000000008ec00000, 0x000000008ed00000|  0%| F|  |TAMS 0x000000008ec00000, 0x000000008ec00000| Untracked 
| 237|0x000000008ed00000, 0x000000008ed00000, 0x000000008ee00000|  0%| F|  |TAMS 0x000000008ed00000, 0x000000008ed00000| Untracked 
| 238|0x000000008ee00000, 0x000000008ee00000, 0x000000008ef00000|  0%| F|  |TAMS 0x000000008ee00000, 0x000000008ee00000| Untracked 
| 239|0x000000008ef00000, 0x000000008ef00000, 0x000000008f000000|  0%| F|  |TAMS 0x000000008ef00000, 0x000000008ef00000| Untracked 
| 240|0x000000008f000000, 0x000000008f000000, 0x000000008f100000|  0%| F|  |TAMS 0x000000008f000000, 0x000000008f000000| Untracked 
| 241|0x000000008f100000, 0x000000008f100000, 0x000000008f200000|  0%| F|  |TAMS 0x000000008f100000, 0x000000008f100000| Untracked 
| 242|0x000000008f200000, 0x000000008f200000, 0x000000008f300000|  0%| F|  |TAMS 0x000000008f200000, 0x000000008f200000| Untracked 
| 243|0x000000008f300000, 0x000000008f300000, 0x000000008f400000|  0%| F|  |TAMS 0x000000008f300000, 0x000000008f300000| Untracked 
| 244|0x000000008f400000, 0x000000008f400000, 0x000000008f500000|  0%| F|  |TAMS 0x000000008f400000, 0x000000008f400000| Untracked 
| 245|0x000000008f500000, 0x000000008f500000, 0x000000008f600000|  0%| F|  |TAMS 0x000000008f500000, 0x000000008f500000| Untracked 
| 246|0x000000008f600000, 0x000000008f600000, 0x000000008f700000|  0%| F|  |TAMS 0x000000008f600000, 0x000000008f600000| Untracked 
| 247|0x000000008f700000, 0x000000008f700000, 0x000000008f800000|  0%| F|  |TAMS 0x000000008f700000, 0x000000008f700000| Untracked 
| 248|0x000000008f800000, 0x000000008f800000, 0x000000008f900000|  0%| F|  |TAMS 0x000000008f800000, 0x000000008f800000| Untracked 
| 249|0x000000008f900000, 0x000000008f900000, 0x000000008fa00000|  0%| F|  |TAMS 0x000000008f900000, 0x000000008f900000| Untracked 
| 250|0x000000008fa00000, 0x000000008fa00000, 0x000000008fb00000|  0%| F|  |TAMS 0x000000008fa00000, 0x000000008fa00000| Untracked 
| 251|0x000000008fb00000, 0x000000008fb00000, 0x000000008fc00000|  0%| F|  |TAMS 0x000000008fb00000, 0x000000008fb00000| Untracked 
| 252|0x000000008fc00000, 0x000000008fc00000, 0x000000008fd00000|  0%| F|  |TAMS 0x000000008fc00000, 0x000000008fc00000| Untracked 
| 253|0x000000008fd00000, 0x000000008fd00000, 0x000000008fe00000|  0%| F|  |TAMS 0x000000008fd00000, 0x000000008fd00000| Untracked 
| 254|0x000000008fe00000, 0x000000008fe00000, 0x000000008ff00000|  0%| F|  |TAMS 0x000000008fe00000, 0x000000008fe00000| Untracked 
| 255|0x000000008ff00000, 0x000000008ff00000, 0x0000000090000000|  0%| F|  |TAMS 0x000000008ff00000, 0x000000008ff00000| Untracked 
| 256|0x0000000090000000, 0x0000000090000000, 0x0000000090100000|  0%| F|  |TAMS 0x0000000090000000, 0x0000000090000000| Untracked 
| 257|0x0000000090100000, 0x0000000090100000, 0x0000000090200000|  0%| F|  |TAMS 0x0000000090100000, 0x0000000090100000| Untracked 
| 258|0x0000000090200000, 0x0000000090200000, 0x0000000090300000|  0%| F|  |TAMS 0x0000000090200000, 0x0000000090200000| Untracked 
| 259|0x0000000090300000, 0x0000000090300000, 0x0000000090400000|  0%| F|  |TAMS 0x0000000090300000, 0x0000000090300000| Untracked 
| 260|0x0000000090400000, 0x0000000090400000, 0x0000000090500000|  0%| F|  |TAMS 0x0000000090400000, 0x0000000090400000| Untracked 
| 261|0x0000000090500000, 0x0000000090500000, 0x0000000090600000|  0%| F|  |TAMS 0x0000000090500000, 0x0000000090500000| Untracked 
| 262|0x0000000090600000, 0x0000000090600000, 0x0000000090700000|  0%| F|  |TAMS 0x0000000090600000, 0x0000000090600000| Untracked 
| 263|0x0000000090700000, 0x0000000090700000, 0x0000000090800000|  0%| F|  |TAMS 0x0000000090700000, 0x0000000090700000| Untracked 
| 264|0x0000000090800000, 0x0000000090800000, 0x0000000090900000|  0%| F|  |TAMS 0x0000000090800000, 0x0000000090800000| Untracked 
| 265|0x0000000090900000, 0x0000000090900000, 0x0000000090a00000|  0%| F|  |TAMS 0x0000000090900000, 0x0000000090900000| Untracked 
| 266|0x0000000090a00000, 0x0000000090a00000, 0x0000000090b00000|  0%| F|  |TAMS 0x0000000090a00000, 0x0000000090a00000| Untracked 
| 267|0x0000000090b00000, 0x0000000090b00000, 0x0000000090c00000|  0%| F|  |TAMS 0x0000000090b00000, 0x0000000090b00000| Untracked 
| 268|0x0000000090c00000, 0x0000000090c00000, 0x0000000090d00000|  0%| F|  |TAMS 0x0000000090c00000, 0x0000000090c00000| Untracked 
| 269|0x0000000090d00000, 0x0000000090d00000, 0x0000000090e00000|  0%| F|  |TAMS 0x0000000090d00000, 0x0000000090d00000| Untracked 
| 270|0x0000000090e00000, 0x0000000090e00000, 0x0000000090f00000|  0%| F|  |TAMS 0x0000000090e00000, 0x0000000090e00000| Untracked 
| 271|0x0000000090f00000, 0x0000000090f00000, 0x0000000091000000|  0%| F|  |TAMS 0x0000000090f00000, 0x0000000090f00000| Untracked 
| 272|0x0000000091000000, 0x0000000091000000, 0x0000000091100000|  0%| F|  |TAMS 0x0000000091000000, 0x0000000091000000| Untracked 
| 273|0x0000000091100000, 0x0000000091100000, 0x0000000091200000|  0%| F|  |TAMS 0x0000000091100000, 0x0000000091100000| Untracked 
| 274|0x0000000091200000, 0x0000000091200000, 0x0000000091300000|  0%| F|  |TAMS 0x0000000091200000, 0x0000000091200000| Untracked 
| 275|0x0000000091300000, 0x0000000091300000, 0x0000000091400000|  0%| F|  |TAMS 0x0000000091300000, 0x0000000091300000| Untracked 
| 276|0x0000000091400000, 0x0000000091400000, 0x0000000091500000|  0%| F|  |TAMS 0x0000000091400000, 0x0000000091400000| Untracked 
| 277|0x0000000091500000, 0x0000000091500000, 0x0000000091600000|  0%| F|  |TAMS 0x0000000091500000, 0x0000000091500000| Untracked 
| 278|0x0000000091600000, 0x0000000091600000, 0x0000000091700000|  0%| F|  |TAMS 0x0000000091600000, 0x0000000091600000| Untracked 
| 279|0x0000000091700000, 0x0000000091700000, 0x0000000091800000|  0%| F|  |TAMS 0x0000000091700000, 0x0000000091700000| Untracked 
| 280|0x0000000091800000, 0x0000000091800000, 0x0000000091900000|  0%| F|  |TAMS 0x0000000091800000, 0x0000000091800000| Untracked 
| 281|0x0000000091900000, 0x0000000091900000, 0x0000000091a00000|  0%| F|  |TAMS 0x0000000091900000, 0x0000000091900000| Untracked 
| 282|0x0000000091a00000, 0x0000000091a00000, 0x0000000091b00000|  0%| F|  |TAMS 0x0000000091a00000, 0x0000000091a00000| Untracked 
| 283|0x0000000091b00000, 0x0000000091b00000, 0x0000000091c00000|  0%| F|  |TAMS 0x0000000091b00000, 0x0000000091b00000| Untracked 
| 284|0x0000000091c00000, 0x0000000091c00000, 0x0000000091d00000|  0%| F|  |TAMS 0x0000000091c00000, 0x0000000091c00000| Untracked 
| 285|0x0000000091d00000, 0x0000000091d00000, 0x0000000091e00000|  0%| F|  |TAMS 0x0000000091d00000, 0x0000000091d00000| Untracked 
| 286|0x0000000091e00000, 0x0000000091e00000, 0x0000000091f00000|  0%| F|  |TAMS 0x0000000091e00000, 0x0000000091e00000| Untracked 
| 287|0x0000000091f00000, 0x0000000091f00000, 0x0000000092000000|  0%| F|  |TAMS 0x0000000091f00000, 0x0000000091f00000| Untracked 
| 288|0x0000000092000000, 0x0000000092000000, 0x0000000092100000|  0%| F|  |TAMS 0x0000000092000000, 0x0000000092000000| Untracked 
| 289|0x0000000092100000, 0x0000000092100000, 0x0000000092200000|  0%| F|  |TAMS 0x0000000092100000, 0x0000000092100000| Untracked 
| 290|0x0000000092200000, 0x0000000092200000, 0x0000000092300000|  0%| F|  |TAMS 0x0000000092200000, 0x0000000092200000| Untracked 
| 291|0x0000000092300000, 0x0000000092300000, 0x0000000092400000|  0%| F|  |TAMS 0x0000000092300000, 0x0000000092300000| Untracked 
| 292|0x0000000092400000, 0x0000000092400000, 0x0000000092500000|  0%| F|  |TAMS 0x0000000092400000, 0x0000000092400000| Untracked 
| 293|0x0000000092500000, 0x0000000092500000, 0x0000000092600000|  0%| F|  |TAMS 0x0000000092500000, 0x0000000092500000| Untracked 
| 294|0x0000000092600000, 0x0000000092600000, 0x0000000092700000|  0%| F|  |TAMS 0x0000000092600000, 0x0000000092600000| Untracked 
| 295|0x0000000092700000, 0x0000000092700000, 0x0000000092800000|  0%| F|  |TAMS 0x0000000092700000, 0x0000000092700000| Untracked 
| 296|0x0000000092800000, 0x0000000092800000, 0x0000000092900000|  0%| F|  |TAMS 0x0000000092800000, 0x0000000092800000| Untracked 
| 297|0x0000000092900000, 0x0000000092900000, 0x0000000092a00000|  0%| F|  |TAMS 0x0000000092900000, 0x0000000092900000| Untracked 
| 298|0x0000000092a00000, 0x0000000092a00000, 0x0000000092b00000|  0%| F|  |TAMS 0x0000000092a00000, 0x0000000092a00000| Untracked 
| 299|0x0000000092b00000, 0x0000000092b00000, 0x0000000092c00000|  0%| F|  |TAMS 0x0000000092b00000, 0x0000000092b00000| Untracked 
| 300|0x0000000092c00000, 0x0000000092c00000, 0x0000000092d00000|  0%| F|  |TAMS 0x0000000092c00000, 0x0000000092c00000| Untracked 
| 301|0x0000000092d00000, 0x0000000092d00000, 0x0000000092e00000|  0%| F|  |TAMS 0x0000000092d00000, 0x0000000092d00000| Untracked 
| 302|0x0000000092e00000, 0x0000000092e00000, 0x0000000092f00000|  0%| F|  |TAMS 0x0000000092e00000, 0x0000000092e00000| Untracked 
| 303|0x0000000092f00000, 0x0000000092f00000, 0x0000000093000000|  0%| F|  |TAMS 0x0000000092f00000, 0x0000000092f00000| Untracked 
| 304|0x0000000093000000, 0x0000000093000000, 0x0000000093100000|  0%| F|  |TAMS 0x0000000093000000, 0x0000000093000000| Untracked 
| 305|0x0000000093100000, 0x0000000093100000, 0x0000000093200000|  0%| F|  |TAMS 0x0000000093100000, 0x0000000093100000| Untracked 
| 306|0x0000000093200000, 0x0000000093200000, 0x0000000093300000|  0%| F|  |TAMS 0x0000000093200000, 0x0000000093200000| Untracked 
| 307|0x0000000093300000, 0x0000000093300000, 0x0000000093400000|  0%| F|  |TAMS 0x0000000093300000, 0x0000000093300000| Untracked 
| 308|0x0000000093400000, 0x0000000093400000, 0x0000000093500000|  0%| F|  |TAMS 0x0000000093400000, 0x0000000093400000| Untracked 
| 309|0x0000000093500000, 0x0000000093500000, 0x0000000093600000|  0%| F|  |TAMS 0x0000000093500000, 0x0000000093500000| Untracked 
| 310|0x0000000093600000, 0x0000000093600000, 0x0000000093700000|  0%| F|  |TAMS 0x0000000093600000, 0x0000000093600000| Untracked 
| 311|0x0000000093700000, 0x0000000093700000, 0x0000000093800000|  0%| F|  |TAMS 0x0000000093700000, 0x0000000093700000| Untracked 
| 312|0x0000000093800000, 0x0000000093800000, 0x0000000093900000|  0%| F|  |TAMS 0x0000000093800000, 0x0000000093800000| Untracked 
| 313|0x0000000093900000, 0x0000000093900000, 0x0000000093a00000|  0%| F|  |TAMS 0x0000000093900000, 0x0000000093900000| Untracked 
| 314|0x0000000093a00000, 0x0000000093a00000, 0x0000000093b00000|  0%| F|  |TAMS 0x0000000093a00000, 0x0000000093a00000| Untracked 
| 315|0x0000000093b00000, 0x0000000093b00000, 0x0000000093c00000|  0%| F|  |TAMS 0x0000000093b00000, 0x0000000093b00000| Untracked 
| 316|0x0000000093c00000, 0x0000000093c00000, 0x0000000093d00000|  0%| F|  |TAMS 0x0000000093c00000, 0x0000000093c00000| Untracked 
| 317|0x0000000093d00000, 0x0000000093d00000, 0x0000000093e00000|  0%| F|  |TAMS 0x0000000093d00000, 0x0000000093d00000| Untracked 
| 318|0x0000000093e00000, 0x0000000093e00000, 0x0000000093f00000|  0%| F|  |TAMS 0x0000000093e00000, 0x0000000093e00000| Untracked 
| 319|0x0000000093f00000, 0x0000000093f00000, 0x0000000094000000|  0%| F|  |TAMS 0x0000000093f00000, 0x0000000093f00000| Untracked 
| 320|0x0000000094000000, 0x0000000094000000, 0x0000000094100000|  0%| F|  |TAMS 0x0000000094000000, 0x0000000094000000| Untracked 
| 321|0x0000000094100000, 0x0000000094100000, 0x0000000094200000|  0%| F|  |TAMS 0x0000000094100000, 0x0000000094100000| Untracked 
| 322|0x0000000094200000, 0x0000000094200000, 0x0000000094300000|  0%| F|  |TAMS 0x0000000094200000, 0x0000000094200000| Untracked 
| 323|0x0000000094300000, 0x0000000094300000, 0x0000000094400000|  0%| F|  |TAMS 0x0000000094300000, 0x0000000094300000| Untracked 
| 324|0x0000000094400000, 0x0000000094400000, 0x0000000094500000|  0%| F|  |TAMS 0x0000000094400000, 0x0000000094400000| Untracked 
| 325|0x0000000094500000, 0x0000000094500000, 0x0000000094600000|  0%| F|  |TAMS 0x0000000094500000, 0x0000000094500000| Untracked 
| 326|0x0000000094600000, 0x0000000094600000, 0x0000000094700000|  0%| F|  |TAMS 0x0000000094600000, 0x0000000094600000| Untracked 
| 327|0x0000000094700000, 0x0000000094700000, 0x0000000094800000|  0%| F|  |TAMS 0x0000000094700000, 0x0000000094700000| Untracked 
| 328|0x0000000094800000, 0x0000000094800000, 0x0000000094900000|  0%| F|  |TAMS 0x0000000094800000, 0x0000000094800000| Untracked 
| 329|0x0000000094900000, 0x0000000094900000, 0x0000000094a00000|  0%| F|  |TAMS 0x0000000094900000, 0x0000000094900000| Untracked 
| 330|0x0000000094a00000, 0x0000000094a00000, 0x0000000094b00000|  0%| F|  |TAMS 0x0000000094a00000, 0x0000000094a00000| Untracked 
| 331|0x0000000094b00000, 0x0000000094b00000, 0x0000000094c00000|  0%| F|  |TAMS 0x0000000094b00000, 0x0000000094b00000| Untracked 
| 332|0x0000000094c00000, 0x0000000094c00000, 0x0000000094d00000|  0%| F|  |TAMS 0x0000000094c00000, 0x0000000094c00000| Untracked 
| 333|0x0000000094d00000, 0x0000000094d00000, 0x0000000094e00000|  0%| F|  |TAMS 0x0000000094d00000, 0x0000000094d00000| Untracked 
| 334|0x0000000094e00000, 0x0000000094e00000, 0x0000000094f00000|  0%| F|  |TAMS 0x0000000094e00000, 0x0000000094e00000| Untracked 
| 335|0x0000000094f00000, 0x0000000094f00000, 0x0000000095000000|  0%| F|  |TAMS 0x0000000094f00000, 0x0000000094f00000| Untracked 
| 336|0x0000000095000000, 0x0000000095000000, 0x0000000095100000|  0%| F|  |TAMS 0x0000000095000000, 0x0000000095000000| Untracked 
| 337|0x0000000095100000, 0x0000000095100000, 0x0000000095200000|  0%| F|  |TAMS 0x0000000095100000, 0x0000000095100000| Untracked 
| 338|0x0000000095200000, 0x0000000095200000, 0x0000000095300000|  0%| F|  |TAMS 0x0000000095200000, 0x0000000095200000| Untracked 
| 339|0x0000000095300000, 0x0000000095300000, 0x0000000095400000|  0%| F|  |TAMS 0x0000000095300000, 0x0000000095300000| Untracked 
| 340|0x0000000095400000, 0x0000000095500000, 0x0000000095500000|100%| E|CS|TAMS 0x0000000095400000, 0x0000000095400000| Complete 
| 341|0x0000000095500000, 0x0000000095600000, 0x0000000095600000|100%| E|CS|TAMS 0x0000000095500000, 0x0000000095500000| Complete 
| 342|0x0000000095600000, 0x0000000095700000, 0x0000000095700000|100%| E|CS|TAMS 0x0000000095600000, 0x0000000095600000| Complete 
| 343|0x0000000095700000, 0x0000000095800000, 0x0000000095800000|100%| E|CS|TAMS 0x0000000095700000, 0x0000000095700000| Complete 
| 344|0x0000000095800000, 0x0000000095900000, 0x0000000095900000|100%| E|CS|TAMS 0x0000000095800000, 0x0000000095800000| Complete 
| 345|0x0000000095900000, 0x0000000095a00000, 0x0000000095a00000|100%| E|CS|TAMS 0x0000000095900000, 0x0000000095900000| Complete 
| 346|0x0000000095a00000, 0x0000000095b00000, 0x0000000095b00000|100%| E|CS|TAMS 0x0000000095a00000, 0x0000000095a00000| Complete 
| 347|0x0000000095b00000, 0x0000000095c00000, 0x0000000095c00000|100%| E|CS|TAMS 0x0000000095b00000, 0x0000000095b00000| Complete 
| 348|0x0000000095c00000, 0x0000000095d00000, 0x0000000095d00000|100%| E|CS|TAMS 0x0000000095c00000, 0x0000000095c00000| Complete 
| 349|0x0000000095d00000, 0x0000000095e00000, 0x0000000095e00000|100%| E|CS|TAMS 0x0000000095d00000, 0x0000000095d00000| Complete 
| 350|0x0000000095e00000, 0x0000000095f00000, 0x0000000095f00000|100%| E|CS|TAMS 0x0000000095e00000, 0x0000000095e00000| Complete 
| 351|0x0000000095f00000, 0x0000000096000000, 0x0000000096000000|100%| E|CS|TAMS 0x0000000095f00000, 0x0000000095f00000| Complete 
| 352|0x0000000096000000, 0x0000000096100000, 0x0000000096100000|100%| E|  |TAMS 0x0000000096000000, 0x0000000096000000| Complete 
| 353|0x0000000096100000, 0x0000000096200000, 0x0000000096200000|100%| E|CS|TAMS 0x0000000096100000, 0x0000000096100000| Complete 
| 354|0x0000000096200000, 0x0000000096300000, 0x0000000096300000|100%| E|CS|TAMS 0x0000000096200000, 0x0000000096200000| Complete 
| 355|0x0000000096300000, 0x00000000963b2a20, 0x0000000096400000| 69%| S|CS|TAMS 0x0000000096300000, 0x0000000096300000| Complete 
| 356|0x0000000096400000, 0x0000000096500000, 0x0000000096500000|100%| E|CS|TAMS 0x0000000096400000, 0x0000000096400000| Complete 

Card table byte_map: [0x0000020556f20000,0x0000020557320000] _byte_map_base: 0x0000020556b20000

Marking Bits (Prev, Next): (CMBitMap*) 0x000002054248e398, (CMBitMap*) 0x000002054248e3d0
 Prev Bits: [0x0000020557720000, 0x0000020559720000)
 Next Bits: [0x0000020559720000, 0x000002055b720000)

Polling page: 0x0000020542530000

Metaspace:

Usage:
  Non-class:    120.39 MB capacity,   117.86 MB ( 98%) used,     2.08 MB (  2%) free+waste,   465.50 KB ( <1%) overhead. 
      Class:     17.68 MB capacity,    16.26 MB ( 92%) used,     1.23 MB (  7%) free+waste,   199.06 KB (  1%) overhead. 
       Both:    138.07 MB capacity,   134.12 MB ( 97%) used,     3.30 MB (  2%) free+waste,   664.56 KB ( <1%) overhead. 

Virtual space:
  Non-class space:      122.00 MB reserved,     120.50 MB ( 99%) committed 
      Class space:        1.00 GB reserved,      17.75 MB (  2%) committed 
             Both:        1.12 GB reserved,     138.25 MB ( 12%) committed 

Chunk freelists:
   Non-Class:  0 bytes
       Class:  0 bytes
        Both:  0 bytes

MaxMetaspaceSize: 17179869184.00 GB
CompressedClassSpaceSize: 1.00 GB

CodeHeap 'non-profiled nmethods': size=120064Kb used=20329Kb max_used=20329Kb free=99734Kb
 bounds [0x000002054f1d0000, 0x00000205505b0000, 0x0000020556710000]
CodeHeap 'profiled nmethods': size=120000Kb used=54959Kb max_used=55762Kb free=65041Kb
 bounds [0x0000020547ca0000, 0x000002054b350000, 0x000002054f1d0000]
CodeHeap 'non-nmethods': size=5696Kb used=2366Kb max_used=2427Kb free=3329Kb
 bounds [0x0000020547710000, 0x0000020547990000, 0x0000020547ca0000]
 total_blobs=24799 nmethods=23800 adapters=908
 compilation: enabled
              stopped_count=0, restarted_count=0
 full_count=0

Compilation events (20 events):
Event: 5571.550 Thread 0x000002055db67800 nmethod 29618 0x0000020550588e90 code [0x0000020550589040, 0x0000020550589188]
Event: 5571.572 Thread 0x000002055db67800 29619   !   4       org.gradle.internal.operations.DefaultBuildOperationQueue$WorkerRunnable::getNextOperation (51 bytes)
Event: 5571.748 Thread 0x000002055db67800 nmethod 29619 0x0000020550589290 code [0x00000205505894c0, 0x000002055058ad20]
Event: 5571.749 Thread 0x000002055db67800 29620       4       org.gradle.internal.snapshot.AbstractListChildMap::store (72 bytes)
Event: 5574.851 Thread 0x000002055db6a800 29623       3       java.util.concurrent.ConcurrentLinkedQueue::poll (84 bytes)
Event: 5575.074 Thread 0x000002055db6a800 nmethod 29623 0x000002054a2c7310 code [0x000002054a2c7940, 0x000002054a2cabe8]
Event: 5575.210 Thread 0x000002055db67800 nmethod 29620 0x000002055058b490 code [0x000002055058bac0, 0x0000020550591718]
Event: 5575.211 Thread 0x000002055db67800 29621   !   4       org.gradle.internal.snapshot.impl.DirectorySnapshotter$PathVisitor::snapshotFile (119 bytes)
Event: 5575.422 Thread 0x000002055db6a800 29624       3       com.google.common.cache.LocalCache::recordsWrite (20 bytes)
Event: 5575.470 Thread 0x000002055db6a800 nmethod 29624 0x0000020549d6ae10 code [0x0000020549d6afe0, 0x0000020549d6b318]
Event: 5575.636 Thread 0x000002055db67800 nmethod 29621 0x0000020550594d10 code [0x00000205505950e0, 0x0000020550597be8]
Event: 5576.741 Thread 0x000002055db6a800 29625       3       org.apache.xerces.util.ParserConfigurationSettings::addRecognizedFeatures (52 bytes)
Event: 5576.744 Thread 0x000002055db6a800 nmethod 29625 0x000002054a2c6110 code [0x000002054a2c6360, 0x000002054a2c6e88]
Event: 5576.744 Thread 0x000002055db6a800 29631   !   3       org.apache.xerces.parsers.XML11Configuration::setFeature (155 bytes)
Event: 5576.794 Thread 0x000002055db6a800 nmethod 29631 0x000002054a2c3d90 code [0x000002054a2c40c0, 0x000002054a2c5918]
Event: 5576.794 Thread 0x000002055db6a800 29626       3       org.apache.xerces.impl.XMLDocumentScannerImpl::setFeature (75 bytes)
Event: 5576.837 Thread 0x000002055db6a800 nmethod 29626 0x000002054a2c2a10 code [0x000002054a2c2cc0, 0x000002054a2c3918]
Event: 5577.090 Thread 0x000002055db67800 29632       4       org.apache.xerces.parsers.AbstractDOMParser::endElement (474 bytes)
Event: 5577.401 Thread 0x000002055db67800 nmethod 29632 0x0000020550599b10 code [0x0000020550599ca0, 0x0000020550599df8]
Event: 5577.401 Thread 0x000002055db67800 29635 % !   4       org.apache.xerces.impl.XMLDocumentFragmentScannerImpl$FragmentContentDispatcher::dispatch @ 0 (1128 bytes)

GC Heap History (20 events):
Event: 2915.131 GC heap before
{Heap before GC invocations=172 (full 0):
 garbage-first heap   total 365568K, used 214308K [0x0000000080000000, 0x0000000100000000)
  region size 1024K, 81 young (82944K), 5 survivors (5120K)
 Metaspace       used 134524K, capacity 138221K, committed 138368K, reserved 1169408K
  class space    used 16335K, capacity 17665K, committed 17792K, reserved 1048576K
}
Event: 2915.206 GC heap after
{Heap after GC invocations=173 (full 0):
 garbage-first heap   total 365568K, used 141399K [0x0000000080000000, 0x0000000100000000)
  region size 1024K, 10 young (10240K), 10 survivors (10240K)
 Metaspace       used 134524K, capacity 138221K, committed 138368K, reserved 1169408K
  class space    used 16335K, capacity 17665K, committed 17792K, reserved 1048576K
}
Event: 2915.321 GC heap before
{Heap before GC invocations=173 (full 0):
 garbage-first heap   total 365568K, used 148567K [0x0000000080000000, 0x0000000100000000)
  region size 1024K, 17 young (17408K), 10 survivors (10240K)
 Metaspace       used 134599K, capacity 138288K, committed 138624K, reserved 1169408K
  class space    used 16347K, capacity 17666K, committed 17792K, reserved 1048576K
}
Event: 2915.478 GC heap after
{Heap after GC invocations=174 (full 0):
 garbage-first heap   total 365568K, used 136962K [0x0000000080000000, 0x0000000100000000)
  region size 1024K, 1 young (1024K), 1 survivors (1024K)
 Metaspace       used 134599K, capacity 138288K, committed 138624K, reserved 1169408K
  class space    used 16347K, capacity 17666K, committed 17792K, reserved 1048576K
}
Event: 2920.061 GC heap before
{Heap before GC invocations=174 (full 0):
 garbage-first heap   total 365568K, used 205570K [0x0000000080000000, 0x0000000100000000)
  region size 1024K, 68 young (69632K), 1 survivors (1024K)
 Metaspace       used 136206K, capacity 139969K, committed 140160K, reserved 1171456K
  class space    used 16567K, capacity 17989K, committed 18048K, reserved 1048576K
}
Event: 2920.088 GC heap after
{Heap after GC invocations=175 (full 0):
 garbage-first heap   total 365568K, used 140760K [0x0000000080000000, 0x0000000100000000)
  region size 1024K, 5 young (5120K), 5 survivors (5120K)
 Metaspace       used 136206K, capacity 139969K, committed 140160K, reserved 1171456K
  class space    used 16567K, capacity 17989K, committed 18048K, reserved 1048576K
}
Event: 3055.650 GC heap before
{Heap before GC invocations=176 (full 0):
 garbage-first heap   total 365568K, used 219608K [0x0000000080000000, 0x0000000100000000)
  region size 1024K, 83 young (84992K), 5 survivors (5120K)
 Metaspace       used 136754K, capacity 140737K, committed 141056K, reserved 1171456K
  class space    used 16618K, capacity 18056K, committed 18176K, reserved 1048576K
}
Event: 3055.701 GC heap after
{Heap after GC invocations=177 (full 0):
 garbage-first heap   total 365568K, used 147658K [0x0000000080000000, 0x0000000100000000)
  region size 1024K, 11 young (11264K), 11 survivors (11264K)
 Metaspace       used 136754K, capacity 140737K, committed 141056K, reserved 1171456K
  class space    used 16618K, capacity 18056K, committed 18176K, reserved 1048576K
}
Event: 3055.788 GC heap before
{Heap before GC invocations=177 (full 0):
 garbage-first heap   total 365568K, used 153802K [0x0000000080000000, 0x0000000100000000)
  region size 1024K, 17 young (17408K), 11 survivors (11264K)
 Metaspace       used 136773K, capacity 140803K, committed 141056K, reserved 1171456K
  class space    used 16618K, capacity 18056K, committed 18176K, reserved 1048576K
}
Event: 3055.890 GC heap after
{Heap after GC invocations=178 (full 0):
 garbage-first heap   total 365568K, used 147608K [0x0000000080000000, 0x0000000100000000)
  region size 1024K, 1 young (1024K), 1 survivors (1024K)
 Metaspace       used 136773K, capacity 140803K, committed 141056K, reserved 1171456K
  class space    used 16618K, capacity 18056K, committed 18176K, reserved 1048576K
}
Event: 3148.656 GC heap before
{Heap before GC invocations=178 (full 0):
 garbage-first heap   total 365568K, used 237720K [0x0000000080000000, 0x0000000100000000)
  region size 1024K, 90 young (92160K), 1 survivors (1024K)
 Metaspace       used 137171K, capacity 141128K, committed 141312K, reserved 1173504K
  class space    used 16640K, capacity 18091K, committed 18176K, reserved 1048576K
}
Event: 3148.745 GC heap after
{Heap after GC invocations=179 (full 0):
 garbage-first heap   total 365568K, used 155295K [0x0000000080000000, 0x0000000100000000)
  region size 1024K, 9 young (9216K), 9 survivors (9216K)
 Metaspace       used 137171K, capacity 141128K, committed 141312K, reserved 1173504K
  class space    used 16640K, capacity 18091K, committed 18176K, reserved 1048576K
}
Event: 5548.014 GC heap before
{Heap before GC invocations=180 (full 0):
 garbage-first heap   total 365568K, used 241311K [0x0000000080000000, 0x0000000100000000)
  region size 1024K, 93 young (95232K), 9 survivors (9216K)
 Metaspace       used 137278K, capacity 141363K, committed 141568K, reserved 1173504K
  class space    used 16643K, capacity 18097K, committed 18176K, reserved 1048576K
}
Event: 5552.096 GC heap after
{Heap after GC invocations=181 (full 0):
 garbage-first heap   total 365568K, used 152064K [0x0000000080000000, 0x0000000100000000)
  region size 1024K, 4 young (4096K), 4 survivors (4096K)
 Metaspace       used 137278K, capacity 141363K, committed 141568K, reserved 1173504K
  class space    used 16643K, capacity 18097K, committed 18176K, reserved 1048576K
}
Event: 5561.403 GC heap before
{Heap before GC invocations=181 (full 0):
 garbage-first heap   total 365568K, used 164352K [0x0000000080000000, 0x0000000100000000)
  region size 1024K, 17 young (17408K), 4 survivors (4096K)
 Metaspace       used 137326K, capacity 141384K, committed 141568K, reserved 1173504K
  class space    used 16646K, capacity 18101K, committed 18176K, reserved 1048576K
}
Event: 5570.751 GC heap after
{Heap after GC invocations=182 (full 0):
 garbage-first heap   total 365568K, used 146580K [0x0000000080000000, 0x0000000100000000)
  region size 1024K, 2 young (2048K), 2 survivors (2048K)
 Metaspace       used 137326K, capacity 141384K, committed 141568K, reserved 1173504K
  class space    used 16646K, capacity 18101K, committed 18176K, reserved 1048576K
}
Event: 5572.248 GC heap before
{Heap before GC invocations=182 (full 0):
 garbage-first heap   total 365568K, used 160916K [0x0000000080000000, 0x0000000100000000)
  region size 1024K, 17 young (17408K), 2 survivors (2048K)
 Metaspace       used 137326K, capacity 141384K, committed 141568K, reserved 1173504K
  class space    used 16646K, capacity 18101K, committed 18176K, reserved 1048576K
}
Event: 5573.882 GC heap after
{Heap after GC invocations=183 (full 0):
 garbage-first heap   total 365568K, used 144729K [0x0000000080000000, 0x0000000100000000)
  region size 1024K, 2 young (2048K), 2 survivors (2048K)
 Metaspace       used 137326K, capacity 141384K, committed 141568K, reserved 1173504K
  class space    used 16646K, capacity 18101K, committed 18176K, reserved 1048576K
}
Event: 5575.751 GC heap before
{Heap before GC invocations=183 (full 0):
 garbage-first heap   total 365568K, used 144729K [0x0000000080000000, 0x0000000100000000)
  region size 1024K, 3 young (3072K), 2 survivors (2048K)
 Metaspace       used 137326K, capacity 141384K, committed 141568K, reserved 1173504K
  class space    used 16646K, capacity 18101K, committed 18176K, reserved 1048576K
}
Event: 5576.027 GC heap after
{Heap after GC invocations=184 (full 0):
 garbage-first heap   total 365568K, used 145098K [0x0000000080000000, 0x0000000100000000)
  region size 1024K, 1 young (1024K), 1 survivors (1024K)
 Metaspace       used 137326K, capacity 141384K, committed 141568K, reserved 1173504K
  class space    used 16646K, capacity 18101K, committed 18176K, reserved 1048576K
}

Deoptimization events (20 events):
Event: 5555.526 Thread 0x000002055e7c3000 Uncommon trap: trap_request=0xffffff4d fr.pc=0x000002054f83e5a8 relative=0x0000000000000928
Event: 5555.561 Thread 0x000002055e7c3000 Uncommon trap: reason=unstable_if action=reinterpret pc=0x000002054f83e5a8 method=com.google.common.cache.LocalCache$Segment.getLiveEntry(Ljava/lang/Object;IJ)Lcom/google/common/cache/ReferenceEntry; @ 25 c2
Event: 5555.561 Thread 0x000002055e7c3000 DEOPT PACKING pc=0x000002054f83e5a8 sp=0x0000001f13dfafc0
Event: 5555.576 Thread 0x000002055e7c3000 DEOPT UNPACKING pc=0x0000020547736ca9 sp=0x0000001f13dfae98 mode 2
Event: 5555.595 Thread 0x000002055e7c3000 Uncommon trap: trap_request=0xffffff4d fr.pc=0x000002054f6ef274 relative=0x0000000000000114
Event: 5555.595 Thread 0x000002055e7c3000 Uncommon trap: reason=unstable_if action=reinterpret pc=0x000002054f6ef274 method=com.google.common.cache.LocalCache$Segment.expireEntries(J)V @ 84 c2
Event: 5555.595 Thread 0x000002055e7c3000 DEOPT PACKING pc=0x000002054f6ef274 sp=0x0000001f13dfade0
Event: 5555.595 Thread 0x000002055e7c3000 DEOPT UNPACKING pc=0x0000020547736ca9 sp=0x0000001f13dfad98 mode 2
Event: 5571.439 Thread 0x000002055e7c3000 Uncommon trap: trap_request=0xffffff4d fr.pc=0x000002054f6ed010 relative=0x0000000000000990
Event: 5571.439 Thread 0x000002055e7c3000 Uncommon trap: reason=unstable_if action=reinterpret pc=0x000002054f6ed010 method=java.util.concurrent.ConcurrentLinkedQueue.poll()Ljava/lang/Object; @ 24 c2
Event: 5571.439 Thread 0x000002055e7c3000 DEOPT PACKING pc=0x000002054f6ed010 sp=0x0000001f13df7c70
Event: 5571.439 Thread 0x000002055e7c3000 DEOPT UNPACKING pc=0x0000020547736ca9 sp=0x0000001f13df7bc8 mode 2
Event: 5571.486 Thread 0x000002055e7cd000 Uncommon trap: trap_request=0xffffff4d fr.pc=0x000002055035e718 relative=0x0000000000002438
Event: 5571.486 Thread 0x000002055e7cd000 Uncommon trap: reason=unstable_if action=reinterpret pc=0x000002055035e718 method=java.util.concurrent.ConcurrentLinkedQueue.offer(Ljava/lang/Object;)Z @ 96 c2
Event: 5571.486 Thread 0x000002055e7cd000 DEOPT PACKING pc=0x000002055035e718 sp=0x0000001f151fd830
Event: 5571.509 Thread 0x000002055e7cd000 DEOPT UNPACKING pc=0x0000020547736ca9 sp=0x0000001f151fd6a8 mode 2
Event: 5571.558 Thread 0x000002055e7c3000 Uncommon trap: trap_request=0xffffff4d fr.pc=0x000002054f43d0a8 relative=0x0000000000000568
Event: 5571.558 Thread 0x000002055e7c3000 Uncommon trap: reason=unstable_if action=reinterpret pc=0x000002054f43d0a8 method=java.util.concurrent.ConcurrentLinkedQueue.updateHead(Ljava/util/concurrent/ConcurrentLinkedQueue$Node;Ljava/util/concurrent/ConcurrentLinkedQueue$Node;)V @ 14 c2
Event: 5571.558 Thread 0x000002055e7c3000 DEOPT PACKING pc=0x000002054f43d0a8 sp=0x0000001f13df7ba0
Event: 5571.558 Thread 0x000002055e7c3000 DEOPT UNPACKING pc=0x0000020547736ca9 sp=0x0000001f13df7af0 mode 2

Classes redefined (0 events):
No events

Internal exceptions (20 events):
Event: 3146.502 Thread 0x000002056130d000 Exception <a 'sun/nio/fs/WindowsException'{0x0000000094f82b00}> (0x0000000094f82b00) thrown at [./src/hotspot/share/prims/jni.cpp, line 615]
Event: 3146.507 Thread 0x000002056130d000 Exception <a 'sun/nio/fs/WindowsException'{0x0000000094fd8618}> (0x0000000094fd8618) thrown at [./src/hotspot/share/prims/jni.cpp, line 615]
Event: 3146.510 Thread 0x000002056130d000 Exception <a 'sun/nio/fs/WindowsException'{0x0000000094fd8790}> (0x0000000094fd8790) thrown at [./src/hotspot/share/prims/jni.cpp, line 615]
Event: 3146.522 Thread 0x0000020561309000 Exception <a 'java/lang/ClassNotFoundException'{0x0000000094e45258}: sync_studio_tooling8_8rwday4ev769ve46hzw9ir6zlBeanInfo> (0x0000000094e45258) thrown at [./src/hotspot/share/classfile/systemDictionary.cpp, line 231]
Event: 3146.523 Thread 0x0000020561309000 Exception <a 'java/lang/ClassNotFoundException'{0x0000000094e515f0}: sync_studio_tooling8_8rwday4ev769ve46hzw9ir6zlCustomizer> (0x0000000094e515f0) thrown at [./src/hotspot/share/classfile/systemDictionary.cpp, line 231]
Event: 3147.216 Thread 0x0000020561309000 Exception <a 'sun/nio/fs/WindowsException'{0x0000000093eeafa0}> (0x0000000093eeafa0) thrown at [./src/hotspot/share/prims/jni.cpp, line 615]
Event: 3147.316 Thread 0x0000020561309000 Exception <a 'java/lang/NoClassDefFoundError'{0x0000000093a151e8}: org/jetbrains/kotlin/gradle/plugin/KotlinBasePluginWrapper> (0x0000000093a151e8) thrown at [./src/hotspot/share/oops/constantPool.cpp, line 775]
Event: 3147.999 Thread 0x0000020561309000 Exception <a 'sun/nio/fs/WindowsException'{0x0000000092b4bb88}> (0x0000000092b4bb88) thrown at [./src/hotspot/share/prims/jni.cpp, line 615]
Event: 3148.027 Thread 0x0000020561309000 Exception <a 'sun/nio/fs/WindowsException'{0x0000000092bef290}> (0x0000000092bef290) thrown at [./src/hotspot/share/prims/jni.cpp, line 615]
Event: 3148.027 Thread 0x0000020561309000 Exception <a 'sun/nio/fs/WindowsException'{0x0000000092bf04d8}> (0x0000000092bf04d8) thrown at [./src/hotspot/share/prims/jni.cpp, line 615]
Event: 3148.027 Thread 0x0000020561309000 Exception <a 'sun/nio/fs/WindowsException'{0x0000000092bf1770}> (0x0000000092bf1770) thrown at [./src/hotspot/share/prims/jni.cpp, line 615]
Event: 3148.027 Thread 0x0000020561309000 Exception <a 'sun/nio/fs/WindowsException'{0x0000000092bf2a08}> (0x0000000092bf2a08) thrown at [./src/hotspot/share/prims/jni.cpp, line 615]
Event: 3148.070 Thread 0x0000020561309000 Exception <a 'java/lang/reflect/InvocationTargetException'{0x000000009297d3f8}> (0x000000009297d3f8) thrown at [./src/hotspot/share/runtime/reflection.cpp, line 1247]
Event: 5540.136 Thread 0x000002055e7c3000 Exception <a 'sun/nio/fs/WindowsException'{0x0000000091685ec0}> (0x0000000091685ec0) thrown at [./src/hotspot/share/prims/jni.cpp, line 615]
Event: 5543.786 Thread 0x000002055e7c3000 Exception <a 'java/lang/NoClassDefFoundError'{0x00000000913a0030}: org/jetbrains/kotlin/gradle/plugin/KotlinBasePluginWrapper> (0x00000000913a0030) thrown at [./src/hotspot/share/oops/constantPool.cpp, line 775]
Event: 5545.972 Thread 0x000002055e7c3000 Exception <a 'sun/nio/fs/WindowsException'{0x00000000912ef458}> (0x00000000912ef458) thrown at [./src/hotspot/share/prims/jni.cpp, line 615]
Event: 5547.774 Thread 0x000002055e7c3000 Exception <a 'sun/nio/fs/WindowsException'{0x0000000091198d58}> (0x0000000091198d58) thrown at [./src/hotspot/share/prims/jni.cpp, line 615]
Event: 5547.806 Thread 0x000002055e7c3000 Exception <a 'sun/nio/fs/WindowsException'{0x0000000091199cf8}> (0x0000000091199cf8) thrown at [./src/hotspot/share/prims/jni.cpp, line 615]
Event: 5547.806 Thread 0x000002055e7c3000 Exception <a 'sun/nio/fs/WindowsException'{0x000000009119ace8}> (0x000000009119ace8) thrown at [./src/hotspot/share/prims/jni.cpp, line 615]
Event: 5547.807 Thread 0x000002055e7c3000 Exception <a 'sun/nio/fs/WindowsException'{0x000000009119bcd8}> (0x000000009119bcd8) thrown at [./src/hotspot/share/prims/jni.cpp, line 615]

Events (20 events):
Event: 5552.909 loading class org/gradle/api/internal/provider/AbstractProperty$1
Event: 5552.909 loading class org/gradle/api/internal/provider/AbstractProperty$1 done
Event: 5553.369 loading class org/gradle/api/internal/provider/ValueSupplier$1
Event: 5553.369 loading class org/gradle/api/internal/provider/ValueSupplier$1 done
Event: 5555.888 Thread 0x000002055e7cc000 Thread added: 0x000002055e7cc000
Event: 5555.940 Thread 0x000002056130e000 Thread added: 0x000002056130e000
Event: 5556.193 Thread 0x000002056130e800 Thread added: 0x000002056130e800
Event: 5560.735 Executing VM operation: RevokeBias
Event: 5560.813 Executing VM operation: RevokeBias done
Event: 5560.813 Executing VM operation: RevokeBias
Event: 5560.848 Executing VM operation: RevokeBias done
Event: 5560.848 Executing VM operation: RevokeBias
Event: 5560.877 Executing VM operation: RevokeBias done
Event: 5561.353 Executing VM operation: G1CollectForAllocation
Event: 5570.751 Executing VM operation: G1CollectForAllocation done
Event: 5572.141 Executing VM operation: G1CollectForAllocation
Event: 5573.882 Executing VM operation: G1CollectForAllocation done
Event: 5575.751 Executing VM operation: G1CollectForAllocation
Event: 5576.027 Executing VM operation: G1CollectForAllocation done
Event: 5577.283 Executing VM operation: RevokeBias


Dynamic libraries:
0x00007ff6c40b0000 - 0x00007ff6c40ba000 	C:\Program Files\Android\Android Studio\jre\bin\java.exe
0x00007ff9db3f0000 - 0x00007ff9db5e5000 	C:\Windows\SYSTEM32\ntdll.dll
0x00007ff9da5f0000 - 0x00007ff9da6ad000 	C:\Windows\System32\KERNEL32.DLL
0x00007ff9d8b30000 - 0x00007ff9d8df8000 	C:\Windows\System32\KERNELBASE.dll
0x00007ff9d8fe0000 - 0x00007ff9d90e0000 	C:\Windows\System32\ucrtbase.dll
0x00007ff9c4e70000 - 0x00007ff9c4e89000 	C:\Program Files\Android\Android Studio\jre\bin\jli.dll
0x00007ff9b77d0000 - 0x00007ff9b77e7000 	C:\Program Files\Android\Android Studio\jre\bin\VCRUNTIME140.dll
0x00007ff9db100000 - 0x00007ff9db2a0000 	C:\Windows\System32\USER32.dll
0x00007ff9d8e30000 - 0x00007ff9d8e52000 	C:\Windows\System32\win32u.dll
0x00007ff9d7ee0000 - 0x00007ff9d817a000 	C:\Windows\WinSxS\amd64_microsoft.windows.common-controls_6595b64144ccf1df_6.0.19041.844_none_ca00b6081b84eb1d\COMCTL32.dll
0x00007ff9dae10000 - 0x00007ff9dae3a000 	C:\Windows\System32\GDI32.dll
0x00007ff9d9470000 - 0x00007ff9d950e000 	C:\Windows\System32\msvcrt.dll
0x00007ff9d92f0000 - 0x00007ff9d93fb000 	C:\Windows\System32\gdi32full.dll
0x00007ff9d8ec0000 - 0x00007ff9d8f5d000 	C:\Windows\System32\msvcp_win.dll
0x00007ff9d9750000 - 0x00007ff9d9780000 	C:\Windows\System32\IMM32.DLL
0x00007ff9b62f0000 - 0x00007ff9b638d000 	C:\Program Files\Android\Android Studio\jre\bin\msvcp140.dll
0x00007ff9a5ea0000 - 0x00007ff9a696f000 	C:\Program Files\Android\Android Studio\jre\bin\server\jvm.dll
0x00007ff9daea0000 - 0x00007ff9daf4c000 	C:\Windows\System32\ADVAPI32.dll
0x00007ff9db060000 - 0x00007ff9db0fb000 	C:\Windows\System32\sechost.dll
0x00007ff9d9ee0000 - 0x00007ff9da00b000 	C:\Windows\System32\RPCRT4.dll
0x00007ff9d9740000 - 0x00007ff9d9748000 	C:\Windows\System32\PSAPI.DLL
0x00007ff9c6450000 - 0x00007ff9c6459000 	C:\Windows\SYSTEM32\WSOCK32.dll
0x00007ff9d9510000 - 0x00007ff9d957b000 	C:\Windows\System32\WS2_32.dll
0x00007ff9c1c10000 - 0x00007ff9c1c37000 	C:\Windows\SYSTEM32\WINMM.dll
0x00007ff9d5d30000 - 0x00007ff9d5d3a000 	C:\Windows\SYSTEM32\VERSION.dll
0x00007ff9d5c80000 - 0x00007ff9d5c92000 	C:\Windows\SYSTEM32\kernel.appcore.dll
0x00007ff9ba530000 - 0x00007ff9ba541000 	C:\Program Files\Android\Android Studio\jre\bin\verify.dll
0x00007ff9d8540000 - 0x00007ff9d8724000 	C:\Windows\SYSTEM32\DBGHELP.DLL
0x00007ff9d8490000 - 0x00007ff9d84bc000 	C:\Windows\SYSTEM32\dbgcore.DLL
0x00007ff9d8f60000 - 0x00007ff9d8fe0000 	C:\Windows\System32\bcryptPrimitives.dll
0x00007ff9b7bf0000 - 0x00007ff9b7c19000 	C:\Program Files\Android\Android Studio\jre\bin\java.dll
0x00007ff9c27d0000 - 0x00007ff9c27db000 	C:\Program Files\Android\Android Studio\jre\bin\jimage.dll
0x00007ff9b77b0000 - 0x00007ff9b77c8000 	C:\Program Files\Android\Android Studio\jre\bin\zip.dll
0x00007ff9da6c0000 - 0x00007ff9dae02000 	C:\Windows\System32\SHELL32.dll
0x00007ff9d6620000 - 0x00007ff9d6db1000 	C:\Windows\SYSTEM32\windows.storage.dll
0x00007ff9da0f0000 - 0x00007ff9da445000 	C:\Windows\System32\combase.dll
0x00007ff9d7eb0000 - 0x00007ff9d7edc000 	C:\Windows\SYSTEM32\Wldp.dll
0x00007ff9daf50000 - 0x00007ff9daffe000 	C:\Windows\System32\SHCORE.dll
0x00007ff9db000000 - 0x00007ff9db055000 	C:\Windows\System32\shlwapi.dll
0x00007ff9d8a70000 - 0x00007ff9d8a8f000 	C:\Windows\SYSTEM32\profapi.dll
0x00007ff9b7770000 - 0x00007ff9b778a000 	C:\Program Files\Android\Android Studio\jre\bin\net.dll
0x00007ff9cf680000 - 0x00007ff9cf78b000 	C:\Windows\SYSTEM32\WINHTTP.dll
0x00007ff9d7c40000 - 0x00007ff9d7caa000 	C:\Windows\system32\mswsock.dll
0x00007ff9b7750000 - 0x00007ff9b7764000 	C:\Program Files\Android\Android Studio\jre\bin\nio.dll
0x00007ff9d62f0000 - 0x00007ff9d6317000 	C:\Users\Prasanth\.gradle\native\8bec1ad78214c89d9ad589b4d07fe93259594b29d510b10fafb7a158f7737e5d\windows-amd64\native-platform.dll
0x00007ff9d38f0000 - 0x00007ff9d3a2d000 	C:\Users\Prasanth\.gradle\native\53dbd7edfb1c66fb8903c78663c9afc45aea4f116125fa6feffd364cf09443e8\windows-amd64\native-platform-file-events.dll
0x00007ff9c0100000 - 0x00007ff9c010a000 	C:\Program Files\Android\Android Studio\jre\bin\management.dll
0x00007ff9ba520000 - 0x00007ff9ba52c000 	C:\Program Files\Android\Android Studio\jre\bin\management_ext.dll
0x00007ff9d8850000 - 0x00007ff9d8868000 	C:\Windows\SYSTEM32\CRYPTSP.dll
0x00007ff9d7580000 - 0x00007ff9d75b4000 	C:\Windows\system32\rsaenh.dll
0x00007ff9d8e00000 - 0x00007ff9d8e27000 	C:\Windows\System32\bcrypt.dll
0x00007ff9d89f0000 - 0x00007ff9d8a1e000 	C:\Windows\SYSTEM32\USERENV.dll
0x00007ff9d7e10000 - 0x00007ff9d7e1c000 	C:\Windows\SYSTEM32\CRYPTBASE.dll
0x00007ff9d78b0000 - 0x00007ff9d78eb000 	C:\Windows\SYSTEM32\IPHLPAPI.DLL
0x00007ff9d9730000 - 0x00007ff9d9738000 	C:\Windows\System32\NSI.dll
0x00007ff9d0d90000 - 0x00007ff9d0da7000 	C:\Windows\SYSTEM32\dhcpcsvc6.DLL
0x00007ff9d0ce0000 - 0x00007ff9d0cfd000 	C:\Windows\SYSTEM32\dhcpcsvc.DLL
0x00007ff9d7970000 - 0x00007ff9d7a3c000 	C:\Windows\SYSTEM32\DNSAPI.dll
0x00007ff9b1c30000 - 0x00007ff9b1c57000 	C:\Program Files\Android\Android Studio\jre\bin\sunec.dll

dbghelp: loaded successfully - version: 4.0.5 - missing functions: none
symbol engine: initialized successfully - sym options: 0x614 - pdb path: .;C:\Program Files\Android\Android Studio\jre\bin;C:\Windows\SYSTEM32;C:\Windows\WinSxS\amd64_microsoft.windows.common-controls_6595b64144ccf1df_6.0.19041.844_none_ca00b6081b84eb1d;C:\Program Files\Android\Android Studio\jre\bin\server;C:\Users\Prasanth\.gradle\native\8bec1ad78214c89d9ad589b4d07fe93259594b29d510b10fafb7a158f7737e5d\windows-amd64;C:\Users\Prasanth\.gradle\native\53dbd7edfb1c66fb8903c78663c9afc45aea4f116125fa6feffd364cf09443e8\windows-amd64

VM Arguments:
jvm_args: --add-opens=java.base/java.util=ALL-UNNAMED --add-opens=java.base/java.lang=ALL-UNNAMED --add-opens=java.base/java.lang.invoke=ALL-UNNAMED --add-opens=java.base/java.util=ALL-UNNAMED --add-opens=java.prefs/java.util.prefs=ALL-UNNAMED --add-opens=java.prefs/java.util.prefs=ALL-UNNAMED --add-opens=java.base/java.nio.charset=ALL-UNNAMED --add-opens=java.base/java.net=ALL-UNNAMED --add-opens=java.base/java.util.concurrent.atomic=ALL-UNNAMED -Xmx2048m -Dfile.encoding=windows-1252 -Duser.country=IN -Duser.language=en -Duser.variant 
java_command: org.gradle.launcher.daemon.bootstrap.GradleDaemon 7.0.2
java_class_path (initial): C:\Users\Prasanth\.gradle\wrapper\dists\gradle-7.0.2-bin\857tjihv64xamwrf0h14cai3r\gradle-7.0.2\lib\gradle-launcher-7.0.2.jar
Launcher Type: SUN_STANDARD

[Global flags]
     intx CICompilerCount                          = 2                                         {product} {ergonomic}
     uint ConcGCThreads                            = 1                                         {product} {ergonomic}
     uint G1ConcRefinementThreads                  = 2                                         {product} {ergonomic}
   size_t G1HeapRegionSize                         = 1048576                                   {product} {ergonomic}
    uintx GCDrainStackTargetSize                   = 64                                        {product} {ergonomic}
   size_t InitialHeapSize                          = 65011712                                  {product} {ergonomic}
   size_t MarkStackSize                            = 4194304                                   {product} {ergonomic}
   size_t MaxHeapSize                              = 2147483648                                {product} {command line}
   size_t MaxNewSize                               = 1287651328                                {product} {ergonomic}
   size_t MinHeapDeltaBytes                        = 1048576                                   {product} {ergonomic}
    uintx NonNMethodCodeHeapSize                   = 5825164                                {pd product} {ergonomic}
    uintx NonProfiledCodeHeapSize                  = 122916538                              {pd product} {ergonomic}
    uintx ProfiledCodeHeapSize                     = 122916538                              {pd product} {ergonomic}
    uintx ReservedCodeCacheSize                    = 251658240                              {pd product} {ergonomic}
     bool SegmentedCodeCache                       = true                                      {product} {ergonomic}
     bool UseCompressedClassPointers               = true                                 {lp64_product} {ergonomic}
     bool UseCompressedOops                        = true                                 {lp64_product} {ergonomic}
     bool UseG1GC                                  = true                                      {product} {ergonomic}
     bool UseLargePagesIndividualAllocation        = false                                  {pd product} {ergonomic}

Logging:
Log output configuration:
 #0: stdout all=warning uptime,level,tags
 #1: stderr all=off uptime,level,tags

Environment Variables:
PATH=C:\Windows\system32;C:\Windows;C:\Windows\System32\Wbem;C:\Windows\System32\WindowsPowerShell\v1.0\;C:\Windows\System32\OpenSSH\;C:\Users\Prasanth\AppData\Local\Microsoft\WindowsApps;
USERNAME=Prasanth
OS=Windows_NT
PROCESSOR_IDENTIFIER=Intel64 Family 6 Model 42 Stepping 7, GenuineIntel



---------------  S Y S T E M  ---------------

OS: Windows 10 , 64 bit Build 19041 (10.0.19041.928)
OS uptime: 0 days 6:11 hours

CPU:total 2 (initial active 2) (2 cores per cpu, 1 threads per core) family 6 model 42 stepping 7 microcode 0x2f, cmov, cx8, fxsr, mmx, sse, sse2, sse3, ssse3, sse4.1, sse4.2, popcnt, clmul, tsc, tscinvbit

Memory: 4k page, system-wide physical 3931M (309M free)
TotalPageFile size 7387M (AvailPageFile size 2282M)
current process WorkingSet (physical memory assigned to process): 328M, peak: 631M
current process commit charge ("private bytes"): 747M, peak: 756M

vm_info: OpenJDK 64-Bit Server VM (11.0.10+0-b96-7249189) for windows-amd64 JRE (11.0.10+0-b96-7249189), built on Mar 31 2021 21:44:00 by "builder" with MS VC++ 14.0 (VS2015)

END.
