#
# A fatal error has been detected by the Java Runtime Environment:
#
#  EXCEPTION_ACCESS_VIOLATION (0xc0000005) at pc=0x00007ffbdbe943d4, pid=6428, tid=6312
#
# JRE version: OpenJDK Runtime Environment (11.0.10) (build 11.0.10+0-b96-7249189)
# Java VM: OpenJDK 64-Bit Server VM (11.0.10+0-b96-7249189, mixed mode, tiered, compressed oops, g1 gc, windows-amd64)
# Problematic frame:
# V  [jvm.dll+0x2043d4]
#
# No core dump will be written. Minidumps are not enabled by default on client versions of Windows
#
# If you would like to submit a bug report, please visit:
#   https://bugreport.java.com/bugreport/crash.jsp
#

---------------  S U M M A R Y ------------

Command Line: --add-opens=java.base/java.util=ALL-UNNAMED --add-opens=java.base/java.lang=ALL-UNNAMED --add-opens=java.base/java.lang.invoke=ALL-UNNAMED --add-opens=java.base/java.util=ALL-UNNAMED --add-opens=java.prefs/java.util.prefs=ALL-UNNAMED --add-opens=java.prefs/java.util.prefs=ALL-UNNAMED --add-opens=java.base/java.nio.charset=ALL-UNNAMED --add-opens=java.base/java.net=ALL-UNNAMED --add-opens=java.base/java.util.concurrent.atomic=ALL-UNNAMED -Xmx2048m -Dfile.encoding=windows-1252 -Duser.country=IN -Duser.language=en -Duser.variant org.gradle.launcher.daemon.bootstrap.GradleDaemon 7.0.2

Host: Intel(R) Pentium(R) CPU B950 @ 2.10GHz, 2 cores, 3G,  Windows 10 , 64 bit Build 19041 (10.0.19041.928)
Time: Wed Oct  6 09:09:30 2021 Pacific Daylight Time elapsed time: 578.055558 seconds (0d 0h 9m 38s)

---------------  T H R E A D  ---------------

Current thread (0x0000016047059000):  JavaThread "C2 CompilerThread0" daemon [_thread_in_native, id=6312, stack(0x0000005b67c00000,0x0000005b67d00000)]


Current CompileTask:
C2: 578055 22225       4       com.android.tools.r8.internal.Kv::a (430 bytes)

Stack: [0x0000005b67c00000,0x0000005b67d00000],  sp=0x0000005b67cfb780,  free space=1005k
Native frames: (J=compiled Java code, j=interpreted, Vv=VM code, C=native code)
V  [jvm.dll+0x2043d4]
V  [jvm.dll+0x1fc692]
V  [jvm.dll+0x1fa77f]
V  [jvm.dll+0x18354c]
V  [jvm.dll+0x208ee7]
V  [jvm.dll+0x207731]
V  [jvm.dll+0x6eb1cf]
V  [jvm.dll+0x6e3d45]
V  [jvm.dll+0x5ebe96]
C  [ucrtbase.dll+0x21bb2]
C  [KERNEL32.DLL+0x17034]
C  [ntdll.dll+0x52651]


siginfo: EXCEPTION_ACCESS_VIOLATION (0xc0000005), reading address 0xffffffffffffffff


Register to memory mapping:

RIP=0x00007ffbdbe943d4 jvm.dll
RAX=0x0000000000000160 is an unknown value
RBX=0x9001ff5b14452dcf is an unknown value
RCX=0x0000000000000598 is an unknown value
RDX=0x0000016055dd5280 points into unknown readable memory: 0x0000099006004a3c | 3c 4a 00 06 90 09 00 00
RSP=0x0000005b67cfb780 is pointing into the stack for thread: 0x0000016047059000
RBP=0x0000005b67cfb800 is pointing into the stack for thread: 0x0000016047059000
RSI=0x0 is NULL
RDI=0x0000016047898908 points into unknown readable memory: 0x00007ffbdc50ccb8 | b8 cc 50 dc fb 7f 00 00
R8 =0x0000000000000020 is an unknown value
R9 =0x00000160485e6850 points into unknown readable memory: 0x00007ffbdc3fff98 | 98 ff 3f dc fb 7f 00 00
R10=0x00000000000029c7 is an unknown value
R11=0x0000000000003fff is an unknown value
R12=0x0000000000000598 is an unknown value
R13=0x0000005b67cfc400 is pointing into the stack for thread: 0x0000016047059000
R14=0x00000160485c6b10 points into unknown readable memory: 0x0000000000000000 | 00 00 00 00 00 00 00 00
R15=0x0000000000000160 is an unknown value


Registers:
RAX=0x0000000000000160, RBX=0x9001ff5b14452dcf, RCX=0x0000000000000598, RDX=0x0000016055dd5280
RSP=0x0000005b67cfb780, RBP=0x0000005b67cfb800, RSI=0x0000000000000000, RDI=0x0000016047898908
R8 =0x0000000000000020, R9 =0x00000160485e6850, R10=0x00000000000029c7, R11=0x0000000000003fff
R12=0x0000000000000598, R13=0x0000005b67cfc400, R14=0x00000160485c6b10, R15=0x0000000000000160
RIP=0x00007ffbdbe943d4, EFLAGS=0x0000000000010206

Top of Stack: (sp=0x0000005b67cfb780)
0x0000005b67cfb780:   00000160506f0cf8 00000160506f50b8
0x0000005b67cfb790:   0000000000000000 0000005b67cfc400
0x0000005b67cfb7a0:   000001604704ab60 00007ffb00001000
0x0000005b67cfb7b0:   0000016048897d40 0000005b00000944
0x0000005b67cfb7c0:   00007ffbdc4fde48 000001604704ab60
0x0000005b67cfb7d0:   0000005b01000000 0000016055dd5050
0x0000005b67cfb7e0:   0000000000000000 00007ffbdbe941bd
0x0000005b67cfb7f0:   0000005b67cfe540 0000016054660e38
0x0000005b67cfb800:   0000016046ff98b8 0000005b67cfe540
0x0000005b67cfb810:   0000005b67cfb920 00007ffbdbe8c692
0x0000005b67cfb820:   00007ffbdc49cde0 0000000000000000
0x0000005b67cfb830:   0000005b00000005 000001604704ab60
0x0000005b67cfb840:   00000160499b5c00 00007ffbdc38a504
0x0000005b67cfb850:   00000160508c0000 0000000000000000
0x0000005b67cfb860:   0000016053637570 00000160508c6b00
0x0000005b67cfb870:   0000016050f42230 00007ffbdc49cde0 

Instructions: (pc=0x00007ffbdbe943d4)
0x00007ffbdbe942d4:   8b d0 48 8d 4d c0 48 8b 45 c0 ff 50 18 eb 25 83
0x00007ffbdbe942e4:   e0 1f 41 b8 01 00 00 00 0f b6 c8 48 8b 45 d8 48
0x00007ffbdbe942f4:   8d 14 90 41 d3 e0 8b 0a 8b c1 41 0b c8 89 0a 41
0x00007ffbdbe94304:   23 c0 75 22 8b 45 b8 8b d8 ff c0 89 45 b8 3b 5d
0x00007ffbdbe94314:   a8 72 0b 8b d3 48 8d 4d a0 e8 9e 80 3c 00 48 8b
0x00007ffbdbe94324:   45 b0 48 89 3c d8 41 8b f7 44 89 7d 30 45 8b e7
0x00007ffbdbe94334:   44 39 7d b8 0f 86 30 01 00 00 4c 89 74 24 78 0f
0x00007ffbdbe94344:   1f 40 00 66 0f 1f 84 00 00 00 00 00 48 8b 45 b0
0x00007ffbdbe94354:   41 8b cc 4c 8b 34 c8 41 8b 46 2c 24 07 3c 04 75
0x00007ffbdbe94364:   4e 49 8b 5e 38 48 8b cb 48 8b 03 ff 90 80 00 00
0x00007ffbdbe94374:   00 48 8b f8 48 3b c3 74 36 49 8b d6 49 8d 8d 88
0x00007ffbdbe94384:   09 00 00 e8 24 4d 41 00 49 8b d6 49 89 7e 38 49
0x00007ffbdbe94394:   8d 8d 88 09 00 00 e8 f1 4f 41 00 49 8d 8d d8 09
0x00007ffbdbe943a4:   00 00 49 8b d6 e8 c2 ca ea ff ff c6 89 75 30 41
0x00007ffbdbe943b4:   8b 46 1c 85 c0 0f 84 9d 00 00 00 49 8b f7 44 8b
0x00007ffbdbe943c4:   f8 66 66 66 0f 1f 84 00 00 00 00 00 49 8b 5e 08
0x00007ffbdbe943d4:   48 8b 1c 1e 48 85 db 74 6e f6 c3 01 75 69 48 83
0x00007ffbdbe943e4:   3b fe 74 63 8b 4b 28 8b c1 c1 e8 05 3b 45 d0 72
0x00007ffbdbe943f4:   0f 48 8b 45 c0 8b d1 48 8d 4d c0 ff 50 18 eb 25
0x00007ffbdbe94404:   83 e1 1f 41 b8 01 00 00 00 41 d3 e0 8b c8 48 8b
0x00007ffbdbe94414:   45 d8 48 8d 14 88 8b 0c 88 8b c1 41 0b c8 89 0a
0x00007ffbdbe94424:   41 23 c0 75 22 8b 45 b8 8b f8 ff c0 89 45 b8 3b
0x00007ffbdbe94434:   7d a8 72 0b 8b d7 48 8d 4d a0 e8 7d 7f 3c 00 48
0x00007ffbdbe94444:   8b 45 b0 48 89 1c f8 48 83 c6 08 49 83 ef 01 0f
0x00007ffbdbe94454:   85 77 ff ff ff 8b 75 30 41 ff c4 44 3b 65 b8 0f
0x00007ffbdbe94464:   82 e7 fe ff ff 4c 8b 74 24 78 49 8b cd e8 da 57
0x00007ffbdbe94474:   41 00 4c 8b 7c 24 70 4c 8b a4 24 b8 00 00 00 48
0x00007ffbdbe94484:   8b bc 24 a8 00 00 00 48 8b 9c 24 a0 00 00 00 85
0x00007ffbdbe94494:   f6 7e 08 49 8b cd e8 b1 51 41 00 48 81 c4 80 00
0x00007ffbdbe944a4:   00 00 41 5d 5e 5d c3 cc cc cc cc cc 40 53 57 41
0x00007ffbdbe944b4:   55 41 56 48 83 ec 28 33 ff 4d 8b e8 48 8b da 44
0x00007ffbdbe944c4:   8b f7 39 3a 0f 8e 8a 00 00 00 48 89 6c 24 50 8b 


Stack slot to memory mapping:
stack at sp + 0 slots: 0x00000160506f0cf8 points into unknown readable memory: 0x00007ffbdc50d848 | 48 d8 50 dc fb 7f 00 00
stack at sp + 1 slots: 0x00000160506f50b8 points into unknown readable memory: 0x00007ffbdc50d848 | 48 d8 50 dc fb 7f 00 00
stack at sp + 2 slots: 0x0 is NULL
stack at sp + 3 slots: 0x0000005b67cfc400 is pointing into the stack for thread: 0x0000016047059000
stack at sp + 4 slots: 0x000001604704ab60 points into unknown readable memory: 0x0008000900000006 | 06 00 00 00 09 00 08 00
stack at sp + 5 slots: 0x00007ffb00001000 is an unknown value
stack at sp + 6 slots: 0x0000016048897d40 points into unknown readable memory: 0x000001604e25cc10 | 10 cc 25 4e 60 01 00 00
stack at sp + 7 slots: 0x0000005b00000944 is an unknown value


---------------  P R O C E S S  ---------------

Threads class SMR info:
_java_thread_list=0x000001604d7fdbd0, length=46, elements={
0x000001602d78b000, 0x0000016046ff1000, 0x0000016046ff2800, 0x0000016047050800,
0x0000016047051800, 0x0000016047054000, 0x0000016047059000, 0x0000016047061800,
0x0000016047073000, 0x00000160479cc000, 0x00000160492cb800, 0x0000016048a2c800,
0x0000016048d92000, 0x0000016049a56800, 0x0000016049a5d000, 0x0000016049a57000,
0x0000016049a5c000, 0x0000016049a58800, 0x000001604b72b000, 0x000001604b72f000,
0x000001604b72c000, 0x000001604b72d800, 0x000001604b730000, 0x000001604b731000,
0x000001604bffc000, 0x000001604b729800, 0x000001604b72a800, 0x000001604b732800,
0x000001604b733800, 0x000001604b736800, 0x000001604b734000, 0x000001604b731800,
0x000001604b737800, 0x000001604b738000, 0x000001604b735000, 0x000001604b735800,
0x000001604bff7000, 0x000001604bffd000, 0x000001604bffd800, 0x000001604bff8800,
0x000001604bff9800, 0x000001604bffa800, 0x000001604bff8000, 0x000001604bffe800,
0x000001604bfff800, 0x000001604c001000
}

Java Threads: ( => current thread )
  0x000001602d78b000 JavaThread "main" [_thread_blocked, id=1748, stack(0x0000005b67000000,0x0000005b67100000)]
  0x0000016046ff1000 JavaThread "Reference Handler" daemon [_thread_blocked, id=6580, stack(0x0000005b67700000,0x0000005b67800000)]
  0x0000016046ff2800 JavaThread "Finalizer" daemon [_thread_blocked, id=3332, stack(0x0000005b67800000,0x0000005b67900000)]
  0x0000016047050800 JavaThread "Signal Dispatcher" daemon [_thread_blocked, id=3104, stack(0x0000005b67900000,0x0000005b67a00000)]
  0x0000016047051800 JavaThread "Attach Listener" daemon [_thread_blocked, id=5644, stack(0x0000005b67a00000,0x0000005b67b00000)]
  0x0000016047054000 JavaThread "Service Thread" daemon [_thread_blocked, id=2192, stack(0x0000005b67b00000,0x0000005b67c00000)]
=>0x0000016047059000 JavaThread "C2 CompilerThread0" daemon [_thread_in_native, id=6312, stack(0x0000005b67c00000,0x0000005b67d00000)]
  0x0000016047061800 JavaThread "C1 CompilerThread0" daemon [_thread_blocked, id=5668, stack(0x0000005b67d00000,0x0000005b67e00000)]
  0x0000016047073000 JavaThread "Sweeper thread" daemon [_thread_blocked, id=7108, stack(0x0000005b67e00000,0x0000005b67f00000)]
  0x00000160479cc000 JavaThread "Common-Cleaner" daemon [_thread_blocked, id=6744, stack(0x0000005b67f00000,0x0000005b68000000)]
  0x00000160492cb800 JavaThread "Daemon health stats" [_thread_blocked, id=788, stack(0x0000005b68200000,0x0000005b68300000)]
  0x0000016048a2c800 JavaThread "Incoming local TCP Connector on port 57952" [_thread_in_native, id=2588, stack(0x0000005b68300000,0x0000005b68400000)]
  0x0000016048d92000 JavaThread "Daemon periodic checks" [_thread_blocked, id=2276, stack(0x0000005b68600000,0x0000005b68700000)]
  0x0000016049a56800 JavaThread "Cache worker for file hash cache (C:\Users\Prasanth\.gradle\caches\7.0.2\fileHashes)" [_thread_blocked, id=2100, stack(0x0000005b68c00000,0x0000005b68d00000)]
  0x0000016049a5d000 JavaThread "File lock request listener" [_thread_in_native, id=4380, stack(0x0000005b68d00000,0x0000005b68e00000)]
  0x0000016049a57000 JavaThread "Cache worker for journal cache (C:\Users\Prasanth\.gradle\caches\journal-1)" [_thread_blocked, id=2344, stack(0x0000005b68e00000,0x0000005b68f00000)]
  0x0000016049a5c000 JavaThread "File watcher server" daemon [_thread_in_native, id=2036, stack(0x0000005b69000000,0x0000005b69100000)]
  0x0000016049a58800 JavaThread "File watcher consumer" daemon [_thread_blocked, id=4892, stack(0x0000005b69100000,0x0000005b69200000)]
  0x000001604b72b000 JavaThread "Cache worker for execution history cache (C:\Users\Prasanth\.gradle\caches\7.0.2\executionHistory)" [_thread_blocked, id=4652, stack(0x0000005b69500000,0x0000005b69600000)]
  0x000001604b72f000 JavaThread "jar transforms" [_thread_blocked, id=3348, stack(0x0000005b69600000,0x0000005b69700000)]
  0x000001604b72c000 JavaThread "jar transforms Thread 2" [_thread_blocked, id=6248, stack(0x0000005b69700000,0x0000005b69800000)]
  0x000001604b72d800 JavaThread "Cache worker for file content cache (C:\Users\Prasanth\.gradle\caches\7.0.2\fileContent)" [_thread_blocked, id=2304, stack(0x0000005b69800000,0x0000005b69900000)]
  0x000001604b730000 JavaThread "Memory manager" [_thread_blocked, id=2652, stack(0x0000005b69d00000,0x0000005b69e00000)]
  0x000001604b731000 JavaThread "Cache worker for Java compile cache (C:\Users\Prasanth\.gradle\caches\7.0.2\javaCompile)" [_thread_blocked, id=2524, stack(0x0000005b6a300000,0x0000005b6a400000)]
  0x000001604bffc000 JavaThread "ForkJoinPool.commonPool-worker-1" daemon [_thread_blocked, id=5104, stack(0x0000005b68a00000,0x0000005b68b00000)]
  0x000001604b729800 JavaThread "Daemon Thread 4" [_thread_blocked, id=4856, stack(0x0000005b66d00000,0x0000005b66e00000)]
  0x000001604b72a800 JavaThread "Handler for socket connection from /127.0.0.1:57952 to /127.0.0.1:58057" [_thread_in_native, id=6072, stack(0x0000005b66e00000,0x0000005b66f00000)]
  0x000001604b732800 JavaThread "Cancel handler" [_thread_blocked, id=5080, stack(0x0000005b66f00000,0x0000005b67000000)]
  0x000001604b733800 JavaThread "Daemon worker Thread 4" [_thread_blocked, id=2160, stack(0x0000005b68400000,0x0000005b68500000)]
  0x000001604b736800 JavaThread "Asynchronous log dispatcher for DefaultDaemonConnection: socket connection from /127.0.0.1:57952 to /127.0.0.1:58057" [_thread_blocked, id=5856, stack(0x0000005b68500000,0x0000005b68600000)]
  0x000001604b734000 JavaThread "Stdin handler" [_thread_blocked, id=3108, stack(0x0000005b68700000,0x0000005b68800000)]
  0x000001604b731800 JavaThread "Daemon client event forwarder" [_thread_blocked, id=1208, stack(0x0000005b68800000,0x0000005b68900000)]
  0x000001604b737800 JavaThread "Cache worker for file hash cache (C:\Users\Prasanth\AndroidStudioProjects\Skyblue\.gradle\7.0.2\fileHashes)" [_thread_blocked, id=2792, stack(0x0000005b68900000,0x0000005b68a00000)]
  0x000001604b738000 JavaThread "Cache worker for checksums cache (C:\Users\Prasanth\AndroidStudioProjects\Skyblue\.gradle\checksums)" [_thread_blocked, id=4932, stack(0x0000005b68b00000,0x0000005b68c00000)]
  0x000001604b735000 JavaThread "Cache worker for cache directory md-supplier (C:\Users\Prasanth\.gradle\caches\7.0.2\md-supplier)" [_thread_blocked, id=2028, stack(0x0000005b68f00000,0x0000005b69000000)]
  0x000001604b735800 JavaThread "Cache worker for cache directory md-rule (C:\Users\Prasanth\.gradle\caches\7.0.2\md-rule)" [_thread_blocked, id=2012, stack(0x0000005b69200000,0x0000005b69300000)]
  0x000001604bff7000 JavaThread "Cache worker for dependencies-accessors (C:\Users\Prasanth\AndroidStudioProjects\Skyblue\.gradle\7.0.2\dependencies-accessors)" [_thread_blocked, id=2412, stack(0x0000005b69300000,0x0000005b69400000)]
  0x000001604bffd000 JavaThread "Cache worker for Build Output Cleanup Cache (C:\Users\Prasanth\AndroidStudioProjects\Skyblue\.gradle\buildOutputCleanup)" [_thread_blocked, id=5068, stack(0x0000005b69400000,0x0000005b69500000)]
  0x000001604bffd800 JavaThread "Build operations" [_thread_blocked, id=3276, stack(0x0000005b69900000,0x0000005b69a00000)]
  0x000001604bff8800 JavaThread "Build operations Thread 2" [_thread_blocked, id=1696, stack(0x0000005b69a00000,0x0000005b69b00000)]
  0x000001604bff9800 JavaThread "build event listener" [_thread_blocked, id=4448, stack(0x0000005b69b00000,0x0000005b69c00000)]
  0x000001604bffa800 JavaThread "Execution worker for ':'" [_thread_blocked, id=1336, stack(0x0000005b69c00000,0x0000005b69d00000)]
  0x000001604bff8000 JavaThread "Cache worker for execution history cache (C:\Users\Prasanth\AndroidStudioProjects\Skyblue\.gradle\7.0.2\executionHistory)" [_thread_blocked, id=5940, stack(0x0000005b69e00000,0x0000005b69f00000)]
  0x000001604bffe800 JavaThread "Cache worker for Java compile cache (C:\Users\Prasanth\AndroidStudioProjects\Skyblue\.gradle\7.0.2\javaCompile)" [_thread_blocked, id=1744, stack(0x0000005b69f00000,0x0000005b6a000000)]
  0x000001604bfff800 JavaThread "WorkerExecutor Queue" [_thread_in_native, id=4728, stack(0x0000005b6a000000,0x0000005b6a100000)]
  0x000001604c001000 JavaThread "WorkerExecutor Queue Thread 3" [_thread_blocked, id=6708, stack(0x0000005b6a200000,0x0000005b6a300000)]

Other Threads:
  0x0000016046feb000 VMThread "VM Thread" [stack: 0x0000005b67600000,0x0000005b67700000] [id=2504]
  0x00000160479f9000 WatcherThread [stack: 0x0000005b68000000,0x0000005b68100000] [id=716]
  0x000001602d7a4800 GCTaskThread "GC Thread#0" [stack: 0x0000005b67100000,0x0000005b67200000] [id=4804]
  0x0000016047aba000 GCTaskThread "GC Thread#1" [stack: 0x0000005b68100000,0x0000005b68200000] [id=2480]
  0x000001602d7d6800 ConcurrentGCThread "G1 Main Marker" [stack: 0x0000005b67200000,0x0000005b67300000] [id=1608]
  0x000001602d7d8000 ConcurrentGCThread "G1 Conc#0" [stack: 0x0000005b67300000,0x0000005b67400000] [id=6660]
  0x000001602d828800 ConcurrentGCThread "G1 Refine#0" [stack: 0x0000005b67400000,0x0000005b67500000] [id=6012]
  0x000001602d829800 ConcurrentGCThread "G1 Young RemSet Sampling" [stack: 0x0000005b67500000,0x0000005b67600000] [id=184]

Threads with active compile tasks:
C2 CompilerThread0 578532 22225       4       com.android.tools.r8.internal.Kv::a (430 bytes)

VM state:not at safepoint (normal execution)

VM Mutex/Monitor currently owned by a thread: None

Heap address: 0x0000000080000000, size: 2048 MB, Compressed Oops mode: 32-bit
Narrow klass base: 0x0000000000000000, Narrow klass shift: 3
Compressed class space size: 1073741824 Address: 0x0000000100000000

Heap:
 garbage-first heap   total 232448K, used 112365K [0x0000000080000000, 0x0000000100000000)
  region size 1024K, 6 young (6144K), 4 survivors (4096K)
 Metaspace       used 115781K, capacity 118966K, committed 119628K, reserved 1153024K
  class space    used 14391K, capacity 15566K, committed 15744K, reserved 1048576K
Heap Regions: E=young(eden), S=young(survivor), O=old, HS=humongous(starts), HC=humongous(continues), CS=collection set, F=free, A=archive, TAMS=top-at-mark-start (previous, next)
|   0|0x0000000080000000, 0x0000000080100000, 0x0000000080100000|100%| O|  |TAMS 0x0000000080100000, 0x0000000080000000| Untracked 
|   1|0x0000000080100000, 0x0000000080200000, 0x0000000080200000|100%| O|  |TAMS 0x0000000080200000, 0x0000000080100000| Untracked 
|   2|0x0000000080200000, 0x0000000080300000, 0x0000000080300000|100%| O|  |TAMS 0x0000000080300000, 0x0000000080200000| Untracked 
|   3|0x0000000080300000, 0x0000000080400000, 0x0000000080400000|100%| O|  |TAMS 0x0000000080400000, 0x0000000080300000| Untracked 
|   4|0x0000000080400000, 0x0000000080500000, 0x0000000080500000|100%|HS|  |TAMS 0x0000000080500000, 0x0000000080400000| Complete 
|   5|0x0000000080500000, 0x0000000080600000, 0x0000000080600000|100%|HC|  |TAMS 0x0000000080600000, 0x0000000080500000| Complete 
|   6|0x0000000080600000, 0x0000000080700000, 0x0000000080700000|100%|HC|  |TAMS 0x0000000080700000, 0x0000000080600000| Complete 
|   7|0x0000000080700000, 0x0000000080800000, 0x0000000080800000|100%| O|  |TAMS 0x0000000080800000, 0x0000000080700000| Untracked 
|   8|0x0000000080800000, 0x0000000080900000, 0x0000000080900000|100%| O|  |TAMS 0x0000000080900000, 0x0000000080800000| Untracked 
|   9|0x0000000080900000, 0x0000000080a00000, 0x0000000080a00000|100%| O|  |TAMS 0x0000000080a00000, 0x0000000080900000| Untracked 
|  10|0x0000000080a00000, 0x0000000080b00000, 0x0000000080b00000|100%| O|  |TAMS 0x0000000080b00000, 0x0000000080a00000| Untracked 
|  11|0x0000000080b00000, 0x0000000080c00000, 0x0000000080c00000|100%| O|  |TAMS 0x0000000080c00000, 0x0000000080b00000| Untracked 
|  12|0x0000000080c00000, 0x0000000080d00000, 0x0000000080d00000|100%| O|  |TAMS 0x0000000080d00000, 0x0000000080c00000| Untracked 
|  13|0x0000000080d00000, 0x0000000080e00000, 0x0000000080e00000|100%| O|  |TAMS 0x0000000080e00000, 0x0000000080d00000| Untracked 
|  14|0x0000000080e00000, 0x0000000080f00000, 0x0000000080f00000|100%| O|  |TAMS 0x0000000080f00000, 0x0000000080e00000| Untracked 
|  15|0x0000000080f00000, 0x0000000081000000, 0x0000000081000000|100%| O|  |TAMS 0x0000000081000000, 0x0000000080f00000| Untracked 
|  16|0x0000000081000000, 0x0000000081100000, 0x0000000081100000|100%| O|  |TAMS 0x0000000081100000, 0x0000000081000000| Untracked 
|  17|0x0000000081100000, 0x0000000081200000, 0x0000000081200000|100%| O|  |TAMS 0x0000000081200000, 0x0000000081100000| Untracked 
|  18|0x0000000081200000, 0x0000000081300000, 0x0000000081300000|100%| O|  |TAMS 0x0000000081300000, 0x0000000081200000| Untracked 
|  19|0x0000000081300000, 0x0000000081400000, 0x0000000081400000|100%| O|  |TAMS 0x0000000081400000, 0x0000000081300000| Untracked 
|  20|0x0000000081400000, 0x0000000081500000, 0x0000000081500000|100%| O|  |TAMS 0x0000000081500000, 0x0000000081400000| Untracked 
|  21|0x0000000081500000, 0x0000000081600000, 0x0000000081600000|100%| O|  |TAMS 0x0000000081600000, 0x0000000081500000| Untracked 
|  22|0x0000000081600000, 0x0000000081700000, 0x0000000081700000|100%| O|  |TAMS 0x0000000081700000, 0x0000000081600000| Untracked 
|  23|0x0000000081700000, 0x0000000081800000, 0x0000000081800000|100%| O|  |TAMS 0x0000000081800000, 0x0000000081700000| Untracked 
|  24|0x0000000081800000, 0x0000000081900000, 0x0000000081900000|100%| O|  |TAMS 0x0000000081900000, 0x0000000081800000| Untracked 
|  25|0x0000000081900000, 0x0000000081a00000, 0x0000000081a00000|100%| O|  |TAMS 0x0000000081a00000, 0x0000000081900000| Untracked 
|  26|0x0000000081a00000, 0x0000000081b00000, 0x0000000081b00000|100%|HS|  |TAMS 0x0000000081b00000, 0x0000000081a00000| Complete 
|  27|0x0000000081b00000, 0x0000000081c00000, 0x0000000081c00000|100%|HS|  |TAMS 0x0000000081c00000, 0x0000000081b00000| Complete 
|  28|0x0000000081c00000, 0x0000000081d00000, 0x0000000081d00000|100%|HS|  |TAMS 0x0000000081d00000, 0x0000000081c00000| Complete 
|  29|0x0000000081d00000, 0x0000000081e00000, 0x0000000081e00000|100%|HC|  |TAMS 0x0000000081e00000, 0x0000000081d00000| Complete 
|  30|0x0000000081e00000, 0x0000000081f00000, 0x0000000081f00000|100%| O|  |TAMS 0x0000000081f00000, 0x0000000081e00000| Untracked 
|  31|0x0000000081f00000, 0x0000000082000000, 0x0000000082000000|100%| O|  |TAMS 0x0000000082000000, 0x0000000081f00000| Untracked 
|  32|0x0000000082000000, 0x0000000082100000, 0x0000000082100000|100%| O|  |TAMS 0x0000000082100000, 0x0000000082000000| Untracked 
|  33|0x0000000082100000, 0x0000000082200000, 0x0000000082200000|100%| O|  |TAMS 0x0000000082200000, 0x0000000082100000| Untracked 
|  34|0x0000000082200000, 0x0000000082300000, 0x0000000082300000|100%| O|  |TAMS 0x0000000082300000, 0x0000000082200000| Untracked 
|  35|0x0000000082300000, 0x0000000082400000, 0x0000000082400000|100%| O|  |TAMS 0x0000000082400000, 0x0000000082300000| Untracked 
|  36|0x0000000082400000, 0x0000000082500000, 0x0000000082500000|100%| O|  |TAMS 0x0000000082500000, 0x0000000082400000| Untracked 
|  37|0x0000000082500000, 0x0000000082600000, 0x0000000082600000|100%| O|  |TAMS 0x0000000082600000, 0x0000000082500000| Untracked 
|  38|0x0000000082600000, 0x0000000082700000, 0x0000000082700000|100%| O|  |TAMS 0x0000000082700000, 0x0000000082600000| Untracked 
|  39|0x0000000082700000, 0x0000000082800000, 0x0000000082800000|100%| O|  |TAMS 0x0000000082800000, 0x0000000082700000| Untracked 
|  40|0x0000000082800000, 0x0000000082900000, 0x0000000082900000|100%| O|  |TAMS 0x0000000082900000, 0x0000000082800000| Untracked 
|  41|0x0000000082900000, 0x0000000082a00000, 0x0000000082a00000|100%| O|  |TAMS 0x0000000082a00000, 0x0000000082900000| Untracked 
|  42|0x0000000082a00000, 0x0000000082b00000, 0x0000000082b00000|100%| O|  |TAMS 0x0000000082b00000, 0x0000000082a00000| Untracked 
|  43|0x0000000082b00000, 0x0000000082c00000, 0x0000000082c00000|100%| O|  |TAMS 0x0000000082c00000, 0x0000000082b00000| Untracked 
|  44|0x0000000082c00000, 0x0000000082d00000, 0x0000000082d00000|100%| O|  |TAMS 0x0000000082d00000, 0x0000000082c00000| Untracked 
|  45|0x0000000082d00000, 0x0000000082e00000, 0x0000000082e00000|100%| O|  |TAMS 0x0000000082e00000, 0x0000000082d00000| Untracked 
|  46|0x0000000082e00000, 0x0000000082f00000, 0x0000000082f00000|100%| O|  |TAMS 0x0000000082f00000, 0x0000000082e00000| Untracked 
|  47|0x0000000082f00000, 0x0000000083000000, 0x0000000083000000|100%| O|  |TAMS 0x0000000083000000, 0x0000000082f00000| Untracked 
|  48|0x0000000083000000, 0x0000000083100000, 0x0000000083100000|100%| O|  |TAMS 0x0000000083100000, 0x0000000083000000| Untracked 
|  49|0x0000000083100000, 0x0000000083200000, 0x0000000083200000|100%| O|  |TAMS 0x0000000083200000, 0x0000000083100000| Untracked 
|  50|0x0000000083200000, 0x0000000083300000, 0x0000000083300000|100%| O|  |TAMS 0x0000000083300000, 0x0000000083200000| Untracked 
|  51|0x0000000083300000, 0x0000000083400000, 0x0000000083400000|100%| O|  |TAMS 0x0000000083400000, 0x0000000083300000| Untracked 
|  52|0x0000000083400000, 0x0000000083500000, 0x0000000083500000|100%| O|  |TAMS 0x0000000083500000, 0x0000000083400000| Untracked 
|  53|0x0000000083500000, 0x0000000083600000, 0x0000000083600000|100%| O|  |TAMS 0x0000000083600000, 0x0000000083500000| Untracked 
|  54|0x0000000083600000, 0x0000000083700000, 0x0000000083700000|100%| O|  |TAMS 0x0000000083700000, 0x0000000083600000| Untracked 
|  55|0x0000000083700000, 0x0000000083800000, 0x0000000083800000|100%| O|  |TAMS 0x0000000083800000, 0x0000000083700000| Untracked 
|  56|0x0000000083800000, 0x0000000083900000, 0x0000000083900000|100%| O|  |TAMS 0x0000000083900000, 0x0000000083800000| Untracked 
|  57|0x0000000083900000, 0x0000000083a00000, 0x0000000083a00000|100%| O|  |TAMS 0x0000000083a00000, 0x0000000083900000| Untracked 
|  58|0x0000000083a00000, 0x0000000083b00000, 0x0000000083b00000|100%| O|  |TAMS 0x0000000083b00000, 0x0000000083a00000| Untracked 
|  59|0x0000000083b00000, 0x0000000083c00000, 0x0000000083c00000|100%| O|  |TAMS 0x0000000083c00000, 0x0000000083b00000| Untracked 
|  60|0x0000000083c00000, 0x0000000083d00000, 0x0000000083d00000|100%| O|  |TAMS 0x0000000083d00000, 0x0000000083c00000| Untracked 
|  61|0x0000000083d00000, 0x0000000083e00000, 0x0000000083e00000|100%| O|  |TAMS 0x0000000083e00000, 0x0000000083d00000| Untracked 
|  62|0x0000000083e00000, 0x0000000083f00000, 0x0000000083f00000|100%| O|  |TAMS 0x0000000083f00000, 0x0000000083e00000| Untracked 
|  63|0x0000000083f00000, 0x0000000084000000, 0x0000000084000000|100%| O|  |TAMS 0x0000000084000000, 0x0000000083f00000| Untracked 
|  64|0x0000000084000000, 0x0000000084100000, 0x0000000084100000|100%| O|  |TAMS 0x0000000084100000, 0x0000000084000000| Untracked 
|  65|0x0000000084100000, 0x0000000084200000, 0x0000000084200000|100%| O|  |TAMS 0x0000000084200000, 0x0000000084100000| Untracked 
|  66|0x0000000084200000, 0x0000000084300000, 0x0000000084300000|100%| O|  |TAMS 0x0000000084300000, 0x0000000084200000| Untracked 
|  67|0x0000000084300000, 0x0000000084400000, 0x0000000084400000|100%| O|  |TAMS 0x0000000084400000, 0x0000000084300000| Untracked 
|  68|0x0000000084400000, 0x0000000084500000, 0x0000000084500000|100%| O|  |TAMS 0x0000000084500000, 0x0000000084400000| Untracked 
|  69|0x0000000084500000, 0x0000000084500000, 0x0000000084600000|  0%| F|  |TAMS 0x0000000084500000, 0x0000000084500000| Untracked 
|  70|0x0000000084600000, 0x0000000084700000, 0x0000000084700000|100%| O|  |TAMS 0x0000000084700000, 0x0000000084600000| Untracked 
|  71|0x0000000084700000, 0x0000000084800000, 0x0000000084800000|100%| O|  |TAMS 0x0000000084800000, 0x0000000084700000| Untracked 
|  72|0x0000000084800000, 0x0000000084900000, 0x0000000084900000|100%| O|  |TAMS 0x0000000084900000, 0x0000000084800000| Untracked 
|  73|0x0000000084900000, 0x0000000084a00000, 0x0000000084a00000|100%| O|  |TAMS 0x0000000084a00000, 0x0000000084900000| Untracked 
|  74|0x0000000084a00000, 0x0000000084b00000, 0x0000000084b00000|100%| O|  |TAMS 0x0000000084b00000, 0x0000000084a00000| Untracked 
|  75|0x0000000084b00000, 0x0000000084c00000, 0x0000000084c00000|100%| O|  |TAMS 0x0000000084c00000, 0x0000000084b00000| Untracked 
|  76|0x0000000084c00000, 0x0000000084c00000, 0x0000000084d00000|  0%| F|  |TAMS 0x0000000084c00000, 0x0000000084c00000| Untracked 
|  77|0x0000000084d00000, 0x0000000084e00000, 0x0000000084e00000|100%| O|  |TAMS 0x0000000084e00000, 0x0000000084d00000| Untracked 
|  78|0x0000000084e00000, 0x0000000084f00000, 0x0000000084f00000|100%| O|  |TAMS 0x0000000084f00000, 0x0000000084e00000| Untracked 
|  79|0x0000000084f00000, 0x0000000085000000, 0x0000000085000000|100%| O|  |TAMS 0x0000000085000000, 0x0000000084f00000| Untracked 
|  80|0x0000000085000000, 0x0000000085100000, 0x0000000085100000|100%| O|  |TAMS 0x0000000085100000, 0x0000000085000000| Untracked 
|  81|0x0000000085100000, 0x0000000085200000, 0x0000000085200000|100%| O|  |TAMS 0x0000000085200000, 0x0000000085100000| Untracked 
|  82|0x0000000085200000, 0x0000000085300000, 0x0000000085300000|100%| O|  |TAMS 0x0000000085300000, 0x0000000085200000| Untracked 
|  83|0x0000000085300000, 0x0000000085300000, 0x0000000085400000|  0%| F|  |TAMS 0x0000000085300000, 0x0000000085300000| Untracked 
|  84|0x0000000085400000, 0x0000000085400000, 0x0000000085500000|  0%| F|  |TAMS 0x0000000085400000, 0x0000000085400000| Untracked 
|  85|0x0000000085500000, 0x0000000085500000, 0x0000000085600000|  0%| F|  |TAMS 0x0000000085500000, 0x0000000085500000| Untracked 
|  86|0x0000000085600000, 0x0000000085700000, 0x0000000085700000|100%| O|  |TAMS 0x0000000085700000, 0x0000000085600000| Untracked 
|  87|0x0000000085700000, 0x0000000085800000, 0x0000000085800000|100%| O|  |TAMS 0x0000000085800000, 0x0000000085700000| Untracked 
|  88|0x0000000085800000, 0x0000000085900000, 0x0000000085900000|100%| O|  |TAMS 0x0000000085900000, 0x0000000085800000| Untracked 
|  89|0x0000000085900000, 0x0000000085900000, 0x0000000085a00000|  0%| F|  |TAMS 0x0000000085900000, 0x0000000085900000| Untracked 
|  90|0x0000000085a00000, 0x0000000085b00000, 0x0000000085b00000|100%| O|  |TAMS 0x0000000085b00000, 0x0000000085a00000| Untracked 
|  91|0x0000000085b00000, 0x0000000085c00000, 0x0000000085c00000|100%| O|  |TAMS 0x0000000085c00000, 0x0000000085b00000| Untracked 
|  92|0x0000000085c00000, 0x0000000085d00000, 0x0000000085d00000|100%| O|  |TAMS 0x0000000085d00000, 0x0000000085c00000| Untracked 
|  93|0x0000000085d00000, 0x0000000085e00000, 0x0000000085e00000|100%| O|  |TAMS 0x0000000085e00000, 0x0000000085d00000| Untracked 
|  94|0x0000000085e00000, 0x0000000085e00000, 0x0000000085f00000|  0%| F|  |TAMS 0x0000000085e00000, 0x0000000085e00000| Untracked 
|  95|0x0000000085f00000, 0x0000000086000000, 0x0000000086000000|100%| O|  |TAMS 0x0000000086000000, 0x0000000085f00000| Untracked 
|  96|0x0000000086000000, 0x0000000086100000, 0x0000000086100000|100%| O|  |TAMS 0x0000000086100000, 0x0000000086000000| Untracked 
|  97|0x0000000086100000, 0x0000000086100000, 0x0000000086200000|  0%| F|  |TAMS 0x0000000086100000, 0x0000000086100000| Untracked 
|  98|0x0000000086200000, 0x0000000086300000, 0x0000000086300000|100%| O|  |TAMS 0x0000000086300000, 0x0000000086200000| Untracked 
|  99|0x0000000086300000, 0x0000000086400000, 0x0000000086400000|100%| O|  |TAMS 0x0000000086400000, 0x0000000086300000| Untracked 
| 100|0x0000000086400000, 0x0000000086500000, 0x0000000086500000|100%| O|  |TAMS 0x0000000086500000, 0x0000000086400000| Untracked 
| 101|0x0000000086500000, 0x0000000086600000, 0x0000000086600000|100%| O|  |TAMS 0x0000000086600000, 0x0000000086500000| Untracked 
| 102|0x0000000086600000, 0x0000000086700000, 0x0000000086700000|100%| O|  |TAMS 0x0000000086700000, 0x0000000086600000| Untracked 
| 103|0x0000000086700000, 0x0000000086800000, 0x0000000086800000|100%| O|  |TAMS 0x0000000086800000, 0x0000000086700000| Untracked 
| 104|0x0000000086800000, 0x0000000086900000, 0x0000000086900000|100%| O|  |TAMS 0x0000000086900000, 0x0000000086800000| Untracked 
| 105|0x0000000086900000, 0x0000000086900000, 0x0000000086a00000|  0%| F|  |TAMS 0x0000000086900000, 0x0000000086900000| Untracked 
| 106|0x0000000086a00000, 0x0000000086b00000, 0x0000000086b00000|100%| O|  |TAMS 0x0000000086b00000, 0x0000000086a00000| Untracked 
| 107|0x0000000086b00000, 0x0000000086c00000, 0x0000000086c00000|100%| O|  |TAMS 0x0000000086c00000, 0x0000000086b00000| Untracked 
| 108|0x0000000086c00000, 0x0000000086c88200, 0x0000000086d00000| 53%| O|  |TAMS 0x0000000086c88200, 0x0000000086c00000| Untracked 
| 109|0x0000000086d00000, 0x0000000086d00000, 0x0000000086e00000|  0%| F|  |TAMS 0x0000000086d00000, 0x0000000086d00000| Untracked 
| 110|0x0000000086e00000, 0x0000000086f00000, 0x0000000086f00000|100%| O|  |TAMS 0x0000000086f00000, 0x0000000086e00000| Untracked 
| 111|0x0000000086f00000, 0x0000000086f00000, 0x0000000087000000|  0%| F|  |TAMS 0x0000000086f00000, 0x0000000086f00000| Untracked 
| 112|0x0000000087000000, 0x0000000087000000, 0x0000000087100000|  0%| F|  |TAMS 0x0000000087000000, 0x0000000087000000| Untracked 
| 113|0x0000000087100000, 0x0000000087100000, 0x0000000087200000|  0%| F|  |TAMS 0x0000000087100000, 0x0000000087100000| Untracked 
| 114|0x0000000087200000, 0x0000000087200000, 0x0000000087300000|  0%| F|  |TAMS 0x0000000087200000, 0x0000000087200000| Untracked 
| 115|0x0000000087300000, 0x0000000087400000, 0x0000000087400000|100%| O|  |TAMS 0x0000000087400000, 0x0000000087300000| Untracked 
| 116|0x0000000087400000, 0x0000000087500000, 0x0000000087500000|100%| O|  |TAMS 0x0000000087500000, 0x0000000087400000| Untracked 
| 117|0x0000000087500000, 0x0000000087500000, 0x0000000087600000|  0%| F|  |TAMS 0x0000000087500000, 0x0000000087500000| Untracked 
| 118|0x0000000087600000, 0x0000000087600000, 0x0000000087700000|  0%| F|  |TAMS 0x0000000087600000, 0x0000000087600000| Untracked 
| 119|0x0000000087700000, 0x0000000087800000, 0x0000000087800000|100%| O|  |TAMS 0x0000000087800000, 0x0000000087700000| Untracked 
| 120|0x0000000087800000, 0x0000000087800000, 0x0000000087900000|  0%| F|  |TAMS 0x0000000087800000, 0x0000000087800000| Untracked 
| 121|0x0000000087900000, 0x0000000087900000, 0x0000000087a00000|  0%| F|  |TAMS 0x0000000087900000, 0x0000000087900000| Untracked 
| 122|0x0000000087a00000, 0x0000000087b00000, 0x0000000087b00000|100%| O|  |TAMS 0x0000000087b00000, 0x0000000087a00000| Untracked 
| 123|0x0000000087b00000, 0x0000000087c00000, 0x0000000087c00000|100%| O|  |TAMS 0x0000000087c00000, 0x0000000087b00000| Untracked 
| 124|0x0000000087c00000, 0x0000000087c00000, 0x0000000087d00000|  0%| F|  |TAMS 0x0000000087c00000, 0x0000000087c00000| Untracked 
| 125|0x0000000087d00000, 0x0000000087e00000, 0x0000000087e00000|100%| O|  |TAMS 0x0000000087e00000, 0x0000000087d00000| Untracked 
| 126|0x0000000087e00000, 0x0000000087e00000, 0x0000000087f00000|  0%| F|  |TAMS 0x0000000087e00000, 0x0000000087e00000| Untracked 
| 127|0x0000000087f00000, 0x0000000087f00000, 0x0000000088000000|  0%| F|  |TAMS 0x0000000087f00000, 0x0000000087f00000| Untracked 
| 128|0x0000000088000000, 0x0000000088000000, 0x0000000088100000|  0%| F|  |TAMS 0x0000000088000000, 0x0000000088000000| Untracked 
| 129|0x0000000088100000, 0x0000000088100000, 0x0000000088200000|  0%| F|  |TAMS 0x0000000088100000, 0x0000000088100000| Untracked 
| 130|0x0000000088200000, 0x0000000088200000, 0x0000000088300000|  0%| F|  |TAMS 0x0000000088200000, 0x0000000088200000| Untracked 
| 131|0x0000000088300000, 0x0000000088300000, 0x0000000088400000|  0%| F|  |TAMS 0x0000000088300000, 0x0000000088300000| Untracked 
| 132|0x0000000088400000, 0x0000000088400000, 0x0000000088500000|  0%| F|  |TAMS 0x0000000088400000, 0x0000000088400000| Untracked 
| 133|0x0000000088500000, 0x0000000088500000, 0x0000000088600000|  0%| F|  |TAMS 0x0000000088500000, 0x0000000088500000| Untracked 
| 134|0x0000000088600000, 0x0000000088600000, 0x0000000088700000|  0%| F|  |TAMS 0x0000000088600000, 0x0000000088600000| Untracked 
| 135|0x0000000088700000, 0x0000000088700000, 0x0000000088800000|  0%| F|  |TAMS 0x0000000088700000, 0x0000000088700000| Untracked 
| 136|0x0000000088800000, 0x0000000088800000, 0x0000000088900000|  0%| F|  |TAMS 0x0000000088800000, 0x0000000088800000| Untracked 
| 137|0x0000000088900000, 0x0000000088900000, 0x0000000088a00000|  0%| F|  |TAMS 0x0000000088900000, 0x0000000088900000| Untracked 
| 138|0x0000000088a00000, 0x0000000088a00000, 0x0000000088b00000|  0%| F|  |TAMS 0x0000000088a00000, 0x0000000088a00000| Untracked 
| 139|0x0000000088b00000, 0x0000000088b00000, 0x0000000088c00000|  0%| F|  |TAMS 0x0000000088b00000, 0x0000000088b00000| Untracked 
| 140|0x0000000088c00000, 0x0000000088c00000, 0x0000000088d00000|  0%| F|  |TAMS 0x0000000088c00000, 0x0000000088c00000| Untracked 
| 141|0x0000000088d00000, 0x0000000088d00000, 0x0000000088e00000|  0%| F|  |TAMS 0x0000000088d00000, 0x0000000088d00000| Untracked 
| 142|0x0000000088e00000, 0x0000000088e00000, 0x0000000088f00000|  0%| F|  |TAMS 0x0000000088e00000, 0x0000000088e00000| Untracked 
| 143|0x0000000088f00000, 0x0000000088f00000, 0x0000000089000000|  0%| F|  |TAMS 0x0000000088f00000, 0x0000000088f00000| Untracked 
| 144|0x0000000089000000, 0x0000000089000000, 0x0000000089100000|  0%| F|  |TAMS 0x0000000089000000, 0x0000000089000000| Untracked 
| 145|0x0000000089100000, 0x0000000089100000, 0x0000000089200000|  0%| F|  |TAMS 0x0000000089100000, 0x0000000089100000| Untracked 
| 146|0x0000000089200000, 0x0000000089200000, 0x0000000089300000|  0%| F|  |TAMS 0x0000000089200000, 0x0000000089200000| Untracked 
| 147|0x0000000089300000, 0x0000000089300000, 0x0000000089400000|  0%| F|  |TAMS 0x0000000089300000, 0x0000000089300000| Untracked 
| 148|0x0000000089400000, 0x0000000089400000, 0x0000000089500000|  0%| F|  |TAMS 0x0000000089400000, 0x0000000089400000| Untracked 
| 149|0x0000000089500000, 0x0000000089500000, 0x0000000089600000|  0%| F|  |TAMS 0x0000000089500000, 0x0000000089500000| Untracked 
| 150|0x0000000089600000, 0x0000000089600000, 0x0000000089700000|  0%| F|  |TAMS 0x0000000089600000, 0x0000000089600000| Untracked 
| 151|0x0000000089700000, 0x0000000089700000, 0x0000000089800000|  0%| F|  |TAMS 0x0000000089700000, 0x0000000089700000| Untracked 
| 152|0x0000000089800000, 0x0000000089800000, 0x0000000089900000|  0%| F|  |TAMS 0x0000000089800000, 0x0000000089800000| Untracked 
| 153|0x0000000089900000, 0x0000000089933450, 0x0000000089a00000| 20%| S|CS|TAMS 0x0000000089900000, 0x0000000089900000| Complete 
| 154|0x0000000089a00000, 0x0000000089b00000, 0x0000000089b00000|100%| S|CS|TAMS 0x0000000089a00000, 0x0000000089a00000| Complete 
| 155|0x0000000089b00000, 0x0000000089c00000, 0x0000000089c00000|100%| S|CS|TAMS 0x0000000089b00000, 0x0000000089b00000| Complete 
| 156|0x0000000089c00000, 0x0000000089d00000, 0x0000000089d00000|100%| S|CS|TAMS 0x0000000089c00000, 0x0000000089c00000| Complete 
| 157|0x0000000089d00000, 0x0000000089d00000, 0x0000000089e00000|  0%| F|  |TAMS 0x0000000089d00000, 0x0000000089d00000| Untracked 
| 158|0x0000000089e00000, 0x0000000089e00000, 0x0000000089f00000|  0%| F|  |TAMS 0x0000000089e00000, 0x0000000089e00000| Untracked 
| 159|0x0000000089f00000, 0x0000000089f00000, 0x000000008a000000|  0%| F|  |TAMS 0x0000000089f00000, 0x0000000089f00000| Untracked 
| 160|0x000000008a000000, 0x000000008a000000, 0x000000008a100000|  0%| F|  |TAMS 0x000000008a000000, 0x000000008a000000| Untracked 
| 161|0x000000008a100000, 0x000000008a100000, 0x000000008a200000|  0%| F|  |TAMS 0x000000008a100000, 0x000000008a100000| Untracked 
| 162|0x000000008a200000, 0x000000008a200000, 0x000000008a300000|  0%| F|  |TAMS 0x000000008a200000, 0x000000008a200000| Untracked 
| 163|0x000000008a300000, 0x000000008a300000, 0x000000008a400000|  0%| F|  |TAMS 0x000000008a300000, 0x000000008a300000| Untracked 
| 164|0x000000008a400000, 0x000000008a400000, 0x000000008a500000|  0%| F|  |TAMS 0x000000008a400000, 0x000000008a400000| Untracked 
| 165|0x000000008a500000, 0x000000008a500000, 0x000000008a600000|  0%| F|  |TAMS 0x000000008a500000, 0x000000008a500000| Untracked 
| 166|0x000000008a600000, 0x000000008a600000, 0x000000008a700000|  0%| F|  |TAMS 0x000000008a600000, 0x000000008a600000| Untracked 
| 167|0x000000008a700000, 0x000000008a700000, 0x000000008a800000|  0%| F|  |TAMS 0x000000008a700000, 0x000000008a700000| Untracked 
| 168|0x000000008a800000, 0x000000008a800000, 0x000000008a900000|  0%| F|  |TAMS 0x000000008a800000, 0x000000008a800000| Untracked 
| 169|0x000000008a900000, 0x000000008a900000, 0x000000008aa00000|  0%| F|  |TAMS 0x000000008a900000, 0x000000008a900000| Untracked 
| 170|0x000000008aa00000, 0x000000008aa00000, 0x000000008ab00000|  0%| F|  |TAMS 0x000000008aa00000, 0x000000008aa00000| Untracked 
| 171|0x000000008ab00000, 0x000000008ab00000, 0x000000008ac00000|  0%| F|  |TAMS 0x000000008ab00000, 0x000000008ab00000| Untracked 
| 172|0x000000008ac00000, 0x000000008ac00000, 0x000000008ad00000|  0%| F|  |TAMS 0x000000008ac00000, 0x000000008ac00000| Untracked 
| 173|0x000000008ad00000, 0x000000008ad00000, 0x000000008ae00000|  0%| F|  |TAMS 0x000000008ad00000, 0x000000008ad00000| Untracked 
| 174|0x000000008ae00000, 0x000000008ae00000, 0x000000008af00000|  0%| F|  |TAMS 0x000000008ae00000, 0x000000008ae00000| Untracked 
| 175|0x000000008af00000, 0x000000008af00000, 0x000000008b000000|  0%| F|  |TAMS 0x000000008af00000, 0x000000008af00000| Untracked 
| 176|0x000000008b000000, 0x000000008b000000, 0x000000008b100000|  0%| F|  |TAMS 0x000000008b000000, 0x000000008b000000| Untracked 
| 177|0x000000008b100000, 0x000000008b100000, 0x000000008b200000|  0%| F|  |TAMS 0x000000008b100000, 0x000000008b100000| Untracked 
| 178|0x000000008b200000, 0x000000008b200000, 0x000000008b300000|  0%| F|  |TAMS 0x000000008b200000, 0x000000008b200000| Untracked 
| 179|0x000000008b300000, 0x000000008b300000, 0x000000008b400000|  0%| F|  |TAMS 0x000000008b300000, 0x000000008b300000| Untracked 
| 180|0x000000008b400000, 0x000000008b400000, 0x000000008b500000|  0%| F|  |TAMS 0x000000008b400000, 0x000000008b400000| Untracked 
| 181|0x000000008b500000, 0x000000008b500000, 0x000000008b600000|  0%| F|  |TAMS 0x000000008b500000, 0x000000008b500000| Untracked 
| 182|0x000000008b600000, 0x000000008b600000, 0x000000008b700000|  0%| F|  |TAMS 0x000000008b600000, 0x000000008b600000| Untracked 
| 183|0x000000008b700000, 0x000000008b700000, 0x000000008b800000|  0%| F|  |TAMS 0x000000008b700000, 0x000000008b700000| Untracked 
| 184|0x000000008b800000, 0x000000008b800000, 0x000000008b900000|  0%| F|  |TAMS 0x000000008b800000, 0x000000008b800000| Untracked 
| 185|0x000000008b900000, 0x000000008b900000, 0x000000008ba00000|  0%| F|  |TAMS 0x000000008b900000, 0x000000008b900000| Untracked 
| 186|0x000000008ba00000, 0x000000008ba00000, 0x000000008bb00000|  0%| F|  |TAMS 0x000000008ba00000, 0x000000008ba00000| Untracked 
| 187|0x000000008bb00000, 0x000000008bb00000, 0x000000008bc00000|  0%| F|  |TAMS 0x000000008bb00000, 0x000000008bb00000| Untracked 
| 188|0x000000008bc00000, 0x000000008bc00000, 0x000000008bd00000|  0%| F|  |TAMS 0x000000008bc00000, 0x000000008bc00000| Untracked 
| 189|0x000000008bd00000, 0x000000008bd00000, 0x000000008be00000|  0%| F|  |TAMS 0x000000008bd00000, 0x000000008bd00000| Untracked 
| 190|0x000000008be00000, 0x000000008be00000, 0x000000008bf00000|  0%| F|  |TAMS 0x000000008be00000, 0x000000008be00000| Untracked 
| 191|0x000000008bf00000, 0x000000008bf00000, 0x000000008c000000|  0%| F|  |TAMS 0x000000008bf00000, 0x000000008bf00000| Untracked 
| 192|0x000000008c000000, 0x000000008c000000, 0x000000008c100000|  0%| F|  |TAMS 0x000000008c000000, 0x000000008c000000| Untracked 
| 193|0x000000008c100000, 0x000000008c100000, 0x000000008c200000|  0%| F|  |TAMS 0x000000008c100000, 0x000000008c100000| Untracked 
| 194|0x000000008c200000, 0x000000008c200000, 0x000000008c300000|  0%| F|  |TAMS 0x000000008c200000, 0x000000008c200000| Untracked 
| 195|0x000000008c300000, 0x000000008c300000, 0x000000008c400000|  0%| F|  |TAMS 0x000000008c300000, 0x000000008c300000| Untracked 
| 196|0x000000008c400000, 0x000000008c400000, 0x000000008c500000|  0%| F|  |TAMS 0x000000008c400000, 0x000000008c400000| Untracked 
| 197|0x000000008c500000, 0x000000008c500000, 0x000000008c600000|  0%| F|  |TAMS 0x000000008c500000, 0x000000008c500000| Untracked 
| 198|0x000000008c600000, 0x000000008c600000, 0x000000008c700000|  0%| F|  |TAMS 0x000000008c600000, 0x000000008c600000| Untracked 
| 199|0x000000008c700000, 0x000000008c700000, 0x000000008c800000|  0%| F|  |TAMS 0x000000008c700000, 0x000000008c700000| Untracked 
| 200|0x000000008c800000, 0x000000008c800000, 0x000000008c900000|  0%| F|  |TAMS 0x000000008c800000, 0x000000008c800000| Untracked 
| 201|0x000000008c900000, 0x000000008c900000, 0x000000008ca00000|  0%| F|  |TAMS 0x000000008c900000, 0x000000008c900000| Untracked 
| 202|0x000000008ca00000, 0x000000008ca00000, 0x000000008cb00000|  0%| F|  |TAMS 0x000000008ca00000, 0x000000008ca00000| Untracked 
| 203|0x000000008cb00000, 0x000000008cb00000, 0x000000008cc00000|  0%| F|  |TAMS 0x000000008cb00000, 0x000000008cb00000| Untracked 
| 204|0x000000008cc00000, 0x000000008cc00000, 0x000000008cd00000|  0%| F|  |TAMS 0x000000008cc00000, 0x000000008cc00000| Untracked 
| 205|0x000000008cd00000, 0x000000008cd00000, 0x000000008ce00000|  0%| F|  |TAMS 0x000000008cd00000, 0x000000008cd00000| Untracked 
| 206|0x000000008ce00000, 0x000000008ce00000, 0x000000008cf00000|  0%| F|  |TAMS 0x000000008ce00000, 0x000000008ce00000| Untracked 
| 207|0x000000008cf00000, 0x000000008cf00000, 0x000000008d000000|  0%| F|  |TAMS 0x000000008cf00000, 0x000000008cf00000| Untracked 
| 208|0x000000008d000000, 0x000000008d000000, 0x000000008d100000|  0%| F|  |TAMS 0x000000008d000000, 0x000000008d000000| Untracked 
| 209|0x000000008d100000, 0x000000008d100000, 0x000000008d200000|  0%| F|  |TAMS 0x000000008d100000, 0x000000008d100000| Untracked 
| 210|0x000000008d200000, 0x000000008d200000, 0x000000008d300000|  0%| F|  |TAMS 0x000000008d200000, 0x000000008d200000| Untracked 
| 211|0x000000008d300000, 0x000000008d300000, 0x000000008d400000|  0%| F|  |TAMS 0x000000008d300000, 0x000000008d300000| Untracked 
| 212|0x000000008d400000, 0x000000008d400000, 0x000000008d500000|  0%| F|  |TAMS 0x000000008d400000, 0x000000008d400000| Untracked 
| 213|0x000000008d500000, 0x000000008d500000, 0x000000008d600000|  0%| F|  |TAMS 0x000000008d500000, 0x000000008d500000| Untracked 
| 214|0x000000008d600000, 0x000000008d600000, 0x000000008d700000|  0%| F|  |TAMS 0x000000008d600000, 0x000000008d600000| Untracked 
| 215|0x000000008d700000, 0x000000008d700000, 0x000000008d800000|  0%| F|  |TAMS 0x000000008d700000, 0x000000008d700000| Untracked 
| 216|0x000000008d800000, 0x000000008d800000, 0x000000008d900000|  0%| F|  |TAMS 0x000000008d800000, 0x000000008d800000| Untracked 
| 217|0x000000008d900000, 0x000000008d900000, 0x000000008da00000|  0%| F|  |TAMS 0x000000008d900000, 0x000000008d900000| Untracked 
| 218|0x000000008da00000, 0x000000008da00000, 0x000000008db00000|  0%| F|  |TAMS 0x000000008da00000, 0x000000008da00000| Untracked 
| 219|0x000000008db00000, 0x000000008db00000, 0x000000008dc00000|  0%| F|  |TAMS 0x000000008db00000, 0x000000008db00000| Untracked 
| 220|0x000000008dc00000, 0x000000008dc00000, 0x000000008dd00000|  0%| F|  |TAMS 0x000000008dc00000, 0x000000008dc00000| Untracked 
| 221|0x000000008dd00000, 0x000000008dd00000, 0x000000008de00000|  0%| F|  |TAMS 0x000000008dd00000, 0x000000008dd00000| Untracked 
| 222|0x000000008de00000, 0x000000008de00000, 0x000000008df00000|  0%| F|  |TAMS 0x000000008de00000, 0x000000008de00000| Untracked 
| 223|0x000000008df00000, 0x000000008df00000, 0x000000008e000000|  0%| F|  |TAMS 0x000000008df00000, 0x000000008df00000| Untracked 
| 224|0x000000008e000000, 0x000000008e000000, 0x000000008e100000|  0%| F|  |TAMS 0x000000008e000000, 0x000000008e000000| Untracked 
| 225|0x000000008e100000, 0x000000008e140010, 0x000000008e200000| 50%| E|  |TAMS 0x000000008e100000, 0x000000008e100000| Complete 
| 226|0x000000008e200000, 0x000000008e2c38b8, 0x000000008e300000| 76%| E|  |TAMS 0x000000008e200000, 0x000000008e200000| Complete 

Card table byte_map: [0x0000016040680000,0x0000016040a80000] _byte_map_base: 0x0000016040280000

Marking Bits (Prev, Next): (CMBitMap*) 0x000001602d7cda28, (CMBitMap*) 0x000001602d7cda60
 Prev Bits: [0x0000016040e80000, 0x0000016042e80000)
 Next Bits: [0x0000016042e80000, 0x0000016044e80000)

Polling page: 0x000001602cf70000

Metaspace:

Usage:
  Non-class:    100.98 MB capacity,    99.01 MB ( 98%) used,     1.58 MB (  2%) free+waste,   397.06 KB ( <1%) overhead. 
      Class:     15.20 MB capacity,    14.05 MB ( 92%) used,  1006.52 KB (  6%) free+waste,   168.00 KB (  1%) overhead. 
       Both:    116.18 MB capacity,   113.07 MB ( 97%) used,     2.56 MB (  2%) free+waste,   565.06 KB ( <1%) overhead. 

Virtual space:
  Non-class space:      102.00 MB reserved,     101.45 MB (>99%) committed 
      Class space:        1.00 GB reserved,      15.38 MB (  2%) committed 
             Both:        1.10 GB reserved,     116.82 MB ( 10%) committed 

Chunk freelists:
   Non-Class:  292.00 KB
       Class:  82.00 KB
        Both:  374.00 KB

MaxMetaspaceSize: 17179869184.00 GB
CompressedClassSpaceSize: 1.00 GB

CodeHeap 'non-profiled nmethods': size=120064Kb used=13040Kb max_used=13040Kb free=107023Kb
 bounds [0x0000016038d40000, 0x0000016039a00000, 0x0000016040280000]
CodeHeap 'profiled nmethods': size=120000Kb used=49686Kb max_used=49686Kb free=70313Kb
 bounds [0x0000016031810000, 0x00000160348b0000, 0x0000016038d40000]
CodeHeap 'non-nmethods': size=5696Kb used=2327Kb max_used=2380Kb free=3368Kb
 bounds [0x0000016031280000, 0x00000160314f0000, 0x0000016031810000]
 total_blobs=22030 nmethods=21080 adapters=859
 compilation: enabled
              stopped_count=0, restarted_count=0
 full_count=0

Compilation events (20 events):
Event: 576.973 Thread 0x0000016047061800 22297       2       com.android.tools.r8.ir.regalloc.b::D (52 bytes)
Event: 576.973 Thread 0x0000016047061800 nmethod 22297 0x000001603488ba10 code [0x000001603488bc00, 0x000001603488be58]
Event: 576.993 Thread 0x0000016047061800 22298       2       com.android.tools.r8.internal.fr::b (18 bytes)
Event: 576.994 Thread 0x0000016047061800 nmethod 22298 0x000001603488c010 code [0x000001603488c1e0, 0x000001603488c338]
Event: 577.074 Thread 0x0000016047061800 22302       2       com.android.tools.r8.internal.tp::a (55 bytes)
Event: 577.075 Thread 0x0000016047061800 nmethod 22302 0x000001603488c410 code [0x000001603488c600, 0x000001603488ca18]
Event: 577.075 Thread 0x0000016047061800 22303       2       com.android.tools.r8.internal.sp::iterator (5 bytes)
Event: 577.076 Thread 0x0000016047061800 nmethod 22303 0x000001603488cc10 code [0x000001603488cdc0, 0x000001603488cec8]
Event: 577.076 Thread 0x0000016047061800 22304       2       com.android.tools.r8.internal.rp::<init> (15 bytes)
Event: 577.076 Thread 0x0000016047061800 nmethod 22304 0x000001603488cf90 code [0x000001603488d140, 0x000001603488d2d8]
Event: 577.174 Thread 0x0000016047061800 22306       1       com.android.tools.r8.internal.W0::f2 (2 bytes)
Event: 577.175 Thread 0x0000016047061800 nmethod 22306 0x00000160399f1110 code [0x00000160399f12c0, 0x00000160399f1378]
Event: 577.227 Thread 0x0000016047061800 22307       2       com.android.tools.r8.ir.regalloc.b::q (16 bytes)
Event: 577.228 Thread 0x0000016047061800 nmethod 22307 0x000001603488d390 code [0x000001603488d540, 0x000001603488d698]
Event: 577.242 Thread 0x0000016047061800 22308       1       com.android.tools.r8.internal.nj::a2 (3 bytes)
Event: 577.242 Thread 0x0000016047061800 nmethod 22308 0x00000160399f1410 code [0x00000160399f15c0, 0x00000160399f1678]
Event: 577.604 Thread 0x0000016047059000 nmethod 22245 0x00000160399f1710 code [0x00000160399f1d00, 0x00000160399f7d28]
Event: 577.605 Thread 0x0000016047059000 22225       4       com.android.tools.r8.internal.Kv::a (430 bytes)
Event: 577.842 Thread 0x0000016047061800 22309       2       com.android.tools.r8.internal.W4::a (268 bytes)
Event: 577.844 Thread 0x0000016047061800 nmethod 22309 0x000001603488d790 code [0x000001603488daa0, 0x000001603488e5f8]

GC Heap History (20 events):
Event: 568.497 GC heap before
{Heap before GC invocations=88 (full 0):
 garbage-first heap   total 232448K, used 162781K [0x0000000080000000, 0x0000000100000000)
  region size 1024K, 50 young (51200K), 5 survivors (5120K)
 Metaspace       used 115737K, capacity 118864K, committed 119116K, reserved 1153024K
  class space    used 14412K, capacity 15605K, committed 15744K, reserved 1048576K
}
Event: 568.566 GC heap after
{Heap after GC invocations=89 (full 0):
 garbage-first heap   total 232448K, used 127620K [0x0000000080000000, 0x0000000100000000)
  region size 1024K, 7 young (7168K), 7 survivors (7168K)
 Metaspace       used 115737K, capacity 118864K, committed 119116K, reserved 1153024K
  class space    used 14412K, capacity 15605K, committed 15744K, reserved 1048576K
}
Event: 568.615 GC heap before
{Heap before GC invocations=89 (full 0):
 garbage-first heap   total 232448K, used 131716K [0x0000000080000000, 0x0000000100000000)
  region size 1024K, 11 young (11264K), 7 survivors (7168K)
 Metaspace       used 115738K, capacity 118864K, committed 119116K, reserved 1153024K
  class space    used 14412K, capacity 15605K, committed 15744K, reserved 1048576K
}
Event: 568.676 GC heap after
{Heap after GC invocations=90 (full 0):
 garbage-first heap   total 232448K, used 121344K [0x0000000080000000, 0x0000000100000000)
  region size 1024K, 1 young (1024K), 1 survivors (1024K)
 Metaspace       used 115738K, capacity 118864K, committed 119116K, reserved 1153024K
  class space    used 14412K, capacity 15605K, committed 15744K, reserved 1048576K
}
Event: 570.811 GC heap before
{Heap before GC invocations=90 (full 0):
 garbage-first heap   total 232448K, used 167424K [0x0000000080000000, 0x0000000100000000)
  region size 1024K, 46 young (47104K), 1 survivors (1024K)
 Metaspace       used 115943K, capacity 119127K, committed 119372K, reserved 1153024K
  class space    used 14412K, capacity 15605K, committed 15744K, reserved 1048576K
}
Event: 570.836 GC heap after
{Heap after GC invocations=91 (full 0):
 garbage-first heap   total 232448K, used 123882K [0x0000000080000000, 0x0000000100000000)
  region size 1024K, 4 young (4096K), 4 survivors (4096K)
 Metaspace       used 115943K, capacity 119127K, committed 119372K, reserved 1153024K
  class space    used 14412K, capacity 15605K, committed 15744K, reserved 1048576K
}
Event: 572.716 GC heap before
{Heap before GC invocations=92 (full 0):
 garbage-first heap   total 232448K, used 170986K [0x0000000080000000, 0x0000000100000000)
  region size 1024K, 51 young (52224K), 4 survivors (4096K)
 Metaspace       used 115986K, capacity 119205K, committed 119628K, reserved 1153024K
  class space    used 14413K, capacity 15606K, committed 15744K, reserved 1048576K
}
Event: 572.763 GC heap after
{Heap after GC invocations=93 (full 0):
 garbage-first heap   total 232448K, used 128967K [0x0000000080000000, 0x0000000100000000)
  region size 1024K, 7 young (7168K), 7 survivors (7168K)
 Metaspace       used 115986K, capacity 119205K, committed 119628K, reserved 1153024K
  class space    used 14413K, capacity 15606K, committed 15744K, reserved 1048576K
}
Event: 573.274 GC heap before
{Heap before GC invocations=93 (full 0):
 garbage-first heap   total 232448K, used 177095K [0x0000000080000000, 0x0000000100000000)
  region size 1024K, 54 young (55296K), 7 survivors (7168K)
 Metaspace       used 116005K, capacity 119205K, committed 119628K, reserved 1153024K
  class space    used 14413K, capacity 15606K, committed 15744K, reserved 1048576K
}
Event: 573.314 GC heap after
{Heap after GC invocations=94 (full 0):
 garbage-first heap   total 232448K, used 129874K [0x0000000080000000, 0x0000000100000000)
  region size 1024K, 1 young (1024K), 1 survivors (1024K)
 Metaspace       used 116005K, capacity 119205K, committed 119628K, reserved 1153024K
  class space    used 14413K, capacity 15606K, committed 15744K, reserved 1048576K
}
Event: 574.446 GC heap before
{Heap before GC invocations=95 (full 0):
 garbage-first heap   total 232448K, used 175954K [0x0000000080000000, 0x0000000100000000)
  region size 1024K, 50 young (51200K), 1 survivors (1024K)
 Metaspace       used 115750K, capacity 118902K, committed 119628K, reserved 1153024K
  class space    used 14390K, capacity 15566K, committed 15744K, reserved 1048576K
}
Event: 574.460 GC heap after
{Heap after GC invocations=96 (full 0):
 garbage-first heap   total 232448K, used 125979K [0x0000000080000000, 0x0000000100000000)
  region size 1024K, 2 young (2048K), 2 survivors (2048K)
 Metaspace       used 115750K, capacity 118902K, committed 119628K, reserved 1153024K
  class space    used 14390K, capacity 15566K, committed 15744K, reserved 1048576K
}
Event: 574.574 GC heap before
{Heap before GC invocations=96 (full 0):
 garbage-first heap   total 232448K, used 135195K [0x0000000080000000, 0x0000000100000000)
  region size 1024K, 11 young (11264K), 2 survivors (2048K)
 Metaspace       used 115751K, capacity 118902K, committed 119628K, reserved 1153024K
  class space    used 14390K, capacity 15566K, committed 15744K, reserved 1048576K
}
Event: 574.604 GC heap after
{Heap after GC invocations=97 (full 0):
 garbage-first heap   total 232448K, used 110086K [0x0000000080000000, 0x0000000100000000)
  region size 1024K, 1 young (1024K), 1 survivors (1024K)
 Metaspace       used 115751K, capacity 118902K, committed 119628K, reserved 1153024K
  class space    used 14390K, capacity 15566K, committed 15744K, reserved 1048576K
}
Event: 575.170 GC heap before
{Heap before GC invocations=97 (full 0):
 garbage-first heap   total 232448K, used 171526K [0x0000000080000000, 0x0000000100000000)
  region size 1024K, 61 young (62464K), 1 survivors (1024K)
 Metaspace       used 115761K, capacity 118902K, committed 119628K, reserved 1153024K
  class space    used 14390K, capacity 15566K, committed 15744K, reserved 1048576K
}
Event: 575.186 GC heap after
{Heap after GC invocations=98 (full 0):
 garbage-first heap   total 232448K, used 111136K [0x0000000080000000, 0x0000000100000000)
  region size 1024K, 2 young (2048K), 2 survivors (2048K)
 Metaspace       used 115761K, capacity 118902K, committed 119628K, reserved 1153024K
  class space    used 14390K, capacity 15566K, committed 15744K, reserved 1048576K
}
Event: 576.571 GC heap before
{Heap before GC invocations=99 (full 0):
 garbage-first heap   total 232448K, used 174624K [0x0000000080000000, 0x0000000100000000)
  region size 1024K, 64 young (65536K), 2 survivors (2048K)
 Metaspace       used 115770K, capacity 118902K, committed 119628K, reserved 1153024K
  class space    used 14390K, capacity 15566K, committed 15744K, reserved 1048576K
}
Event: 576.585 GC heap after
{Heap after GC invocations=100 (full 0):
 garbage-first heap   total 232448K, used 110812K [0x0000000080000000, 0x0000000100000000)
  region size 1024K, 2 young (2048K), 2 survivors (2048K)
 Metaspace       used 115770K, capacity 118902K, committed 119628K, reserved 1153024K
  class space    used 14390K, capacity 15566K, committed 15744K, reserved 1048576K
}
Event: 577.244 GC heap before
{Heap before GC invocations=100 (full 0):
 garbage-first heap   total 232448K, used 177372K [0x0000000080000000, 0x0000000100000000)
  region size 1024K, 67 young (68608K), 2 survivors (2048K)
 Metaspace       used 115780K, capacity 118902K, committed 119628K, reserved 1153024K
  class space    used 14391K, capacity 15566K, committed 15744K, reserved 1048576K
}
Event: 577.255 GC heap after
{Heap after GC invocations=101 (full 0):
 garbage-first heap   total 232448K, used 111453K [0x0000000080000000, 0x0000000100000000)
  region size 1024K, 3 young (3072K), 3 survivors (3072K)
 Metaspace       used 115780K, capacity 118902K, committed 119628K, reserved 1153024K
  class space    used 14391K, capacity 15566K, committed 15744K, reserved 1048576K
}

Deoptimization events (20 events):
Event: 576.458 Thread 0x000001604bfff800 DEOPT PACKING pc=0x0000016033789cf9 sp=0x0000005b6a0fbee0
Event: 576.458 Thread 0x000001604bfff800 DEOPT UNPACKING pc=0x00000160312a6abf sp=0x0000005b6a0fb6a0 mode 0
Event: 576.628 Thread 0x000001604bfff800 DEOPT PACKING pc=0x0000016033789cf9 sp=0x0000005b6a0fbee0
Event: 576.628 Thread 0x000001604bfff800 DEOPT UNPACKING pc=0x00000160312a6abf sp=0x0000005b6a0fb6a0 mode 0
Event: 576.756 Thread 0x000001604bfff800 DEOPT PACKING pc=0x0000016033789cf9 sp=0x0000005b6a0fbee0
Event: 576.756 Thread 0x000001604bfff800 DEOPT UNPACKING pc=0x00000160312a6abf sp=0x0000005b6a0fb6a0 mode 0
Event: 576.825 Thread 0x000001604bfff800 DEOPT PACKING pc=0x00000160339885d9 sp=0x0000005b6a0fc4c0
Event: 576.825 Thread 0x000001604bfff800 DEOPT UNPACKING pc=0x00000160312a6abf sp=0x0000005b6a0fba50 mode 0
Event: 576.911 Thread 0x000001604bfff800 DEOPT PACKING pc=0x0000016033789cf9 sp=0x0000005b6a0fbb10
Event: 576.911 Thread 0x000001604bfff800 DEOPT UNPACKING pc=0x00000160312a6abf sp=0x0000005b6a0fb2d0 mode 0
Event: 576.989 Thread 0x000001604bfff800 DEOPT PACKING pc=0x0000016033789cf9 sp=0x0000005b6a0fbee0
Event: 576.990 Thread 0x000001604bfff800 DEOPT UNPACKING pc=0x00000160312a6abf sp=0x0000005b6a0fb6a0 mode 0
Event: 577.123 Thread 0x000001604bfff800 DEOPT PACKING pc=0x0000016033789d1a sp=0x0000005b6a0fbee0
Event: 577.123 Thread 0x000001604bfff800 DEOPT UNPACKING pc=0x00000160312a6abf sp=0x0000005b6a0fb6b0 mode 0
Event: 577.828 Thread 0x000001604bfff800 Uncommon trap: trap_request=0xffffff76 fr.pc=0x00000160399f67b8 relative=0x0000000000004ab8
Event: 577.828 Thread 0x000001604bfff800 Uncommon trap: reason=loop_limit_check action=maybe_recompile pc=0x00000160399f67b8 method=com.android.tools.r8.internal.Oh.a(I)Z @ 44 c2
Event: 577.828 Thread 0x000001604bfff800 DEOPT PACKING pc=0x00000160399f67b8 sp=0x0000005b6a0fc270
Event: 577.828 Thread 0x000001604bfff800 DEOPT UNPACKING pc=0x00000160312a6ca9 sp=0x0000005b6a0fc130 mode 2
Event: 577.849 Thread 0x000001604bfff800 DEOPT PACKING pc=0x0000016033789d1a sp=0x0000005b6a0fbee0
Event: 577.849 Thread 0x000001604bfff800 DEOPT UNPACKING pc=0x00000160312a6abf sp=0x0000005b6a0fb6b0 mode 0

Classes redefined (0 events):
No events

Internal exceptions (20 events):
Event: 570.651 Thread 0x000001604bffa800 Exception <a 'sun/nio/fs/WindowsException'{0x000000008b8c4ce8}> (0x000000008b8c4ce8) thrown at [./src/hotspot/share/prims/jni.cpp, line 615]
Event: 570.660 Thread 0x000001604bffa800 Exception <a 'sun/nio/fs/WindowsException'{0x000000008b8ca580}> (0x000000008b8ca580) thrown at [./src/hotspot/share/prims/jni.cpp, line 615]
Event: 570.669 Thread 0x000001604bffa800 Exception <a 'sun/nio/fs/WindowsException'{0x000000008b8d1588}> (0x000000008b8d1588) thrown at [./src/hotspot/share/prims/jni.cpp, line 615]
Event: 570.680 Thread 0x000001604bffa800 Exception <a 'sun/nio/fs/WindowsException'{0x000000008b8d6fa0}> (0x000000008b8d6fa0) thrown at [./src/hotspot/share/prims/jni.cpp, line 615]
Event: 570.689 Thread 0x000001604bffa800 Exception <a 'sun/nio/fs/WindowsException'{0x000000008b8ddfa0}> (0x000000008b8ddfa0) thrown at [./src/hotspot/share/prims/jni.cpp, line 615]
Event: 570.698 Thread 0x000001604bffa800 Exception <a 'sun/nio/fs/WindowsException'{0x000000008b8e3be0}> (0x000000008b8e3be0) thrown at [./src/hotspot/share/prims/jni.cpp, line 615]
Event: 570.713 Thread 0x000001604bffa800 Exception <a 'sun/nio/fs/WindowsException'{0x000000008b8f64e8}> (0x000000008b8f64e8) thrown at [./src/hotspot/share/prims/jni.cpp, line 615]
Event: 570.725 Thread 0x000001604bffa800 Exception <a 'sun/nio/fs/WindowsException'{0x000000008b72a628}> (0x000000008b72a628) thrown at [./src/hotspot/share/prims/jni.cpp, line 615]
Event: 571.617 Thread 0x000001604bffa800 Exception <a 'sun/nio/fs/WindowsException'{0x000000008e2440c0}> (0x000000008e2440c0) thrown at [./src/hotspot/share/prims/jni.cpp, line 615]
Event: 571.651 Thread 0x000001604bffa800 Exception <a 'sun/nio/fs/WindowsException'{0x000000008e24a628}> (0x000000008e24a628) thrown at [./src/hotspot/share/prims/jni.cpp, line 615]
Event: 571.658 Thread 0x000001604bffa800 Exception <a 'sun/nio/fs/WindowsException'{0x000000008e24fb60}> (0x000000008e24fb60) thrown at [./src/hotspot/share/prims/jni.cpp, line 615]
Event: 571.665 Thread 0x000001604bffa800 Exception <a 'sun/nio/fs/WindowsException'{0x000000008e257f30}> (0x000000008e257f30) thrown at [./src/hotspot/share/prims/jni.cpp, line 615]
Event: 571.671 Thread 0x000001604bffa800 Exception <a 'sun/nio/fs/WindowsException'{0x000000008e25f9e8}> (0x000000008e25f9e8) thrown at [./src/hotspot/share/prims/jni.cpp, line 615]
Event: 571.680 Thread 0x000001604bffa800 Exception <a 'sun/nio/fs/WindowsException'{0x000000008e266f50}> (0x000000008e266f50) thrown at [./src/hotspot/share/prims/jni.cpp, line 615]
Event: 571.687 Thread 0x000001604bffa800 Exception <a 'sun/nio/fs/WindowsException'{0x000000008e271268}> (0x000000008e271268) thrown at [./src/hotspot/share/prims/jni.cpp, line 615]
Event: 571.695 Thread 0x000001604bffa800 Exception <a 'sun/nio/fs/WindowsException'{0x000000008e278390}> (0x000000008e278390) thrown at [./src/hotspot/share/prims/jni.cpp, line 615]
Event: 571.702 Thread 0x000001604bffa800 Exception <a 'sun/nio/fs/WindowsException'{0x000000008e27f060}> (0x000000008e27f060) thrown at [./src/hotspot/share/prims/jni.cpp, line 615]
Event: 571.712 Thread 0x000001604bffa800 Exception <a 'sun/nio/fs/WindowsException'{0x000000008e2982a8}> (0x000000008e2982a8) thrown at [./src/hotspot/share/prims/jni.cpp, line 615]
Event: 571.720 Thread 0x000001604bffa800 Exception <a 'sun/nio/fs/WindowsException'{0x000000008e2a9d78}> (0x000000008e2a9d78) thrown at [./src/hotspot/share/prims/jni.cpp, line 615]
Event: 572.441 Thread 0x000001604bfff800 Exception <a 'sun/nio/fs/WindowsException'{0x000000008c82af40}> (0x000000008c82af40) thrown at [./src/hotspot/share/prims/jni.cpp, line 615]

Events (20 events):
Event: 574.390 loading class com/android/tools/r8/internal/Z4
Event: 574.390 loading class com/android/tools/r8/internal/Z4 done
Event: 574.446 Executing VM operation: G1CollectForAllocation
Event: 574.460 Executing VM operation: G1CollectForAllocation done
Event: 574.573 Executing VM operation: G1CollectForAllocation
Event: 574.604 Executing VM operation: G1CollectForAllocation done
Event: 575.169 Executing VM operation: G1CollectForAllocation
Event: 575.186 Executing VM operation: G1CollectForAllocation done
Event: 575.595 Executing VM operation: CGC_Operation
Event: 575.689 Executing VM operation: CGC_Operation done
Event: 575.905 Executing VM operation: CGC_Operation
Event: 575.905 Executing VM operation: CGC_Operation done
Event: 576.569 Executing VM operation: G1CollectForAllocation
Event: 576.585 Executing VM operation: G1CollectForAllocation done
Event: 577.029 loading class com/android/tools/r8/internal/Qb
Event: 577.029 loading class com/android/tools/r8/internal/Qb done
Event: 577.244 Executing VM operation: G1CollectForAllocation
Event: 577.255 Executing VM operation: G1CollectForAllocation done
Event: 577.664 Executing VM operation: CGC_Operation
Event: 577.712 Executing VM operation: CGC_Operation done


Dynamic libraries:
0x00007ff7447d0000 - 0x00007ff7447da000 	C:\Program Files\Android\Android Studio\jre\bin\java.exe
0x00007ffc12190000 - 0x00007ffc12385000 	C:\Windows\SYSTEM32\ntdll.dll
0x00007ffc11dd0000 - 0x00007ffc11e8d000 	C:\Windows\System32\KERNEL32.DLL
0x00007ffc0f9d0000 - 0x00007ffc0fc98000 	C:\Windows\System32\KERNELBASE.dll
0x00007ffc0f8d0000 - 0x00007ffc0f9d0000 	C:\Windows\System32\ucrtbase.dll
0x00007ffbfc820000 - 0x00007ffbfc837000 	C:\Program Files\Android\Android Studio\jre\bin\VCRUNTIME140.dll
0x00007ffbfc800000 - 0x00007ffbfc819000 	C:\Program Files\Android\Android Studio\jre\bin\jli.dll
0x00007ffc10be0000 - 0x00007ffc10d80000 	C:\Windows\System32\USER32.dll
0x00007ffc10120000 - 0x00007ffc10142000 	C:\Windows\System32\win32u.dll
0x00007ffc10950000 - 0x00007ffc1097a000 	C:\Windows\System32\GDI32.dll
0x00007ffc0ff10000 - 0x00007ffc1001b000 	C:\Windows\System32\gdi32full.dll
0x00007ffc10150000 - 0x00007ffc101ed000 	C:\Windows\System32\msvcp_win.dll
0x00007ffc0ef90000 - 0x00007ffc0f22a000 	C:\Windows\WinSxS\amd64_microsoft.windows.common-controls_6595b64144ccf1df_6.0.19041.844_none_ca00b6081b84eb1d\COMCTL32.dll
0x00007ffc11390000 - 0x00007ffc1142e000 	C:\Windows\System32\msvcrt.dll
0x00007ffc114e0000 - 0x00007ffc11510000 	C:\Windows\System32\IMM32.DLL
0x00007ffbf08c0000 - 0x00007ffbf095d000 	C:\Program Files\Android\Android Studio\jre\bin\msvcp140.dll
0x00007ffbdbc90000 - 0x00007ffbdc75f000 	C:\Program Files\Android\Android Studio\jre\bin\server\jvm.dll
0x00007ffc11520000 - 0x00007ffc115cc000 	C:\Windows\System32\ADVAPI32.dll
0x00007ffc120b0000 - 0x00007ffc1214b000 	C:\Windows\System32\sechost.dll
0x00007ffc10980000 - 0x00007ffc10aab000 	C:\Windows\System32\RPCRT4.dll
0x00007ffc10d80000 - 0x00007ffc10d88000 	C:\Windows\System32\PSAPI.DLL
0x00007ffc09e00000 - 0x00007ffc09e09000 	C:\Windows\SYSTEM32\WSOCK32.dll
0x00007ffc12040000 - 0x00007ffc120ab000 	C:\Windows\System32\WS2_32.dll
0x00007ffbf7130000 - 0x00007ffbf7157000 	C:\Windows\SYSTEM32\WINMM.dll
0x00007ffc0a7c0000 - 0x00007ffc0a7ca000 	C:\Windows\SYSTEM32\VERSION.dll
0x00007ffc0d1c0000 - 0x00007ffc0d1d2000 	C:\Windows\SYSTEM32\kernel.appcore.dll
0x00007ffbe3480000 - 0x00007ffbe3491000 	C:\Program Files\Android\Android Studio\jre\bin\verify.dll
0x00007ffc0f350000 - 0x00007ffc0f534000 	C:\Windows\SYSTEM32\DBGHELP.DLL
0x00007ffc0f250000 - 0x00007ffc0f27c000 	C:\Windows\SYSTEM32\dbgcore.DLL
0x00007ffc0fe60000 - 0x00007ffc0fee0000 	C:\Windows\System32\bcryptPrimitives.dll
0x00007ffbe18a0000 - 0x00007ffbe18c9000 	C:\Program Files\Android\Android Studio\jre\bin\java.dll
0x00007ffc09df0000 - 0x00007ffc09dfb000 	C:\Program Files\Android\Android Studio\jre\bin\jimage.dll
0x00007ffbe1880000 - 0x00007ffbe1898000 	C:\Program Files\Android\Android Studio\jre\bin\zip.dll
0x00007ffc101f0000 - 0x00007ffc10932000 	C:\Windows\System32\SHELL32.dll
0x00007ffc0d3c0000 - 0x00007ffc0db51000 	C:\Windows\SYSTEM32\windows.storage.dll
0x00007ffc115d0000 - 0x00007ffc11925000 	C:\Windows\System32\combase.dll
0x00007ffc0ec30000 - 0x00007ffc0ec5c000 	C:\Windows\SYSTEM32\Wldp.dll
0x00007ffc11430000 - 0x00007ffc114de000 	C:\Windows\System32\SHCORE.dll
0x00007ffc11b60000 - 0x00007ffc11bb5000 	C:\Windows\System32\shlwapi.dll
0x00007ffc0f810000 - 0x00007ffc0f82f000 	C:\Windows\SYSTEM32\profapi.dll
0x00007ffbe1860000 - 0x00007ffbe187a000 	C:\Program Files\Android\Android Studio\jre\bin\net.dll
0x00007ffc06730000 - 0x00007ffc0683b000 	C:\Windows\SYSTEM32\WINHTTP.dll
0x00007ffc0e9c0000 - 0x00007ffc0ea2a000 	C:\Windows\system32\mswsock.dll
0x00007ffbe1840000 - 0x00007ffbe1854000 	C:\Program Files\Android\Android Studio\jre\bin\nio.dll
0x00007ffbfcb70000 - 0x00007ffbfcb97000 	C:\Users\Prasanth\.gradle\native\8bec1ad78214c89d9ad589b4d07fe93259594b29d510b10fafb7a158f7737e5d\windows-amd64\native-platform.dll
0x00007ffbf0960000 - 0x00007ffbf0a9d000 	C:\Users\Prasanth\.gradle\native\53dbd7edfb1c66fb8903c78663c9afc45aea4f116125fa6feffd364cf09443e8\windows-amd64\native-platform-file-events.dll
0x00007ffbed620000 - 0x00007ffbed62a000 	C:\Program Files\Android\Android Studio\jre\bin\management.dll
0x00007ffbea830000 - 0x00007ffbea83c000 	C:\Program Files\Android\Android Studio\jre\bin\management_ext.dll
0x00007ffc0f660000 - 0x00007ffc0f678000 	C:\Windows\SYSTEM32\CRYPTSP.dll
0x00007ffc0e320000 - 0x00007ffc0e354000 	C:\Windows\system32\rsaenh.dll
0x00007ffc0fee0000 - 0x00007ffc0ff07000 	C:\Windows\System32\bcrypt.dll
0x00007ffc0f790000 - 0x00007ffc0f7be000 	C:\Windows\SYSTEM32\USERENV.dll
0x00007ffc0eb90000 - 0x00007ffc0eb9c000 	C:\Windows\SYSTEM32\CRYPTBASE.dll
0x00007ffc0e6b0000 - 0x00007ffc0e6eb000 	C:\Windows\SYSTEM32\IPHLPAPI.DLL
0x00007ffc11510000 - 0x00007ffc11518000 	C:\Windows\System32\NSI.dll
0x00007ffc07580000 - 0x00007ffc07597000 	C:\Windows\SYSTEM32\dhcpcsvc6.DLL
0x00007ffc079c0000 - 0x00007ffc079dd000 	C:\Windows\SYSTEM32\dhcpcsvc.DLL
0x00007ffc0e6f0000 - 0x00007ffc0e7bc000 	C:\Windows\SYSTEM32\DNSAPI.dll
0x00007ffbe4590000 - 0x00007ffbe45b7000 	C:\Program Files\Android\Android Studio\jre\bin\sunec.dll

dbghelp: loaded successfully - version: 4.0.5 - missing functions: none
symbol engine: initialized successfully - sym options: 0x614 - pdb path: .;C:\Program Files\Android\Android Studio\jre\bin;C:\Windows\SYSTEM32;C:\Windows\WinSxS\amd64_microsoft.windows.common-controls_6595b64144ccf1df_6.0.19041.844_none_ca00b6081b84eb1d;C:\Program Files\Android\Android Studio\jre\bin\server;C:\Users\Prasanth\.gradle\native\8bec1ad78214c89d9ad589b4d07fe93259594b29d510b10fafb7a158f7737e5d\windows-amd64;C:\Users\Prasanth\.gradle\native\53dbd7edfb1c66fb8903c78663c9afc45aea4f116125fa6feffd364cf09443e8\windows-amd64

VM Arguments:
jvm_args: --add-opens=java.base/java.util=ALL-UNNAMED --add-opens=java.base/java.lang=ALL-UNNAMED --add-opens=java.base/java.lang.invoke=ALL-UNNAMED --add-opens=java.base/java.util=ALL-UNNAMED --add-opens=java.prefs/java.util.prefs=ALL-UNNAMED --add-opens=java.prefs/java.util.prefs=ALL-UNNAMED --add-opens=java.base/java.nio.charset=ALL-UNNAMED --add-opens=java.base/java.net=ALL-UNNAMED --add-opens=java.base/java.util.concurrent.atomic=ALL-UNNAMED -Xmx2048m -Dfile.encoding=windows-1252 -Duser.country=IN -Duser.language=en -Duser.variant 
java_command: org.gradle.launcher.daemon.bootstrap.GradleDaemon 7.0.2
java_class_path (initial): C:\Users\Prasanth\.gradle\wrapper\dists\gradle-7.0.2-bin\857tjihv64xamwrf0h14cai3r\gradle-7.0.2\lib\gradle-launcher-7.0.2.jar
Launcher Type: SUN_STANDARD

[Global flags]
     intx CICompilerCount                          = 2                                         {product} {ergonomic}
     uint ConcGCThreads                            = 1                                         {product} {ergonomic}
     uint G1ConcRefinementThreads                  = 2                                         {product} {ergonomic}
   size_t G1HeapRegionSize                         = 1048576                                   {product} {ergonomic}
    uintx GCDrainStackTargetSize                   = 64                                        {product} {ergonomic}
   size_t InitialHeapSize                          = 65011712                                  {product} {ergonomic}
   size_t MarkStackSize                            = 4194304                                   {product} {ergonomic}
   size_t MaxHeapSize                              = 2147483648                                {product} {command line}
   size_t MaxNewSize                               = 1287651328                                {product} {ergonomic}
   size_t MinHeapDeltaBytes                        = 1048576                                   {product} {ergonomic}
    uintx NonNMethodCodeHeapSize                   = 5825164                                {pd product} {ergonomic}
    uintx NonProfiledCodeHeapSize                  = 122916538                              {pd product} {ergonomic}
    uintx ProfiledCodeHeapSize                     = 122916538                              {pd product} {ergonomic}
    uintx ReservedCodeCacheSize                    = 251658240                              {pd product} {ergonomic}
     bool SegmentedCodeCache                       = true                                      {product} {ergonomic}
     bool UseCompressedClassPointers               = true                                 {lp64_product} {ergonomic}
     bool UseCompressedOops                        = true                                 {lp64_product} {ergonomic}
     bool UseG1GC                                  = true                                      {product} {ergonomic}
     bool UseLargePagesIndividualAllocation        = false                                  {pd product} {ergonomic}

Logging:
Log output configuration:
 #0: stdout all=warning uptime,level,tags
 #1: stderr all=off uptime,level,tags

Environment Variables:
PATH=C:\Windows\system32;C:\Windows;C:\Windows\System32\Wbem;C:\Windows\System32\WindowsPowerShell\v1.0\;C:\Windows\System32\OpenSSH\;C:\Users\Prasanth\AppData\Local\Microsoft\WindowsApps;
USERNAME=Prasanth
OS=Windows_NT
PROCESSOR_IDENTIFIER=Intel64 Family 6 Model 42 Stepping 7, GenuineIntel



---------------  S Y S T E M  ---------------

OS: Windows 10 , 64 bit Build 19041 (10.0.19041.928)
OS uptime: 0 days 0:32 hours

CPU:total 2 (initial active 2) (2 cores per cpu, 1 threads per core) family 6 model 42 stepping 7 microcode 0x2f, cmov, cx8, fxsr, mmx, sse, sse2, sse3, ssse3, sse4.1, sse4.2, popcnt, clmul, tsc, tscinvbit

Memory: 4k page, system-wide physical 3931M (546M free)
TotalPageFile size 6491M (AvailPageFile size 2889M)
current process WorkingSet (physical memory assigned to process): 620M, peak: 620M
current process commit charge ("private bytes"): 640M, peak: 640M

vm_info: OpenJDK 64-Bit Server VM (11.0.10+0-b96-7249189) for windows-amd64 JRE (11.0.10+0-b96-7249189), built on Mar 31 2021 21:44:00 by "builder" with MS VC++ 14.0 (VS2015)

END.
