#
# A fatal error has been detected by the Java Runtime Environment:
#
#  EXCEPTION_ACCESS_VIOLATION (0xc0000005) at pc=0x00007ffbdbe1c9e6, pid=3500, tid=2008
#
# JRE version: OpenJDK Runtime Environment (11.0.10) (build 11.0.10+0-b96-7249189)
# Java VM: OpenJDK 64-Bit Server VM (11.0.10+0-b96-7249189, mixed mode, tiered, compressed oops, g1 gc, windows-amd64)
# Problematic frame:
# V  [jvm.dll+0x18c9e6]
#
# No core dump will be written. Minidumps are not enabled by default on client versions of Windows
#
# If you would like to submit a bug report, please visit:
#   https://bugreport.java.com/bugreport/crash.jsp
#

---------------  S U M M A R Y ------------

Command Line: --add-opens=java.base/java.util=ALL-UNNAMED --add-opens=java.base/java.lang=ALL-UNNAMED --add-opens=java.base/java.lang.invoke=ALL-UNNAMED --add-opens=java.base/java.util=ALL-UNNAMED --add-opens=java.prefs/java.util.prefs=ALL-UNNAMED --add-opens=java.prefs/java.util.prefs=ALL-UNNAMED --add-opens=java.base/java.nio.charset=ALL-UNNAMED --add-opens=java.base/java.net=ALL-UNNAMED --add-opens=java.base/java.util.concurrent.atomic=ALL-UNNAMED -Xmx2048m -Dfile.encoding=windows-1252 -Duser.country=IN -Duser.language=en -Duser.variant org.gradle.launcher.daemon.bootstrap.GradleDaemon 7.0.2

Host: Intel(R) Pentium(R) CPU B950 @ 2.10GHz, 2 cores, 3G,  Windows 10 , 64 bit Build 19041 (10.0.19041.928)
Time: Wed Oct  6 10:05:41 2021 Pacific Daylight Time elapsed time: 3333.292571 seconds (0d 0h 55m 33s)

---------------  T H R E A D  ---------------

Current thread (0x0000016f85165000):  ConcurrentGCThread "G1 Conc#0" [stack: 0x0000003f6de00000,0x0000003f6df00000] [id=2008]

Stack: [0x0000003f6de00000,0x0000003f6df00000],  sp=0x0000003f6deff3b8,  free space=1020k
Native frames: (J=compiled Java code, j=interpreted, Vv=VM code, C=native code)
V  [jvm.dll+0x18c9e6]


siginfo: EXCEPTION_ACCESS_VIOLATION (0xc0000005), reading address 0x0000000000000518


Register to memory mapping:

RIP=0x00007ffbdbe1c9e6 jvm.dll
RAX=0x4404108891010401 is an unknown value
RBX=0x00000000861c0b20 is pointing into object: com.android.utils.PositionXmlParser$Position 
{0x00000000861c0b18} - klass: 'com/android/utils/PositionXmlParser$Position'
RCX=0x00000000861c0b20 is pointing into object: com.android.utils.PositionXmlParser$Position 
{0x00000000861c0b18} - klass: 'com/android/utils/PositionXmlParser$Position'
RDX=0x00000000861c0b20 is pointing into object: com.android.utils.PositionXmlParser$Position 
{0x00000000861c0b18} - klass: 'com/android/utils/PositionXmlParser$Position'
RSP=0x0000003f6deff3b8 points into unknown readable memory: 0x00007ffbdbf6a4ea | ea a4 f6 db fb 7f 00 00
RBP=0x0000016f8515a910 points into unknown readable memory: 0x0000016f85163800 | 00 38 16 85 6f 01 00 00
RSI=0x0000000000000001 is an unknown value
RDI=0x0 is NULL
R8 =0x4404108891010422 is an unknown value
R9 =0x0000000000000510 is an unknown value
R10=0x0000016f8515a910 points into unknown readable memory: 0x0000016f85163800 | 00 38 16 85 6f 01 00 00
R11=0x0000016f9ac10000 points into unknown readable memory: 0x0000092410492041 | 41 20 49 10 24 09 00 00
R12=0x000000000000000c is an unknown value
R13=0xaaaaaaaaaaaaaaab is an unknown value
R14=0x0 is NULL
R15=0x00000000861e0460 is an oop: org.apache.xerces.dom.ElementNSImpl 
{0x00000000861e0460} - klass: 'org/apache/xerces/dom/ElementNSImpl'


Registers:
RAX=0x4404108891010401, RBX=0x00000000861c0b20, RCX=0x00000000861c0b20, RDX=0x00000000861c0b20
RSP=0x0000003f6deff3b8, RBP=0x0000016f8515a910, RSI=0x0000000000000001, RDI=0x0000000000000000
R8 =0x4404108891010422, R9 =0x0000000000000510, R10=0x0000016f8515a910, R11=0x0000016f9ac10000
R12=0x000000000000000c, R13=0xaaaaaaaaaaaaaaab, R14=0x0000000000000000, R15=0x00000000861e0460
RIP=0x00007ffbdbe1c9e6, EFLAGS=0x0000000000010202

Top of Stack: (sp=0x0000003f6deff3b8)
0x0000003f6deff3b8:   00007ffbdbf6a4ea 00000000861c0b20
0x0000003f6deff3c8:   00000001006fd668 0000000000000061
0x0000003f6deff3d8:   0000000000000001 00000001006fd670
0x0000003f6deff3e8:   00007ffbdbf6a396 00000001006fd668
0x0000003f6deff3f8:   00000000861c0b20 0000016f85166c50
0x0000003f6deff408:   0000003f6deff5c8 0000000000000000
0x0000003f6deff418:   0000003f6deff5c8 00000000861e049c
0x0000003f6deff428:   00007ffbdbf621ed 0000000000000008
0x0000003f6deff438:   00000000861e0480 00000000861e0258
0x0000003f6deff448:   00000000861e026c 0000003f6deff5a0
0x0000003f6deff458:   0000016f85165401 00000001006fce60
0x0000003f6deff468:   00007ffbdbf61aa1 0000000000000008
0x0000003f6deff478:   0000003f6deff5c8 00000000861e0460
0x0000003f6deff488:   0000000000000000 00000000861e0460
0x0000003f6deff498:   00007ffbdbf6ffcf 0000016f85166c50
0x0000003f6deff4a8:   0000000000c40000 0000003f6deff5a0 

Instructions: (pc=0x00007ffbdbe1c9e6)
0x00007ffbdbe1c8e6:   82 00 48 d3 e0 48 03 05 1e 22 82 00 eb 04 48 8b
0x00007ffbdbe1c8f6:   43 08 81 78 08 00 00 00 c0 73 7d 48 8b 4f 38 48
0x00007ffbdbe1c906:   8b d3 48 8b 01 ff 50 20 84 c0 75 6c 38 05 80 ac
0x00007ffbdbe1c916:   86 00 74 15 8b 53 08 8b 0d f5 21 82 00 48 d3 e2
0x00007ffbdbe1c926:   48 03 15 e3 21 82 00 eb 04 48 8b 53 08 48 8b cb
0x00007ffbdbe1c936:   48 89 5c 24 20 e8 a0 00 00 00 80 7f 30 00 48 63
0x00007ffbdbe1c946:   c8 48 89 4c 24 28 0f 28 44 24 20 74 17 0f 11 86
0x00007ffbdbe1c956:   98 03 00 00 48 8b 5c 24 40 48 8b 74 24 48 48 83
0x00007ffbdbe1c966:   c4 30 5f c3 48 8b 07 48 8d 54 24 20 48 8b cf 66
0x00007ffbdbe1c976:   0f 7f 44 24 20 ff 50 38 48 8b 5c 24 40 48 8b 74
0x00007ffbdbe1c986:   24 48 48 83 c4 30 5f c3 cc cc 48 8b 49 38 48 8b
0x00007ffbdbe1c996:   01 48 ff 60 28 cc cc cc cc cc 80 3d f1 ab 86 00
0x00007ffbdbe1c9a6:   00 48 8b c1 74 1b 8b 51 08 8b 0d 63 21 82 00 48
0x00007ffbdbe1c9b6:   d3 e2 48 8b c8 48 03 15 4e 21 82 00 e9 19 00 00
0x00007ffbdbe1c9c6:   00 48 8b 51 08 48 8b c8 e9 0d 00 00 00 cc cc cc
0x00007ffbdbe1c9d6:   cc cc cc cc cc cc cc cc cc cc 4c 8b ca 48 8b d1
0x00007ffbdbe1c9e6:   45 8b 41 08 45 85 c0 7e 0e 41 f6 c0 01 75 59 41
0x00007ffbdbe1c9f6:   c1 f8 03 41 8b c0 c3 79 4f 80 3d 92 ab 86 00 00
0x00007ffbdbe1ca06:   b8 0c 00 00 00 b9 10 00 00 00 0f 45 c8 8b 05 ab
0x00007ffbdbe1ca16:   6c 80 00 ff c8 4c 63 c8 48 63 c1 41 8b c8 83 e1
0x00007ffbdbe1ca26:   3f 48 63 14 10 41 8b c0 48 c1 f8 10 0f b6 c0 48
0x00007ffbdbe1ca36:   d3 e2 49 8d 0c 11 49 f7 d1 48 03 c1 49 c1 e9 03
0x00007ffbdbe1ca46:   48 c1 e8 03 41 23 c1 c3 49 8b 01 49 8b c9 48 ff
0x00007ffbdbe1ca56:   a0 10 01 00 00 cc cc cc cc cc 48 83 ec 38 0f 10
0x00007ffbdbe1ca66:   02 48 8b 49 38 48 8d 54 24 20 0f 29 44 24 20 e8
0x00007ffbdbe1ca76:   56 f0 ff ff 48 83 c4 38 c3 cc 48 89 5c 24 08 55
0x00007ffbdbe1ca86:   56 57 41 54 41 55 41 56 41 57 48 8d 6c 24 e0 48
0x00007ffbdbe1ca96:   81 ec 20 01 00 00 48 8b 05 5d a5 83 00 48 33 c4
0x00007ffbdbe1caa6:   48 89 45 10 48 8b 05 df 15 86 00 45 33 ed 4c 8b
0x00007ffbdbe1cab6:   b5 80 00 00 00 4c 8b fa 48 8b bd 88 00 00 00 4d
0x00007ffbdbe1cac6:   8b c6 49 8b d6 49 8b f1 48 8b 48 38 48 8b 59 48
0x00007ffbdbe1cad6:   49 8b cf c7 45 c0 ff ff ff ff 44 89 6d d4 4c 89 


Stack slot to memory mapping:
stack at sp + 0 slots: 0x00007ffbdbf6a4ea jvm.dll
stack at sp + 1 slots: 0x00000000861c0b20 is pointing into object: com.android.utils.PositionXmlParser$Position 
{0x00000000861c0b18} - klass: 'com/android/utils/PositionXmlParser$Position'
stack at sp + 2 slots: 0x00000001006fd668 is pointing into metadata
stack at sp + 3 slots: 0x0000000000000061 is an unknown value
stack at sp + 4 slots: 0x0000000000000001 is an unknown value
stack at sp + 5 slots: 0x00000001006fd670 is a pointer to class: 
org.apache.xerces.dom.AttrImpl {0x00000001006fd678}
stack at sp + 6 slots: 0x00007ffbdbf6a396 jvm.dll
stack at sp + 7 slots: 0x00000001006fd668 is pointing into metadata


---------------  P R O C E S S  ---------------

Threads class SMR info:
_java_thread_list=0x0000016fa0d7c650, length=45, elements={
0x0000016f85118800, 0x0000016f9f7ec800, 0x0000016f9f7ef000, 0x0000016f9f84d000,
0x0000016f9f84e000, 0x0000016f9f851000, 0x0000016f9f855800, 0x0000016f9f85a800,
0x0000016f9f85e800, 0x0000016f9fac5000, 0x0000016fa2855800, 0x0000016fa2626000,
0x0000016fa2eb0800, 0x0000016fa2668000, 0x0000016fa2665800, 0x0000016fa0a2f000,
0x0000016fa0a30000, 0x0000016fa0a2e800, 0x0000016fa0a37800, 0x0000016fa0a38000,
0x0000016fa0a32800, 0x0000016fa0a39000, 0x0000016fa2c20000, 0x0000016fa8c28000,
0x0000016fa2c1d800, 0x0000016fa2c22800, 0x0000016fa8c31000, 0x0000016fa8c24800,
0x0000016fa8c29000, 0x0000016fa8c24000, 0x0000016fa8c29800, 0x0000016fa8c26800,
0x0000016fa8c2a800, 0x0000016fa8c2b000, 0x0000016fa8c25800, 0x0000016fa8c30000,
0x0000016fa8c2e800, 0x0000016fa8c2f800, 0x0000016fa8c2c000, 0x0000016fa8c2d000,
0x0000016fa8c32000, 0x0000016fa2c1e800, 0x0000016fa2c1f800, 0x0000016fa2c21000,
0x0000016fa2c1b000
}

Java Threads: ( => current thread )
  0x0000016f85118800 JavaThread "main" [_thread_blocked, id=912, stack(0x0000003f6da00000,0x0000003f6db00000)]
  0x0000016f9f7ec800 JavaThread "Reference Handler" daemon [_thread_blocked, id=1128, stack(0x0000003f6e200000,0x0000003f6e300000)]
  0x0000016f9f7ef000 JavaThread "Finalizer" daemon [_thread_blocked, id=3852, stack(0x0000003f6e300000,0x0000003f6e400000)]
  0x0000016f9f84d000 JavaThread "Signal Dispatcher" daemon [_thread_blocked, id=6948, stack(0x0000003f6e400000,0x0000003f6e500000)]
  0x0000016f9f84e000 JavaThread "Attach Listener" daemon [_thread_blocked, id=6568, stack(0x0000003f6e500000,0x0000003f6e600000)]
  0x0000016f9f851000 JavaThread "Service Thread" daemon [_thread_blocked, id=4316, stack(0x0000003f6e600000,0x0000003f6e700000)]
  0x0000016f9f855800 JavaThread "C2 CompilerThread0" daemon [_thread_in_native, id=5332, stack(0x0000003f6e700000,0x0000003f6e800000)]
  0x0000016f9f85a800 JavaThread "C1 CompilerThread0" daemon [_thread_blocked, id=2776, stack(0x0000003f6e800000,0x0000003f6e900000)]
  0x0000016f9f85e800 JavaThread "Sweeper thread" daemon [_thread_blocked, id=380, stack(0x0000003f6e900000,0x0000003f6ea00000)]
  0x0000016f9fac5000 JavaThread "Common-Cleaner" daemon [_thread_blocked, id=1520, stack(0x0000003f6ea00000,0x0000003f6eb00000)]
  0x0000016fa2855800 JavaThread "Daemon health stats" [_thread_blocked, id=6964, stack(0x0000003f6ed00000,0x0000003f6ee00000)]
  0x0000016fa2626000 JavaThread "Incoming local TCP Connector on port 58068" [_thread_in_native, id=4368, stack(0x0000003f6ee00000,0x0000003f6ef00000)]
  0x0000016fa2eb0800 JavaThread "Daemon periodic checks" [_thread_blocked, id=5136, stack(0x0000003f6f000000,0x0000003f6f100000)]
  0x0000016fa2668000 JavaThread "Cache worker for file hash cache (C:\Users\Prasanth\.gradle\caches\7.0.2\fileHashes)" [_thread_blocked, id=6544, stack(0x0000003f6f700000,0x0000003f6f800000)]
  0x0000016fa2665800 JavaThread "File lock request listener" [_thread_in_native, id=2828, stack(0x0000003f6f800000,0x0000003f6f900000)]
  0x0000016fa0a2f000 JavaThread "Cache worker for journal cache (C:\Users\Prasanth\.gradle\caches\journal-1)" [_thread_blocked, id=3556, stack(0x0000003f6f900000,0x0000003f6fa00000)]
  0x0000016fa0a30000 JavaThread "File watcher server" daemon [_thread_in_native, id=6548, stack(0x0000003f6fb00000,0x0000003f6fc00000)]
  0x0000016fa0a2e800 JavaThread "File watcher consumer" daemon [_thread_blocked, id=6052, stack(0x0000003f6fc00000,0x0000003f6fd00000)]
  0x0000016fa0a37800 JavaThread "Cache worker for execution history cache (C:\Users\Prasanth\.gradle\caches\7.0.2\executionHistory)" [_thread_blocked, id=3480, stack(0x0000003f70000000,0x0000003f70100000)]
  0x0000016fa0a38000 JavaThread "jar transforms" [_thread_blocked, id=5960, stack(0x0000003f70100000,0x0000003f70200000)]
  0x0000016fa0a32800 JavaThread "jar transforms Thread 2" [_thread_blocked, id=804, stack(0x0000003f70200000,0x0000003f70300000)]
  0x0000016fa0a39000 JavaThread "Cache worker for file content cache (C:\Users\Prasanth\.gradle\caches\7.0.2\fileContent)" [_thread_blocked, id=5536, stack(0x0000003f70300000,0x0000003f70400000)]
  0x0000016fa2c20000 JavaThread "Memory manager" [_thread_blocked, id=676, stack(0x0000003f70800000,0x0000003f70900000)]
  0x0000016fa8c28000 JavaThread "Cache worker for Java compile cache (C:\Users\Prasanth\.gradle\caches\7.0.2\javaCompile)" [_thread_blocked, id=5420, stack(0x0000003f71000000,0x0000003f71100000)]
  0x0000016fa2c1d800 JavaThread "Daemon Thread 12" [_thread_blocked, id=2756, stack(0x0000003f6d900000,0x0000003f6da00000)]
  0x0000016fa2c22800 JavaThread "Daemon worker Thread 12" [_thread_blocked, id=6820, stack(0x0000003f6f100000,0x0000003f6f200000)]
  0x0000016fa8c31000 JavaThread "ForkJoinPool.commonPool-worker-3" daemon [_thread_blocked, id=5820, stack(0x0000003f70f00000,0x0000003f71000000)]
  0x0000016fa8c24800 JavaThread "Handler for socket connection from /127.0.0.1:58068 to /127.0.0.1:58387" [_thread_in_native, id=6804, stack(0x0000003f6db00000,0x0000003f6dc00000)]
  0x0000016fa8c29000 JavaThread "Cancel handler" [_thread_blocked, id=788, stack(0x0000003f6ef00000,0x0000003f6f000000)]
  0x0000016fa8c24000 JavaThread "Asynchronous log dispatcher for DefaultDaemonConnection: socket connection from /127.0.0.1:58068 to /127.0.0.1:58387" [_thread_blocked, id=3660, stack(0x0000003f6f200000,0x0000003f6f300000)]
  0x0000016fa8c29800 JavaThread "Stdin handler" [_thread_blocked, id=2716, stack(0x0000003f6f300000,0x0000003f6f400000)]
  0x0000016fa8c26800 JavaThread "Daemon client event forwarder" [_thread_blocked, id=5528, stack(0x0000003f6f400000,0x0000003f6f500000)]
  0x0000016fa8c2a800 JavaThread "Cache worker for file hash cache (C:\Users\Prasanth\AndroidStudioProjects\Skyblue\.gradle\7.0.2\fileHashes)" [_thread_blocked, id=4984, stack(0x0000003f6f500000,0x0000003f6f600000)]
  0x0000016fa8c2b000 JavaThread "Cache worker for checksums cache (C:\Users\Prasanth\AndroidStudioProjects\Skyblue\.gradle\checksums)" [_thread_blocked, id=1796, stack(0x0000003f6f600000,0x0000003f6f700000)]
  0x0000016fa8c25800 JavaThread "Cache worker for cache directory md-supplier (C:\Users\Prasanth\.gradle\caches\7.0.2\md-supplier)" [_thread_blocked, id=5844, stack(0x0000003f6fa00000,0x0000003f6fb00000)]
  0x0000016fa8c30000 JavaThread "Cache worker for cache directory md-rule (C:\Users\Prasanth\.gradle\caches\7.0.2\md-rule)" [_thread_blocked, id=6560, stack(0x0000003f6fd00000,0x0000003f6fe00000)]
  0x0000016fa8c2e800 JavaThread "Cache worker for dependencies-accessors (C:\Users\Prasanth\AndroidStudioProjects\Skyblue\.gradle\7.0.2\dependencies-accessors)" [_thread_blocked, id=3168, stack(0x0000003f6fe00000,0x0000003f6ff00000)]
  0x0000016fa8c2f800 JavaThread "Cache worker for Build Output Cleanup Cache (C:\Users\Prasanth\AndroidStudioProjects\Skyblue\.gradle\buildOutputCleanup)" [_thread_blocked, id=4780, stack(0x0000003f6ff00000,0x0000003f70000000)]
  0x0000016fa8c2c000 JavaThread "Build operations" [_thread_blocked, id=6000, stack(0x0000003f70400000,0x0000003f70500000)]
  0x0000016fa8c2d000 JavaThread "Build operations Thread 2" [_thread_blocked, id=7140, stack(0x0000003f70500000,0x0000003f70600000)]
  0x0000016fa8c32000 JavaThread "build event listener" [_thread_blocked, id=2052, stack(0x0000003f70600000,0x0000003f70700000)]
  0x0000016fa2c1e800 JavaThread "Execution worker for ':'" [_thread_in_Java, id=1600, stack(0x0000003f70700000,0x0000003f70800000)]
  0x0000016fa2c1f800 JavaThread "Cache worker for execution history cache (C:\Users\Prasanth\AndroidStudioProjects\Skyblue\.gradle\7.0.2\executionHistory)" [_thread_blocked, id=6524, stack(0x0000003f70900000,0x0000003f70a00000)]
  0x0000016fa2c21000 JavaThread "WorkerExecutor Queue" [_thread_blocked, id=5096, stack(0x0000003f70a00000,0x0000003f70b00000)]
  0x0000016fa2c1b000 JavaThread "WorkerExecutor Queue Thread 2" [_thread_blocked, id=6660, stack(0x0000003f70b00000,0x0000003f70c00000)]

Other Threads:
  0x0000016f9f7e4800 VMThread "VM Thread" [stack: 0x0000003f6e100000,0x0000003f6e200000] [id=3212]
  0x0000016f9fae2000 WatcherThread [stack: 0x0000003f6eb00000,0x0000003f6ec00000] [id=6260]
  0x0000016f85132000 GCTaskThread "GC Thread#0" [stack: 0x0000003f6dc00000,0x0000003f6dd00000] [id=6908]
  0x0000016f9fcd3800 GCTaskThread "GC Thread#1" [stack: 0x0000003f6ec00000,0x0000003f6ed00000] [id=3616]
  0x0000016f85163800 ConcurrentGCThread "G1 Main Marker" [stack: 0x0000003f6dd00000,0x0000003f6de00000] [id=5500]
=>0x0000016f85165000 ConcurrentGCThread "G1 Conc#0" [stack: 0x0000003f6de00000,0x0000003f6df00000] [id=2008]
  0x0000016f851b4800 ConcurrentGCThread "G1 Refine#0" [stack: 0x0000003f6df00000,0x0000003f6e000000] [id=6740]
  0x0000016f851b6000 ConcurrentGCThread "G1 Young RemSet Sampling" [stack: 0x0000003f6e000000,0x0000003f6e100000] [id=7144]

Threads with active compile tasks:
C2 CompilerThread03333365 27517 % !   4       com.android.ide.common.resources.DataMerger::mergeData @ 247 (611 bytes)

VM state:not at safepoint (normal execution)

VM Mutex/Monitor currently owned by a thread: None

Heap address: 0x0000000080000000, size: 2048 MB, Compressed Oops mode: 32-bit
Narrow klass base: 0x0000000000000000, Narrow klass shift: 3
Compressed class space size: 1073741824 Address: 0x0000000100000000

Heap:
 garbage-first heap   total 290816K, used 132379K [0x0000000080000000, 0x0000000100000000)
  region size 1024K, 5 young (5120K), 2 survivors (2048K)
 Metaspace       used 124210K, capacity 128657K, committed 128844K, reserved 1161216K
  class space    used 15316K, capacity 16936K, committed 16972K, reserved 1048576K
Heap Regions: E=young(eden), S=young(survivor), O=old, HS=humongous(starts), HC=humongous(continues), CS=collection set, F=free, A=archive, TAMS=top-at-mark-start (previous, next)
|   0|0x0000000080000000, 0x0000000080100000, 0x0000000080100000|100%| O|  |TAMS 0x0000000080100000, 0x0000000080100000| Untracked 
|   1|0x0000000080100000, 0x0000000080200000, 0x0000000080200000|100%| O|  |TAMS 0x0000000080200000, 0x0000000080200000| Untracked 
|   2|0x0000000080200000, 0x0000000080300000, 0x0000000080300000|100%| O|  |TAMS 0x0000000080300000, 0x0000000080300000| Untracked 
|   3|0x0000000080300000, 0x0000000080400000, 0x0000000080400000|100%| O|  |TAMS 0x0000000080400000, 0x0000000080400000| Untracked 
|   4|0x0000000080400000, 0x0000000080500000, 0x0000000080500000|100%|HS|  |TAMS 0x0000000080500000, 0x0000000080500000| Complete 
|   5|0x0000000080500000, 0x0000000080600000, 0x0000000080600000|100%|HC|  |TAMS 0x0000000080600000, 0x0000000080600000| Complete 
|   6|0x0000000080600000, 0x0000000080700000, 0x0000000080700000|100%|HC|  |TAMS 0x0000000080700000, 0x0000000080700000| Complete 
|   7|0x0000000080700000, 0x0000000080800000, 0x0000000080800000|100%| O|  |TAMS 0x0000000080800000, 0x0000000080800000| Untracked 
|   8|0x0000000080800000, 0x0000000080900000, 0x0000000080900000|100%| O|  |TAMS 0x0000000080900000, 0x0000000080900000| Untracked 
|   9|0x0000000080900000, 0x0000000080a00000, 0x0000000080a00000|100%| O|  |TAMS 0x0000000080a00000, 0x0000000080a00000| Untracked 
|  10|0x0000000080a00000, 0x0000000080b00000, 0x0000000080b00000|100%| O|  |TAMS 0x0000000080b00000, 0x0000000080b00000| Untracked 
|  11|0x0000000080b00000, 0x0000000080c00000, 0x0000000080c00000|100%| O|  |TAMS 0x0000000080c00000, 0x0000000080c00000| Untracked 
|  12|0x0000000080c00000, 0x0000000080d00000, 0x0000000080d00000|100%| O|  |TAMS 0x0000000080d00000, 0x0000000080d00000| Untracked 
|  13|0x0000000080d00000, 0x0000000080e00000, 0x0000000080e00000|100%| O|  |TAMS 0x0000000080e00000, 0x0000000080e00000| Untracked 
|  14|0x0000000080e00000, 0x0000000080f00000, 0x0000000080f00000|100%| O|  |TAMS 0x0000000080f00000, 0x0000000080f00000| Untracked 
|  15|0x0000000080f00000, 0x0000000081000000, 0x0000000081000000|100%| O|  |TAMS 0x0000000081000000, 0x0000000081000000| Untracked 
|  16|0x0000000081000000, 0x0000000081100000, 0x0000000081100000|100%| O|  |TAMS 0x0000000081100000, 0x0000000081100000| Untracked 
|  17|0x0000000081100000, 0x0000000081200000, 0x0000000081200000|100%| O|  |TAMS 0x0000000081200000, 0x0000000081200000| Untracked 
|  18|0x0000000081200000, 0x0000000081300000, 0x0000000081300000|100%| O|  |TAMS 0x0000000081300000, 0x0000000081300000| Untracked 
|  19|0x0000000081300000, 0x0000000081400000, 0x0000000081400000|100%| O|  |TAMS 0x0000000081400000, 0x0000000081400000| Untracked 
|  20|0x0000000081400000, 0x0000000081500000, 0x0000000081500000|100%| O|  |TAMS 0x0000000081500000, 0x0000000081500000| Untracked 
|  21|0x0000000081500000, 0x0000000081600000, 0x0000000081600000|100%| O|  |TAMS 0x0000000081600000, 0x0000000081600000| Untracked 
|  22|0x0000000081600000, 0x0000000081700000, 0x0000000081700000|100%| O|  |TAMS 0x0000000081700000, 0x0000000081700000| Untracked 
|  23|0x0000000081700000, 0x0000000081800000, 0x0000000081800000|100%| O|  |TAMS 0x0000000081800000, 0x0000000081800000| Untracked 
|  24|0x0000000081800000, 0x0000000081900000, 0x0000000081900000|100%| O|  |TAMS 0x0000000081900000, 0x0000000081900000| Untracked 
|  25|0x0000000081900000, 0x0000000081a00000, 0x0000000081a00000|100%| O|  |TAMS 0x0000000081a00000, 0x0000000081a00000| Untracked 
|  26|0x0000000081a00000, 0x0000000081b00000, 0x0000000081b00000|100%|HS|  |TAMS 0x0000000081b00000, 0x0000000081b00000| Complete 
|  27|0x0000000081b00000, 0x0000000081c00000, 0x0000000081c00000|100%|HS|  |TAMS 0x0000000081c00000, 0x0000000081c00000| Complete 
|  28|0x0000000081c00000, 0x0000000081d00000, 0x0000000081d00000|100%|HS|  |TAMS 0x0000000081d00000, 0x0000000081d00000| Complete 
|  29|0x0000000081d00000, 0x0000000081e00000, 0x0000000081e00000|100%|HC|  |TAMS 0x0000000081e00000, 0x0000000081e00000| Complete 
|  30|0x0000000081e00000, 0x0000000081f00000, 0x0000000081f00000|100%| O|  |TAMS 0x0000000081f00000, 0x0000000081f00000| Untracked 
|  31|0x0000000081f00000, 0x0000000082000000, 0x0000000082000000|100%| O|  |TAMS 0x0000000082000000, 0x0000000082000000| Untracked 
|  32|0x0000000082000000, 0x0000000082100000, 0x0000000082100000|100%| O|  |TAMS 0x0000000082100000, 0x0000000082100000| Untracked 
|  33|0x0000000082100000, 0x0000000082200000, 0x0000000082200000|100%| O|  |TAMS 0x0000000082100000, 0x0000000082200000| Untracked 
|  34|0x0000000082200000, 0x0000000082300000, 0x0000000082300000|100%| O|  |TAMS 0x0000000082300000, 0x0000000082300000| Untracked 
|  35|0x0000000082300000, 0x0000000082400000, 0x0000000082400000|100%| O|  |TAMS 0x0000000082400000, 0x0000000082400000| Untracked 
|  36|0x0000000082400000, 0x0000000082500000, 0x0000000082500000|100%| O|  |TAMS 0x0000000082500000, 0x0000000082500000| Untracked 
|  37|0x0000000082500000, 0x0000000082600000, 0x0000000082600000|100%| O|  |TAMS 0x0000000082600000, 0x0000000082600000| Untracked 
|  38|0x0000000082600000, 0x0000000082700000, 0x0000000082700000|100%| O|  |TAMS 0x0000000082700000, 0x0000000082700000| Untracked 
|  39|0x0000000082700000, 0x0000000082800000, 0x0000000082800000|100%| O|  |TAMS 0x0000000082800000, 0x0000000082800000| Untracked 
|  40|0x0000000082800000, 0x0000000082900000, 0x0000000082900000|100%| O|  |TAMS 0x0000000082900000, 0x0000000082900000| Untracked 
|  41|0x0000000082900000, 0x0000000082a00000, 0x0000000082a00000|100%| O|  |TAMS 0x0000000082a00000, 0x0000000082a00000| Untracked 
|  42|0x0000000082a00000, 0x0000000082b00000, 0x0000000082b00000|100%| O|  |TAMS 0x0000000082b00000, 0x0000000082b00000| Untracked 
|  43|0x0000000082b00000, 0x0000000082c00000, 0x0000000082c00000|100%| O|  |TAMS 0x0000000082c00000, 0x0000000082c00000| Untracked 
|  44|0x0000000082c00000, 0x0000000082d00000, 0x0000000082d00000|100%| O|  |TAMS 0x0000000082d00000, 0x0000000082d00000| Untracked 
|  45|0x0000000082d00000, 0x0000000082e00000, 0x0000000082e00000|100%| O|  |TAMS 0x0000000082e00000, 0x0000000082e00000| Untracked 
|  46|0x0000000082e00000, 0x0000000082f00000, 0x0000000082f00000|100%| O|  |TAMS 0x0000000082f00000, 0x0000000082f00000| Untracked 
|  47|0x0000000082f00000, 0x0000000083000000, 0x0000000083000000|100%| O|  |TAMS 0x0000000083000000, 0x0000000083000000| Untracked 
|  48|0x0000000083000000, 0x0000000083100000, 0x0000000083100000|100%| O|  |TAMS 0x0000000083100000, 0x0000000083100000| Untracked 
|  49|0x0000000083100000, 0x0000000083200000, 0x0000000083200000|100%| O|  |TAMS 0x0000000083200000, 0x0000000083200000| Untracked 
|  50|0x0000000083200000, 0x0000000083300000, 0x0000000083300000|100%| O|  |TAMS 0x0000000083300000, 0x0000000083300000| Untracked 
|  51|0x0000000083300000, 0x0000000083400000, 0x0000000083400000|100%| O|  |TAMS 0x0000000083400000, 0x0000000083400000| Untracked 
|  52|0x0000000083400000, 0x0000000083500000, 0x0000000083500000|100%| O|  |TAMS 0x0000000083500000, 0x0000000083500000| Untracked 
|  53|0x0000000083500000, 0x0000000083600000, 0x0000000083600000|100%| O|  |TAMS 0x0000000083600000, 0x0000000083600000| Untracked 
|  54|0x0000000083600000, 0x0000000083700000, 0x0000000083700000|100%| O|  |TAMS 0x0000000083600000, 0x0000000083700000| Untracked 
|  55|0x0000000083700000, 0x0000000083800000, 0x0000000083800000|100%| O|  |TAMS 0x0000000083800000, 0x0000000083800000| Untracked 
|  56|0x0000000083800000, 0x0000000083900000, 0x0000000083900000|100%| O|  |TAMS 0x0000000083900000, 0x0000000083900000| Untracked 
|  57|0x0000000083900000, 0x0000000083a00000, 0x0000000083a00000|100%| O|  |TAMS 0x0000000083a00000, 0x0000000083a00000| Untracked 
|  58|0x0000000083a00000, 0x0000000083b00000, 0x0000000083b00000|100%| O|  |TAMS 0x0000000083b00000, 0x0000000083b00000| Untracked 
|  59|0x0000000083b00000, 0x0000000083c00000, 0x0000000083c00000|100%| O|  |TAMS 0x0000000083c00000, 0x0000000083c00000| Untracked 
|  60|0x0000000083c00000, 0x0000000083d00000, 0x0000000083d00000|100%| O|  |TAMS 0x0000000083d00000, 0x0000000083d00000| Untracked 
|  61|0x0000000083d00000, 0x0000000083e00000, 0x0000000083e00000|100%| O|  |TAMS 0x0000000083d00000, 0x0000000083e00000| Untracked 
|  62|0x0000000083e00000, 0x0000000083f00000, 0x0000000083f00000|100%| O|  |TAMS 0x0000000083f00000, 0x0000000083f00000| Untracked 
|  63|0x0000000083f00000, 0x0000000084000000, 0x0000000084000000|100%| O|  |TAMS 0x0000000084000000, 0x0000000084000000| Untracked 
|  64|0x0000000084000000, 0x0000000084100000, 0x0000000084100000|100%| O|  |TAMS 0x0000000084100000, 0x0000000084100000| Untracked 
|  65|0x0000000084100000, 0x0000000084200000, 0x0000000084200000|100%|HS|  |TAMS 0x0000000084100000, 0x0000000084100000| Complete 
|  66|0x0000000084200000, 0x0000000084300000, 0x0000000084300000|100%|HS|  |TAMS 0x0000000084200000, 0x0000000084200000| Complete 
|  67|0x0000000084300000, 0x0000000084400000, 0x0000000084400000|100%| O|  |TAMS 0x0000000084400000, 0x0000000084400000| Untracked 
|  68|0x0000000084400000, 0x0000000084500000, 0x0000000084500000|100%| O|  |TAMS 0x0000000084500000, 0x0000000084500000| Untracked 
|  69|0x0000000084500000, 0x0000000084600000, 0x0000000084600000|100%| O|  |TAMS 0x0000000084600000, 0x0000000084600000| Untracked 
|  70|0x0000000084600000, 0x0000000084700000, 0x0000000084700000|100%| O|  |TAMS 0x0000000084600000, 0x0000000084700000| Untracked 
|  71|0x0000000084700000, 0x0000000084800000, 0x0000000084800000|100%| O|  |TAMS 0x0000000084800000, 0x0000000084800000| Untracked 
|  72|0x0000000084800000, 0x0000000084900000, 0x0000000084900000|100%|HS|  |TAMS 0x0000000084800000, 0x0000000084800000| Complete 
|  73|0x0000000084900000, 0x0000000084a00000, 0x0000000084a00000|100%|HC|  |TAMS 0x0000000084900000, 0x0000000084900000| Complete 
|  74|0x0000000084a00000, 0x0000000084a00000, 0x0000000084b00000|  0%| F|  |TAMS 0x0000000084a00000, 0x0000000084a00000| Untracked 
|  75|0x0000000084b00000, 0x0000000084c00000, 0x0000000084c00000|100%| O|  |TAMS 0x0000000084c00000, 0x0000000084c00000| Untracked 
|  76|0x0000000084c00000, 0x0000000084d00000, 0x0000000084d00000|100%| O|  |TAMS 0x0000000084c00000, 0x0000000084d00000| Untracked 
|  77|0x0000000084d00000, 0x0000000084e00000, 0x0000000084e00000|100%| O|  |TAMS 0x0000000084e00000, 0x0000000084e00000| Untracked 
|  78|0x0000000084e00000, 0x0000000084f00000, 0x0000000084f00000|100%| O|  |TAMS 0x0000000084f00000, 0x0000000084f00000| Untracked 
|  79|0x0000000084f00000, 0x0000000085000000, 0x0000000085000000|100%| O|  |TAMS 0x0000000085000000, 0x0000000085000000| Untracked 
|  80|0x0000000085000000, 0x0000000085100000, 0x0000000085100000|100%| O|  |TAMS 0x0000000085100000, 0x0000000085100000| Untracked 
|  81|0x0000000085100000, 0x0000000085200000, 0x0000000085200000|100%| O|  |TAMS 0x0000000085200000, 0x0000000085200000| Untracked 
|  82|0x0000000085200000, 0x0000000085300000, 0x0000000085300000|100%| O|  |TAMS 0x0000000085300000, 0x0000000085300000| Untracked 
|  83|0x0000000085300000, 0x0000000085400000, 0x0000000085400000|100%|HS|  |TAMS 0x0000000085300000, 0x0000000085300000| Complete 
|  84|0x0000000085400000, 0x0000000085500000, 0x0000000085500000|100%|HC|  |TAMS 0x0000000085400000, 0x0000000085400000| Complete 
|  85|0x0000000085500000, 0x0000000085600000, 0x0000000085600000|100%| O|  |TAMS 0x0000000085600000, 0x0000000085600000| Untracked 
|  86|0x0000000085600000, 0x0000000085700000, 0x0000000085700000|100%| O|  |TAMS 0x0000000085700000, 0x0000000085700000| Untracked 
|  87|0x0000000085700000, 0x0000000085800000, 0x0000000085800000|100%| O|  |TAMS 0x0000000085700000, 0x0000000085800000| Untracked 
|  88|0x0000000085800000, 0x0000000085800000, 0x0000000085900000|  0%| F|  |TAMS 0x0000000085800000, 0x0000000085800000| Untracked 
|  89|0x0000000085900000, 0x0000000085a00000, 0x0000000085a00000|100%| O|  |TAMS 0x0000000085a00000, 0x0000000085a00000| Untracked 
|  90|0x0000000085a00000, 0x0000000085b00000, 0x0000000085b00000|100%|HS|  |TAMS 0x0000000085a00000, 0x0000000085a00000| Complete 
|  91|0x0000000085b00000, 0x0000000085c00000, 0x0000000085c00000|100%|HC|  |TAMS 0x0000000085b00000, 0x0000000085b00000| Complete 
|  92|0x0000000085c00000, 0x0000000085d00000, 0x0000000085d00000|100%| O|  |TAMS 0x0000000085c00000, 0x0000000085d00000| Untracked 
|  93|0x0000000085d00000, 0x0000000085e00000, 0x0000000085e00000|100%| O|  |TAMS 0x0000000085d00000, 0x0000000085e00000| Untracked 
|  94|0x0000000085e00000, 0x0000000085f00000, 0x0000000085f00000|100%| O|  |TAMS 0x0000000085e00000, 0x0000000085f00000| Untracked 
|  95|0x0000000085f00000, 0x0000000086000000, 0x0000000086000000|100%| O|  |TAMS 0x0000000086000000, 0x0000000086000000| Untracked 
|  96|0x0000000086000000, 0x0000000086100000, 0x0000000086100000|100%| O|  |TAMS 0x0000000086000000, 0x0000000086100000| Untracked 
|  97|0x0000000086100000, 0x0000000086200000, 0x0000000086200000|100%| O|  |TAMS 0x00000000861ae200, 0x0000000086200000| Untracked 
|  98|0x0000000086200000, 0x0000000086300000, 0x0000000086300000|100%| O|  |TAMS 0x0000000086200000, 0x0000000086300000| Untracked 
|  99|0x0000000086300000, 0x0000000086400000, 0x0000000086400000|100%| O|  |TAMS 0x0000000086300000, 0x0000000086400000| Untracked 
| 100|0x0000000086400000, 0x0000000086500000, 0x0000000086500000|100%| O|  |TAMS 0x0000000086400000, 0x0000000086500000| Untracked 
| 101|0x0000000086500000, 0x0000000086600000, 0x0000000086600000|100%| O|  |TAMS 0x0000000086500000, 0x0000000086600000| Untracked 
| 102|0x0000000086600000, 0x0000000086700000, 0x0000000086700000|100%| O|  |TAMS 0x0000000086600000, 0x0000000086700000| Untracked 
| 103|0x0000000086700000, 0x0000000086800000, 0x0000000086800000|100%| O|  |TAMS 0x0000000086800000, 0x0000000086800000| Untracked 
| 104|0x0000000086800000, 0x0000000086800000, 0x0000000086900000|  0%| F|  |TAMS 0x0000000086800000, 0x0000000086800000| Untracked 
| 105|0x0000000086900000, 0x0000000086a00000, 0x0000000086a00000|100%| O|  |TAMS 0x0000000086a00000, 0x0000000086a00000| Untracked 
| 106|0x0000000086a00000, 0x0000000086b00000, 0x0000000086b00000|100%| O|  |TAMS 0x0000000086a00000, 0x0000000086b00000| Untracked 
| 107|0x0000000086b00000, 0x0000000086c00000, 0x0000000086c00000|100%| O|  |TAMS 0x0000000086c00000, 0x0000000086c00000| Untracked 
| 108|0x0000000086c00000, 0x0000000086d00000, 0x0000000086d00000|100%| O|  |TAMS 0x0000000086d00000, 0x0000000086d00000| Untracked 
| 109|0x0000000086d00000, 0x0000000086e00000, 0x0000000086e00000|100%| O|  |TAMS 0x0000000086d00000, 0x0000000086e00000| Untracked 
| 110|0x0000000086e00000, 0x0000000086f00000, 0x0000000086f00000|100%| O|  |TAMS 0x0000000086e00000, 0x0000000086f00000| Untracked 
| 111|0x0000000086f00000, 0x0000000087000000, 0x0000000087000000|100%| O|  |TAMS 0x0000000086f00000, 0x0000000087000000| Untracked 
| 112|0x0000000087000000, 0x0000000087100000, 0x0000000087100000|100%| O|  |TAMS 0x0000000087100000, 0x0000000087100000| Untracked 
| 113|0x0000000087100000, 0x0000000087200000, 0x0000000087200000|100%| O|  |TAMS 0x0000000087100000, 0x0000000087200000| Untracked 
| 114|0x0000000087200000, 0x0000000087300000, 0x0000000087300000|100%| O|  |TAMS 0x0000000087200000, 0x0000000087300000| Untracked 
| 115|0x0000000087300000, 0x0000000087400000, 0x0000000087400000|100%| O|  |TAMS 0x0000000087300000, 0x0000000087400000| Untracked 
| 116|0x0000000087400000, 0x0000000087500000, 0x0000000087500000|100%| O|  |TAMS 0x0000000087400000, 0x0000000087500000| Untracked 
| 117|0x0000000087500000, 0x0000000087600000, 0x0000000087600000|100%| O|  |TAMS 0x0000000087500000, 0x0000000087600000| Untracked 
| 118|0x0000000087600000, 0x0000000087700000, 0x0000000087700000|100%| O|  |TAMS 0x0000000087700000, 0x0000000087700000| Untracked 
| 119|0x0000000087700000, 0x0000000087800000, 0x0000000087800000|100%| O|  |TAMS 0x0000000087800000, 0x0000000087800000| Untracked 
| 120|0x0000000087800000, 0x0000000087900000, 0x0000000087900000|100%| O|  |TAMS 0x0000000087900000, 0x0000000087900000| Untracked 
| 121|0x0000000087900000, 0x0000000087a00000, 0x0000000087a00000|100%| O|  |TAMS 0x0000000087a00000, 0x0000000087a00000| Untracked 
| 122|0x0000000087a00000, 0x0000000087a80000, 0x0000000087b00000| 50%| O|  |TAMS 0x0000000087a00000, 0x0000000087a80000| Untracked 
| 123|0x0000000087b00000, 0x0000000087b00000, 0x0000000087c00000|  0%| F|  |TAMS 0x0000000087b00000, 0x0000000087b00000| Untracked 
| 124|0x0000000087c00000, 0x0000000087c00000, 0x0000000087d00000|  0%| F|  |TAMS 0x0000000087c00000, 0x0000000087c00000| Untracked 
| 125|0x0000000087d00000, 0x0000000087e00000, 0x0000000087e00000|100%| O|  |TAMS 0x0000000087e00000, 0x0000000087e00000| Untracked 
| 126|0x0000000087e00000, 0x0000000087e00000, 0x0000000087f00000|  0%| F|  |TAMS 0x0000000087e00000, 0x0000000087e00000| Untracked 
| 127|0x0000000087f00000, 0x0000000088000000, 0x0000000088000000|100%| O|  |TAMS 0x0000000088000000, 0x0000000088000000| Untracked 
| 128|0x0000000088000000, 0x0000000088100000, 0x0000000088100000|100%| O|  |TAMS 0x0000000088100000, 0x0000000088100000| Untracked 
| 129|0x0000000088100000, 0x0000000088200000, 0x0000000088200000|100%| O|  |TAMS 0x0000000088200000, 0x0000000088200000| Untracked 
| 130|0x0000000088200000, 0x0000000088300000, 0x0000000088300000|100%| O|  |TAMS 0x0000000088300000, 0x0000000088300000| Untracked 
| 131|0x0000000088300000, 0x0000000088400000, 0x0000000088400000|100%| O|  |TAMS 0x0000000088400000, 0x0000000088400000| Untracked 
| 132|0x0000000088400000, 0x0000000088400000, 0x0000000088500000|  0%| F|  |TAMS 0x0000000088400000, 0x0000000088400000| Untracked 
| 133|0x0000000088500000, 0x0000000088500000, 0x0000000088600000|  0%| F|  |TAMS 0x0000000088500000, 0x0000000088500000| Untracked 
| 134|0x0000000088600000, 0x0000000088600000, 0x0000000088700000|  0%| F|  |TAMS 0x0000000088600000, 0x0000000088600000| Untracked 
| 135|0x0000000088700000, 0x0000000088700000, 0x0000000088800000|  0%| F|  |TAMS 0x0000000088700000, 0x0000000088700000| Untracked 
| 136|0x0000000088800000, 0x0000000088800000, 0x0000000088900000|  0%| F|  |TAMS 0x0000000088800000, 0x0000000088800000| Untracked 
| 137|0x0000000088900000, 0x0000000088900000, 0x0000000088a00000|  0%| F|  |TAMS 0x0000000088900000, 0x0000000088900000| Untracked 
| 138|0x0000000088a00000, 0x0000000088a00000, 0x0000000088b00000|  0%| F|  |TAMS 0x0000000088a00000, 0x0000000088a00000| Untracked 
| 139|0x0000000088b00000, 0x0000000088b00000, 0x0000000088c00000|  0%| F|  |TAMS 0x0000000088b00000, 0x0000000088b00000| Untracked 
| 140|0x0000000088c00000, 0x0000000088c00000, 0x0000000088d00000|  0%| F|  |TAMS 0x0000000088c00000, 0x0000000088c00000| Untracked 
| 141|0x0000000088d00000, 0x0000000088d00000, 0x0000000088e00000|  0%| F|  |TAMS 0x0000000088d00000, 0x0000000088d00000| Untracked 
| 142|0x0000000088e00000, 0x0000000088e00000, 0x0000000088f00000|  0%| F|  |TAMS 0x0000000088e00000, 0x0000000088e00000| Untracked 
| 143|0x0000000088f00000, 0x0000000088f00000, 0x0000000089000000|  0%| F|  |TAMS 0x0000000088f00000, 0x0000000088f00000| Untracked 
| 144|0x0000000089000000, 0x0000000089000000, 0x0000000089100000|  0%| F|  |TAMS 0x0000000089000000, 0x0000000089000000| Untracked 
| 145|0x0000000089100000, 0x0000000089100000, 0x0000000089200000|  0%| F|  |TAMS 0x0000000089100000, 0x0000000089100000| Untracked 
| 146|0x0000000089200000, 0x0000000089200000, 0x0000000089300000|  0%| F|  |TAMS 0x0000000089200000, 0x0000000089200000| Untracked 
| 147|0x0000000089300000, 0x0000000089300000, 0x0000000089400000|  0%| F|  |TAMS 0x0000000089300000, 0x0000000089300000| Untracked 
| 148|0x0000000089400000, 0x0000000089400000, 0x0000000089500000|  0%| F|  |TAMS 0x0000000089400000, 0x0000000089400000| Untracked 
| 149|0x0000000089500000, 0x0000000089500000, 0x0000000089600000|  0%| F|  |TAMS 0x0000000089500000, 0x0000000089500000| Untracked 
| 150|0x0000000089600000, 0x0000000089600000, 0x0000000089700000|  0%| F|  |TAMS 0x0000000089600000, 0x0000000089600000| Untracked 
| 151|0x0000000089700000, 0x0000000089700000, 0x0000000089800000|  0%| F|  |TAMS 0x0000000089700000, 0x0000000089700000| Untracked 
| 152|0x0000000089800000, 0x0000000089800000, 0x0000000089900000|  0%| F|  |TAMS 0x0000000089800000, 0x0000000089800000| Untracked 
| 153|0x0000000089900000, 0x0000000089900000, 0x0000000089a00000|  0%| F|  |TAMS 0x0000000089900000, 0x0000000089900000| Untracked 
| 154|0x0000000089a00000, 0x0000000089a00000, 0x0000000089b00000|  0%| F|  |TAMS 0x0000000089a00000, 0x0000000089a00000| Untracked 
| 155|0x0000000089b00000, 0x0000000089b00000, 0x0000000089c00000|  0%| F|  |TAMS 0x0000000089b00000, 0x0000000089b00000| Untracked 
| 156|0x0000000089c00000, 0x0000000089c00000, 0x0000000089d00000|  0%| F|  |TAMS 0x0000000089c00000, 0x0000000089c00000| Untracked 
| 157|0x0000000089d00000, 0x0000000089d00000, 0x0000000089e00000|  0%| F|  |TAMS 0x0000000089d00000, 0x0000000089d00000| Untracked 
| 158|0x0000000089e00000, 0x0000000089e00000, 0x0000000089f00000|  0%| F|  |TAMS 0x0000000089e00000, 0x0000000089e00000| Untracked 
| 159|0x0000000089f00000, 0x0000000089f00000, 0x000000008a000000|  0%| F|  |TAMS 0x0000000089f00000, 0x0000000089f00000| Untracked 
| 160|0x000000008a000000, 0x000000008a000000, 0x000000008a100000|  0%| F|  |TAMS 0x000000008a000000, 0x000000008a000000| Untracked 
| 161|0x000000008a100000, 0x000000008a100000, 0x000000008a200000|  0%| F|  |TAMS 0x000000008a100000, 0x000000008a100000| Untracked 
| 162|0x000000008a200000, 0x000000008a200000, 0x000000008a300000|  0%| F|  |TAMS 0x000000008a200000, 0x000000008a200000| Untracked 
| 163|0x000000008a300000, 0x000000008a300000, 0x000000008a400000|  0%| F|  |TAMS 0x000000008a300000, 0x000000008a300000| Untracked 
| 164|0x000000008a400000, 0x000000008a400000, 0x000000008a500000|  0%| F|  |TAMS 0x000000008a400000, 0x000000008a400000| Untracked 
| 165|0x000000008a500000, 0x000000008a500000, 0x000000008a600000|  0%| F|  |TAMS 0x000000008a500000, 0x000000008a500000| Untracked 
| 166|0x000000008a600000, 0x000000008a600000, 0x000000008a700000|  0%| F|  |TAMS 0x000000008a600000, 0x000000008a600000| Untracked 
| 167|0x000000008a700000, 0x000000008a700000, 0x000000008a800000|  0%| F|  |TAMS 0x000000008a700000, 0x000000008a700000| Untracked 
| 168|0x000000008a800000, 0x000000008a800000, 0x000000008a900000|  0%| F|  |TAMS 0x000000008a800000, 0x000000008a800000| Untracked 
| 169|0x000000008a900000, 0x000000008a900000, 0x000000008aa00000|  0%| F|  |TAMS 0x000000008a900000, 0x000000008a900000| Untracked 
| 170|0x000000008aa00000, 0x000000008aa00000, 0x000000008ab00000|  0%| F|  |TAMS 0x000000008aa00000, 0x000000008aa00000| Untracked 
| 171|0x000000008ab00000, 0x000000008ab00000, 0x000000008ac00000|  0%| F|  |TAMS 0x000000008ab00000, 0x000000008ab00000| Untracked 
| 172|0x000000008ac00000, 0x000000008ac00000, 0x000000008ad00000|  0%| F|  |TAMS 0x000000008ac00000, 0x000000008ac00000| Untracked 
| 173|0x000000008ad00000, 0x000000008ad00000, 0x000000008ae00000|  0%| F|  |TAMS 0x000000008ad00000, 0x000000008ad00000| Untracked 
| 174|0x000000008ae00000, 0x000000008ae00000, 0x000000008af00000|  0%| F|  |TAMS 0x000000008ae00000, 0x000000008ae00000| Untracked 
| 175|0x000000008af00000, 0x000000008af00000, 0x000000008b000000|  0%| F|  |TAMS 0x000000008af00000, 0x000000008af00000| Untracked 
| 176|0x000000008b000000, 0x000000008b000000, 0x000000008b100000|  0%| F|  |TAMS 0x000000008b000000, 0x000000008b000000| Untracked 
| 177|0x000000008b100000, 0x000000008b100000, 0x000000008b200000|  0%| F|  |TAMS 0x000000008b100000, 0x000000008b100000| Untracked 
| 178|0x000000008b200000, 0x000000008b200000, 0x000000008b300000|  0%| F|  |TAMS 0x000000008b200000, 0x000000008b200000| Untracked 
| 179|0x000000008b300000, 0x000000008b300000, 0x000000008b400000|  0%| F|  |TAMS 0x000000008b300000, 0x000000008b300000| Untracked 
| 180|0x000000008b400000, 0x000000008b400000, 0x000000008b500000|  0%| F|  |TAMS 0x000000008b400000, 0x000000008b400000| Untracked 
| 181|0x000000008b500000, 0x000000008b500000, 0x000000008b600000|  0%| F|  |TAMS 0x000000008b500000, 0x000000008b500000| Untracked 
| 182|0x000000008b600000, 0x000000008b600000, 0x000000008b700000|  0%| F|  |TAMS 0x000000008b600000, 0x000000008b600000| Untracked 
| 183|0x000000008b700000, 0x000000008b700000, 0x000000008b800000|  0%| F|  |TAMS 0x000000008b700000, 0x000000008b700000| Untracked 
| 184|0x000000008b800000, 0x000000008b800000, 0x000000008b900000|  0%| F|  |TAMS 0x000000008b800000, 0x000000008b800000| Untracked 
| 185|0x000000008b900000, 0x000000008b900000, 0x000000008ba00000|  0%| F|  |TAMS 0x000000008b900000, 0x000000008b900000| Untracked 
| 186|0x000000008ba00000, 0x000000008ba00000, 0x000000008bb00000|  0%| F|  |TAMS 0x000000008ba00000, 0x000000008ba00000| Untracked 
| 187|0x000000008bb00000, 0x000000008bb00000, 0x000000008bc00000|  0%| F|  |TAMS 0x000000008bb00000, 0x000000008bb00000| Untracked 
| 188|0x000000008bc00000, 0x000000008bc00000, 0x000000008bd00000|  0%| F|  |TAMS 0x000000008bc00000, 0x000000008bc00000| Untracked 
| 189|0x000000008bd00000, 0x000000008bd00000, 0x000000008be00000|  0%| F|  |TAMS 0x000000008bd00000, 0x000000008bd00000| Untracked 
| 190|0x000000008be00000, 0x000000008be00000, 0x000000008bf00000|  0%| F|  |TAMS 0x000000008be00000, 0x000000008be00000| Untracked 
| 191|0x000000008bf00000, 0x000000008bf00000, 0x000000008c000000|  0%| F|  |TAMS 0x000000008bf00000, 0x000000008bf00000| Untracked 
| 192|0x000000008c000000, 0x000000008c000000, 0x000000008c100000|  0%| F|  |TAMS 0x000000008c000000, 0x000000008c000000| Untracked 
| 193|0x000000008c100000, 0x000000008c100000, 0x000000008c200000|  0%| F|  |TAMS 0x000000008c100000, 0x000000008c100000| Untracked 
| 194|0x000000008c200000, 0x000000008c200000, 0x000000008c300000|  0%| F|  |TAMS 0x000000008c200000, 0x000000008c200000| Untracked 
| 195|0x000000008c300000, 0x000000008c300000, 0x000000008c400000|  0%| F|  |TAMS 0x000000008c300000, 0x000000008c300000| Untracked 
| 196|0x000000008c400000, 0x000000008c400000, 0x000000008c500000|  0%| F|  |TAMS 0x000000008c400000, 0x000000008c400000| Untracked 
| 197|0x000000008c500000, 0x000000008c500000, 0x000000008c600000|  0%| F|  |TAMS 0x000000008c500000, 0x000000008c500000| Untracked 
| 198|0x000000008c600000, 0x000000008c600000, 0x000000008c700000|  0%| F|  |TAMS 0x000000008c600000, 0x000000008c600000| Untracked 
| 199|0x000000008c700000, 0x000000008c700000, 0x000000008c800000|  0%| F|  |TAMS 0x000000008c700000, 0x000000008c700000| Untracked 
| 200|0x000000008c800000, 0x000000008c800000, 0x000000008c900000|  0%| F|  |TAMS 0x000000008c800000, 0x000000008c800000| Untracked 
| 201|0x000000008c900000, 0x000000008c900000, 0x000000008ca00000|  0%| F|  |TAMS 0x000000008c900000, 0x000000008c900000| Untracked 
| 202|0x000000008ca00000, 0x000000008ca00000, 0x000000008cb00000|  0%| F|  |TAMS 0x000000008ca00000, 0x000000008ca00000| Untracked 
| 203|0x000000008cb00000, 0x000000008cb00000, 0x000000008cc00000|  0%| F|  |TAMS 0x000000008cb00000, 0x000000008cb00000| Untracked 
| 204|0x000000008cc00000, 0x000000008cc00000, 0x000000008cd00000|  0%| F|  |TAMS 0x000000008cc00000, 0x000000008cc00000| Untracked 
| 205|0x000000008cd00000, 0x000000008cd00000, 0x000000008ce00000|  0%| F|  |TAMS 0x000000008cd00000, 0x000000008cd00000| Untracked 
| 206|0x000000008ce00000, 0x000000008ce00000, 0x000000008cf00000|  0%| F|  |TAMS 0x000000008ce00000, 0x000000008ce00000| Untracked 
| 207|0x000000008cf00000, 0x000000008cf00000, 0x000000008d000000|  0%| F|  |TAMS 0x000000008cf00000, 0x000000008cf00000| Untracked 
| 208|0x000000008d000000, 0x000000008d000000, 0x000000008d100000|  0%| F|  |TAMS 0x000000008d000000, 0x000000008d000000| Untracked 
| 209|0x000000008d100000, 0x000000008d100000, 0x000000008d200000|  0%| F|  |TAMS 0x000000008d100000, 0x000000008d100000| Untracked 
| 210|0x000000008d200000, 0x000000008d200000, 0x000000008d300000|  0%| F|  |TAMS 0x000000008d200000, 0x000000008d200000| Untracked 
| 211|0x000000008d300000, 0x000000008d300000, 0x000000008d400000|  0%| F|  |TAMS 0x000000008d300000, 0x000000008d300000| Untracked 
| 212|0x000000008d400000, 0x000000008d400000, 0x000000008d500000|  0%| F|  |TAMS 0x000000008d400000, 0x000000008d400000| Untracked 
| 213|0x000000008d500000, 0x000000008d500000, 0x000000008d600000|  0%| F|  |TAMS 0x000000008d500000, 0x000000008d500000| Untracked 
| 214|0x000000008d600000, 0x000000008d600000, 0x000000008d700000|  0%| F|  |TAMS 0x000000008d600000, 0x000000008d600000| Untracked 
| 215|0x000000008d700000, 0x000000008d700000, 0x000000008d800000|  0%| F|  |TAMS 0x000000008d700000, 0x000000008d700000| Untracked 
| 216|0x000000008d800000, 0x000000008d800000, 0x000000008d900000|  0%| F|  |TAMS 0x000000008d800000, 0x000000008d800000| Untracked 
| 217|0x000000008d900000, 0x000000008d900000, 0x000000008da00000|  0%| F|  |TAMS 0x000000008d900000, 0x000000008d900000| Untracked 
| 218|0x000000008da00000, 0x000000008da00000, 0x000000008db00000|  0%| F|  |TAMS 0x000000008da00000, 0x000000008da00000| Untracked 
| 219|0x000000008db00000, 0x000000008db00000, 0x000000008dc00000|  0%| F|  |TAMS 0x000000008db00000, 0x000000008db00000| Untracked 
| 220|0x000000008dc00000, 0x000000008dc00000, 0x000000008dd00000|  0%| F|  |TAMS 0x000000008dc00000, 0x000000008dc00000| Untracked 
| 221|0x000000008dd00000, 0x000000008dd00000, 0x000000008de00000|  0%| F|  |TAMS 0x000000008dd00000, 0x000000008dd00000| Untracked 
| 222|0x000000008de00000, 0x000000008de00000, 0x000000008df00000|  0%| F|  |TAMS 0x000000008de00000, 0x000000008de00000| Untracked 
| 223|0x000000008df00000, 0x000000008df00000, 0x000000008e000000|  0%| F|  |TAMS 0x000000008df00000, 0x000000008df00000| Untracked 
| 224|0x000000008e000000, 0x000000008e000000, 0x000000008e100000|  0%| F|  |TAMS 0x000000008e000000, 0x000000008e000000| Untracked 
| 225|0x000000008e100000, 0x000000008e100000, 0x000000008e200000|  0%| F|  |TAMS 0x000000008e100000, 0x000000008e100000| Untracked 
| 226|0x000000008e200000, 0x000000008e200000, 0x000000008e300000|  0%| F|  |TAMS 0x000000008e200000, 0x000000008e200000| Untracked 
| 227|0x000000008e300000, 0x000000008e300000, 0x000000008e400000|  0%| F|  |TAMS 0x000000008e300000, 0x000000008e300000| Untracked 
| 228|0x000000008e400000, 0x000000008e400000, 0x000000008e500000|  0%| F|  |TAMS 0x000000008e400000, 0x000000008e400000| Untracked 
| 229|0x000000008e500000, 0x000000008e500000, 0x000000008e600000|  0%| F|  |TAMS 0x000000008e500000, 0x000000008e500000| Untracked 
| 230|0x000000008e600000, 0x000000008e600000, 0x000000008e700000|  0%| F|  |TAMS 0x000000008e600000, 0x000000008e600000| Untracked 
| 231|0x000000008e700000, 0x000000008e700000, 0x000000008e800000|  0%| F|  |TAMS 0x000000008e700000, 0x000000008e700000| Untracked 
| 232|0x000000008e800000, 0x000000008e800000, 0x000000008e900000|  0%| F|  |TAMS 0x000000008e800000, 0x000000008e800000| Untracked 
| 233|0x000000008e900000, 0x000000008e900000, 0x000000008ea00000|  0%| F|  |TAMS 0x000000008e900000, 0x000000008e900000| Untracked 
| 234|0x000000008ea00000, 0x000000008ea00000, 0x000000008eb00000|  0%| F|  |TAMS 0x000000008ea00000, 0x000000008ea00000| Untracked 
| 235|0x000000008eb00000, 0x000000008eb00000, 0x000000008ec00000|  0%| F|  |TAMS 0x000000008eb00000, 0x000000008eb00000| Untracked 
| 236|0x000000008ec00000, 0x000000008ec00000, 0x000000008ed00000|  0%| F|  |TAMS 0x000000008ec00000, 0x000000008ec00000| Untracked 
| 237|0x000000008ed00000, 0x000000008ed00000, 0x000000008ee00000|  0%| F|  |TAMS 0x000000008ed00000, 0x000000008ed00000| Untracked 
| 238|0x000000008ee00000, 0x000000008ee00000, 0x000000008ef00000|  0%| F|  |TAMS 0x000000008ee00000, 0x000000008ee00000| Untracked 
| 239|0x000000008ef00000, 0x000000008ef00000, 0x000000008f000000|  0%| F|  |TAMS 0x000000008ef00000, 0x000000008ef00000| Untracked 
| 240|0x000000008f000000, 0x000000008f000000, 0x000000008f100000|  0%| F|  |TAMS 0x000000008f000000, 0x000000008f000000| Untracked 
| 241|0x000000008f100000, 0x000000008f100000, 0x000000008f200000|  0%| F|  |TAMS 0x000000008f100000, 0x000000008f100000| Untracked 
| 242|0x000000008f200000, 0x000000008f200000, 0x000000008f300000|  0%| F|  |TAMS 0x000000008f200000, 0x000000008f200000| Untracked 
| 243|0x000000008f300000, 0x000000008f300000, 0x000000008f400000|  0%| F|  |TAMS 0x000000008f300000, 0x000000008f300000| Untracked 
| 244|0x000000008f400000, 0x000000008f400000, 0x000000008f500000|  0%| F|  |TAMS 0x000000008f400000, 0x000000008f400000| Untracked 
| 245|0x000000008f500000, 0x000000008f500000, 0x000000008f600000|  0%| F|  |TAMS 0x000000008f500000, 0x000000008f500000| Untracked 
| 246|0x000000008f600000, 0x000000008f600000, 0x000000008f700000|  0%| F|  |TAMS 0x000000008f600000, 0x000000008f600000| Untracked 
| 247|0x000000008f700000, 0x000000008f700000, 0x000000008f800000|  0%| F|  |TAMS 0x000000008f700000, 0x000000008f700000| Untracked 
| 248|0x000000008f800000, 0x000000008f800000, 0x000000008f900000|  0%| F|  |TAMS 0x000000008f800000, 0x000000008f800000| Untracked 
| 249|0x000000008f900000, 0x000000008f900000, 0x000000008fa00000|  0%| F|  |TAMS 0x000000008f900000, 0x000000008f900000| Untracked 
| 250|0x000000008fa00000, 0x000000008fa00000, 0x000000008fb00000|  0%| F|  |TAMS 0x000000008fa00000, 0x000000008fa00000| Untracked 
| 251|0x000000008fb00000, 0x000000008fb00000, 0x000000008fc00000|  0%| F|  |TAMS 0x000000008fb00000, 0x000000008fb00000| Untracked 
| 252|0x000000008fc00000, 0x000000008fc00000, 0x000000008fd00000|  0%| F|  |TAMS 0x000000008fc00000, 0x000000008fc00000| Untracked 
| 253|0x000000008fd00000, 0x000000008fd00000, 0x000000008fe00000|  0%| F|  |TAMS 0x000000008fd00000, 0x000000008fd00000| Untracked 
| 254|0x000000008fe00000, 0x000000008fe00000, 0x000000008ff00000|  0%| F|  |TAMS 0x000000008fe00000, 0x000000008fe00000| Untracked 
| 255|0x000000008ff00000, 0x000000008ff00000, 0x0000000090000000|  0%| F|  |TAMS 0x000000008ff00000, 0x000000008ff00000| Untracked 
| 256|0x0000000090000000, 0x0000000090000000, 0x0000000090100000|  0%| F|  |TAMS 0x0000000090000000, 0x0000000090000000| Untracked 
| 257|0x0000000090100000, 0x0000000090100000, 0x0000000090200000|  0%| F|  |TAMS 0x0000000090100000, 0x0000000090100000| Untracked 
| 258|0x0000000090200000, 0x0000000090200000, 0x0000000090300000|  0%| F|  |TAMS 0x0000000090200000, 0x0000000090200000| Untracked 
| 259|0x0000000090300000, 0x0000000090300000, 0x0000000090400000|  0%| F|  |TAMS 0x0000000090300000, 0x0000000090300000| Untracked 
| 260|0x0000000090400000, 0x0000000090400000, 0x0000000090500000|  0%| F|  |TAMS 0x0000000090400000, 0x0000000090400000| Untracked 
| 261|0x0000000090500000, 0x0000000090500000, 0x0000000090600000|  0%| F|  |TAMS 0x0000000090500000, 0x0000000090500000| Untracked 
| 262|0x0000000090600000, 0x0000000090600000, 0x0000000090700000|  0%| F|  |TAMS 0x0000000090600000, 0x0000000090600000| Untracked 
| 263|0x0000000090700000, 0x0000000090700000, 0x0000000090800000|  0%| F|  |TAMS 0x0000000090700000, 0x0000000090700000| Untracked 
| 264|0x0000000090800000, 0x0000000090800000, 0x0000000090900000|  0%| F|  |TAMS 0x0000000090800000, 0x0000000090800000| Untracked 
| 265|0x0000000090900000, 0x0000000090900000, 0x0000000090a00000|  0%| F|  |TAMS 0x0000000090900000, 0x0000000090900000| Untracked 
| 266|0x0000000090a00000, 0x0000000090a00000, 0x0000000090b00000|  0%| F|  |TAMS 0x0000000090a00000, 0x0000000090a00000| Untracked 
| 267|0x0000000090b00000, 0x0000000090b00000, 0x0000000090c00000|  0%| F|  |TAMS 0x0000000090b00000, 0x0000000090b00000| Untracked 
| 268|0x0000000090c00000, 0x0000000090c00000, 0x0000000090d00000|  0%| F|  |TAMS 0x0000000090c00000, 0x0000000090c00000| Untracked 
| 269|0x0000000090d00000, 0x0000000090d00000, 0x0000000090e00000|  0%| F|  |TAMS 0x0000000090d00000, 0x0000000090d00000| Untracked 
| 270|0x0000000090e00000, 0x0000000090e00000, 0x0000000090f00000|  0%| F|  |TAMS 0x0000000090e00000, 0x0000000090e00000| Untracked 
| 271|0x0000000090f00000, 0x0000000090f00000, 0x0000000091000000|  0%| F|  |TAMS 0x0000000090f00000, 0x0000000090f00000| Untracked 
| 272|0x0000000091000000, 0x0000000091000000, 0x0000000091100000|  0%| F|  |TAMS 0x0000000091000000, 0x0000000091000000| Untracked 
| 273|0x0000000091100000, 0x0000000091100000, 0x0000000091200000|  0%| F|  |TAMS 0x0000000091100000, 0x0000000091100000| Untracked 
| 274|0x0000000091200000, 0x0000000091200000, 0x0000000091300000|  0%| F|  |TAMS 0x0000000091200000, 0x0000000091200000| Untracked 
| 275|0x0000000091300000, 0x0000000091300000, 0x0000000091400000|  0%| F|  |TAMS 0x0000000091300000, 0x0000000091300000| Untracked 
| 276|0x0000000091400000, 0x0000000091400000, 0x0000000091500000|  0%| F|  |TAMS 0x0000000091400000, 0x0000000091400000| Untracked 
| 277|0x0000000091500000, 0x00000000915c6ee0, 0x0000000091600000| 77%| S|CS|TAMS 0x0000000091500000, 0x0000000091500000| Complete 
| 278|0x0000000091600000, 0x0000000091700000, 0x0000000091700000|100%| S|CS|TAMS 0x0000000091600000, 0x0000000091600000| Complete 
| 279|0x0000000091700000, 0x0000000091700000, 0x0000000091800000|  0%| F|  |TAMS 0x0000000091700000, 0x0000000091700000| Untracked 
| 280|0x0000000091800000, 0x0000000091800000, 0x0000000091900000|  0%| F|  |TAMS 0x0000000091800000, 0x0000000091800000| Untracked 
| 281|0x0000000091900000, 0x0000000091986278, 0x0000000091a00000| 52%| E|  |TAMS 0x0000000091900000, 0x0000000091900000| Complete 
| 282|0x0000000091a00000, 0x0000000091b00000, 0x0000000091b00000|100%| E|CS|TAMS 0x0000000091a00000, 0x0000000091a00000| Complete 
| 283|0x0000000091b00000, 0x0000000091c00000, 0x0000000091c00000|100%| E|CS|TAMS 0x0000000091b00000, 0x0000000091b00000| Complete 

Card table byte_map: [0x0000016f98410000,0x0000016f98810000] _byte_map_base: 0x0000016f98010000

Marking Bits (Prev, Next): (CMBitMap*) 0x0000016f8515a928, (CMBitMap*) 0x0000016f8515a960
 Prev Bits: [0x0000016f98c10000, 0x0000016f9ac10000)
 Next Bits: [0x0000016f9ac10000, 0x0000016f9cc10000)

Polling page: 0x0000016f83900000

Metaspace:

Usage:
  Non-class:    109.10 MB capacity,   106.34 MB ( 97%) used,     2.25 MB (  2%) free+waste,   520.63 KB ( <1%) overhead. 
      Class:     16.54 MB capacity,    14.96 MB ( 90%) used,     1.36 MB (  8%) free+waste,   226.50 KB (  1%) overhead. 
       Both:    125.64 MB capacity,   121.30 MB ( 97%) used,     3.61 MB (  3%) free+waste,   747.13 KB ( <1%) overhead. 

Virtual space:
  Non-class space:      110.00 MB reserved,     109.25 MB (>99%) committed 
      Class space:        1.00 GB reserved,      16.57 MB (  2%) committed 
             Both:        1.11 GB reserved,     125.82 MB ( 11%) committed 

Chunk freelists:
   Non-Class:  23.00 KB
       Class:  24.00 KB
        Both:  47.00 KB

MaxMetaspaceSize: 17179869184.00 GB
CompressedClassSpaceSize: 1.00 GB

CodeHeap 'non-profiled nmethods': size=120064Kb used=15617Kb max_used=15853Kb free=104446Kb
 bounds [0x0000016f906d0000, 0x0000016f91660000, 0x0000016f97c10000]
CodeHeap 'profiled nmethods': size=120000Kb used=51468Kb max_used=52805Kb free=68531Kb
 bounds [0x0000016f891a0000, 0x0000016f8c570000, 0x0000016f906d0000]
CodeHeap 'non-nmethods': size=5696Kb used=2339Kb max_used=2392Kb free=3356Kb
 bounds [0x0000016f88c10000, 0x0000016f88e80000, 0x0000016f891a0000]
 total_blobs=24437 nmethods=23468 adapters=879
 compilation: enabled
              stopped_count=0, restarted_count=0
 full_count=0

Compilation events (20 events):
Event: 3332.878 Thread 0x0000016f9f85a800 27562       2       com.android.ide.common.blame.SourceFilePosition::equals (55 bytes)
Event: 3332.878 Thread 0x0000016f9f85a800 nmethod 27562 0x0000016f89bed110 code [0x0000016f89bed2e0, 0x0000016f89bed598]
Event: 3332.880 Thread 0x0000016f9f85a800 27563       1       com.android.utils.PositionXmlParser$Position::getColumn (5 bytes)
Event: 3332.880 Thread 0x0000016f9f85a800 nmethod 27563 0x0000016f90979410 code [0x0000016f909795c0, 0x0000016f90979678]
Event: 3332.880 Thread 0x0000016f9f85a800 27564       2       com.android.ide.common.blame.SourcePosition::<init> (38 bytes)
Event: 3332.881 Thread 0x0000016f9f85a800 nmethod 27564 0x0000016f89734d90 code [0x0000016f89734f40, 0x0000016f89735058]
Event: 3332.882 Thread 0x0000016f9f85a800 27565       2       com.android.ide.common.blame.SourceFile::equals (55 bytes)
Event: 3332.882 Thread 0x0000016f9f85a800 nmethod 27565 0x0000016f89c5ce10 code [0x0000016f89c5d000, 0x0000016f89c5d2f8]
Event: 3332.884 Thread 0x0000016f9f85a800 27566       2       com.android.ide.common.blame.SourcePosition::hashCode (69 bytes)
Event: 3332.886 Thread 0x0000016f9f85a800 nmethod 27566 0x0000016f8a654810 code [0x0000016f8a654a40, 0x0000016f8a655488]
Event: 3332.886 Thread 0x0000016f9f85a800 27567       2       com.android.utils.PositionXmlParser$Position::toSourcePosition (69 bytes)
Event: 3332.886 Thread 0x0000016f9f85a800 nmethod 27567 0x0000016f89983f10 code [0x0000016f899840c0, 0x0000016f89984288]
Event: 3333.094 Thread 0x0000016f9f855800 nmethod 27508% 0x0000016f9164e310 code [0x0000016f9164e7a0, 0x0000016f91653b18]
Event: 3333.095 Thread 0x0000016f9f855800 27517 % !   4       com.android.ide.common.resources.DataMerger::mergeData @ 247 (611 bytes)
Event: 3333.158 Thread 0x0000016f9f85a800 27569 %     2       com.android.utils.XmlUtils::append @ 378 (647 bytes)
Event: 3333.163 Thread 0x0000016f9f85a800 nmethod 27569% 0x0000016f8b163e10 code [0x0000016f8b164400, 0x0000016f8b1660a8]
Event: 3333.170 Thread 0x0000016f9f85a800 27570       2       java.lang.String::lastIndexOf (12 bytes)
Event: 3333.171 Thread 0x0000016f9f85a800 nmethod 27570 0x0000016f899e2710 code [0x0000016f899e28e0, 0x0000016f899e2a58]
Event: 3333.171 Thread 0x0000016f9f85a800 27571       2       com.android.utils.XmlUtils$PositionAwareStringBuilder::append (69 bytes)
Event: 3333.172 Thread 0x0000016f9f85a800 nmethod 27571 0x0000016f89df5210 code [0x0000016f89df5400, 0x0000016f89df56f8]

GC Heap History (20 events):
Event: 3075.567 GC heap before
{Heap before GC invocations=100 (full 0):
 garbage-first heap   total 290816K, used 179912K [0x0000000080000000, 0x0000000100000000)
  region size 1024K, 71 young (72704K), 2 survivors (2048K)
 Metaspace       used 121422K, capacity 124955K, committed 125516K, reserved 1159168K
  class space    used 14956K, capacity 16269K, committed 16460K, reserved 1048576K
}
Event: 3075.591 GC heap after
{Heap after GC invocations=101 (full 0):
 garbage-first heap   total 290816K, used 113654K [0x0000000080000000, 0x0000000100000000)
  region size 1024K, 5 young (5120K), 5 survivors (5120K)
 Metaspace       used 121422K, capacity 124955K, committed 125516K, reserved 1159168K
  class space    used 14956K, capacity 16269K, committed 16460K, reserved 1048576K
}
Event: 3205.140 GC heap before
{Heap before GC invocations=102 (full 0):
 garbage-first heap   total 290816K, used 259062K [0x0000000080000000, 0x0000000100000000)
  region size 1024K, 107 young (109568K), 5 survivors (5120K)
 Metaspace       used 121481K, capacity 124945K, committed 125516K, reserved 1159168K
  class space    used 14941K, capacity 16241K, committed 16460K, reserved 1048576K
}
Event: 3205.176 GC heap after
{Heap after GC invocations=103 (full 0):
 garbage-first heap   total 290816K, used 119496K [0x0000000080000000, 0x0000000100000000)
  region size 1024K, 10 young (10240K), 10 survivors (10240K)
 Metaspace       used 121481K, capacity 124945K, committed 125516K, reserved 1159168K
  class space    used 14941K, capacity 16241K, committed 16460K, reserved 1048576K
}
Event: 3205.192 GC heap before
{Heap before GC invocations=103 (full 0):
 garbage-first heap   total 290816K, used 123592K [0x0000000080000000, 0x0000000100000000)
  region size 1024K, 14 young (14336K), 10 survivors (10240K)
 Metaspace       used 121481K, capacity 124945K, committed 125516K, reserved 1159168K
  class space    used 14941K, capacity 16241K, committed 16460K, reserved 1048576K
}
Event: 3205.254 GC heap after
{Heap after GC invocations=104 (full 0):
 garbage-first heap   total 290816K, used 111516K [0x0000000080000000, 0x0000000100000000)
  region size 1024K, 2 young (2048K), 2 survivors (2048K)
 Metaspace       used 121481K, capacity 124945K, committed 125516K, reserved 1159168K
  class space    used 14941K, capacity 16241K, committed 16460K, reserved 1048576K
}
Event: 3205.934 GC heap before
{Heap before GC invocations=104 (full 0):
 garbage-first heap   total 290816K, used 178076K [0x0000000080000000, 0x0000000100000000)
  region size 1024K, 68 young (69632K), 2 survivors (2048K)
 Metaspace       used 121489K, capacity 124951K, committed 125516K, reserved 1159168K
  class space    used 14942K, capacity 16242K, committed 16460K, reserved 1048576K
}
Event: 3205.960 GC heap after
{Heap after GC invocations=105 (full 0):
 garbage-first heap   total 290816K, used 113599K [0x0000000080000000, 0x0000000100000000)
  region size 1024K, 4 young (4096K), 4 survivors (4096K)
 Metaspace       used 121489K, capacity 124951K, committed 125516K, reserved 1159168K
  class space    used 14942K, capacity 16242K, committed 16460K, reserved 1048576K
}
Event: 3260.367 GC heap before
{Heap before GC invocations=106 (full 0):
 garbage-first heap   total 290816K, used 240575K [0x0000000080000000, 0x0000000100000000)
  region size 1024K, 107 young (109568K), 4 survivors (4096K)
 Metaspace       used 123123K, capacity 127357K, committed 127436K, reserved 1159168K
  class space    used 15230K, capacity 16777K, committed 16844K, reserved 1048576K
}
Event: 3260.390 GC heap after
{Heap after GC invocations=107 (full 0):
 garbage-first heap   total 290816K, used 116063K [0x0000000080000000, 0x0000000100000000)
  region size 1024K, 6 young (6144K), 6 survivors (6144K)
 Metaspace       used 123123K, capacity 127357K, committed 127436K, reserved 1159168K
  class space    used 15230K, capacity 16777K, committed 16844K, reserved 1048576K
}
Event: 3260.514 GC heap before
{Heap before GC invocations=107 (full 0):
 garbage-first heap   total 290816K, used 124255K [0x0000000080000000, 0x0000000100000000)
  region size 1024K, 14 young (14336K), 6 survivors (6144K)
 Metaspace       used 123176K, capacity 127496K, committed 127692K, reserved 1161216K
  class space    used 15238K, capacity 16792K, committed 16844K, reserved 1048576K
}
Event: 3260.547 GC heap after
{Heap after GC invocations=108 (full 0):
 garbage-first heap   total 290816K, used 107704K [0x0000000080000000, 0x0000000100000000)
  region size 1024K, 2 young (2048K), 2 survivors (2048K)
 Metaspace       used 123176K, capacity 127496K, committed 127692K, reserved 1161216K
  class space    used 15238K, capacity 16792K, committed 16844K, reserved 1048576K
}
Event: 3327.232 GC heap before
{Heap before GC invocations=108 (full 0):
 garbage-first heap   total 290816K, used 220344K [0x0000000080000000, 0x0000000100000000)
  region size 1024K, 113 young (115712K), 2 survivors (2048K)
 Metaspace       used 123400K, capacity 127798K, committed 128076K, reserved 1161216K
  class space    used 15266K, capacity 16864K, committed 16972K, reserved 1048576K
}
Event: 3327.258 GC heap after
{Heap after GC invocations=109 (full 0):
 garbage-first heap   total 290816K, used 109649K [0x0000000080000000, 0x0000000100000000)
  region size 1024K, 4 young (4096K), 4 survivors (4096K)
 Metaspace       used 123400K, capacity 127798K, committed 128076K, reserved 1161216K
  class space    used 15266K, capacity 16864K, committed 16972K, reserved 1048576K
}
Event: 3332.581 GC heap before
{Heap before GC invocations=110 (full 0):
 garbage-first heap   total 290816K, used 225361K [0x0000000080000000, 0x0000000100000000)
  region size 1024K, 118 young (120832K), 4 survivors (4096K)
 Metaspace       used 124126K, capacity 128529K, committed 128588K, reserved 1161216K
  class space    used 15310K, capacity 16936K, committed 16972K, reserved 1048576K
}
Event: 3332.656 GC heap after
{Heap after GC invocations=111 (full 0):
 garbage-first heap   total 290816K, used 129499K [0x0000000080000000, 0x0000000100000000)
  region size 1024K, 15 young (15360K), 15 survivors (15360K)
 Metaspace       used 124126K, capacity 128529K, committed 128588K, reserved 1161216K
  class space    used 15310K, capacity 16936K, committed 16972K, reserved 1048576K
}
Event: 3332.678 GC heap before
{Heap before GC invocations=111 (full 0):
 garbage-first heap   total 290816K, used 130523K [0x0000000080000000, 0x0000000100000000)
  region size 1024K, 16 young (16384K), 15 survivors (15360K)
 Metaspace       used 124128K, capacity 128529K, committed 128588K, reserved 1161216K
  class space    used 15310K, capacity 16936K, committed 16972K, reserved 1048576K
}
Event: 3332.741 GC heap after
{Heap after GC invocations=112 (full 0):
 garbage-first heap   total 290816K, used 121344K [0x0000000080000000, 0x0000000100000000)
  region size 1024K, 1 young (1024K), 1 survivors (1024K)
 Metaspace       used 124128K, capacity 128529K, committed 128588K, reserved 1161216K
  class space    used 15310K, capacity 16936K, committed 16972K, reserved 1048576K
}
Event: 3332.909 GC heap before
{Heap before GC invocations=112 (full 0):
 garbage-first heap   total 290816K, used 124416K [0x0000000080000000, 0x0000000100000000)
  region size 1024K, 5 young (5120K), 1 survivors (1024K)
 Metaspace       used 124209K, capacity 128657K, committed 128844K, reserved 1161216K
  class space    used 15316K, capacity 16936K, committed 16972K, reserved 1048576K
}
Event: 3332.939 GC heap after
{Heap after GC invocations=113 (full 0):
 garbage-first heap   total 290816K, used 122139K [0x0000000080000000, 0x0000000100000000)
  region size 1024K, 2 young (2048K), 2 survivors (2048K)
 Metaspace       used 124209K, capacity 128657K, committed 128844K, reserved 1161216K
  class space    used 15316K, capacity 16936K, committed 16972K, reserved 1048576K
}

Deoptimization events (20 events):
Event: 3332.859 Thread 0x0000016fa2c1e800 DEOPT PACKING pc=0x0000016f90ad8884 sp=0x0000003f707fa360
Event: 3332.859 Thread 0x0000016fa2c1e800 DEOPT UNPACKING pc=0x0000016f88c36ca9 sp=0x0000003f707fa328 mode 2
Event: 3332.894 Thread 0x0000016fa2c1e800 Uncommon trap: trap_request=0xffffff4d fr.pc=0x0000016f90ae0010 relative=0x0000000000002190
Event: 3332.894 Thread 0x0000016fa2c1e800 Uncommon trap: reason=unstable_if action=reinterpret pc=0x0000016f90ae0010 method=com.android.utils.XmlUtils.append(Lcom/android/utils/XmlUtils$PositionAwareStringBuilder;Lorg/w3c/dom/Node;Ljava/util/Map;Ljava/util/Set;)V @ 546 c2
Event: 3332.894 Thread 0x0000016fa2c1e800 DEOPT PACKING pc=0x0000016f90ae0010 sp=0x0000003f707fa360
Event: 3332.894 Thread 0x0000016fa2c1e800 DEOPT UNPACKING pc=0x0000016f88c36ca9 sp=0x0000003f707fa328 mode 2
Event: 3333.170 Thread 0x0000016fa2c1e800 Uncommon trap: trap_request=0xffffff4d fr.pc=0x0000016f90973bec relative=0x000000000000096c
Event: 3333.170 Thread 0x0000016fa2c1e800 Uncommon trap: reason=unstable_if action=reinterpret pc=0x0000016f90973bec method=java.lang.StringUTF16.lastIndexOf([BII)I @ 27 c2
Event: 3333.170 Thread 0x0000016fa2c1e800 DEOPT PACKING pc=0x0000016f90973bec sp=0x0000003f707f9f40
Event: 3333.170 Thread 0x0000016fa2c1e800 DEOPT UNPACKING pc=0x0000016f88c36ca9 sp=0x0000003f707f9dd0 mode 2
Event: 3333.170 Thread 0x0000016fa2c1e800 Uncommon trap: trap_request=0xffffff4d fr.pc=0x0000016f9123a47c relative=0x00000000000002dc
Event: 3333.170 Thread 0x0000016fa2c1e800 Uncommon trap: reason=unstable_if action=reinterpret pc=0x0000016f9123a47c method=java.lang.StringUTF16.lastIndexOf([BII)I @ 27 c2
Event: 3333.170 Thread 0x0000016fa2c1e800 DEOPT PACKING pc=0x0000016f9123a47c sp=0x0000003f707f9f10
Event: 3333.170 Thread 0x0000016fa2c1e800 DEOPT UNPACKING pc=0x0000016f88c36ca9 sp=0x0000003f707f9dc0 mode 2
Event: 3333.181 Thread 0x0000016fa2c1e800 Uncommon trap: trap_request=0xffffff4d fr.pc=0x0000016f90ad8884 relative=0x0000000000001444
Event: 3333.181 Thread 0x0000016fa2c1e800 Uncommon trap: reason=unstable_if action=reinterpret pc=0x0000016f90ad8884 method=com.android.utils.XmlUtils.append(Lcom/android/utils/XmlUtils$PositionAwareStringBuilder;Lorg/w3c/dom/Node;Ljava/util/Map;Ljava/util/Set;)V @ 546 c2
Event: 3333.181 Thread 0x0000016fa2c1e800 DEOPT PACKING pc=0x0000016f90ad8884 sp=0x0000003f707fa430
Event: 3333.181 Thread 0x0000016fa2c1e800 DEOPT UNPACKING pc=0x0000016f88c36ca9 sp=0x0000003f707fa3f8 mode 2
Event: 3333.196 Thread 0x0000016fa2c1e800 DEOPT PACKING pc=0x0000016f8b974a5f sp=0x0000003f707f9e00
Event: 3333.196 Thread 0x0000016fa2c1e800 DEOPT UNPACKING pc=0x0000016f88c36abf sp=0x0000003f707f9298 mode 0

Classes redefined (0 events):
No events

Internal exceptions (20 events):
Event: 3302.218 Thread 0x0000016fa2c22800 Exception <a 'sun/nio/fs/WindowsException'{0x000000008c1cf968}> (0x000000008c1cf968) thrown at [./src/hotspot/share/prims/jni.cpp, line 615]
Event: 3302.283 Thread 0x0000016fa2c22800 Exception <a 'java/lang/NoClassDefFoundError'{0x000000008becdc50}: org/jetbrains/kotlin/gradle/plugin/KotlinBasePluginWrapper> (0x000000008becdc50) thrown at [./src/hotspot/share/oops/constantPool.cpp, line 775]
Event: 3302.342 Thread 0x0000016fa2c22800 Implicit null exception at 0x0000016f90998daf to 0x0000016f90999ad0
Event: 3302.342 Thread 0x0000016fa2c22800 Implicit null exception at 0x0000016f90976fce to 0x0000016f90977568
Event: 3302.342 Thread 0x0000016fa2c22800 Implicit null exception at 0x0000016f90837e46 to 0x0000016f908381bc
Event: 3327.602 Thread 0x0000016fa2c22800 Implicit null exception at 0x0000016f912344b2 to 0x0000016f9123682c
Event: 3327.604 Thread 0x0000016fa2c22800 Implicit null exception at 0x0000016f9097d184 to 0x0000016f9097d9a0
Event: 3327.713 Thread 0x0000016fa2c22800 Exception <a 'sun/nio/fs/WindowsException'{0x000000009128cfc8}> (0x000000009128cfc8) thrown at [./src/hotspot/share/prims/jni.cpp, line 615]
Event: 3327.782 Thread 0x0000016fa2c22800 Exception <a 'java/lang/NoClassDefFoundError'{0x0000000090f8efa8}: org/jetbrains/kotlin/gradle/plugin/KotlinBasePluginWrapper> (0x0000000090f8efa8) thrown at [./src/hotspot/share/oops/constantPool.cpp, line 775]
Event: 3327.812 Thread 0x0000016fa2c22800 Exception <a 'sun/nio/fs/WindowsException'{0x0000000090e7eff8}> (0x0000000090e7eff8) thrown at [./src/hotspot/share/prims/jni.cpp, line 615]
Event: 3327.835 Thread 0x0000016fa2c22800 Exception <a 'sun/nio/fs/WindowsException'{0x0000000090d19a00}> (0x0000000090d19a00) thrown at [./src/hotspot/share/prims/jni.cpp, line 615]
Event: 3327.835 Thread 0x0000016fa2c22800 Exception <a 'sun/nio/fs/WindowsException'{0x0000000090d1a9b8}> (0x0000000090d1a9b8) thrown at [./src/hotspot/share/prims/jni.cpp, line 615]
Event: 3327.835 Thread 0x0000016fa2c22800 Exception <a 'sun/nio/fs/WindowsException'{0x0000000090d1b9c0}> (0x0000000090d1b9c0) thrown at [./src/hotspot/share/prims/jni.cpp, line 615]
Event: 3327.836 Thread 0x0000016fa2c22800 Exception <a 'sun/nio/fs/WindowsException'{0x0000000090d1c9c8}> (0x0000000090d1c9c8) thrown at [./src/hotspot/share/prims/jni.cpp, line 615]
Event: 3328.206 Thread 0x0000016fa2c1e800 Exception <a 'sun/nio/fs/WindowsException'{0x00000000909ffa28}> (0x00000000909ffa28) thrown at [./src/hotspot/share/prims/jni.cpp, line 615]
Event: 3328.206 Thread 0x0000016fa2c1e800 Exception <a 'sun/nio/fs/WindowsException'{0x0000000090807ec0}> (0x0000000090807ec0) thrown at [./src/hotspot/share/prims/jni.cpp, line 615]
Event: 3328.280 Thread 0x0000016fa2c1e800 Exception <a 'java/lang/NoSuchMethodError'{0x0000000090863240}: <clinit>> (0x0000000090863240) thrown at [./src/hotspot/share/prims/jni.cpp, line 1362]
Event: 3328.379 Thread 0x0000016fa2c21000 Exception <a 'sun/nio/fs/WindowsException'{0x00000000908c35b8}> (0x00000000908c35b8) thrown at [./src/hotspot/share/prims/jni.cpp, line 615]
Event: 3328.808 Thread 0x0000016fa2c1e800 Exception <a 'java/lang/NoSuchMethodError'{0x000000008ff6eb98}: 'long java.lang.invoke.DirectMethodHandle$Holder.invokeStatic(java.lang.Object, java.lang.Object)'> (0x000000008ff6eb98) thrown at [./src/hotspot/share/interpreter/linkResolver.cpp, line 773]
Event: 3329.049 Thread 0x0000016fa2c1e800 Implicit null exception at 0x0000016f912b535a to 0x0000016f912b5c78

Events (20 events):
Event: 3332.809 Executing VM operation: RevokeBias
Event: 3332.810 Executing VM operation: RevokeBias done
Event: 3332.814 loading class org/w3c/dom/DOMImplementation
Event: 3332.814 loading class org/w3c/dom/DOMImplementation done
Event: 3332.815 loading class org/apache/xerces/dom/CoreDOMImplementationImpl
Event: 3332.815 loading class org/apache/xerces/dom/CoreDOMImplementationImpl done
Event: 3332.826 loading class org/w3c/dom/ls/DOMImplementationLS
Event: 3332.826 loading class org/w3c/dom/ls/DOMImplementationLS done
Event: 3332.826 loading class org/w3c/dom/ls/LSOutput
Event: 3332.826 loading class org/w3c/dom/ls/LSOutput done
Event: 3332.827 loading class org/w3c/dom/ls/LSParser
Event: 3332.827 loading class org/w3c/dom/ls/LSParser done
Event: 3332.827 loading class org/w3c/dom/ls/LSInput
Event: 3332.827 loading class org/w3c/dom/ls/LSInput done
Event: 3332.827 loading class org/w3c/dom/ls/LSSerializer
Event: 3332.828 loading class org/w3c/dom/ls/LSSerializer done
Event: 3332.828 loading class org/apache/xerces/dom/DeferredDOMImplementationImpl
Event: 3332.828 loading class org/apache/xerces/dom/DeferredDOMImplementationImpl done
Event: 3332.909 Executing VM operation: G1CollectForAllocation
Event: 3332.939 Executing VM operation: G1CollectForAllocation done


Dynamic libraries:
0x00007ff7447d0000 - 0x00007ff7447da000 	C:\Program Files\Android\Android Studio\jre\bin\java.exe
0x00007ffc12190000 - 0x00007ffc12385000 	C:\Windows\SYSTEM32\ntdll.dll
0x00007ffc11dd0000 - 0x00007ffc11e8d000 	C:\Windows\System32\KERNEL32.DLL
0x00007ffc0f9d0000 - 0x00007ffc0fc98000 	C:\Windows\System32\KERNELBASE.dll
0x00007ffc0f8d0000 - 0x00007ffc0f9d0000 	C:\Windows\System32\ucrtbase.dll
0x00007ffc06d10000 - 0x00007ffc06d29000 	C:\Program Files\Android\Android Studio\jre\bin\jli.dll
0x00007ffc10be0000 - 0x00007ffc10d80000 	C:\Windows\System32\USER32.dll
0x00007ffc10120000 - 0x00007ffc10142000 	C:\Windows\System32\win32u.dll
0x00007ffc10950000 - 0x00007ffc1097a000 	C:\Windows\System32\GDI32.dll
0x00007ffc0ff10000 - 0x00007ffc1001b000 	C:\Windows\System32\gdi32full.dll
0x00007ffc10150000 - 0x00007ffc101ed000 	C:\Windows\System32\msvcp_win.dll
0x00007ffc06c80000 - 0x00007ffc06c97000 	C:\Program Files\Android\Android Studio\jre\bin\VCRUNTIME140.dll
0x00007ffc0ef90000 - 0x00007ffc0f22a000 	C:\Windows\WinSxS\amd64_microsoft.windows.common-controls_6595b64144ccf1df_6.0.19041.844_none_ca00b6081b84eb1d\COMCTL32.dll
0x00007ffc11390000 - 0x00007ffc1142e000 	C:\Windows\System32\msvcrt.dll
0x00007ffc114e0000 - 0x00007ffc11510000 	C:\Windows\System32\IMM32.DLL
0x00007ffc06be0000 - 0x00007ffc06c7d000 	C:\Program Files\Android\Android Studio\jre\bin\msvcp140.dll
0x00007ffbdbc90000 - 0x00007ffbdc75f000 	C:\Program Files\Android\Android Studio\jre\bin\server\jvm.dll
0x00007ffc11520000 - 0x00007ffc115cc000 	C:\Windows\System32\ADVAPI32.dll
0x00007ffc120b0000 - 0x00007ffc1214b000 	C:\Windows\System32\sechost.dll
0x00007ffc10980000 - 0x00007ffc10aab000 	C:\Windows\System32\RPCRT4.dll
0x00007ffc10d80000 - 0x00007ffc10d88000 	C:\Windows\System32\PSAPI.DLL
0x00007ffc09e00000 - 0x00007ffc09e09000 	C:\Windows\SYSTEM32\WSOCK32.dll
0x00007ffc12040000 - 0x00007ffc120ab000 	C:\Windows\System32\WS2_32.dll
0x00007ffbf7130000 - 0x00007ffbf7157000 	C:\Windows\SYSTEM32\WINMM.dll
0x00007ffc0a7c0000 - 0x00007ffc0a7ca000 	C:\Windows\SYSTEM32\VERSION.dll
0x00007ffc0d1c0000 - 0x00007ffc0d1d2000 	C:\Windows\SYSTEM32\kernel.appcore.dll
0x00007ffbe3480000 - 0x00007ffbe3491000 	C:\Program Files\Android\Android Studio\jre\bin\verify.dll
0x00007ffc0f350000 - 0x00007ffc0f534000 	C:\Windows\SYSTEM32\DBGHELP.DLL
0x00007ffc0f250000 - 0x00007ffc0f27c000 	C:\Windows\SYSTEM32\dbgcore.DLL
0x00007ffc0fe60000 - 0x00007ffc0fee0000 	C:\Windows\System32\bcryptPrimitives.dll
0x00007ffbe18a0000 - 0x00007ffbe18c9000 	C:\Program Files\Android\Android Studio\jre\bin\java.dll
0x00007ffc09df0000 - 0x00007ffc09dfb000 	C:\Program Files\Android\Android Studio\jre\bin\jimage.dll
0x00007ffbe1880000 - 0x00007ffbe1898000 	C:\Program Files\Android\Android Studio\jre\bin\zip.dll
0x00007ffc101f0000 - 0x00007ffc10932000 	C:\Windows\System32\SHELL32.dll
0x00007ffc0d3c0000 - 0x00007ffc0db51000 	C:\Windows\SYSTEM32\windows.storage.dll
0x00007ffc115d0000 - 0x00007ffc11925000 	C:\Windows\System32\combase.dll
0x00007ffc0ec30000 - 0x00007ffc0ec5c000 	C:\Windows\SYSTEM32\Wldp.dll
0x00007ffc11430000 - 0x00007ffc114de000 	C:\Windows\System32\SHCORE.dll
0x00007ffc11b60000 - 0x00007ffc11bb5000 	C:\Windows\System32\shlwapi.dll
0x00007ffc0f810000 - 0x00007ffc0f82f000 	C:\Windows\SYSTEM32\profapi.dll
0x00007ffbe1860000 - 0x00007ffbe187a000 	C:\Program Files\Android\Android Studio\jre\bin\net.dll
0x00007ffc06730000 - 0x00007ffc0683b000 	C:\Windows\SYSTEM32\WINHTTP.dll
0x00007ffc0e9c0000 - 0x00007ffc0ea2a000 	C:\Windows\system32\mswsock.dll
0x00007ffbe1840000 - 0x00007ffbe1854000 	C:\Program Files\Android\Android Studio\jre\bin\nio.dll
0x00007ffbfcb70000 - 0x00007ffbfcb97000 	C:\Users\Prasanth\.gradle\native\8bec1ad78214c89d9ad589b4d07fe93259594b29d510b10fafb7a158f7737e5d\windows-amd64\native-platform.dll
0x00007ffbf0960000 - 0x00007ffbf0a9d000 	C:\Users\Prasanth\.gradle\native\53dbd7edfb1c66fb8903c78663c9afc45aea4f116125fa6feffd364cf09443e8\windows-amd64\native-platform-file-events.dll
0x00007ffbed620000 - 0x00007ffbed62a000 	C:\Program Files\Android\Android Studio\jre\bin\management.dll
0x00007ffbea830000 - 0x00007ffbea83c000 	C:\Program Files\Android\Android Studio\jre\bin\management_ext.dll
0x00007ffc0f660000 - 0x00007ffc0f678000 	C:\Windows\SYSTEM32\CRYPTSP.dll
0x00007ffc0e320000 - 0x00007ffc0e354000 	C:\Windows\system32\rsaenh.dll
0x00007ffc0fee0000 - 0x00007ffc0ff07000 	C:\Windows\System32\bcrypt.dll
0x00007ffc0f790000 - 0x00007ffc0f7be000 	C:\Windows\SYSTEM32\USERENV.dll
0x00007ffc0eb90000 - 0x00007ffc0eb9c000 	C:\Windows\SYSTEM32\CRYPTBASE.dll
0x00007ffc0e6b0000 - 0x00007ffc0e6eb000 	C:\Windows\SYSTEM32\IPHLPAPI.DLL
0x00007ffc11510000 - 0x00007ffc11518000 	C:\Windows\System32\NSI.dll
0x00007ffc07580000 - 0x00007ffc07597000 	C:\Windows\SYSTEM32\dhcpcsvc6.DLL
0x00007ffc079c0000 - 0x00007ffc079dd000 	C:\Windows\SYSTEM32\dhcpcsvc.DLL
0x00007ffc0e6f0000 - 0x00007ffc0e7bc000 	C:\Windows\SYSTEM32\DNSAPI.dll
0x00007ffbe4590000 - 0x00007ffbe45b7000 	C:\Program Files\Android\Android Studio\jre\bin\sunec.dll
0x00007ffc0c590000 - 0x00007ffc0c620000 	C:\Windows\system32\apphelp.dll

dbghelp: loaded successfully - version: 4.0.5 - missing functions: none
symbol engine: initialized successfully - sym options: 0x614 - pdb path: .;C:\Program Files\Android\Android Studio\jre\bin;C:\Windows\SYSTEM32;C:\Windows\WinSxS\amd64_microsoft.windows.common-controls_6595b64144ccf1df_6.0.19041.844_none_ca00b6081b84eb1d;C:\Program Files\Android\Android Studio\jre\bin\server;C:\Users\Prasanth\.gradle\native\8bec1ad78214c89d9ad589b4d07fe93259594b29d510b10fafb7a158f7737e5d\windows-amd64;C:\Users\Prasanth\.gradle\native\53dbd7edfb1c66fb8903c78663c9afc45aea4f116125fa6feffd364cf09443e8\windows-amd64

VM Arguments:
jvm_args: --add-opens=java.base/java.util=ALL-UNNAMED --add-opens=java.base/java.lang=ALL-UNNAMED --add-opens=java.base/java.lang.invoke=ALL-UNNAMED --add-opens=java.base/java.util=ALL-UNNAMED --add-opens=java.prefs/java.util.prefs=ALL-UNNAMED --add-opens=java.prefs/java.util.prefs=ALL-UNNAMED --add-opens=java.base/java.nio.charset=ALL-UNNAMED --add-opens=java.base/java.net=ALL-UNNAMED --add-opens=java.base/java.util.concurrent.atomic=ALL-UNNAMED -Xmx2048m -Dfile.encoding=windows-1252 -Duser.country=IN -Duser.language=en -Duser.variant 
java_command: org.gradle.launcher.daemon.bootstrap.GradleDaemon 7.0.2
java_class_path (initial): C:\Users\Prasanth\.gradle\wrapper\dists\gradle-7.0.2-bin\857tjihv64xamwrf0h14cai3r\gradle-7.0.2\lib\gradle-launcher-7.0.2.jar
Launcher Type: SUN_STANDARD

[Global flags]
     intx CICompilerCount                          = 2                                         {product} {ergonomic}
     uint ConcGCThreads                            = 1                                         {product} {ergonomic}
     uint G1ConcRefinementThreads                  = 2                                         {product} {ergonomic}
   size_t G1HeapRegionSize                         = 1048576                                   {product} {ergonomic}
    uintx GCDrainStackTargetSize                   = 64                                        {product} {ergonomic}
   size_t InitialHeapSize                          = 65011712                                  {product} {ergonomic}
   size_t MarkStackSize                            = 4194304                                   {product} {ergonomic}
   size_t MaxHeapSize                              = 2147483648                                {product} {command line}
   size_t MaxNewSize                               = 1287651328                                {product} {ergonomic}
   size_t MinHeapDeltaBytes                        = 1048576                                   {product} {ergonomic}
    uintx NonNMethodCodeHeapSize                   = 5825164                                {pd product} {ergonomic}
    uintx NonProfiledCodeHeapSize                  = 122916538                              {pd product} {ergonomic}
    uintx ProfiledCodeHeapSize                     = 122916538                              {pd product} {ergonomic}
    uintx ReservedCodeCacheSize                    = 251658240                              {pd product} {ergonomic}
     bool SegmentedCodeCache                       = true                                      {product} {ergonomic}
     bool UseCompressedClassPointers               = true                                 {lp64_product} {ergonomic}
     bool UseCompressedOops                        = true                                 {lp64_product} {ergonomic}
     bool UseG1GC                                  = true                                      {product} {ergonomic}
     bool UseLargePagesIndividualAllocation        = false                                  {pd product} {ergonomic}

Logging:
Log output configuration:
 #0: stdout all=warning uptime,level,tags
 #1: stderr all=off uptime,level,tags

Environment Variables:
PATH=C:\Windows\system32;C:\Windows;C:\Windows\System32\Wbem;C:\Windows\System32\WindowsPowerShell\v1.0\;C:\Windows\System32\OpenSSH\;C:\Users\Prasanth\AppData\Local\Microsoft\WindowsApps;
USERNAME=Prasanth
OS=Windows_NT
PROCESSOR_IDENTIFIER=Intel64 Family 6 Model 42 Stepping 7, GenuineIntel



---------------  S Y S T E M  ---------------

OS: Windows 10 , 64 bit Build 19041 (10.0.19041.928)
OS uptime: 0 days 1:28 hours

CPU:total 2 (initial active 2) (2 cores per cpu, 1 threads per core) family 6 model 42 stepping 7 microcode 0x2f, cmov, cx8, fxsr, mmx, sse, sse2, sse3, ssse3, sse4.1, sse4.2, popcnt, clmul, tsc, tscinvbit

Memory: 4k page, system-wide physical 3931M (370M free)
TotalPageFile size 6491M (AvailPageFile size 2450M)
current process WorkingSet (physical memory assigned to process): 613M, peak: 617M
current process commit charge ("private bytes"): 638M, peak: 640M

vm_info: OpenJDK 64-Bit Server VM (11.0.10+0-b96-7249189) for windows-amd64 JRE (11.0.10+0-b96-7249189), built on Mar 31 2021 21:44:00 by "builder" with MS VC++ 14.0 (VS2015)

END.
