#
# A fatal error has been detected by the Java Runtime Environment:
#
#  EXCEPTION_ACCESS_VIOLATION (0xc0000005) at pc=0x0000023d1ae4dbdc, pid=8412, tid=9880
#
# JRE version: OpenJDK Runtime Environment (11.0.10) (build 11.0.10+0-b96-7249189)
# Java VM: OpenJDK 64-Bit Server VM (11.0.10+0-b96-7249189, mixed mode, tiered, compressed oops, g1 gc, windows-amd64)
# Problematic frame:
# j  com.google.common.collect.MapMakerInternalMap$Segment.expand()V+195
#
# No core dump will be written. Minidumps are not enabled by default on client versions of Windows
#
# If you would like to submit a bug report, please visit:
#   https://bugreport.java.com/bugreport/crash.jsp
#

---------------  S U M M A R Y ------------

Command Line: --add-opens=java.base/java.util=ALL-UNNAMED --add-opens=java.base/java.lang=ALL-UNNAMED --add-opens=java.base/java.lang.invoke=ALL-UNNAMED --add-opens=java.base/java.util=ALL-UNNAMED --add-opens=java.prefs/java.util.prefs=ALL-UNNAMED --add-opens=java.prefs/java.util.prefs=ALL-UNNAMED --add-opens=java.base/java.nio.charset=ALL-UNNAMED --add-opens=java.base/java.net=ALL-UNNAMED --add-opens=java.base/java.util.concurrent.atomic=ALL-UNNAMED -Xmx2048m -Dfile.encoding=windows-1252 -Duser.country=IN -Duser.language=en -Duser.variant org.gradle.launcher.daemon.bootstrap.GradleDaemon 7.0.2

Host: Intel(R) Pentium(R) CPU B950 @ 2.10GHz, 2 cores, 3G,  Windows 10 , 64 bit Build 19041 (10.0.19041.928)
Time: Sun Oct 17 11:34:48 2021 Pacific Daylight Time elapsed time: 314.559546 seconds (0d 0h 5m 14s)

---------------  T H R E A D  ---------------

Current thread (0x0000023d34746000):  JavaThread "WorkerExecutor Queue Thread 2" [_thread_in_Java, id=9880, stack(0x000000e878400000,0x000000e878500000)]

Stack: [0x000000e878400000,0x000000e878500000],  sp=0x000000e8784fd9e8,  free space=1014k
Native frames: (J=compiled Java code, j=interpreted, Vv=VM code, C=native code)
C  0x0000023d1ae4dbdc


siginfo: EXCEPTION_ACCESS_VIOLATION (0xc0000005), reading address 0x00000001e9a2a2dc


Register to memory mapping:

RIP=0x0000023d1ae4dbdc is at code_begin+1724 in an Interpreter codelet
invokeinterface  185 invokeinterface  [0x0000023d1ae4d520, 0x0000023d1ae4e020]  2816 bytes
RAX=0x0000000100c0e2d0 is a pointer to class: 
com.google.common.collect.MapMakerInternalMap$InternalEntry {0x0000000100c0e2d8}
RBX={method} {0x0000023d3d32fcf0} 'getHash' '()I' in 'com/google/common/collect/MapMakerInternalMap$InternalEntry'
RCX={method} {0x0000023d3d32fcf0} 'getHash' '()I' in 'com/google/common/collect/MapMakerInternalMap$InternalEntry'
RDX=0x00000001e9a2a218 is an unknown value
RSP=0x000000e8784fd9e8 is pointing into the stack for thread: 0x0000023d34746000
RBP=0x000000e8784fda38 is pointing into the stack for thread: 0x0000023d34746000
RSI=0x0 is NULL
RDI=0x0000000000000008 is an unknown value
R8 =0x0 is NULL
R9 =0x000000008a6038a0 is an oop: com.google.common.collect.MapMakerInternalMap$StrongKeyDummyValueEntry 
{0x000000008a6038a0} - klass: 'com/google/common/collect/MapMakerInternalMap$StrongKeyDummyValueEntry'
R10=0x00007ff8fc8f4f90 jvm.dll
R11=0x0 is NULL
R12=0x0 is NULL
R13=0x0000023d3d345443 is pointing into metadata
R14=0x000000e8784fdac0 is pointing into the stack for thread: 0x0000023d34746000
R15=0x0000023d34746000 is a thread


Registers:
RAX=0x0000000100c0e2d0, RBX=0x0000023d3d32fce8, RCX=0x0000023d3d32fce8, RDX=0x00000001e9a2a218
RSP=0x000000e8784fd9e8, RBP=0x000000e8784fda38, RSI=0x0000000000000000, RDI=0x0000000000000008
R8 =0x0000000000000000, R9 =0x000000008a6038a0, R10=0x00007ff8fc8f4f90, R11=0x0000000000000000
R12=0x0000000000000000, R13=0x0000023d3d345443, R14=0x000000e8784fdac0, R15=0x0000023d34746000
RIP=0x0000023d1ae4dbdc, EFLAGS=0x0000000000010206

Top of Stack: (sp=0x000000e8784fd9e8)
0x000000e8784fd9e8:   0000023d1ae39b45 000000e8784fd9f0
0x000000e8784fd9f8:   0000023d3d345443 000000e8784fdac0
0x000000e8784fda08:   0000023d3d347e00 0000000000000000
0x000000e8784fda18:   000000008a7123c8 0000023d3d3455a8
0x000000e8784fda28:   0000000000000000 000000e8784fdac0
0x000000e8784fda38:   000000e8784fdb10 0000023d1ae3a0c3
0x000000e8784fda48:   000000008a6038a0 0000000000000000
0x000000e8784fda58:   0000000000000000 000000e8784fd9f0
0x000000e8784fda68:   0000000000000004 000000008a6027a8
0x000000e8784fda78:   0000000000000000 000000008a6027a8
0x000000e8784fda88:   000000008a603630 0000000000000000
0x000000e8784fda98:   0000000000000007 000000008a603860
0x000000e8784fdaa8:   0000000000000003 0000000000000004
0x000000e8784fdab8:   000000008a71a930 000000008a71a8d0
0x000000e8784fdac8:   000000e8784fdac8 0000023d3d345082
0x000000e8784fdad8:   000000e8784fdb88 0000023d3d347e00 

Instructions: (pc=0x0000023d1ae4dbdc)
0x0000023d1ae4dadc:   c1 e5 03 4c 33 6a 08 49 f7 c5 fc ff ff ff 74 38
0x0000023d1ae4daec:   49 f7 c5 02 00 00 00 75 2f 48 81 7a 08 00 00 00
0x0000023d1ae4dafc:   00 74 21 48 81 7a 08 01 00 00 00 74 17 4c 33 6a
0x0000023d1ae4db0c:   08 49 f7 c5 fc ff ff ff 74 0e 48 81 4a 08 02 00
0x0000023d1ae4db1c:   00 00 eb 04 4c 89 6a 08 48 83 c2 10 4c 8b 6a e8
0x0000023d1ae4db2c:   41 83 ed 02 41 83 fd 02 0f 8c 7d 00 00 00 4c 8b
0x0000023d1ae4db3c:   6b 08 45 0f b7 6d 34 4c 2b 2a 41 83 ed 01 4e 8b
0x0000023d1ae4db4c:   6c ec 08 4d 85 ed 75 0a 48 81 4a 08 01 00 00 00
0x0000023d1ae4db5c:   eb 4d 45 8b 6d 08 49 c1 e5 03 4c 33 6a 08 49 f7
0x0000023d1ae4db6c:   c5 fc ff ff ff 74 38 49 f7 c5 02 00 00 00 75 2f
0x0000023d1ae4db7c:   48 81 7a 08 00 00 00 00 74 21 48 81 7a 08 01 00
0x0000023d1ae4db8c:   00 00 74 17 4c 33 6a 08 49 f7 c5 fc ff ff ff 74
0x0000023d1ae4db9c:   0e 48 81 4a 08 02 00 00 00 eb 04 4c 89 6a 08 48
0x0000023d1ae4dbac:   83 c2 10 4c 8b 6a d8 41 83 ed 04 41 c1 e5 03 49
0x0000023d1ae4dbbc:   03 d5 48 89 55 d8 4c 8d 6c 24 08 4c 89 6d f0 ff
0x0000023d1ae4dbcc:   63 48 4c 8b 75 c8 8b 51 08 48 c1 e2 03 48 8b cb
0x0000023d1ae4dbdc:   44 8b b2 c4 00 00 00 4e 8d b4 f2 d0 01 00 00 4d
0x0000023d1ae4dbec:   8b 2e 49 3b c5 74 15 4d 85 ed 0f 84 48 03 00 00
0x0000023d1ae4dbfc:   49 83 c6 10 4d 8b 2e 49 3b c5 75 eb 4c 8b 6d c0
0x0000023d1ae4dc0c:   4c 8b 6d d8 4d 85 ed 0f 84 97 00 00 00 4d 8b 75
0x0000023d1ae4dc1c:   18 4c 3b f2 0f 85 0f 00 00 00 49 83 45 20 01 49
0x0000023d1ae4dc2c:   83 5d 20 00 e9 73 00 00 00 4d 85 f6 0f 84 43 00
0x0000023d1ae4dc3c:   00 00 4d 8b 75 28 4c 3b f2 0f 85 0f 00 00 00 49
0x0000023d1ae4dc4c:   83 45 30 01 49 83 5d 30 00 e9 4e 00 00 00 4d 85
0x0000023d1ae4dc5c:   f6 74 0f 49 83 45 08 01 49 83 5d 08 00 e9 3a 00
0x0000023d1ae4dc6c:   00 00 49 89 55 28 41 be 01 00 00 00 4d 89 75 30
0x0000023d1ae4dc7c:   e9 27 00 00 00 49 3b 55 28 0f 85 0f 00 00 00 49
0x0000023d1ae4dc8c:   83 45 30 01 49 83 5d 30 00 e9 0e 00 00 00 49 89
0x0000023d1ae4dc9c:   55 18 41 be 01 00 00 00 4d 89 75 20 49 83 c5 38
0x0000023d1ae4dcac:   4c 89 6d d8 48 8b 43 08 48 8b 40 08 48 8b 40 18
0x0000023d1ae4dcbc:   8b 5b 24 83 eb f6 f7 db 4c 8b f2 45 8b ae c4 00
0x0000023d1ae4dccc:   00 00 4f 8d ac ee d0 01 00 00 4d 8d 34 de 49 8b 


Stack slot to memory mapping:
stack at sp + 0 slots: 0x0000023d1ae39b45 is at code_begin+901 in an Interpreter codelet
invoke return entry points  [0x0000023d1ae397c0, 0x0000023d1ae3a1a0]  2528 bytes
stack at sp + 1 slots: 0x000000e8784fd9f0 is pointing into the stack for thread: 0x0000023d34746000
stack at sp + 2 slots: 0x0000023d3d345443 is pointing into metadata
stack at sp + 3 slots: 0x000000e8784fdac0 is pointing into the stack for thread: 0x0000023d34746000
stack at sp + 4 slots: 0x0000023d3d347e00 is pointing into metadata
stack at sp + 5 slots: 0x0 is NULL
stack at sp + 6 slots: 0x000000008a7123c8 is an oop: java.lang.Class 
{0x000000008a7123c8} - klass: 'java/lang/Class'
stack at sp + 7 slots: {method} {0x0000023d3d3455b0} 'expand' '()V' in 'com/google/common/collect/MapMakerInternalMap$Segment'

invokeinterface  185 invokeinterface  [0x0000023d1ae4d520, 0x0000023d1ae4e020]  2816 bytes

---------------  P R O C E S S  ---------------

Threads class SMR info:
_java_thread_list=0x0000023d380f5130, length=45, elements={
0x0000023d15b6a800, 0x0000023d3121e000, 0x0000023d31220800, 0x0000023d31281800,
0x0000023d31282800, 0x0000023d31285000, 0x0000023d31288000, 0x0000023d3128b000,
0x0000023d31c12800, 0x0000023d31d1a800, 0x0000023d31f2b800, 0x0000023d33be8800,
0x0000023d33be9000, 0x0000023d32b38000, 0x0000023d32b39000, 0x0000023d31bee800,
0x0000023d332a9800, 0x0000023d332aa000, 0x0000023d320d8800, 0x0000023d320da000,
0x0000023d320d9800, 0x0000023d320db000, 0x0000023d320d7800, 0x0000023d320d7000,
0x0000023d320db800, 0x0000023d320d6000, 0x0000023d320dc800, 0x0000023d3473b800,
0x0000023d34741000, 0x0000023d34740000, 0x0000023d3473d000, 0x0000023d3473c000,
0x0000023d34742800, 0x0000023d34743800, 0x0000023d3473d800, 0x0000023d34744800,
0x0000023d3473e800, 0x0000023d34747800, 0x0000023d34748800, 0x0000023d3474a000,
0x0000023d34745000, 0x0000023d34746000, 0x0000023d34746800, 0x0000023d365a2000,
0x0000023d365a4800
}

Java Threads: ( => current thread )
  0x0000023d15b6a800 JavaThread "main" [_thread_blocked, id=8364, stack(0x000000e875400000,0x000000e875500000)]
  0x0000023d3121e000 JavaThread "Reference Handler" daemon [_thread_blocked, id=10196, stack(0x000000e875b00000,0x000000e875c00000)]
  0x0000023d31220800 JavaThread "Finalizer" daemon [_thread_blocked, id=9020, stack(0x000000e875c00000,0x000000e875d00000)]
  0x0000023d31281800 JavaThread "Signal Dispatcher" daemon [_thread_blocked, id=8828, stack(0x000000e875d00000,0x000000e875e00000)]
  0x0000023d31282800 JavaThread "Attach Listener" daemon [_thread_blocked, id=8640, stack(0x000000e875e00000,0x000000e875f00000)]
  0x0000023d31285000 JavaThread "Service Thread" daemon [_thread_blocked, id=1668, stack(0x000000e875f00000,0x000000e876000000)]
  0x0000023d31288000 JavaThread "C2 CompilerThread0" daemon [_thread_blocked, id=8444, stack(0x000000e876000000,0x000000e876100000)]
  0x0000023d3128b000 JavaThread "C1 CompilerThread0" daemon [_thread_blocked, id=10204, stack(0x000000e876100000,0x000000e876200000)]
  0x0000023d31c12800 JavaThread "Sweeper thread" daemon [_thread_blocked, id=7804, stack(0x000000e876200000,0x000000e876300000)]
  0x0000023d31d1a800 JavaThread "Common-Cleaner" daemon [_thread_blocked, id=2280, stack(0x000000e876300000,0x000000e876400000)]
  0x0000023d31f2b800 JavaThread "Daemon health stats" [_thread_blocked, id=7372, stack(0x000000e876600000,0x000000e876700000)]
  0x0000023d33be8800 JavaThread "Incoming local TCP Connector on port 57601" [_thread_in_native, id=6696, stack(0x000000e876700000,0x000000e876800000)]
  0x0000023d33be9000 JavaThread "Daemon periodic checks" [_thread_blocked, id=2996, stack(0x000000e876800000,0x000000e876900000)]
  0x0000023d32b38000 JavaThread "Daemon" [_thread_blocked, id=9676, stack(0x000000e876900000,0x000000e876a00000)]
  0x0000023d32b39000 JavaThread "Handler for socket connection from /127.0.0.1:57601 to /127.0.0.1:57604" [_thread_in_native, id=7724, stack(0x000000e876a00000,0x000000e876b00000)]
  0x0000023d31bee800 JavaThread "Cancel handler" [_thread_blocked, id=5972, stack(0x000000e876b00000,0x000000e876c00000)]
  0x0000023d332a9800 JavaThread "Daemon worker" [_thread_blocked, id=1940, stack(0x000000e876c00000,0x000000e876d00000)]
  0x0000023d332aa000 JavaThread "Asynchronous log dispatcher for DefaultDaemonConnection: socket connection from /127.0.0.1:57601 to /127.0.0.1:57604" [_thread_blocked, id=3896, stack(0x000000e876d00000,0x000000e876e00000)]
  0x0000023d320d8800 JavaThread "Daemon client event forwarder" [_thread_blocked, id=2880, stack(0x000000e876f00000,0x000000e877000000)]
  0x0000023d320da000 JavaThread "Cache worker for file hash cache (C:\Users\Prasanth\.gradle\caches\7.0.2\fileHashes)" [_thread_blocked, id=1380, stack(0x000000e877000000,0x000000e877100000)]
  0x0000023d320d9800 JavaThread "File lock request listener" [_thread_in_native, id=9896, stack(0x000000e877100000,0x000000e877200000)]
  0x0000023d320db000 JavaThread "Cache worker for journal cache (C:\Users\Prasanth\.gradle\caches\journal-1)" [_thread_blocked, id=10112, stack(0x000000e875100000,0x000000e875200000)]
  0x0000023d320d7800 JavaThread "Cache worker for file hash cache (C:\Users\Prasanth\AndroidStudioProjects\Skyblue\.gradle\7.0.2\fileHashes)" [_thread_blocked, id=6820, stack(0x000000e877200000,0x000000e877300000)]
  0x0000023d320d7000 JavaThread "File watcher server" daemon [_thread_blocked, id=7164, stack(0x000000e877300000,0x000000e877400000)]
  0x0000023d320db800 JavaThread "File watcher consumer" daemon [_thread_blocked, id=7080, stack(0x000000e877400000,0x000000e877500000)]
  0x0000023d320d6000 JavaThread "Cache worker for checksums cache (C:\Users\Prasanth\AndroidStudioProjects\Skyblue\.gradle\checksums)" [_thread_blocked, id=3912, stack(0x000000e877500000,0x000000e877600000)]
  0x0000023d320dc800 JavaThread "Cache worker for cache directory md-supplier (C:\Users\Prasanth\.gradle\caches\7.0.2\md-supplier)" [_thread_blocked, id=9440, stack(0x000000e877600000,0x000000e877700000)]
  0x0000023d3473b800 JavaThread "Cache worker for cache directory md-rule (C:\Users\Prasanth\.gradle\caches\7.0.2\md-rule)" [_thread_blocked, id=8868, stack(0x000000e877700000,0x000000e877800000)]
  0x0000023d34741000 JavaThread "Cache worker for execution history cache (C:\Users\Prasanth\.gradle\caches\7.0.2\executionHistory)" [_thread_blocked, id=6992, stack(0x000000e877800000,0x000000e877900000)]
  0x0000023d34740000 JavaThread "jar transforms" [_thread_blocked, id=8232, stack(0x000000e877b00000,0x000000e877c00000)]
  0x0000023d3473d000 JavaThread "jar transforms Thread 2" [_thread_blocked, id=7452, stack(0x000000e877c00000,0x000000e877d00000)]
  0x0000023d3473c000 JavaThread "Cache worker for file content cache (C:\Users\Prasanth\.gradle\caches\7.0.2\fileContent)" [_thread_blocked, id=9284, stack(0x000000e877d00000,0x000000e877e00000)]
  0x0000023d34742800 JavaThread "Cache worker for dependencies-accessors (C:\Users\Prasanth\AndroidStudioProjects\Skyblue\.gradle\7.0.2\dependencies-accessors)" [_thread_blocked, id=10172, stack(0x000000e877e00000,0x000000e877f00000)]
  0x0000023d34743800 JavaThread "Cache worker for Build Output Cleanup Cache (C:\Users\Prasanth\AndroidStudioProjects\Skyblue\.gradle\buildOutputCleanup)" [_thread_blocked, id=6936, stack(0x000000e877f00000,0x000000e878000000)]
  0x0000023d3473d800 JavaThread "Build operations" [_thread_blocked, id=1092, stack(0x000000e875200000,0x000000e875300000)]
  0x0000023d34744800 JavaThread "Build operations Thread 2" [_thread_blocked, id=8776, stack(0x000000e875300000,0x000000e875400000)]
  0x0000023d3473e800 JavaThread "Memory manager" [_thread_blocked, id=9916, stack(0x000000e876e00000,0x000000e876f00000)]
  0x0000023d34747800 JavaThread "build event listener" [_thread_blocked, id=1220, stack(0x000000e878000000,0x000000e878100000)]
  0x0000023d34748800 JavaThread "Execution worker for ':'" [_thread_blocked, id=7100, stack(0x000000e878100000,0x000000e878200000)]
  0x0000023d3474a000 JavaThread "Cache worker for execution history cache (C:\Users\Prasanth\AndroidStudioProjects\Skyblue\.gradle\7.0.2\executionHistory)" [_thread_blocked, id=7820, stack(0x000000e878200000,0x000000e878300000)]
  0x0000023d34745000 JavaThread "WorkerExecutor Queue" [_thread_blocked, id=7276, stack(0x000000e878300000,0x000000e878400000)]
=>0x0000023d34746000 JavaThread "WorkerExecutor Queue Thread 2" [_thread_in_Java, id=9880, stack(0x000000e878400000,0x000000e878500000)]
  0x0000023d34746800 JavaThread "pool-3-thread-1" [_thread_blocked, id=5200, stack(0x000000e877900000,0x000000e877a00000)]
  0x0000023d365a2000 JavaThread "stderr" [_thread_in_native, id=10048, stack(0x000000e877a00000,0x000000e877b00000)]
  0x0000023d365a4800 JavaThread "stdout" [_thread_in_native, id=1552, stack(0x000000e878500000,0x000000e878600000)]

Other Threads:
  0x0000023d3121a000 VMThread "VM Thread" [stack: 0x000000e875a00000,0x000000e875b00000] [id=4280] _threads_hazard_ptr=0x0000023d380f5130
  0x0000023d31d7f800 WatcherThread [stack: 0x000000e876400000,0x000000e876500000] [id=8956]
  0x0000023d15b82000 GCTaskThread "GC Thread#0" [stack: 0x000000e875500000,0x000000e875600000] [id=10200]
  0x0000023d31e16000 GCTaskThread "GC Thread#1" [stack: 0x000000e876500000,0x000000e876600000] [id=3864]
  0x0000023d15bb5800 ConcurrentGCThread "G1 Main Marker" [stack: 0x000000e875600000,0x000000e875700000] [id=3220]
  0x0000023d15bb7000 ConcurrentGCThread "G1 Conc#0" [stack: 0x000000e875700000,0x000000e875800000] [id=9580]
  0x0000023d15c08000 ConcurrentGCThread "G1 Refine#0" [stack: 0x000000e875800000,0x000000e875900000] [id=6448]
  0x0000023d15c09000 ConcurrentGCThread "G1 Young RemSet Sampling" [stack: 0x000000e875900000,0x000000e875a00000] [id=992]

Threads with active compile tasks:

VM state:synchronizing (normal execution)

VM Mutex/Monitor currently owned by a thread:  ([mutex/lock_event])
[0x0000023d15b67b60] Safepoint_lock - owner thread: 0x0000023d3121a000
[0x0000023d15b67890] Threads_lock - owner thread: 0x0000023d3121a000

Heap address: 0x0000000080000000, size: 2048 MB, Compressed Oops mode: 32-bit
Narrow klass base: 0x0000000000000000, Narrow klass shift: 3
Compressed class space size: 1073741824 Address: 0x0000000100000000

Heap:
 garbage-first heap   total 206848K, used 127746K [0x0000000080000000, 0x0000000100000000)
  region size 1024K, 38 young (38912K), 2 survivors (2048K)
 Metaspace       used 92570K, capacity 94775K, committed 94848K, reserved 1132544K
  class space    used 11605K, capacity 12408K, committed 12416K, reserved 1048576K
Heap Regions: E=young(eden), S=young(survivor), O=old, HS=humongous(starts), HC=humongous(continues), CS=collection set, F=free, A=archive, TAMS=top-at-mark-start (previous, next)
|   0|0x0000000080000000, 0x0000000080100000, 0x0000000080100000|100%| O|  |TAMS 0x0000000080100000, 0x0000000080000000| Untracked 
|   1|0x0000000080100000, 0x0000000080200000, 0x0000000080200000|100%| O|  |TAMS 0x0000000080200000, 0x0000000080100000| Untracked 
|   2|0x0000000080200000, 0x0000000080300000, 0x0000000080300000|100%| O|  |TAMS 0x0000000080300000, 0x0000000080200000| Untracked 
|   3|0x0000000080300000, 0x0000000080400000, 0x0000000080400000|100%| O|  |TAMS 0x0000000080400000, 0x0000000080300000| Untracked 
|   4|0x0000000080400000, 0x0000000080500000, 0x0000000080500000|100%|HS|  |TAMS 0x0000000080500000, 0x0000000080400000| Complete 
|   5|0x0000000080500000, 0x0000000080600000, 0x0000000080600000|100%|HC|  |TAMS 0x0000000080600000, 0x0000000080500000| Complete 
|   6|0x0000000080600000, 0x0000000080700000, 0x0000000080700000|100%|HC|  |TAMS 0x0000000080700000, 0x0000000080600000| Complete 
|   7|0x0000000080700000, 0x0000000080800000, 0x0000000080800000|100%| O|  |TAMS 0x0000000080800000, 0x0000000080700000| Untracked 
|   8|0x0000000080800000, 0x0000000080900000, 0x0000000080900000|100%| O|  |TAMS 0x0000000080900000, 0x0000000080800000| Untracked 
|   9|0x0000000080900000, 0x0000000080a00000, 0x0000000080a00000|100%| O|  |TAMS 0x0000000080a00000, 0x0000000080900000| Untracked 
|  10|0x0000000080a00000, 0x0000000080b00000, 0x0000000080b00000|100%| O|  |TAMS 0x0000000080b00000, 0x0000000080a00000| Untracked 
|  11|0x0000000080b00000, 0x0000000080c00000, 0x0000000080c00000|100%| O|  |TAMS 0x0000000080c00000, 0x0000000080b00000| Untracked 
|  12|0x0000000080c00000, 0x0000000080d00000, 0x0000000080d00000|100%| O|  |TAMS 0x0000000080d00000, 0x0000000080c00000| Untracked 
|  13|0x0000000080d00000, 0x0000000080e00000, 0x0000000080e00000|100%| O|  |TAMS 0x0000000080e00000, 0x0000000080d00000| Untracked 
|  14|0x0000000080e00000, 0x0000000080f00000, 0x0000000080f00000|100%| O|  |TAMS 0x0000000080f00000, 0x0000000080e00000| Untracked 
|  15|0x0000000080f00000, 0x0000000081000000, 0x0000000081000000|100%| O|  |TAMS 0x0000000081000000, 0x0000000080f00000| Untracked 
|  16|0x0000000081000000, 0x0000000081100000, 0x0000000081100000|100%| O|  |TAMS 0x0000000081100000, 0x0000000081000000| Untracked 
|  17|0x0000000081100000, 0x0000000081200000, 0x0000000081200000|100%| O|  |TAMS 0x0000000081200000, 0x0000000081100000| Untracked 
|  18|0x0000000081200000, 0x0000000081300000, 0x0000000081300000|100%| O|  |TAMS 0x0000000081300000, 0x0000000081200000| Untracked 
|  19|0x0000000081300000, 0x0000000081400000, 0x0000000081400000|100%| O|  |TAMS 0x0000000081400000, 0x0000000081300000| Untracked 
|  20|0x0000000081400000, 0x0000000081500000, 0x0000000081500000|100%| O|  |TAMS 0x0000000081500000, 0x0000000081400000| Untracked 
|  21|0x0000000081500000, 0x0000000081600000, 0x0000000081600000|100%| O|  |TAMS 0x0000000081600000, 0x0000000081500000| Untracked 
|  22|0x0000000081600000, 0x0000000081700000, 0x0000000081700000|100%| O|  |TAMS 0x0000000081700000, 0x0000000081600000| Untracked 
|  23|0x0000000081700000, 0x0000000081800000, 0x0000000081800000|100%| O|  |TAMS 0x0000000081800000, 0x0000000081700000| Untracked 
|  24|0x0000000081800000, 0x0000000081900000, 0x0000000081900000|100%| O|  |TAMS 0x0000000081900000, 0x0000000081800000| Untracked 
|  25|0x0000000081900000, 0x0000000081a00000, 0x0000000081a00000|100%| O|  |TAMS 0x0000000081a00000, 0x0000000081900000| Untracked 
|  26|0x0000000081a00000, 0x0000000081b00000, 0x0000000081b00000|100%| O|  |TAMS 0x0000000081b00000, 0x0000000081a00000| Untracked 
|  27|0x0000000081b00000, 0x0000000081c00000, 0x0000000081c00000|100%| O|  |TAMS 0x0000000081c00000, 0x0000000081b00000| Untracked 
|  28|0x0000000081c00000, 0x0000000081d00000, 0x0000000081d00000|100%| O|  |TAMS 0x0000000081d00000, 0x0000000081c00000| Untracked 
|  29|0x0000000081d00000, 0x0000000081e00000, 0x0000000081e00000|100%|HS|  |TAMS 0x0000000081e00000, 0x0000000081d00000| Complete 
|  30|0x0000000081e00000, 0x0000000081f00000, 0x0000000081f00000|100%| O|  |TAMS 0x0000000081f00000, 0x0000000081e00000| Untracked 
|  31|0x0000000081f00000, 0x0000000082000000, 0x0000000082000000|100%|HS|  |TAMS 0x0000000082000000, 0x0000000081f00000| Complete 
|  32|0x0000000082000000, 0x0000000082100000, 0x0000000082100000|100%| O|  |TAMS 0x0000000082100000, 0x0000000082000000| Untracked 
|  33|0x0000000082100000, 0x0000000082200000, 0x0000000082200000|100%| O|  |TAMS 0x0000000082200000, 0x0000000082100000| Untracked 
|  34|0x0000000082200000, 0x0000000082300000, 0x0000000082300000|100%| O|  |TAMS 0x0000000082300000, 0x0000000082200000| Untracked 
|  35|0x0000000082300000, 0x0000000082400000, 0x0000000082400000|100%| O|  |TAMS 0x0000000082400000, 0x0000000082300000| Untracked 
|  36|0x0000000082400000, 0x0000000082500000, 0x0000000082500000|100%|HS|  |TAMS 0x0000000082500000, 0x0000000082400000| Complete 
|  37|0x0000000082500000, 0x0000000082600000, 0x0000000082600000|100%|HC|  |TAMS 0x0000000082600000, 0x0000000082500000| Complete 
|  38|0x0000000082600000, 0x0000000082700000, 0x0000000082700000|100%| O|  |TAMS 0x0000000082700000, 0x0000000082600000| Untracked 
|  39|0x0000000082700000, 0x0000000082800000, 0x0000000082800000|100%| O|  |TAMS 0x0000000082800000, 0x0000000082700000| Untracked 
|  40|0x0000000082800000, 0x0000000082900000, 0x0000000082900000|100%| O|  |TAMS 0x0000000082900000, 0x0000000082800000| Untracked 
|  41|0x0000000082900000, 0x0000000082a00000, 0x0000000082a00000|100%| O|  |TAMS 0x0000000082a00000, 0x0000000082900000| Untracked 
|  42|0x0000000082a00000, 0x0000000082b00000, 0x0000000082b00000|100%| O|  |TAMS 0x0000000082b00000, 0x0000000082a00000| Untracked 
|  43|0x0000000082b00000, 0x0000000082c00000, 0x0000000082c00000|100%| O|  |TAMS 0x0000000082c00000, 0x0000000082b00000| Untracked 
|  44|0x0000000082c00000, 0x0000000082d00000, 0x0000000082d00000|100%| O|  |TAMS 0x0000000082d00000, 0x0000000082c00000| Untracked 
|  45|0x0000000082d00000, 0x0000000082e00000, 0x0000000082e00000|100%| O|  |TAMS 0x0000000082e00000, 0x0000000082d00000| Untracked 
|  46|0x0000000082e00000, 0x0000000082f00000, 0x0000000082f00000|100%| O|  |TAMS 0x0000000082f00000, 0x0000000082e00000| Untracked 
|  47|0x0000000082f00000, 0x0000000083000000, 0x0000000083000000|100%| O|  |TAMS 0x0000000083000000, 0x0000000082f00000| Untracked 
|  48|0x0000000083000000, 0x0000000083100000, 0x0000000083100000|100%| O|  |TAMS 0x0000000083100000, 0x0000000083000000| Untracked 
|  49|0x0000000083100000, 0x0000000083200000, 0x0000000083200000|100%| O|  |TAMS 0x0000000083200000, 0x0000000083100000| Untracked 
|  50|0x0000000083200000, 0x0000000083300000, 0x0000000083300000|100%| O|  |TAMS 0x0000000083300000, 0x0000000083200000| Untracked 
|  51|0x0000000083300000, 0x0000000083400000, 0x0000000083400000|100%| O|  |TAMS 0x0000000083400000, 0x0000000083300000| Untracked 
|  52|0x0000000083400000, 0x0000000083500000, 0x0000000083500000|100%| O|  |TAMS 0x0000000083500000, 0x0000000083400000| Untracked 
|  53|0x0000000083500000, 0x0000000083600000, 0x0000000083600000|100%| O|  |TAMS 0x0000000083600000, 0x0000000083500000| Untracked 
|  54|0x0000000083600000, 0x0000000083700000, 0x0000000083700000|100%| O|  |TAMS 0x0000000083700000, 0x0000000083600000| Untracked 
|  55|0x0000000083700000, 0x0000000083800000, 0x0000000083800000|100%| O|  |TAMS 0x0000000083800000, 0x0000000083700000| Untracked 
|  56|0x0000000083800000, 0x0000000083900000, 0x0000000083900000|100%| O|  |TAMS 0x0000000083900000, 0x0000000083800000| Untracked 
|  57|0x0000000083900000, 0x0000000083a00000, 0x0000000083a00000|100%| O|  |TAMS 0x0000000083a00000, 0x0000000083900000| Untracked 
|  58|0x0000000083a00000, 0x0000000083b00000, 0x0000000083b00000|100%| O|  |TAMS 0x0000000083b00000, 0x0000000083a00000| Untracked 
|  59|0x0000000083b00000, 0x0000000083c00000, 0x0000000083c00000|100%| O|  |TAMS 0x0000000083c00000, 0x0000000083b00000| Untracked 
|  60|0x0000000083c00000, 0x0000000083d00000, 0x0000000083d00000|100%| O|  |TAMS 0x0000000083d00000, 0x0000000083c00000| Untracked 
|  61|0x0000000083d00000, 0x0000000083e00000, 0x0000000083e00000|100%| O|  |TAMS 0x0000000083e00000, 0x0000000083d00000| Untracked 
|  62|0x0000000083e00000, 0x0000000083f00000, 0x0000000083f00000|100%| O|  |TAMS 0x0000000083f00000, 0x0000000083e00000| Untracked 
|  63|0x0000000083f00000, 0x0000000084000000, 0x0000000084000000|100%| O|  |TAMS 0x0000000084000000, 0x0000000083f00000| Untracked 
|  64|0x0000000084000000, 0x0000000084100000, 0x0000000084100000|100%| O|  |TAMS 0x0000000084100000, 0x0000000084000000| Untracked 
|  65|0x0000000084100000, 0x0000000084200000, 0x0000000084200000|100%| O|  |TAMS 0x0000000084200000, 0x0000000084100000| Untracked 
|  66|0x0000000084200000, 0x0000000084300000, 0x0000000084300000|100%| O|  |TAMS 0x0000000084300000, 0x0000000084200000| Untracked 
|  67|0x0000000084300000, 0x0000000084400000, 0x0000000084400000|100%| O|  |TAMS 0x0000000084400000, 0x0000000084300000| Untracked 
|  68|0x0000000084400000, 0x0000000084500000, 0x0000000084500000|100%| O|  |TAMS 0x0000000084500000, 0x0000000084400000| Untracked 
|  69|0x0000000084500000, 0x0000000084600000, 0x0000000084600000|100%| O|  |TAMS 0x0000000084600000, 0x0000000084500000| Untracked 
|  70|0x0000000084600000, 0x0000000084700000, 0x0000000084700000|100%| O|  |TAMS 0x0000000084700000, 0x0000000084600000| Untracked 
|  71|0x0000000084700000, 0x0000000084800000, 0x0000000084800000|100%| O|  |TAMS 0x0000000084800000, 0x0000000084700000| Untracked 
|  72|0x0000000084800000, 0x0000000084900000, 0x0000000084900000|100%| O|  |TAMS 0x0000000084900000, 0x0000000084800000| Untracked 
|  73|0x0000000084900000, 0x0000000084a00000, 0x0000000084a00000|100%| O|  |TAMS 0x0000000084a00000, 0x0000000084900000| Untracked 
|  74|0x0000000084a00000, 0x0000000084b00000, 0x0000000084b00000|100%| O|  |TAMS 0x0000000084b00000, 0x0000000084a00000| Untracked 
|  75|0x0000000084b00000, 0x0000000084c00000, 0x0000000084c00000|100%| O|  |TAMS 0x0000000084c00000, 0x0000000084b00000| Untracked 
|  76|0x0000000084c00000, 0x0000000084d00000, 0x0000000084d00000|100%| O|  |TAMS 0x0000000084c00000, 0x0000000084c00000| Untracked 
|  77|0x0000000084d00000, 0x0000000084e00000, 0x0000000084e00000|100%| O|  |TAMS 0x0000000084d00000, 0x0000000084d00000| Untracked 
|  78|0x0000000084e00000, 0x0000000084f00000, 0x0000000084f00000|100%| O|  |TAMS 0x0000000084e00000, 0x0000000084e00000| Untracked 
|  79|0x0000000084f00000, 0x0000000085000000, 0x0000000085000000|100%| O|  |TAMS 0x0000000085000000, 0x0000000084f00000| Untracked 
|  80|0x0000000085000000, 0x0000000085100000, 0x0000000085100000|100%| O|  |TAMS 0x0000000085100000, 0x0000000085000000| Untracked 
|  81|0x0000000085100000, 0x0000000085200000, 0x0000000085200000|100%| O|  |TAMS 0x0000000085100000, 0x0000000085100000| Untracked 
|  82|0x0000000085200000, 0x0000000085300000, 0x0000000085300000|100%| O|  |TAMS 0x0000000085300000, 0x0000000085200000| Untracked 
|  83|0x0000000085300000, 0x0000000085400000, 0x0000000085400000|100%| O|  |TAMS 0x00000000853c5600, 0x0000000085300000| Untracked 
|  84|0x0000000085400000, 0x00000000854c0a00, 0x0000000085500000| 75%| O|  |TAMS 0x0000000085400000, 0x0000000085400000| Untracked 
|  85|0x0000000085500000, 0x0000000085500000, 0x0000000085600000|  0%| F|  |TAMS 0x0000000085500000, 0x0000000085500000| Untracked 
|  86|0x0000000085600000, 0x0000000085700000, 0x0000000085700000|100%| O|  |TAMS 0x0000000085700000, 0x0000000085600000| Untracked 
|  87|0x0000000085700000, 0x0000000085800000, 0x0000000085800000|100%| O|  |TAMS 0x0000000085700000, 0x0000000085700000| Untracked 
|  88|0x0000000085800000, 0x0000000085900000, 0x0000000085900000|100%| O|  |TAMS 0x0000000085800000, 0x0000000085800000| Untracked 
|  89|0x0000000085900000, 0x0000000085900000, 0x0000000085a00000|  0%| F|  |TAMS 0x0000000085900000, 0x0000000085900000| Untracked 
|  90|0x0000000085a00000, 0x0000000085a00000, 0x0000000085b00000|  0%| F|  |TAMS 0x0000000085a00000, 0x0000000085a00000| Untracked 
|  91|0x0000000085b00000, 0x0000000085b00000, 0x0000000085c00000|  0%| F|  |TAMS 0x0000000085b00000, 0x0000000085b00000| Untracked 
|  92|0x0000000085c00000, 0x0000000085c00000, 0x0000000085d00000|  0%| F|  |TAMS 0x0000000085c00000, 0x0000000085c00000| Untracked 
|  93|0x0000000085d00000, 0x0000000085e00000, 0x0000000085e00000|100%| O|  |TAMS 0x0000000085e00000, 0x0000000085d00000| Untracked 
|  94|0x0000000085e00000, 0x0000000085e00000, 0x0000000085f00000|  0%| F|  |TAMS 0x0000000085e00000, 0x0000000085e00000| Untracked 
|  95|0x0000000085f00000, 0x0000000085f00000, 0x0000000086000000|  0%| F|  |TAMS 0x0000000085f00000, 0x0000000085f00000| Untracked 
|  96|0x0000000086000000, 0x0000000086000000, 0x0000000086100000|  0%| F|  |TAMS 0x0000000086000000, 0x0000000086000000| Untracked 
|  97|0x0000000086100000, 0x0000000086100000, 0x0000000086200000|  0%| F|  |TAMS 0x0000000086100000, 0x0000000086100000| Untracked 
|  98|0x0000000086200000, 0x0000000086200000, 0x0000000086300000|  0%| F|  |TAMS 0x0000000086200000, 0x0000000086200000| Untracked 
|  99|0x0000000086300000, 0x0000000086300000, 0x0000000086400000|  0%| F|  |TAMS 0x0000000086300000, 0x0000000086300000| Untracked 
| 100|0x0000000086400000, 0x0000000086400000, 0x0000000086500000|  0%| F|  |TAMS 0x0000000086400000, 0x0000000086400000| Untracked 
| 101|0x0000000086500000, 0x0000000086500000, 0x0000000086600000|  0%| F|  |TAMS 0x0000000086500000, 0x0000000086500000| Untracked 
| 102|0x0000000086600000, 0x0000000086600000, 0x0000000086700000|  0%| F|  |TAMS 0x0000000086600000, 0x0000000086600000| Untracked 
| 103|0x0000000086700000, 0x0000000086700000, 0x0000000086800000|  0%| F|  |TAMS 0x0000000086700000, 0x0000000086700000| Untracked 
| 104|0x0000000086800000, 0x0000000086800000, 0x0000000086900000|  0%| F|  |TAMS 0x0000000086800000, 0x0000000086800000| Untracked 
| 105|0x0000000086900000, 0x0000000086900000, 0x0000000086a00000|  0%| F|  |TAMS 0x0000000086900000, 0x0000000086900000| Untracked 
| 106|0x0000000086a00000, 0x0000000086a00000, 0x0000000086b00000|  0%| F|  |TAMS 0x0000000086a00000, 0x0000000086a00000| Untracked 
| 107|0x0000000086b00000, 0x0000000086b00000, 0x0000000086c00000|  0%| F|  |TAMS 0x0000000086b00000, 0x0000000086b00000| Untracked 
| 108|0x0000000086c00000, 0x0000000086c00000, 0x0000000086d00000|  0%| F|  |TAMS 0x0000000086c00000, 0x0000000086c00000| Untracked 
| 109|0x0000000086d00000, 0x0000000086d00000, 0x0000000086e00000|  0%| F|  |TAMS 0x0000000086d00000, 0x0000000086d00000| Untracked 
| 110|0x0000000086e00000, 0x0000000086e00000, 0x0000000086f00000|  0%| F|  |TAMS 0x0000000086e00000, 0x0000000086e00000| Untracked 
| 111|0x0000000086f00000, 0x0000000086f00000, 0x0000000087000000|  0%| F|  |TAMS 0x0000000086f00000, 0x0000000086f00000| Untracked 
| 112|0x0000000087000000, 0x0000000087000000, 0x0000000087100000|  0%| F|  |TAMS 0x0000000087000000, 0x0000000087000000| Untracked 
| 113|0x0000000087100000, 0x0000000087100000, 0x0000000087200000|  0%| F|  |TAMS 0x0000000087100000, 0x0000000087100000| Untracked 
| 114|0x0000000087200000, 0x0000000087200000, 0x0000000087300000|  0%| F|  |TAMS 0x0000000087200000, 0x0000000087200000| Untracked 
| 115|0x0000000087300000, 0x0000000087300000, 0x0000000087400000|  0%| F|  |TAMS 0x0000000087300000, 0x0000000087300000| Untracked 
| 116|0x0000000087400000, 0x0000000087400000, 0x0000000087500000|  0%| F|  |TAMS 0x0000000087400000, 0x0000000087400000| Untracked 
| 117|0x0000000087500000, 0x0000000087500000, 0x0000000087600000|  0%| F|  |TAMS 0x0000000087500000, 0x0000000087500000| Untracked 
| 118|0x0000000087600000, 0x0000000087600000, 0x0000000087700000|  0%| F|  |TAMS 0x0000000087600000, 0x0000000087600000| Untracked 
| 119|0x0000000087700000, 0x0000000087700000, 0x0000000087800000|  0%| F|  |TAMS 0x0000000087700000, 0x0000000087700000| Untracked 
| 120|0x0000000087800000, 0x0000000087800000, 0x0000000087900000|  0%| F|  |TAMS 0x0000000087800000, 0x0000000087800000| Untracked 
| 121|0x0000000087900000, 0x0000000087900000, 0x0000000087a00000|  0%| F|  |TAMS 0x0000000087900000, 0x0000000087900000| Untracked 
| 122|0x0000000087a00000, 0x0000000087a00000, 0x0000000087b00000|  0%| F|  |TAMS 0x0000000087a00000, 0x0000000087a00000| Untracked 
| 123|0x0000000087b00000, 0x0000000087b00000, 0x0000000087c00000|  0%| F|  |TAMS 0x0000000087b00000, 0x0000000087b00000| Untracked 
| 124|0x0000000087c00000, 0x0000000087c00000, 0x0000000087d00000|  0%| F|  |TAMS 0x0000000087c00000, 0x0000000087c00000| Untracked 
| 125|0x0000000087d00000, 0x0000000087d00000, 0x0000000087e00000|  0%| F|  |TAMS 0x0000000087d00000, 0x0000000087d00000| Untracked 
| 126|0x0000000087e00000, 0x0000000087e00000, 0x0000000087f00000|  0%| F|  |TAMS 0x0000000087e00000, 0x0000000087e00000| Untracked 
| 127|0x0000000087f00000, 0x0000000088000000, 0x0000000088000000|100%| S|CS|TAMS 0x0000000087f00000, 0x0000000087f00000| Complete 
| 128|0x0000000088000000, 0x0000000088100000, 0x0000000088100000|100%| S|CS|TAMS 0x0000000088000000, 0x0000000088000000| Complete 
| 129|0x0000000088100000, 0x0000000088100000, 0x0000000088200000|  0%| F|  |TAMS 0x0000000088100000, 0x0000000088100000| Untracked 
| 130|0x0000000088200000, 0x0000000088200000, 0x0000000088300000|  0%| F|  |TAMS 0x0000000088200000, 0x0000000088200000| Untracked 
| 131|0x0000000088300000, 0x0000000088300000, 0x0000000088400000|  0%| F|  |TAMS 0x0000000088300000, 0x0000000088300000| Untracked 
| 132|0x0000000088400000, 0x0000000088400000, 0x0000000088500000|  0%| F|  |TAMS 0x0000000088400000, 0x0000000088400000| Untracked 
| 133|0x0000000088500000, 0x0000000088500000, 0x0000000088600000|  0%| F|  |TAMS 0x0000000088500000, 0x0000000088500000| Untracked 
| 134|0x0000000088600000, 0x0000000088600000, 0x0000000088700000|  0%| F|  |TAMS 0x0000000088600000, 0x0000000088600000| Untracked 
| 135|0x0000000088700000, 0x0000000088700000, 0x0000000088800000|  0%| F|  |TAMS 0x0000000088700000, 0x0000000088700000| Untracked 
| 136|0x0000000088800000, 0x0000000088800000, 0x0000000088900000|  0%| F|  |TAMS 0x0000000088800000, 0x0000000088800000| Untracked 
| 137|0x0000000088900000, 0x0000000088900000, 0x0000000088a00000|  0%| F|  |TAMS 0x0000000088900000, 0x0000000088900000| Untracked 
| 138|0x0000000088a00000, 0x0000000088a00000, 0x0000000088b00000|  0%| F|  |TAMS 0x0000000088a00000, 0x0000000088a00000| Untracked 
| 139|0x0000000088b00000, 0x0000000088b00000, 0x0000000088c00000|  0%| F|  |TAMS 0x0000000088b00000, 0x0000000088b00000| Untracked 
| 140|0x0000000088c00000, 0x0000000088c00000, 0x0000000088d00000|  0%| F|  |TAMS 0x0000000088c00000, 0x0000000088c00000| Untracked 
| 141|0x0000000088d00000, 0x0000000088d00000, 0x0000000088e00000|  0%| F|  |TAMS 0x0000000088d00000, 0x0000000088d00000| Untracked 
| 142|0x0000000088e00000, 0x0000000088e00000, 0x0000000088f00000|  0%| F|  |TAMS 0x0000000088e00000, 0x0000000088e00000| Untracked 
| 143|0x0000000088f00000, 0x0000000088f00000, 0x0000000089000000|  0%| F|  |TAMS 0x0000000088f00000, 0x0000000088f00000| Untracked 
| 144|0x0000000089000000, 0x0000000089000000, 0x0000000089100000|  0%| F|  |TAMS 0x0000000089000000, 0x0000000089000000| Untracked 
| 145|0x0000000089100000, 0x0000000089100000, 0x0000000089200000|  0%| F|  |TAMS 0x0000000089100000, 0x0000000089100000| Untracked 
| 146|0x0000000089200000, 0x0000000089200000, 0x0000000089300000|  0%| F|  |TAMS 0x0000000089200000, 0x0000000089200000| Untracked 
| 147|0x0000000089300000, 0x0000000089300000, 0x0000000089400000|  0%| F|  |TAMS 0x0000000089300000, 0x0000000089300000| Untracked 
| 148|0x0000000089400000, 0x0000000089400000, 0x0000000089500000|  0%| F|  |TAMS 0x0000000089400000, 0x0000000089400000| Untracked 
| 149|0x0000000089500000, 0x0000000089500000, 0x0000000089600000|  0%| F|  |TAMS 0x0000000089500000, 0x0000000089500000| Untracked 
| 150|0x0000000089600000, 0x0000000089600000, 0x0000000089700000|  0%| F|  |TAMS 0x0000000089600000, 0x0000000089600000| Untracked 
| 151|0x0000000089700000, 0x0000000089700000, 0x0000000089800000|  0%| F|  |TAMS 0x0000000089700000, 0x0000000089700000| Untracked 
| 152|0x0000000089800000, 0x0000000089800000, 0x0000000089900000|  0%| F|  |TAMS 0x0000000089800000, 0x0000000089800000| Untracked 
| 153|0x0000000089900000, 0x0000000089900000, 0x0000000089a00000|  0%| F|  |TAMS 0x0000000089900000, 0x0000000089900000| Untracked 
| 154|0x0000000089a00000, 0x0000000089a00000, 0x0000000089b00000|  0%| F|  |TAMS 0x0000000089a00000, 0x0000000089a00000| Untracked 
| 155|0x0000000089b00000, 0x0000000089b00000, 0x0000000089c00000|  0%| F|  |TAMS 0x0000000089b00000, 0x0000000089b00000| Untracked 
| 156|0x0000000089c00000, 0x0000000089c00000, 0x0000000089d00000|  0%| F|  |TAMS 0x0000000089c00000, 0x0000000089c00000| Untracked 
| 157|0x0000000089d00000, 0x0000000089d00000, 0x0000000089e00000|  0%| F|  |TAMS 0x0000000089d00000, 0x0000000089d00000| Untracked 
| 158|0x0000000089e00000, 0x0000000089e00000, 0x0000000089f00000|  0%| F|  |TAMS 0x0000000089e00000, 0x0000000089e00000| Untracked 
| 159|0x0000000089f00000, 0x0000000089f00000, 0x000000008a000000|  0%| F|  |TAMS 0x0000000089f00000, 0x0000000089f00000| Untracked 
| 160|0x000000008a000000, 0x000000008a000000, 0x000000008a100000|  0%| F|  |TAMS 0x000000008a000000, 0x000000008a000000| Untracked 
| 161|0x000000008a100000, 0x000000008a100000, 0x000000008a200000|  0%| F|  |TAMS 0x000000008a100000, 0x000000008a100000| Untracked 
| 162|0x000000008a200000, 0x000000008a200000, 0x000000008a300000|  0%| F|  |TAMS 0x000000008a200000, 0x000000008a200000| Untracked 
| 163|0x000000008a300000, 0x000000008a300000, 0x000000008a400000|  0%| F|  |TAMS 0x000000008a300000, 0x000000008a300000| Untracked 
| 164|0x000000008a400000, 0x000000008a400000, 0x000000008a500000|  0%| F|  |TAMS 0x000000008a400000, 0x000000008a400000| Untracked 
| 165|0x000000008a500000, 0x000000008a500000, 0x000000008a600000|  0%| F|  |TAMS 0x000000008a500000, 0x000000008a500000| Untracked 
| 166|0x000000008a600000, 0x000000008a667a60, 0x000000008a700000| 40%| E|  |TAMS 0x000000008a600000, 0x000000008a600000| Complete 
| 167|0x000000008a700000, 0x000000008a800000, 0x000000008a800000|100%| E|CS|TAMS 0x000000008a700000, 0x000000008a700000| Complete 
| 168|0x000000008a800000, 0x000000008a900000, 0x000000008a900000|100%| E|CS|TAMS 0x000000008a800000, 0x000000008a800000| Complete 
| 169|0x000000008a900000, 0x000000008aa00000, 0x000000008aa00000|100%| E|CS|TAMS 0x000000008a900000, 0x000000008a900000| Complete 
| 170|0x000000008aa00000, 0x000000008ab00000, 0x000000008ab00000|100%| E|CS|TAMS 0x000000008aa00000, 0x000000008aa00000| Complete 
| 171|0x000000008ab00000, 0x000000008ac00000, 0x000000008ac00000|100%| E|CS|TAMS 0x000000008ab00000, 0x000000008ab00000| Complete 
| 172|0x000000008ac00000, 0x000000008ad00000, 0x000000008ad00000|100%| E|CS|TAMS 0x000000008ac00000, 0x000000008ac00000| Complete 
| 173|0x000000008ad00000, 0x000000008ae00000, 0x000000008ae00000|100%| E|CS|TAMS 0x000000008ad00000, 0x000000008ad00000| Complete 
| 174|0x000000008ae00000, 0x000000008af00000, 0x000000008af00000|100%| E|CS|TAMS 0x000000008ae00000, 0x000000008ae00000| Complete 
| 175|0x000000008af00000, 0x000000008b000000, 0x000000008b000000|100%| E|CS|TAMS 0x000000008af00000, 0x000000008af00000| Complete 
| 176|0x000000008b000000, 0x000000008b100000, 0x000000008b100000|100%| E|CS|TAMS 0x000000008b000000, 0x000000008b000000| Complete 
| 177|0x000000008b100000, 0x000000008b200000, 0x000000008b200000|100%| E|CS|TAMS 0x000000008b100000, 0x000000008b100000| Complete 
| 178|0x000000008b200000, 0x000000008b300000, 0x000000008b300000|100%| E|CS|TAMS 0x000000008b200000, 0x000000008b200000| Complete 
| 179|0x000000008b300000, 0x000000008b400000, 0x000000008b400000|100%| E|CS|TAMS 0x000000008b300000, 0x000000008b300000| Complete 
| 180|0x000000008b400000, 0x000000008b500000, 0x000000008b500000|100%| E|CS|TAMS 0x000000008b400000, 0x000000008b400000| Complete 
| 181|0x000000008b500000, 0x000000008b600000, 0x000000008b600000|100%| E|CS|TAMS 0x000000008b500000, 0x000000008b500000| Complete 
| 182|0x000000008b600000, 0x000000008b700000, 0x000000008b700000|100%| E|CS|TAMS 0x000000008b600000, 0x000000008b600000| Complete 
| 183|0x000000008b700000, 0x000000008b800000, 0x000000008b800000|100%| E|CS|TAMS 0x000000008b700000, 0x000000008b700000| Complete 
| 184|0x000000008b800000, 0x000000008b900000, 0x000000008b900000|100%| E|CS|TAMS 0x000000008b800000, 0x000000008b800000| Complete 
| 185|0x000000008b900000, 0x000000008ba00000, 0x000000008ba00000|100%| E|CS|TAMS 0x000000008b900000, 0x000000008b900000| Complete 
| 186|0x000000008ba00000, 0x000000008bb00000, 0x000000008bb00000|100%| E|CS|TAMS 0x000000008ba00000, 0x000000008ba00000| Complete 
| 187|0x000000008bb00000, 0x000000008bc00000, 0x000000008bc00000|100%| E|CS|TAMS 0x000000008bb00000, 0x000000008bb00000| Complete 
| 188|0x000000008bc00000, 0x000000008bd00000, 0x000000008bd00000|100%| E|CS|TAMS 0x000000008bc00000, 0x000000008bc00000| Complete 
| 189|0x000000008bd00000, 0x000000008be00000, 0x000000008be00000|100%| E|  |TAMS 0x000000008bd00000, 0x000000008bd00000| Complete 
| 190|0x000000008be00000, 0x000000008bf00000, 0x000000008bf00000|100%| E|CS|TAMS 0x000000008be00000, 0x000000008be00000| Complete 
| 191|0x000000008bf00000, 0x000000008c000000, 0x000000008c000000|100%| E|CS|TAMS 0x000000008bf00000, 0x000000008bf00000| Complete 
| 192|0x000000008c000000, 0x000000008c100000, 0x000000008c100000|100%| E|CS|TAMS 0x000000008c000000, 0x000000008c000000| Complete 
| 193|0x000000008c100000, 0x000000008c200000, 0x000000008c200000|100%| E|CS|TAMS 0x000000008c100000, 0x000000008c100000| Complete 
| 194|0x000000008c200000, 0x000000008c300000, 0x000000008c300000|100%| E|CS|TAMS 0x000000008c200000, 0x000000008c200000| Complete 
| 195|0x000000008c300000, 0x000000008c400000, 0x000000008c400000|100%| E|CS|TAMS 0x000000008c300000, 0x000000008c300000| Complete 
| 196|0x000000008c400000, 0x000000008c500000, 0x000000008c500000|100%| E|CS|TAMS 0x000000008c400000, 0x000000008c400000| Complete 
| 197|0x000000008c500000, 0x000000008c600000, 0x000000008c600000|100%| E|CS|TAMS 0x000000008c500000, 0x000000008c500000| Complete 
| 198|0x000000008c600000, 0x000000008c700000, 0x000000008c700000|100%| E|CS|TAMS 0x000000008c600000, 0x000000008c600000| Complete 
| 199|0x000000008c700000, 0x000000008c800000, 0x000000008c800000|100%| E|CS|TAMS 0x000000008c700000, 0x000000008c700000| Complete 
| 200|0x000000008c800000, 0x000000008c900000, 0x000000008c900000|100%| E|CS|TAMS 0x000000008c800000, 0x000000008c800000| Complete 
| 201|0x000000008c900000, 0x000000008ca00000, 0x000000008ca00000|100%| E|CS|TAMS 0x000000008c900000, 0x000000008c900000| Complete 

Card table byte_map: [0x0000023d2a640000,0x0000023d2aa40000] _byte_map_base: 0x0000023d2a240000

Marking Bits (Prev, Next): (CMBitMap*) 0x0000023d15bace20, (CMBitMap*) 0x0000023d15bacde8
 Prev Bits: [0x0000023d2ce40000, 0x0000023d2ee40000)
 Next Bits: [0x0000023d2ae40000, 0x0000023d2ce40000)

Polling page: 0x0000023d1ae10000

Metaspace:

Usage:
  Non-class:     80.44 MB capacity,    79.07 MB ( 98%) used,     1.12 MB (  1%) free+waste,   250.31 KB ( <1%) overhead. 
      Class:     12.12 MB capacity,    11.33 MB ( 94%) used,   692.71 KB (  6%) free+waste,   110.19 KB ( <1%) overhead. 
       Both:     92.55 MB capacity,    90.40 MB ( 98%) used,     1.80 MB (  2%) free+waste,   360.50 KB ( <1%) overhead. 

Virtual space:
  Non-class space:       82.00 MB reserved,      80.50 MB ( 98%) committed 
      Class space:        1.00 GB reserved,      12.13 MB (  1%) committed 
             Both:        1.08 GB reserved,      92.63 MB (  8%) committed 

Chunk freelists:
   Non-Class:  1.00 KB
       Class:  8.00 KB
        Both:  9.00 KB

MaxMetaspaceSize: 17179869184.00 GB
CompressedClassSpaceSize: 1.00 GB

CodeHeap 'non-profiled nmethods': size=120064Kb used=8098Kb max_used=8098Kb free=111965Kb
 bounds [0x0000023d228f0000, 0x0000023d230e0000, 0x0000023d29e30000]
CodeHeap 'profiled nmethods': size=120000Kb used=28156Kb max_used=28156Kb free=91843Kb
 bounds [0x0000023d1b3c0000, 0x0000023d1cf40000, 0x0000023d228f0000]
CodeHeap 'non-nmethods': size=5696Kb used=2287Kb max_used=2322Kb free=3408Kb
 bounds [0x0000023d1ae30000, 0x0000023d1b0a0000, 0x0000023d1b3c0000]
 total_blobs=13278 nmethods=12375 adapters=815
 compilation: enabled
              stopped_count=0, restarted_count=0
 full_count=0

Compilation events (20 events):
Event: 290.909 Thread 0x0000023d3128b000 12469  s    3       sun.management.MemoryImpl::getMemoryPools (16 bytes)
Event: 290.909 Thread 0x0000023d3128b000 nmethod 12469 0x0000023d1cf37210 code [0x0000023d1cf373e0, 0x0000023d1cf37728]
Event: 291.897 Thread 0x0000023d3128b000 12470       3       java.lang.management.ManagementFactory::getMemoryPoolMXBeans (6 bytes)
Event: 291.897 Thread 0x0000023d3128b000 nmethod 12470 0x0000023d1cf37810 code [0x0000023d1cf379c0, 0x0000023d1cf37ac8]
Event: 291.898 Thread 0x0000023d3128b000 12472   !   3       org.gradle.launcher.daemon.server.health.gc.DefaultSlidingWindow::slideAndInsert (50 bytes)
Event: 291.902 Thread 0x0000023d3128b000 nmethod 12472 0x0000023d1cf37b90 code [0x0000023d1cf37ea0, 0x0000023d1cf38dd8]
Event: 291.902 Thread 0x0000023d3128b000 12471       3       org.gradle.launcher.daemon.server.health.gc.GarbageCollectionEvent::<init> (21 bytes)
Event: 291.902 Thread 0x0000023d3128b000 nmethod 12471 0x0000023d1cf39590 code [0x0000023d1cf39740, 0x0000023d1cf398f8]
Event: 292.898 Thread 0x0000023d3128b000 12473       3       org.gradle.launcher.daemon.server.health.gc.GarbageCollectionCheck::run (198 bytes)
Event: 292.902 Thread 0x0000023d3128b000 nmethod 12473 0x0000023d1cf39a10 code [0x0000023d1cf39e20, 0x0000023d1cf3b978]
Event: 296.587 Thread 0x0000023d3128b000 12475       3       org.gradle.internal.serialize.InputStreamBackedDecoder::readBoolean (8 bytes)
Event: 296.588 Thread 0x0000023d3128b000 nmethod 12475 0x0000023d1cf3c490 code [0x0000023d1cf3c680, 0x0000023d1cf3c9f8]
Event: 296.588 Thread 0x0000023d3128b000 12476       3       java.io.DataInputStream::readBoolean (30 bytes)
Event: 296.589 Thread 0x0000023d3128b000 nmethod 12476 0x0000023d1cf3cb90 code [0x0000023d1cf3cd60, 0x0000023d1cf3d058]
Event: 312.824 Thread 0x0000023d3128b000 12477       3       org.gradle.internal.file.DefaultFileHierarchySet$Node::isChildOfOrThis (110 bytes)
Event: 312.827 Thread 0x0000023d3128b000 nmethod 12477 0x0000023d1cf3d190 code [0x0000023d1cf3d4c0, 0x0000023d1cf3ea38]
Event: 313.991 Thread 0x0000023d31288000 12478       4       java.lang.Integer::hashCode (2 bytes)
Event: 313.992 Thread 0x0000023d31288000 nmethod 12478 0x0000023d230d8310 code [0x0000023d230d84a0, 0x0000023d230d84d8]
Event: 313.992 Thread 0x0000023d31288000 12479       4       java.lang.Character::digit (6 bytes)
Event: 313.994 Thread 0x0000023d31288000 nmethod 12479 0x0000023d230d8590 code [0x0000023d230d8740, 0x0000023d230d8858]

GC Heap History (20 events):
Event: 197.708 GC heap before
{Heap before GC invocations=103 (full 0):
 garbage-first heap   total 143360K, used 103748K [0x0000000080000000, 0x0000000100000000)
  region size 1024K, 15 young (15360K), 2 survivors (2048K)
 Metaspace       used 86788K, capacity 88844K, committed 89088K, reserved 1126400K
  class space    used 10963K, capacity 11707K, committed 11776K, reserved 1048576K
}
Event: 197.722 GC heap after
{Heap after GC invocations=104 (full 0):
 garbage-first heap   total 143360K, used 92839K [0x0000000080000000, 0x0000000100000000)
  region size 1024K, 2 young (2048K), 2 survivors (2048K)
 Metaspace       used 86788K, capacity 88844K, committed 89088K, reserved 1126400K
  class space    used 10963K, capacity 11707K, committed 11776K, reserved 1048576K
}
Event: 197.901 GC heap before
{Heap before GC invocations=104 (full 0):
 garbage-first heap   total 143360K, used 96935K [0x0000000080000000, 0x0000000100000000)
  region size 1024K, 7 young (7168K), 2 survivors (2048K)
 Metaspace       used 86969K, capacity 89016K, committed 89088K, reserved 1126400K
  class space    used 10974K, capacity 11741K, committed 11776K, reserved 1048576K
}
Event: 197.915 GC heap after
{Heap after GC invocations=105 (full 0):
 garbage-first heap   total 143360K, used 86009K [0x0000000080000000, 0x0000000100000000)
  region size 1024K, 1 young (1024K), 1 survivors (1024K)
 Metaspace       used 86969K, capacity 89016K, committed 89088K, reserved 1126400K
  class space    used 10974K, capacity 11741K, committed 11776K, reserved 1048576K
}
Event: 198.623 GC heap before
{Heap before GC invocations=105 (full 0):
 garbage-first heap   total 143360K, used 104441K [0x0000000080000000, 0x0000000100000000)
  region size 1024K, 20 young (20480K), 1 survivors (1024K)
 Metaspace       used 87589K, capacity 89653K, committed 89984K, reserved 1128448K
  class space    used 11032K, capacity 11782K, committed 11904K, reserved 1048576K
}
Event: 198.639 GC heap after
{Heap after GC invocations=106 (full 0):
 garbage-first heap   total 143360K, used 89396K [0x0000000080000000, 0x0000000100000000)
  region size 1024K, 3 young (3072K), 3 survivors (3072K)
 Metaspace       used 87589K, capacity 89653K, committed 89984K, reserved 1128448K
  class space    used 11032K, capacity 11782K, committed 11904K, reserved 1048576K
}
Event: 200.079 GC heap before
{Heap before GC invocations=107 (full 0):
 garbage-first heap   total 143360K, used 110900K [0x0000000080000000, 0x0000000100000000)
  region size 1024K, 23 young (23552K), 3 survivors (3072K)
 Metaspace       used 87698K, capacity 89823K, committed 89984K, reserved 1128448K
  class space    used 11043K, capacity 11789K, committed 11904K, reserved 1048576K
}
Event: 200.098 GC heap after
{Heap after GC invocations=108 (full 0):
 garbage-first heap   total 172032K, used 91817K [0x0000000080000000, 0x0000000100000000)
  region size 1024K, 3 young (3072K), 3 survivors (3072K)
 Metaspace       used 87698K, capacity 89823K, committed 89984K, reserved 1128448K
  class space    used 11043K, capacity 11789K, committed 11904K, reserved 1048576K
}
Event: 200.582 GC heap before
{Heap before GC invocations=108 (full 0):
 garbage-first heap   total 172032K, used 95913K [0x0000000080000000, 0x0000000100000000)
  region size 1024K, 8 young (8192K), 3 survivors (3072K)
 Metaspace       used 87751K, capacity 89833K, committed 89984K, reserved 1128448K
  class space    used 11043K, capacity 11789K, committed 11904K, reserved 1048576K
}
Event: 200.592 GC heap after
{Heap after GC invocations=109 (full 0):
 garbage-first heap   total 172032K, used 90533K [0x0000000080000000, 0x0000000100000000)
  region size 1024K, 1 young (1024K), 1 survivors (1024K)
 Metaspace       used 87751K, capacity 89833K, committed 89984K, reserved 1128448K
  class space    used 11043K, capacity 11789K, committed 11904K, reserved 1048576K
}
Event: 203.535 GC heap before
{Heap before GC invocations=109 (full 0):
 garbage-first heap   total 172032K, used 119205K [0x0000000080000000, 0x0000000100000000)
  region size 1024K, 30 young (30720K), 1 survivors (1024K)
 Metaspace       used 88300K, capacity 90377K, committed 90496K, reserved 1128448K
  class space    used 11088K, capacity 11842K, committed 11904K, reserved 1048576K
}
Event: 203.547 GC heap after
{Heap after GC invocations=110 (full 0):
 garbage-first heap   total 172032K, used 92294K [0x0000000080000000, 0x0000000100000000)
  region size 1024K, 3 young (3072K), 3 survivors (3072K)
 Metaspace       used 88300K, capacity 90377K, committed 90496K, reserved 1128448K
  class space    used 11088K, capacity 11842K, committed 11904K, reserved 1048576K
}
Event: 205.249 GC heap before
{Heap before GC invocations=111 (full 0):
 garbage-first heap   total 172032K, used 121990K [0x0000000080000000, 0x0000000100000000)
  region size 1024K, 33 young (33792K), 3 survivors (3072K)
 Metaspace       used 89492K, capacity 91633K, committed 91904K, reserved 1128448K
  class space    used 11252K, capacity 12002K, committed 12032K, reserved 1048576K
}
Event: 205.267 GC heap after
{Heap after GC invocations=112 (full 0):
 garbage-first heap   total 172032K, used 92698K [0x0000000080000000, 0x0000000100000000)
  region size 1024K, 4 young (4096K), 4 survivors (4096K)
 Metaspace       used 89492K, capacity 91633K, committed 91904K, reserved 1128448K
  class space    used 11252K, capacity 12002K, committed 12032K, reserved 1048576K
}
Event: 205.342 GC heap before
{Heap before GC invocations=112 (full 0):
 garbage-first heap   total 172032K, used 96794K [0x0000000080000000, 0x0000000100000000)
  region size 1024K, 8 young (8192K), 4 survivors (4096K)
 Metaspace       used 89780K, capacity 91857K, committed 92032K, reserved 1128448K
  class space    used 11292K, capacity 12034K, committed 12160K, reserved 1048576K
}
Event: 205.360 GC heap after
{Heap after GC invocations=113 (full 0):
 garbage-first heap   total 172032K, used 88564K [0x0000000080000000, 0x0000000100000000)
  region size 1024K, 1 young (1024K), 1 survivors (1024K)
 Metaspace       used 89780K, capacity 91857K, committed 92032K, reserved 1128448K
  class space    used 11292K, capacity 12034K, committed 12160K, reserved 1048576K
}
Event: 206.718 GC heap before
{Heap before GC invocations=113 (full 0):
 garbage-first heap   total 172032K, used 123380K [0x0000000080000000, 0x0000000100000000)
  region size 1024K, 36 young (36864K), 1 survivors (1024K)
 Metaspace       used 91661K, capacity 93816K, committed 93952K, reserved 1130496K
  class space    used 11498K, capacity 12258K, committed 12288K, reserved 1048576K
}
Event: 206.733 GC heap after
{Heap after GC invocations=114 (full 0):
 garbage-first heap   total 172032K, used 90847K [0x0000000080000000, 0x0000000100000000)
  region size 1024K, 3 young (3072K), 3 survivors (3072K)
 Metaspace       used 91661K, capacity 93816K, committed 93952K, reserved 1130496K
  class space    used 11498K, capacity 12258K, committed 12288K, reserved 1048576K
}
Event: 215.179 GC heap before
{Heap before GC invocations=114 (full 0):
 garbage-first heap   total 172032K, used 126687K [0x0000000080000000, 0x0000000100000000)
  region size 1024K, 39 young (39936K), 3 survivors (3072K)
 Metaspace       used 92034K, capacity 94206K, committed 94336K, reserved 1130496K
  class space    used 11540K, capacity 12322K, committed 12416K, reserved 1048576K
}
Event: 215.202 GC heap after
{Heap after GC invocations=115 (full 0):
 garbage-first heap   total 206848K, used 92930K [0x0000000080000000, 0x0000000100000000)
  region size 1024K, 2 young (2048K), 2 survivors (2048K)
 Metaspace       used 92034K, capacity 94206K, committed 94336K, reserved 1130496K
  class space    used 11540K, capacity 12322K, committed 12416K, reserved 1048576K
}

Deoptimization events (20 events):
Event: 218.503 Thread 0x0000023d332a9800 DEOPT PACKING pc=0x0000023d23094014 sp=0x000000e876cf9190
Event: 218.504 Thread 0x0000023d332a9800 DEOPT UNPACKING pc=0x0000023d1ae56ca9 sp=0x000000e876cf9150 mode 2
Event: 218.620 Thread 0x0000023d332a9800 Uncommon trap: trap_request=0xffffffde fr.pc=0x0000023d23094014 relative=0x0000000000000554
Event: 218.620 Thread 0x0000023d332a9800 Uncommon trap: reason=class_check action=maybe_recompile pc=0x0000023d23094014 method=org.gradle.internal.snapshot.LargeChildMap.withNode(Lorg/gradle/internal/snapshot/VfsRelativePath;Lorg/gradle/internal/snapshot/CaseSensitivity;Lorg/gradle/internal/snap
Event: 218.620 Thread 0x0000023d332a9800 DEOPT PACKING pc=0x0000023d23094014 sp=0x000000e876cf9190
Event: 218.620 Thread 0x0000023d332a9800 DEOPT UNPACKING pc=0x0000023d1ae56ca9 sp=0x000000e876cf9150 mode 2
Event: 218.620 Thread 0x0000023d332a9800 Uncommon trap: trap_request=0xffffffde fr.pc=0x0000023d23094014 relative=0x0000000000000554
Event: 218.620 Thread 0x0000023d332a9800 Uncommon trap: reason=class_check action=maybe_recompile pc=0x0000023d23094014 method=org.gradle.internal.snapshot.LargeChildMap.withNode(Lorg/gradle/internal/snapshot/VfsRelativePath;Lorg/gradle/internal/snapshot/CaseSensitivity;Lorg/gradle/internal/snap
Event: 218.620 Thread 0x0000023d332a9800 DEOPT PACKING pc=0x0000023d23094014 sp=0x000000e876cf9190
Event: 218.620 Thread 0x0000023d332a9800 DEOPT UNPACKING pc=0x0000023d1ae56ca9 sp=0x000000e876cf9150 mode 2
Event: 218.682 Thread 0x0000023d332a9800 Uncommon trap: trap_request=0xffffffde fr.pc=0x0000023d2302a534 relative=0x0000000000002a14
Event: 218.682 Thread 0x0000023d332a9800 Uncommon trap: reason=class_check action=maybe_recompile pc=0x0000023d2302a534 method=org.gradle.internal.snapshot.AbstractIncompleteFileSystemNode$2.handleAsDescendantOfChild(Lorg/gradle/internal/snapshot/VfsRelativePath;Ljava/lang/Object;)Ljava/lang/Obj
Event: 218.682 Thread 0x0000023d332a9800 DEOPT PACKING pc=0x0000023d2302a534 sp=0x000000e876cf7c80
Event: 218.682 Thread 0x0000023d332a9800 DEOPT UNPACKING pc=0x0000023d1ae56ca9 sp=0x000000e876cf7ad8 mode 2
Event: 218.919 Thread 0x0000023d34741000 DEOPT PACKING pc=0x0000023d1c6d9f1d sp=0x000000e8778fe7c0
Event: 218.919 Thread 0x0000023d34741000 DEOPT UNPACKING pc=0x0000023d1ae56abf sp=0x000000e8778fdc88 mode 0
Event: 220.118 Thread 0x0000023d332a9800 Uncommon trap: trap_request=0xffffffde fr.pc=0x0000023d23094014 relative=0x0000000000000554
Event: 220.118 Thread 0x0000023d332a9800 Uncommon trap: reason=class_check action=maybe_recompile pc=0x0000023d23094014 method=org.gradle.internal.snapshot.LargeChildMap.withNode(Lorg/gradle/internal/snapshot/VfsRelativePath;Lorg/gradle/internal/snapshot/CaseSensitivity;Lorg/gradle/internal/snap
Event: 220.118 Thread 0x0000023d332a9800 DEOPT PACKING pc=0x0000023d23094014 sp=0x000000e876cf9190
Event: 220.118 Thread 0x0000023d332a9800 DEOPT UNPACKING pc=0x0000023d1ae56ca9 sp=0x000000e876cf9150 mode 2

Classes redefined (0 events):
No events

Internal exceptions (20 events):
Event: 195.485 Thread 0x0000023d34745000 Implicit null exception at 0x0000023d22c1dde6 to 0x0000023d22c1e928
Event: 195.485 Thread 0x0000023d34745000 Implicit null exception at 0x0000023d22c1dde6 to 0x0000023d22c1e928
Event: 195.486 Thread 0x0000023d34745000 Implicit null exception at 0x0000023d22c1dde6 to 0x0000023d22c1e928
Event: 198.602 Thread 0x0000023d332a9800 Exception <a 'java/lang/NoSuchMethodError'{0x000000008795a280}: 'void java.lang.invoke.DirectMethodHandle$Holder.invokeStatic(java.lang.Object, java.lang.Object, java.lang.Object, java.lang.Object, java.lang.Object, java.lang.Object, java.lang.Object)'> (0x000000008795a280) thrown at [./src/hotspot/share/interpreter/linkResolver.cpp, line 773]
Event: 203.315 Thread 0x0000023d34748800 Exception <a 'java/lang/NoSuchMethodError'{0x0000000088d3a6c0}: <clinit>> (0x0000000088d3a6c0) thrown at [./src/hotspot/share/prims/jni.cpp, line 1362]
Event: 203.315 Thread 0x0000023d34748800 Exception <a 'java/lang/NoSuchMethodError'{0x0000000088d3b9e0}: <clinit>> (0x0000000088d3b9e0) thrown at [./src/hotspot/share/prims/jni.cpp, line 1362]
Event: 203.315 Thread 0x0000023d34748800 Exception <a 'java/lang/NoSuchMethodError'{0x0000000088d3e130}: <clinit>> (0x0000000088d3e130) thrown at [./src/hotspot/share/prims/jni.cpp, line 1362]
Event: 203.320 Thread 0x0000023d34748800 Exception <a 'java/lang/NoSuchMethodError'{0x0000000088d57790}: <clinit>> (0x0000000088d57790) thrown at [./src/hotspot/share/prims/jni.cpp, line 1362]
Event: 203.324 Thread 0x0000023d34748800 Exception <a 'java/lang/NoSuchMethodError'{0x0000000088d58c70}: <clinit>> (0x0000000088d58c70) thrown at [./src/hotspot/share/prims/jni.cpp, line 1362]
Event: 203.496 Thread 0x0000023d34748800 Exception <a 'java/lang/NoSuchMethodError'{0x0000000088ba3730}: <clinit>> (0x0000000088ba3730) thrown at [./src/hotspot/share/prims/jni.cpp, line 1362]
Event: 203.501 Thread 0x0000023d34748800 Exception <a 'java/lang/NoSuchMethodError'{0x0000000088bdc920}: <clinit>> (0x0000000088bdc920) thrown at [./src/hotspot/share/prims/jni.cpp, line 1362]
Event: 203.503 Thread 0x0000023d34748800 Exception <a 'java/lang/NoSuchMethodError'{0x0000000088bef6b8}: <clinit>> (0x0000000088bef6b8) thrown at [./src/hotspot/share/prims/jni.cpp, line 1362]
Event: 207.985 Thread 0x0000023d332a9800 Implicit null exception at 0x0000023d2307ee7e to 0x0000023d2307f668
Event: 208.507 Thread 0x0000023d332a9800 Implicit null exception at 0x0000023d2308f552 to 0x0000023d2308f958
Event: 244.596 Thread 0x0000023d34746000 Exception <a 'java/lang/NoSuchMethodError'{0x000000008ab16e30}: 'void java.lang.invoke.DirectMethodHandle$Holder.invokeStatic(java.lang.Object, long)'> (0x000000008ab16e30) thrown at [./src/hotspot/share/interpreter/linkResolver.cpp, line 773]
Event: 244.598 Thread 0x0000023d34746000 Exception <a 'java/lang/NoSuchMethodError'{0x000000008ab1c048}: 'java.lang.Object java.lang.invoke.DirectMethodHandle$Holder.invokeStatic(java.lang.Object, long)'> (0x000000008ab1c048) thrown at [./src/hotspot/share/interpreter/linkResolver.cpp, line 773]
Event: 244.643 Thread 0x0000023d34746000 Exception <a 'java/lang/NoSuchMethodError'{0x000000008ab2a3b0}: 'java.lang.Object java.lang.invoke.DirectMethodHandle$Holder.invokeStaticInit(java.lang.Object, java.lang.Object, long, java.lang.Object)'> (0x000000008ab2a3b0) thrown at [./src/hotspot/share/interpreter/linkResolver.cpp, line 773]
Event: 244.645 Thread 0x0000023d34746000 Exception <a 'java/lang/NoSuchMethodError'{0x000000008ab30548}: 'java.lang.Object java.lang.invoke.DirectMethodHandle$Holder.invokeStatic(java.lang.Object, java.lang.Object, long)'> (0x000000008ab30548) thrown at [./src/hotspot/share/interpreter/linkResolver.cpp, line 773]
Event: 244.646 Thread 0x0000023d34746000 Exception <a 'java/lang/NoSuchMethodError'{0x000000008ab36ac0}: 'java.lang.Object java.lang.invoke.Invokers$Holder.linkToTargetMethod(java.lang.Object, long, java.lang.Object)'> (0x000000008ab36ac0) thrown at [./src/hotspot/share/interpreter/linkResolver.cpp, line 773]
Event: 251.231 Thread 0x0000023d34746000 Exception <a 'java/lang/NoSuchMethodError'{0x000000008a93b770}: 'int java.lang.invoke.DirectMethodHandle$Holder.invokeSpecialIFC(java.lang.Object, java.lang.Object, java.lang.Object)'> (0x000000008a93b770) thrown at [./src/hotspot/share/interpreter/linkResolver.cpp, line 773]

Events (20 events):
Event: 313.868 loading class com/google/common/collect/MapMaker$Dummy
Event: 313.868 loading class com/google/common/collect/MapMaker$Dummy done
Event: 313.905 loading class com/google/common/collect/MapMakerInternalMap$StrongKeyDummyValueEntry
Event: 313.905 loading class com/google/common/collect/MapMakerInternalMap$StrongKeyDummyValueEntry done
Event: 313.906 loading class com/google/common/collect/MapMakerInternalMap$StrongValueEntry
Event: 313.906 loading class com/google/common/collect/MapMakerInternalMap$StrongValueEntry done
Event: 313.908 loading class com/google/common/collect/MapMakerInternalMap$AbstractStrongKeyEntry
Event: 313.908 loading class com/google/common/collect/MapMakerInternalMap$AbstractStrongKeyEntry done
Event: 313.910 loading class com/google/common/collect/Tables
Event: 313.910 loading class com/google/common/collect/Tables done
Event: 313.936 loading class com/google/common/collect/RowSortedTable
Event: 313.936 loading class com/google/common/collect/RowSortedTable done
Event: 313.938 loading class com/google/common/collect/Table$Cell
Event: 313.938 loading class com/google/common/collect/Table$Cell done
Event: 313.956 loading class com/google/common/collect/Tables$1
Event: 313.956 loading class com/google/common/collect/Tables$1 done
Event: 313.990 loading class com/google/common/collect/Tables$ImmutableCell
Event: 313.990 loading class com/google/common/collect/Tables$ImmutableCell done
Event: 313.990 loading class com/google/common/collect/Tables$AbstractCell
Event: 313.990 loading class com/google/common/collect/Tables$AbstractCell done


Dynamic libraries:
0x00007ff7fb210000 - 0x00007ff7fb21a000 	C:\Program Files\Android\Android Studio\jre\bin\java.exe
0x00007ff933950000 - 0x00007ff933b45000 	C:\Windows\SYSTEM32\ntdll.dll
0x00007ff931fb0000 - 0x00007ff93206d000 	C:\Windows\System32\KERNEL32.DLL
0x00007ff931190000 - 0x00007ff931458000 	C:\Windows\System32\KERNELBASE.dll
0x00007ff931090000 - 0x00007ff931190000 	C:\Windows\System32\ucrtbase.dll
0x00007ff91bee0000 - 0x00007ff91bef9000 	C:\Program Files\Android\Android Studio\jre\bin\jli.dll
0x00007ff932f70000 - 0x00007ff933110000 	C:\Windows\System32\USER32.dll
0x00007ff91a790000 - 0x00007ff91a7a7000 	C:\Program Files\Android\Android Studio\jre\bin\VCRUNTIME140.dll
0x00007ff931580000 - 0x00007ff9315a2000 	C:\Windows\System32\win32u.dll
0x00007ff932200000 - 0x00007ff93222a000 	C:\Windows\System32\GDI32.dll
0x00007ff931630000 - 0x00007ff93173b000 	C:\Windows\System32\gdi32full.dll
0x00007ff930750000 - 0x00007ff9309ea000 	C:\Windows\WinSxS\amd64_microsoft.windows.common-controls_6595b64144ccf1df_6.0.19041.844_none_ca00b6081b84eb1d\COMCTL32.dll
0x00007ff9314e0000 - 0x00007ff93157d000 	C:\Windows\System32\msvcp_win.dll
0x00007ff931bb0000 - 0x00007ff931c4e000 	C:\Windows\System32\msvcrt.dll
0x00007ff932d70000 - 0x00007ff932da0000 	C:\Windows\System32\IMM32.DLL
0x00007ff8fe540000 - 0x00007ff8fe5dd000 	C:\Program Files\Android\Android Studio\jre\bin\msvcp140.dll
0x00007ff8fbee0000 - 0x00007ff8fc9af000 	C:\Program Files\Android\Android Studio\jre\bin\server\jvm.dll
0x00007ff931a50000 - 0x00007ff931afc000 	C:\Windows\System32\ADVAPI32.dll
0x00007ff9319b0000 - 0x00007ff931a4b000 	C:\Windows\System32\sechost.dll
0x00007ff932a30000 - 0x00007ff932b5b000 	C:\Windows\System32\RPCRT4.dll
0x00007ff932ef0000 - 0x00007ff932ef8000 	C:\Windows\System32\PSAPI.DLL
0x00007ff92f740000 - 0x00007ff92f749000 	C:\Windows\SYSTEM32\WSOCK32.dll
0x00007ff932f00000 - 0x00007ff932f6b000 	C:\Windows\System32\WS2_32.dll
0x00007ff91a5c0000 - 0x00007ff91a5e7000 	C:\Windows\SYSTEM32\WINMM.dll
0x00007ff92f010000 - 0x00007ff92f01a000 	C:\Windows\SYSTEM32\VERSION.dll
0x00007ff92e1e0000 - 0x00007ff92e1f2000 	C:\Windows\SYSTEM32\kernel.appcore.dll
0x00007ff92f700000 - 0x00007ff92f711000 	C:\Program Files\Android\Android Studio\jre\bin\verify.dll
0x00007ff930b10000 - 0x00007ff930cf4000 	C:\Windows\SYSTEM32\DBGHELP.DLL
0x00007ff930a10000 - 0x00007ff930a3c000 	C:\Windows\SYSTEM32\dbgcore.DLL
0x00007ff931460000 - 0x00007ff9314e0000 	C:\Windows\System32\bcryptPrimitives.dll
0x00007ff92f6d0000 - 0x00007ff92f6f9000 	C:\Program Files\Android\Android Studio\jre\bin\java.dll
0x00007ff92f6c0000 - 0x00007ff92f6cb000 	C:\Program Files\Android\Android Studio\jre\bin\jimage.dll
0x00007ff92f6a0000 - 0x00007ff92f6b8000 	C:\Program Files\Android\Android Studio\jre\bin\zip.dll
0x00007ff9322d0000 - 0x00007ff932a12000 	C:\Windows\System32\SHELL32.dll
0x00007ff92e3e0000 - 0x00007ff92eb71000 	C:\Windows\SYSTEM32\windows.storage.dll
0x00007ff931c50000 - 0x00007ff931fa5000 	C:\Windows\System32\combase.dll
0x00007ff930410000 - 0x00007ff93043c000 	C:\Windows\SYSTEM32\Wldp.dll
0x00007ff931b00000 - 0x00007ff931bae000 	C:\Windows\System32\SHCORE.dll
0x00007ff932d10000 - 0x00007ff932d65000 	C:\Windows\System32\shlwapi.dll
0x00007ff930fd0000 - 0x00007ff930fef000 	C:\Windows\SYSTEM32\profapi.dll
0x00007ff92f680000 - 0x00007ff92f69a000 	C:\Program Files\Android\Android Studio\jre\bin\net.dll
0x00007ff928a10000 - 0x00007ff928b1b000 	C:\Windows\SYSTEM32\WINHTTP.dll
0x00007ff930260000 - 0x00007ff9302ca000 	C:\Windows\system32\mswsock.dll
0x00007ff92f660000 - 0x00007ff92f674000 	C:\Program Files\Android\Android Studio\jre\bin\nio.dll
0x00007ff92bf40000 - 0x00007ff92bf67000 	C:\Users\Prasanth\.gradle\native\8bec1ad78214c89d9ad589b4d07fe93259594b29d510b10fafb7a158f7737e5d\windows-amd64\native-platform.dll
0x00007ff91fce0000 - 0x00007ff91fe1d000 	C:\Users\Prasanth\.gradle\native\53dbd7edfb1c66fb8903c78663c9afc45aea4f116125fa6feffd364cf09443e8\windows-amd64\native-platform-file-events.dll
0x00007ff92f650000 - 0x00007ff92f65a000 	C:\Program Files\Android\Android Studio\jre\bin\management.dll
0x00007ff92f640000 - 0x00007ff92f64c000 	C:\Program Files\Android\Android Studio\jre\bin\management_ext.dll
0x00007ff930e20000 - 0x00007ff930e38000 	C:\Windows\SYSTEM32\CRYPTSP.dll
0x00007ff92fad0000 - 0x00007ff92fb04000 	C:\Windows\system32\rsaenh.dll
0x00007ff9315b0000 - 0x00007ff9315d7000 	C:\Windows\System32\bcrypt.dll
0x00007ff930f90000 - 0x00007ff930fbe000 	C:\Windows\SYSTEM32\USERENV.dll
0x00007ff9302d0000 - 0x00007ff9302dc000 	C:\Windows\SYSTEM32\CRYPTBASE.dll
0x00007ff92fe60000 - 0x00007ff92fe9b000 	C:\Windows\SYSTEM32\IPHLPAPI.DLL
0x00007ff9322c0000 - 0x00007ff9322c8000 	C:\Windows\System32\NSI.dll
0x00007ff929990000 - 0x00007ff9299a7000 	C:\Windows\SYSTEM32\dhcpcsvc6.DLL
0x00007ff929970000 - 0x00007ff92998d000 	C:\Windows\SYSTEM32\dhcpcsvc.DLL
0x00007ff92fea0000 - 0x00007ff92ff6c000 	C:\Windows\SYSTEM32\DNSAPI.dll

dbghelp: loaded successfully - version: 4.0.5 - missing functions: none
symbol engine: initialized successfully - sym options: 0x614 - pdb path: .;C:\Program Files\Android\Android Studio\jre\bin;C:\Windows\SYSTEM32;C:\Windows\WinSxS\amd64_microsoft.windows.common-controls_6595b64144ccf1df_6.0.19041.844_none_ca00b6081b84eb1d;C:\Program Files\Android\Android Studio\jre\bin\server;C:\Users\Prasanth\.gradle\native\8bec1ad78214c89d9ad589b4d07fe93259594b29d510b10fafb7a158f7737e5d\windows-amd64;C:\Users\Prasanth\.gradle\native\53dbd7edfb1c66fb8903c78663c9afc45aea4f116125fa6feffd364cf09443e8\windows-amd64

VM Arguments:
jvm_args: --add-opens=java.base/java.util=ALL-UNNAMED --add-opens=java.base/java.lang=ALL-UNNAMED --add-opens=java.base/java.lang.invoke=ALL-UNNAMED --add-opens=java.base/java.util=ALL-UNNAMED --add-opens=java.prefs/java.util.prefs=ALL-UNNAMED --add-opens=java.prefs/java.util.prefs=ALL-UNNAMED --add-opens=java.base/java.nio.charset=ALL-UNNAMED --add-opens=java.base/java.net=ALL-UNNAMED --add-opens=java.base/java.util.concurrent.atomic=ALL-UNNAMED -Xmx2048m -Dfile.encoding=windows-1252 -Duser.country=IN -Duser.language=en -Duser.variant 
java_command: org.gradle.launcher.daemon.bootstrap.GradleDaemon 7.0.2
java_class_path (initial): C:\Users\Prasanth\.gradle\wrapper\dists\gradle-7.0.2-bin\857tjihv64xamwrf0h14cai3r\gradle-7.0.2\lib\gradle-launcher-7.0.2.jar
Launcher Type: SUN_STANDARD

[Global flags]
     intx CICompilerCount                          = 2                                         {product} {ergonomic}
     uint ConcGCThreads                            = 1                                         {product} {ergonomic}
     uint G1ConcRefinementThreads                  = 2                                         {product} {ergonomic}
   size_t G1HeapRegionSize                         = 1048576                                   {product} {ergonomic}
    uintx GCDrainStackTargetSize                   = 64                                        {product} {ergonomic}
   size_t InitialHeapSize                          = 65011712                                  {product} {ergonomic}
   size_t MarkStackSize                            = 4194304                                   {product} {ergonomic}
   size_t MaxHeapSize                              = 2147483648                                {product} {command line}
   size_t MaxNewSize                               = 1287651328                                {product} {ergonomic}
   size_t MinHeapDeltaBytes                        = 1048576                                   {product} {ergonomic}
    uintx NonNMethodCodeHeapSize                   = 5825164                                {pd product} {ergonomic}
    uintx NonProfiledCodeHeapSize                  = 122916538                              {pd product} {ergonomic}
    uintx ProfiledCodeHeapSize                     = 122916538                              {pd product} {ergonomic}
    uintx ReservedCodeCacheSize                    = 251658240                              {pd product} {ergonomic}
     bool SegmentedCodeCache                       = true                                      {product} {ergonomic}
     bool UseCompressedClassPointers               = true                                 {lp64_product} {ergonomic}
     bool UseCompressedOops                        = true                                 {lp64_product} {ergonomic}
     bool UseG1GC                                  = true                                      {product} {ergonomic}
     bool UseLargePagesIndividualAllocation        = false                                  {pd product} {ergonomic}

Logging:
Log output configuration:
 #0: stdout all=warning uptime,level,tags
 #1: stderr all=off uptime,level,tags

Environment Variables:
PATH=C:\Windows\system32;C:\Windows;C:\Windows\System32\Wbem;C:\Windows\System32\WindowsPowerShell\v1.0\;C:\Windows\System32\OpenSSH\;C:\Users\Prasanth\AppData\Local\Microsoft\WindowsApps;
USERNAME=Prasanth
OS=Windows_NT
PROCESSOR_IDENTIFIER=Intel64 Family 6 Model 42 Stepping 7, GenuineIntel



---------------  S Y S T E M  ---------------

OS: Windows 10 , 64 bit Build 19041 (10.0.19041.928)
OS uptime: 0 days 10:13 hours

CPU:total 2 (initial active 2) (2 cores per cpu, 1 threads per core) family 6 model 42 stepping 7 microcode 0x2f, cmov, cx8, fxsr, mmx, sse, sse2, sse3, ssse3, sse4.1, sse4.2, popcnt, clmul, tsc, tscinvbit

Memory: 4k page, system-wide physical 3931M (335M free)
TotalPageFile size 7537M (AvailPageFile size 1581M)
current process WorkingSet (physical memory assigned to process): 317M, peak: 397M
current process commit charge ("private bytes"): 471M, peak: 471M

vm_info: OpenJDK 64-Bit Server VM (11.0.10+0-b96-7249189) for windows-amd64 JRE (11.0.10+0-b96-7249189), built on Mar 31 2021 21:44:00 by "builder" with MS VC++ 14.0 (VS2015)

END.
