#
# A fatal error has been detected by the Java Runtime Environment:
#
#  EXCEPTION_ACCESS_VIOLATION (0xc0000005) at pc=0x00007ffbdbe1c9e6, pid=6960, tid=3832
#
# JRE version: OpenJDK Runtime Environment (11.0.10) (build 11.0.10+0-b96-7249189)
# Java VM: OpenJDK 64-Bit Server VM (11.0.10+0-b96-7249189, mixed mode, tiered, compressed oops, g1 gc, windows-amd64)
# Problematic frame:
# V  [jvm.dll+0x18c9e6]
#
# No core dump will be written. Minidumps are not enabled by default on client versions of Windows
#
# If you would like to submit a bug report, please visit:
#   https://bugreport.java.com/bugreport/crash.jsp
#

---------------  S U M M A R Y ------------

Command Line: --add-opens=java.base/java.util=ALL-UNNAMED --add-opens=java.base/java.lang=ALL-UNNAMED --add-opens=java.base/java.lang.invoke=ALL-UNNAMED --add-opens=java.base/java.util=ALL-UNNAMED --add-opens=java.prefs/java.util.prefs=ALL-UNNAMED --add-opens=java.prefs/java.util.prefs=ALL-UNNAMED --add-opens=java.base/java.nio.charset=ALL-UNNAMED --add-opens=java.base/java.net=ALL-UNNAMED --add-opens=java.base/java.util.concurrent.atomic=ALL-UNNAMED -Xmx2048m -Dfile.encoding=windows-1252 -Duser.country=IN -Duser.language=en -Duser.variant org.gradle.launcher.daemon.bootstrap.GradleDaemon 7.0.2

Host: Intel(R) Pentium(R) CPU B950 @ 2.10GHz, 2 cores, 3G,  Windows 10 , 64 bit Build 19041 (10.0.19041.928)
Time: Wed Oct  6 09:09:59 2021 Pacific Daylight Time elapsed time: 15.503052 seconds (0d 0h 0m 15s)

---------------  T H R E A D  ---------------

Current thread (0x000002bebbdd2000):  GCTaskThread "GC Thread#0" [stack: 0x000000dd78500000,0x000000dd78600000] [id=3832]

Stack: [0x000000dd78500000,0x000000dd78600000],  sp=0x000000dd785ff128,  free space=1020k
Native frames: (J=compiled Java code, j=interpreted, Vv=VM code, C=native code)
V  [jvm.dll+0x18c9e6]


siginfo: EXCEPTION_ACCESS_VIOLATION (0xc0000005), reading address 0x0000000000000008


Register to memory mapping:

RIP=0x00007ffbdbe1c9e6 jvm.dll
RAX=0x0000000000000001 is an unknown value
RBX=0x00000000830a02c8 is pointing into object: java.lang.reflect.Method 
{0x00000000830a02a0} - klass: 'java/lang/reflect/Method'
RCX=0x0000000083619c68 is pointing into object: [Lorg.codehaus.groovy.util.ComplexKeyHashMap$Entry; 
{0x0000000083619c08} - klass: 'org/codehaus/groovy/util/ComplexKeyHashMap$Entry'[]
 - length: 32
RDX=0x0000000083619c68 is pointing into object: [Lorg.codehaus.groovy.util.ComplexKeyHashMap$Entry; 
{0x0000000083619c08} - klass: 'org/codehaus/groovy/util/ComplexKeyHashMap$Entry'[]
 - length: 32
RSP=0x000000dd785ff128 points into unknown readable memory: 0x00007ffbdbf8f61c | 1c f6 f8 db fb 7f 00 00
RBP=0x0 is NULL
RSI=0x000002bedadde6c0 points into unknown readable memory: 0x00007ffbdc4b30f8 | f8 30 4b dc fb 7f 00 00
RDI=0x000002bedadde6c0 points into unknown readable memory: 0x00007ffbdc4b30f8 | f8 30 4b dc fb 7f 00 00
R8 =0x0000000083619c68 is pointing into object: [Lorg.codehaus.groovy.util.ComplexKeyHashMap$Entry; 
{0x0000000083619c08} - klass: 'org/codehaus/groovy/util/ComplexKeyHashMap$Entry'[]
 - length: 32
R9 =0x0 is NULL
R10=0x0000000083619c68 is pointing into object: [Lorg.codehaus.groovy.util.ComplexKeyHashMap$Entry; 
{0x0000000083619c08} - klass: 'org/codehaus/groovy/util/ComplexKeyHashMap$Entry'[]
 - length: 32
R11=0x000002bedadde830 points into unknown readable memory: 0x00007ffbdc4b30b0 | b0 30 4b dc fb 7f 00 00
R12=0x0 is NULL
R13=0x0 is NULL
R14=0x000002bebbdd2fc0 points into unknown readable memory: 0x0000022a00000631 | 31 06 00 00 2a 02 00 00
R15=0x0000000083619c68 is pointing into object: [Lorg.codehaus.groovy.util.ComplexKeyHashMap$Entry; 
{0x0000000083619c08} - klass: 'org/codehaus/groovy/util/ComplexKeyHashMap$Entry'[]
 - length: 32


Registers:
RAX=0x0000000000000001, RBX=0x00000000830a02c8, RCX=0x0000000083619c68, RDX=0x0000000083619c68
RSP=0x000000dd785ff128, RBP=0x0000000000000000, RSI=0x000002bedadde6c0, RDI=0x000002bedadde6c0
R8 =0x0000000083619c68, R9 =0x0000000000000000, R10=0x0000000083619c68, R11=0x000002bedadde830
R12=0x0000000000000000, R13=0x0000000000000000, R14=0x000002bebbdd2fc0, R15=0x0000000083619c68
RIP=0x00007ffbdbe1c9e6, EFLAGS=0x0000000000010246

Top of Stack: (sp=0x000000dd785ff128)
0x000000dd785ff128:   00007ffbdbf8f61c 000000008309f401
0x000000dd785ff138:   0000000000000005 000002bedadde6c0
0x000000dd785ff148:   000002bebbdc5c80 000002bebbdd2000
0x000000dd785ff158:   0000000100000c10 0000000500000009
0x000000dd785ff168:   000000000000000d 0000000000000000
0x000000dd785ff178:   000002bedadde6c0 0000000000000040
0x000000dd785ff188:   000002bebbdd2fc0 0000000000000000
0x000000dd785ff198:   000002bedadde6c0 0000000000000020
0x000000dd785ff1a8:   00007ffbdbf61282 0000000000000011
0x000000dd785ff1b8:   000000dd785ff201 000000dd785ff2f0
0x000000dd785ff1c8:   00000000830a02c8 000002bebbdd2f40
0x000000dd785ff1d8:   00007ffbdbf8db7b 0000000000000631
0x000000dd785ff1e8:   000000000000000f 0000000083096960
0x000000dd785ff1f8:   00007ffbdbf64144 0000000000000011
0x000000dd785ff208:   000000008309ee75 0000000000000000
0x000000dd785ff218:   00007ffbdc2770ff 000000dd785ff2c0 

Instructions: (pc=0x00007ffbdbe1c9e6)
0x00007ffbdbe1c8e6:   82 00 48 d3 e0 48 03 05 1e 22 82 00 eb 04 48 8b
0x00007ffbdbe1c8f6:   43 08 81 78 08 00 00 00 c0 73 7d 48 8b 4f 38 48
0x00007ffbdbe1c906:   8b d3 48 8b 01 ff 50 20 84 c0 75 6c 38 05 80 ac
0x00007ffbdbe1c916:   86 00 74 15 8b 53 08 8b 0d f5 21 82 00 48 d3 e2
0x00007ffbdbe1c926:   48 03 15 e3 21 82 00 eb 04 48 8b 53 08 48 8b cb
0x00007ffbdbe1c936:   48 89 5c 24 20 e8 a0 00 00 00 80 7f 30 00 48 63
0x00007ffbdbe1c946:   c8 48 89 4c 24 28 0f 28 44 24 20 74 17 0f 11 86
0x00007ffbdbe1c956:   98 03 00 00 48 8b 5c 24 40 48 8b 74 24 48 48 83
0x00007ffbdbe1c966:   c4 30 5f c3 48 8b 07 48 8d 54 24 20 48 8b cf 66
0x00007ffbdbe1c976:   0f 7f 44 24 20 ff 50 38 48 8b 5c 24 40 48 8b 74
0x00007ffbdbe1c986:   24 48 48 83 c4 30 5f c3 cc cc 48 8b 49 38 48 8b
0x00007ffbdbe1c996:   01 48 ff 60 28 cc cc cc cc cc 80 3d f1 ab 86 00
0x00007ffbdbe1c9a6:   00 48 8b c1 74 1b 8b 51 08 8b 0d 63 21 82 00 48
0x00007ffbdbe1c9b6:   d3 e2 48 8b c8 48 03 15 4e 21 82 00 e9 19 00 00
0x00007ffbdbe1c9c6:   00 48 8b 51 08 48 8b c8 e9 0d 00 00 00 cc cc cc
0x00007ffbdbe1c9d6:   cc cc cc cc cc cc cc cc cc cc 4c 8b ca 48 8b d1
0x00007ffbdbe1c9e6:   45 8b 41 08 45 85 c0 7e 0e 41 f6 c0 01 75 59 41
0x00007ffbdbe1c9f6:   c1 f8 03 41 8b c0 c3 79 4f 80 3d 92 ab 86 00 00
0x00007ffbdbe1ca06:   b8 0c 00 00 00 b9 10 00 00 00 0f 45 c8 8b 05 ab
0x00007ffbdbe1ca16:   6c 80 00 ff c8 4c 63 c8 48 63 c1 41 8b c8 83 e1
0x00007ffbdbe1ca26:   3f 48 63 14 10 41 8b c0 48 c1 f8 10 0f b6 c0 48
0x00007ffbdbe1ca36:   d3 e2 49 8d 0c 11 49 f7 d1 48 03 c1 49 c1 e9 03
0x00007ffbdbe1ca46:   48 c1 e8 03 41 23 c1 c3 49 8b 01 49 8b c9 48 ff
0x00007ffbdbe1ca56:   a0 10 01 00 00 cc cc cc cc cc 48 83 ec 38 0f 10
0x00007ffbdbe1ca66:   02 48 8b 49 38 48 8d 54 24 20 0f 29 44 24 20 e8
0x00007ffbdbe1ca76:   56 f0 ff ff 48 83 c4 38 c3 cc 48 89 5c 24 08 55
0x00007ffbdbe1ca86:   56 57 41 54 41 55 41 56 41 57 48 8d 6c 24 e0 48
0x00007ffbdbe1ca96:   81 ec 20 01 00 00 48 8b 05 5d a5 83 00 48 33 c4
0x00007ffbdbe1caa6:   48 89 45 10 48 8b 05 df 15 86 00 45 33 ed 4c 8b
0x00007ffbdbe1cab6:   b5 80 00 00 00 4c 8b fa 48 8b bd 88 00 00 00 4d
0x00007ffbdbe1cac6:   8b c6 49 8b d6 49 8b f1 48 8b 48 38 48 8b 59 48
0x00007ffbdbe1cad6:   49 8b cf c7 45 c0 ff ff ff ff 44 89 6d d4 4c 89 


Stack slot to memory mapping:
stack at sp + 0 slots: 0x00007ffbdbf8f61c jvm.dll
stack at sp + 1 slots: 0x000000008309f401 is pointing into object: java.lang.reflect.Field 
{0x000000008309f400} - klass: 'java/lang/reflect/Field'
stack at sp + 2 slots: 0x0000000000000005 is an unknown value
stack at sp + 3 slots: 0x000002bedadde6c0 points into unknown readable memory: 0x00007ffbdc4b30f8 | f8 30 4b dc fb 7f 00 00
stack at sp + 4 slots: 0x000002bebbdc5c80 points into unknown readable memory: 0x00007ffbdc4ad180 | 80 d1 4a dc fb 7f 00 00
stack at sp + 5 slots: 0x000002bebbdd2000 points into unknown readable memory: 0x00007ffbdc52e700 | 00 e7 52 dc fb 7f 00 00
stack at sp + 6 slots: 0x0000000100000c10 is a pointer to class: 
stack at sp + 7 slots: 0x0000000500000009 is an unknown value


---------------  P R O C E S S  ---------------

Threads class SMR info:
_java_thread_list=0x000002bed9591050, length=35, elements={
0x000002bebbdb8000, 0x000002bed64b9000, 0x000002bed64bd000, 0x000002bed651e000,
0x000002bed651f000, 0x000002bed6521800, 0x000002bed6525800, 0x000002bed652c800,
0x000002bed6530000, 0x000002bed6799000, 0x000002bed865f800, 0x000002bed8124800,
0x000002bed7e19800, 0x000002bed7f6e000, 0x000002bed7e05800, 0x000002bed80ff800,
0x000002bed8100000, 0x000002bed7d74000, 0x000002bed80dc000, 0x000002bed6c59800,
0x000002bed6c56000, 0x000002bed6c58800, 0x000002bed6c57800, 0x000002bed6c5a000,
0x000002bed6c57000, 0x000002bed6c5b000, 0x000002bed6c55000, 0x000002bed6c5b800,
0x000002bed8cb7000, 0x000002bed8cb3000, 0x000002bed8cb2800, 0x000002bed8cb1800,
0x000002bed8cb6800, 0x000002bed8cb4000, 0x000002bed8cb9000
}

Java Threads: ( => current thread )
  0x000002bebbdb8000 JavaThread "main" [_thread_blocked, id=5848, stack(0x000000dd78400000,0x000000dd78500000)]
  0x000002bed64b9000 JavaThread "Reference Handler" daemon [_thread_blocked, id=2216, stack(0x000000dd78b00000,0x000000dd78c00000)]
  0x000002bed64bd000 JavaThread "Finalizer" daemon [_thread_blocked, id=5648, stack(0x000000dd78c00000,0x000000dd78d00000)]
  0x000002bed651e000 JavaThread "Signal Dispatcher" daemon [_thread_blocked, id=6156, stack(0x000000dd78d00000,0x000000dd78e00000)]
  0x000002bed651f000 JavaThread "Attach Listener" daemon [_thread_blocked, id=3344, stack(0x000000dd78e00000,0x000000dd78f00000)]
  0x000002bed6521800 JavaThread "Service Thread" daemon [_thread_blocked, id=3452, stack(0x000000dd78f00000,0x000000dd79000000)]
  0x000002bed6525800 JavaThread "C2 CompilerThread0" daemon [_thread_in_native, id=3648, stack(0x000000dd79000000,0x000000dd79100000)]
  0x000002bed652c800 JavaThread "C1 CompilerThread0" daemon [_thread_blocked, id=6224, stack(0x000000dd79100000,0x000000dd79200000)]
  0x000002bed6530000 JavaThread "Sweeper thread" daemon [_thread_blocked, id=4576, stack(0x000000dd79200000,0x000000dd79300000)]
  0x000002bed6799000 JavaThread "Common-Cleaner" daemon [_thread_blocked, id=3352, stack(0x000000dd79300000,0x000000dd79400000)]
  0x000002bed865f800 JavaThread "Daemon health stats" [_thread_blocked, id=2212, stack(0x000000dd79600000,0x000000dd79700000)]
  0x000002bed8124800 JavaThread "Incoming local TCP Connector on port 58062" [_thread_in_native, id=5988, stack(0x000000dd79700000,0x000000dd79800000)]
  0x000002bed7e19800 JavaThread "Daemon periodic checks" [_thread_blocked, id=7024, stack(0x000000dd79800000,0x000000dd79900000)]
  0x000002bed7f6e000 JavaThread "Daemon" [_thread_blocked, id=6676, stack(0x000000dd79900000,0x000000dd79a00000)]
  0x000002bed7e05800 JavaThread "Handler for socket connection from /127.0.0.1:58062 to /127.0.0.1:58063" [_thread_in_native, id=5696, stack(0x000000dd79a00000,0x000000dd79b00000)]
  0x000002bed80ff800 JavaThread "Cancel handler" [_thread_blocked, id=6612, stack(0x000000dd79b00000,0x000000dd79c00000)]
  0x000002bed8100000 JavaThread "Daemon worker" [_thread_blocked, id=1548, stack(0x000000dd79c00000,0x000000dd79d00000)]
  0x000002bed7d74000 JavaThread "Asynchronous log dispatcher for DefaultDaemonConnection: socket connection from /127.0.0.1:58062 to /127.0.0.1:58063" [_thread_blocked, id=2832, stack(0x000000dd79d00000,0x000000dd79e00000)]
  0x000002bed80dc000 JavaThread "Stdin handler" [_thread_blocked, id=5852, stack(0x000000dd79e00000,0x000000dd79f00000)]
  0x000002bed6c59800 JavaThread "Daemon client event forwarder" [_thread_blocked, id=6812, stack(0x000000dd79f00000,0x000000dd7a000000)]
  0x000002bed6c56000 JavaThread "Cache worker for file hash cache (C:\Users\Prasanth\.gradle\caches\7.0.2\fileHashes)" [_thread_blocked, id=1796, stack(0x000000dd7a000000,0x000000dd7a100000)]
  0x000002bed6c58800 JavaThread "File lock request listener" [_thread_in_native, id=5116, stack(0x000000dd7a100000,0x000000dd7a200000)]
  0x000002bed6c57800 JavaThread "Cache worker for journal cache (C:\Users\Prasanth\.gradle\caches\journal-1)" [_thread_blocked, id=2388, stack(0x000000dd7a200000,0x000000dd7a300000)]
  0x000002bed6c5a000 JavaThread "Cache worker for file hash cache (C:\Users\Prasanth\AndroidStudioProjects\Skyblue\.gradle\7.0.2\fileHashes)" [_thread_blocked, id=3896, stack(0x000000dd7a300000,0x000000dd7a400000)]
  0x000002bed6c57000 JavaThread "File watcher server" daemon [_thread_in_native, id=5152, stack(0x000000dd7a400000,0x000000dd7a500000)]
  0x000002bed6c5b000 JavaThread "File watcher consumer" daemon [_thread_blocked, id=612, stack(0x000000dd7a500000,0x000000dd7a600000)]
  0x000002bed6c55000 JavaThread "Cache worker for checksums cache (C:\Users\Prasanth\AndroidStudioProjects\Skyblue\.gradle\checksums)" [_thread_blocked, id=6540, stack(0x000000dd7a600000,0x000000dd7a700000)]
  0x000002bed6c5b800 JavaThread "Cache worker for cache directory md-supplier (C:\Users\Prasanth\.gradle\caches\7.0.2\md-supplier)" [_thread_blocked, id=5780, stack(0x000000dd7a700000,0x000000dd7a800000)]
  0x000002bed8cb7000 JavaThread "Cache worker for cache directory md-rule (C:\Users\Prasanth\.gradle\caches\7.0.2\md-rule)" [_thread_blocked, id=4336, stack(0x000000dd7a800000,0x000000dd7a900000)]
  0x000002bed8cb3000 JavaThread "Cache worker for execution history cache (C:\Users\Prasanth\.gradle\caches\7.0.2\executionHistory)" [_thread_blocked, id=6552, stack(0x000000dd7a900000,0x000000dd7aa00000)]
  0x000002bed8cb2800 JavaThread "jar transforms" [_thread_blocked, id=5368, stack(0x000000dd7aa00000,0x000000dd7ab00000)]
  0x000002bed8cb1800 JavaThread "jar transforms Thread 2" [_thread_blocked, id=4012, stack(0x000000dd7ab00000,0x000000dd7ac00000)]
  0x000002bed8cb6800 JavaThread "Cache worker for file content cache (C:\Users\Prasanth\.gradle\caches\7.0.2\fileContent)" [_thread_blocked, id=4976, stack(0x000000dd7ac00000,0x000000dd7ad00000)]
  0x000002bed8cb4000 JavaThread "Cache worker for dependencies-accessors (C:\Users\Prasanth\AndroidStudioProjects\Skyblue\.gradle\7.0.2\dependencies-accessors)" [_thread_blocked, id=6588, stack(0x000000dd7ad00000,0x000000dd7ae00000)]
  0x000002bed8cb9000 JavaThread "Cache worker for Build Output Cleanup Cache (C:\Users\Prasanth\AndroidStudioProjects\Skyblue\.gradle\buildOutputCleanup)" [_thread_blocked, id=6572, stack(0x000000dd7ae00000,0x000000dd7af00000)]

Other Threads:
  0x000002bed647e800 VMThread "VM Thread" [stack: 0x000000dd78a00000,0x000000dd78b00000] [id=5452]
  0x000002bed67d6000 WatcherThread [stack: 0x000000dd79400000,0x000000dd79500000] [id=116]
=>0x000002bebbdd2000 GCTaskThread "GC Thread#0" [stack: 0x000000dd78500000,0x000000dd78600000] [id=3832]
  0x000002bed68b8800 GCTaskThread "GC Thread#1" [stack: 0x000000dd79500000,0x000000dd79600000] [id=6792]
  0x000002bebbe04800 ConcurrentGCThread "G1 Main Marker" [stack: 0x000000dd78600000,0x000000dd78700000] [id=5352]
  0x000002bebbe06000 ConcurrentGCThread "G1 Conc#0" [stack: 0x000000dd78700000,0x000000dd78800000] [id=6576]
  0x000002bebbe56000 ConcurrentGCThread "G1 Refine#0" [stack: 0x000000dd78800000,0x000000dd78900000] [id=3676]
  0x000002bebbe57800 ConcurrentGCThread "G1 Young RemSet Sampling" [stack: 0x000000dd78900000,0x000000dd78a00000] [id=5700]

Threads with active compile tasks:
C2 CompilerThread0  15581 4005       4       java.io.WinNTFileSystem::normalize (143 bytes)
C1 CompilerThread0  15581 4082       2       org.gradle.internal.component.external.model.DefaultConfigurationMetadata$Builder::build (143 bytes)

VM state:at safepoint (normal execution)

VM Mutex/Monitor currently owned by a thread:  ([mutex/lock_event])
[0x000002bebbdb5c20] Threads_lock - owner thread: 0x000002bed647e800
[0x000002bebbdb58c0] Heap_lock - owner thread: 0x000002bed8100000

Heap address: 0x0000000080000000, size: 2048 MB, Compressed Oops mode: 32-bit
Narrow klass base: 0x0000000000000000, Narrow klass shift: 3
Compressed class space size: 1073741824 Address: 0x0000000100000000

Heap:
 garbage-first heap   total 92160K, used 66348K [0x0000000080000000, 0x0000000100000000)
  region size 1024K, 41 young (41984K), 4 survivors (4096K)
 Metaspace       used 45981K, capacity 47154K, committed 47360K, reserved 1089536K
  class space    used 5878K, capacity 6301K, committed 6400K, reserved 1048576K
Heap Regions: E=young(eden), S=young(survivor), O=old, HS=humongous(starts), HC=humongous(continues), CS=collection set, F=free, A=archive, TAMS=top-at-mark-start (previous, next)
|   0|0x0000000080000000, 0x0000000080100000, 0x0000000080100000|100%| O|  |TAMS 0x0000000080100000, 0x0000000080000000| Untracked 
|   1|0x0000000080100000, 0x0000000080200000, 0x0000000080200000|100%| O|  |TAMS 0x0000000080200000, 0x0000000080100000| Untracked 
|   2|0x0000000080200000, 0x0000000080300000, 0x0000000080300000|100%| O|  |TAMS 0x0000000080300000, 0x0000000080200000| Untracked 
|   3|0x0000000080300000, 0x0000000080400000, 0x0000000080400000|100%| O|  |TAMS 0x0000000080400000, 0x0000000080300000| Untracked 
|   4|0x0000000080400000, 0x0000000080500000, 0x0000000080500000|100%|HS|  |TAMS 0x0000000080500000, 0x0000000080400000| Complete 
|   5|0x0000000080500000, 0x0000000080600000, 0x0000000080600000|100%|HC|  |TAMS 0x0000000080600000, 0x0000000080500000| Complete 
|   6|0x0000000080600000, 0x0000000080700000, 0x0000000080700000|100%|HC|  |TAMS 0x0000000080700000, 0x0000000080600000| Complete 
|   7|0x0000000080700000, 0x0000000080800000, 0x0000000080800000|100%| O|  |TAMS 0x0000000080800000, 0x0000000080700000| Untracked 
|   8|0x0000000080800000, 0x0000000080900000, 0x0000000080900000|100%| O|  |TAMS 0x0000000080900000, 0x0000000080800000| Untracked 
|   9|0x0000000080900000, 0x0000000080a00000, 0x0000000080a00000|100%| O|  |TAMS 0x0000000080a00000, 0x0000000080900000| Untracked 
|  10|0x0000000080a00000, 0x0000000080b00000, 0x0000000080b00000|100%| O|  |TAMS 0x0000000080b00000, 0x0000000080a00000| Untracked 
|  11|0x0000000080b00000, 0x0000000080c00000, 0x0000000080c00000|100%| O|  |TAMS 0x0000000080c00000, 0x0000000080b00000| Untracked 
|  12|0x0000000080c00000, 0x0000000080d00000, 0x0000000080d00000|100%| O|  |TAMS 0x0000000080d00000, 0x0000000080c00000| Untracked 
|  13|0x0000000080d00000, 0x0000000080e00000, 0x0000000080e00000|100%| O|  |TAMS 0x0000000080e00000, 0x0000000080d00000| Untracked 
|  14|0x0000000080e00000, 0x0000000080f00000, 0x0000000080f00000|100%| O|  |TAMS 0x0000000080f00000, 0x0000000080e00000| Untracked 
|  15|0x0000000080f00000, 0x0000000081000000, 0x0000000081000000|100%| O|  |TAMS 0x0000000081000000, 0x0000000080f00000| Untracked 
|  16|0x0000000081000000, 0x0000000081100000, 0x0000000081100000|100%| O|  |TAMS 0x0000000081100000, 0x0000000081000000| Untracked 
|  17|0x0000000081100000, 0x0000000081200000, 0x0000000081200000|100%| O|  |TAMS 0x0000000081134400, 0x0000000081100000| Untracked 
|  18|0x0000000081200000, 0x0000000081300000, 0x0000000081300000|100%| O|  |TAMS 0x0000000081200000, 0x0000000081200000| Untracked 
|  19|0x0000000081300000, 0x0000000081400000, 0x0000000081400000|100%| O|  |TAMS 0x0000000081300000, 0x0000000081300000| Untracked 
|  20|0x0000000081400000, 0x0000000081500000, 0x0000000081500000|100%| O|  |TAMS 0x0000000081400000, 0x0000000081400000| Untracked 
|  21|0x0000000081500000, 0x0000000081600000, 0x0000000081600000|100%| O|  |TAMS 0x0000000081500000, 0x0000000081500000| Untracked 
|  22|0x0000000081600000, 0x0000000081700000, 0x0000000081700000|100%| O|  |TAMS 0x0000000081600000, 0x0000000081600000| Untracked 
|  23|0x0000000081700000, 0x000000008175eda0, 0x0000000081800000| 37%| O|  |TAMS 0x0000000081700000, 0x0000000081700000| Untracked 
|  24|0x0000000081800000, 0x0000000081800000, 0x0000000081900000|  0%| F|  |TAMS 0x0000000081800000, 0x0000000081800000| Untracked 
|  25|0x0000000081900000, 0x0000000081a00000, 0x0000000081a00000|100%| O|  |TAMS 0x0000000081900000, 0x0000000081900000| Untracked 
|  26|0x0000000081a00000, 0x0000000081b00000, 0x0000000081b00000|100%| O|  |TAMS 0x0000000081a00000, 0x0000000081a00000| Untracked 
|  27|0x0000000081b00000, 0x0000000081c00000, 0x0000000081c00000|100%| O|  |TAMS 0x0000000081b00000, 0x0000000081b00000| Untracked 
|  28|0x0000000081c00000, 0x0000000081c00000, 0x0000000081d00000|  0%| F|  |TAMS 0x0000000081c00000, 0x0000000081c00000| Untracked 
|  29|0x0000000081d00000, 0x0000000081d00000, 0x0000000081e00000|  0%| F|  |TAMS 0x0000000081d00000, 0x0000000081d00000| Untracked 
|  30|0x0000000081e00000, 0x0000000081e00000, 0x0000000081f00000|  0%| F|  |TAMS 0x0000000081e00000, 0x0000000081e00000| Untracked 
|  31|0x0000000081f00000, 0x0000000081f00000, 0x0000000082000000|  0%| F|  |TAMS 0x0000000081f00000, 0x0000000081f00000| Untracked 
|  32|0x0000000082000000, 0x0000000082000000, 0x0000000082100000|  0%| F|  |TAMS 0x0000000082000000, 0x0000000082000000| Untracked 
|  33|0x0000000082100000, 0x0000000082100000, 0x0000000082200000|  0%| F|  |TAMS 0x0000000082100000, 0x0000000082100000| Untracked 
|  34|0x0000000082200000, 0x0000000082200000, 0x0000000082300000|  0%| F|  |TAMS 0x0000000082200000, 0x0000000082200000| Untracked 
|  35|0x0000000082300000, 0x0000000082300000, 0x0000000082400000|  0%| F|  |TAMS 0x0000000082300000, 0x0000000082300000| Untracked 
|  36|0x0000000082400000, 0x0000000082400000, 0x0000000082500000|  0%| F|  |TAMS 0x0000000082400000, 0x0000000082400000| Untracked 
|  37|0x0000000082500000, 0x0000000082500000, 0x0000000082600000|  0%| F|  |TAMS 0x0000000082500000, 0x0000000082500000| Untracked 
|  38|0x0000000082600000, 0x0000000082600000, 0x0000000082700000|  0%| F|  |TAMS 0x0000000082600000, 0x0000000082600000| Untracked 
|  39|0x0000000082700000, 0x0000000082700000, 0x0000000082800000|  0%| F|  |TAMS 0x0000000082700000, 0x0000000082700000| Untracked 
|  40|0x0000000082800000, 0x0000000082800000, 0x0000000082900000|  0%| F|  |TAMS 0x0000000082800000, 0x0000000082800000| Untracked 
|  41|0x0000000082900000, 0x0000000082900000, 0x0000000082a00000|  0%| F|  |TAMS 0x0000000082900000, 0x0000000082900000| Untracked 
|  42|0x0000000082a00000, 0x0000000082a00000, 0x0000000082b00000|  0%| F|  |TAMS 0x0000000082a00000, 0x0000000082a00000| Untracked 
|  43|0x0000000082b00000, 0x0000000082b00000, 0x0000000082c00000|  0%| F|  |TAMS 0x0000000082b00000, 0x0000000082b00000| Untracked 
|  44|0x0000000082c00000, 0x0000000082c00000, 0x0000000082d00000|  0%| F|  |TAMS 0x0000000082c00000, 0x0000000082c00000| Untracked 
|  45|0x0000000082d00000, 0x0000000082d4b4b0, 0x0000000082e00000| 29%| S|  |TAMS 0x0000000082d00000, 0x0000000082d00000| Complete 
|  46|0x0000000082e00000, 0x0000000082f00000, 0x0000000082f00000|100%| S|  |TAMS 0x0000000082e00000, 0x0000000082e00000| Complete 
|  47|0x0000000082f00000, 0x0000000083000000, 0x0000000083000000|100%| S|  |TAMS 0x0000000082f00000, 0x0000000082f00000| Complete 
|  48|0x0000000083000000, 0x0000000083100000, 0x0000000083100000|100%| S|  |TAMS 0x0000000083000000, 0x0000000083000000| Complete 
|  49|0x0000000083100000, 0x0000000083200000, 0x0000000083200000|100%| E|CS|TAMS 0x0000000083100000, 0x0000000083100000| Complete 
|  50|0x0000000083200000, 0x0000000083300000, 0x0000000083300000|100%| E|CS|TAMS 0x0000000083200000, 0x0000000083200000| Complete 
|  51|0x0000000083300000, 0x0000000083373090, 0x0000000083400000| 44%| E|CS|TAMS 0x0000000083300000, 0x0000000083300000| Complete 
|  52|0x0000000083400000, 0x0000000083500000, 0x0000000083500000|100%| E|CS|TAMS 0x0000000083400000, 0x0000000083400000| Complete 
|  53|0x0000000083500000, 0x0000000083600000, 0x0000000083600000|100%| E|CS|TAMS 0x0000000083500000, 0x0000000083500000| Complete 
|  54|0x0000000083600000, 0x0000000083700000, 0x0000000083700000|100%| E|CS|TAMS 0x0000000083600000, 0x0000000083600000| Complete 
|  55|0x0000000083700000, 0x0000000083800000, 0x0000000083800000|100%| E|CS|TAMS 0x0000000083700000, 0x0000000083700000| Complete 
|  56|0x0000000083800000, 0x0000000083900000, 0x0000000083900000|100%| E|CS|TAMS 0x0000000083800000, 0x0000000083800000| Complete 
|  57|0x0000000083900000, 0x0000000083a00000, 0x0000000083a00000|100%| E|CS|TAMS 0x0000000083900000, 0x0000000083900000| Complete 
|  58|0x0000000083a00000, 0x0000000083b00000, 0x0000000083b00000|100%| E|CS|TAMS 0x0000000083a00000, 0x0000000083a00000| Complete 
|  59|0x0000000083b00000, 0x0000000083c00000, 0x0000000083c00000|100%| E|CS|TAMS 0x0000000083b00000, 0x0000000083b00000| Complete 
|  60|0x0000000083c00000, 0x0000000083d00000, 0x0000000083d00000|100%| E|CS|TAMS 0x0000000083c00000, 0x0000000083c00000| Complete 
|  61|0x0000000083d00000, 0x0000000083e00000, 0x0000000083e00000|100%| E|CS|TAMS 0x0000000083d00000, 0x0000000083d00000| Complete 
|  62|0x0000000083e00000, 0x0000000083f00000, 0x0000000083f00000|100%| E|CS|TAMS 0x0000000083e00000, 0x0000000083e00000| Complete 
|  63|0x0000000083f00000, 0x0000000084000000, 0x0000000084000000|100%| E|CS|TAMS 0x0000000083f00000, 0x0000000083f00000| Complete 
|  64|0x0000000084000000, 0x0000000084100000, 0x0000000084100000|100%| E|CS|TAMS 0x0000000084000000, 0x0000000084000000| Complete 
|  65|0x0000000084100000, 0x0000000084200000, 0x0000000084200000|100%| E|CS|TAMS 0x0000000084100000, 0x0000000084100000| Complete 
|  66|0x0000000084200000, 0x0000000084300000, 0x0000000084300000|100%| E|CS|TAMS 0x0000000084200000, 0x0000000084200000| Complete 
|  67|0x0000000084300000, 0x0000000084400000, 0x0000000084400000|100%| E|CS|TAMS 0x0000000084300000, 0x0000000084300000| Complete 
|  68|0x0000000084400000, 0x0000000084500000, 0x0000000084500000|100%| E|CS|TAMS 0x0000000084400000, 0x0000000084400000| Complete 
|  69|0x0000000084500000, 0x0000000084600000, 0x0000000084600000|100%| E|CS|TAMS 0x0000000084500000, 0x0000000084500000| Complete 
|  70|0x0000000084600000, 0x0000000084700000, 0x0000000084700000|100%| E|CS|TAMS 0x0000000084600000, 0x0000000084600000| Complete 
|  71|0x0000000084700000, 0x0000000084800000, 0x0000000084800000|100%| E|CS|TAMS 0x0000000084700000, 0x0000000084700000| Complete 
|  72|0x0000000084800000, 0x0000000084900000, 0x0000000084900000|100%| E|CS|TAMS 0x0000000084800000, 0x0000000084800000| Complete 
|  73|0x0000000084900000, 0x0000000084a00000, 0x0000000084a00000|100%| E|CS|TAMS 0x0000000084900000, 0x0000000084900000| Complete 
|  74|0x0000000084a00000, 0x0000000084b00000, 0x0000000084b00000|100%| E|CS|TAMS 0x0000000084a00000, 0x0000000084a00000| Complete 
|  75|0x0000000084b00000, 0x0000000084c00000, 0x0000000084c00000|100%| E|CS|TAMS 0x0000000084b00000, 0x0000000084b00000| Complete 
|  76|0x0000000084c00000, 0x0000000084d00000, 0x0000000084d00000|100%| E|CS|TAMS 0x0000000084c00000, 0x0000000084c00000| Complete 
|  77|0x0000000084d00000, 0x0000000084e00000, 0x0000000084e00000|100%| E|CS|TAMS 0x0000000084d00000, 0x0000000084d00000| Complete 
|  78|0x0000000084e00000, 0x0000000084f00000, 0x0000000084f00000|100%| E|CS|TAMS 0x0000000084e00000, 0x0000000084e00000| Complete 
|  79|0x0000000084f00000, 0x0000000085000000, 0x0000000085000000|100%| E|CS|TAMS 0x0000000084f00000, 0x0000000084f00000| Complete 
|  80|0x0000000085000000, 0x0000000085100000, 0x0000000085100000|100%| E|CS|TAMS 0x0000000085000000, 0x0000000085000000| Complete 
|  81|0x0000000085100000, 0x0000000085200000, 0x0000000085200000|100%| E|CS|TAMS 0x0000000085100000, 0x0000000085100000| Complete 
|  82|0x0000000085200000, 0x0000000085300000, 0x0000000085300000|100%| E|CS|TAMS 0x0000000085200000, 0x0000000085200000| Complete 
|  83|0x0000000085300000, 0x0000000085400000, 0x0000000085400000|100%| E|CS|TAMS 0x0000000085300000, 0x0000000085300000| Complete 
|  84|0x0000000085400000, 0x0000000085500000, 0x0000000085500000|100%| E|CS|TAMS 0x0000000085400000, 0x0000000085400000| Complete 
|  85|0x0000000085500000, 0x0000000085600000, 0x0000000085600000|100%| E|CS|TAMS 0x0000000085500000, 0x0000000085500000| Complete 
|  86|0x0000000085600000, 0x0000000085700000, 0x0000000085700000|100%| E|CS|TAMS 0x0000000085600000, 0x0000000085600000| Complete 
|  87|0x0000000085700000, 0x0000000085800000, 0x0000000085800000|100%| E|CS|TAMS 0x0000000085700000, 0x0000000085700000| Complete 
|  88|0x0000000085800000, 0x0000000085900000, 0x0000000085900000|100%| E|CS|TAMS 0x0000000085800000, 0x0000000085800000| Complete 
|  89|0x0000000085900000, 0x0000000085a00000, 0x0000000085a00000|100%| E|CS|TAMS 0x0000000085900000, 0x0000000085900000| Complete 

Card table byte_map: [0x000002becf0e0000,0x000002becf4e0000] _byte_map_base: 0x000002becece0000

Marking Bits (Prev, Next): (CMBitMap*) 0x000002bebbdfb968, (CMBitMap*) 0x000002bebbdfb9a0
 Prev Bits: [0x000002becf8e0000, 0x000002bed18e0000)
 Next Bits: [0x000002bed18e0000, 0x000002bed38e0000)

Polling page: 0x000002bebf8b0000

Metaspace:

Usage:
  Non-class:     39.90 MB capacity,    39.16 MB ( 98%) used,   637.41 KB (  2%) free+waste,   112.63 KB ( <1%) overhead. 
      Class:      6.15 MB capacity,     5.74 MB ( 93%) used,   368.10 KB (  6%) free+waste,    53.94 KB ( <1%) overhead. 
       Both:     46.05 MB capacity,    44.90 MB ( 98%) used,  1005.52 KB (  2%) free+waste,   166.56 KB ( <1%) overhead. 

Virtual space:
  Non-class space:       40.00 MB reserved,      40.00 MB (100%) committed 
      Class space:        1.00 GB reserved,       6.25 MB ( <1%) committed 
             Both:        1.04 GB reserved,      46.25 MB (  4%) committed 

Chunk freelists:
   Non-Class:  43.00 KB
       Class:  3.00 KB
        Both:  46.00 KB

MaxMetaspaceSize: 17179869184.00 GB
CompressedClassSpaceSize: 1.00 GB

CodeHeap 'non-profiled nmethods': size=120064Kb used=1827Kb max_used=1827Kb free=118236Kb
 bounds [0x000002bec7390000, 0x000002bec7600000, 0x000002bece8d0000]
CodeHeap 'profiled nmethods': size=120000Kb used=8347Kb max_used=8347Kb free=111652Kb
 bounds [0x000002bebfe60000, 0x000002bec0690000, 0x000002bec7390000]
CodeHeap 'non-nmethods': size=5696Kb used=2203Kb max_used=2245Kb free=3492Kb
 bounds [0x000002bebf8d0000, 0x000002bebfb40000, 0x000002bebfe60000]
 total_blobs=4851 nmethods=4068 adapters=695
 compilation: enabled
              stopped_count=0, restarted_count=0
 full_count=0

Compilation events (20 events):
Event: 15.391 Thread 0x000002bed652c800 nmethod 4070 0x000002bec0684590 code [0x000002bec0684780, 0x000002bec0684be8]
Event: 15.391 Thread 0x000002bed652c800 4071       3       com.google.common.cache.LocalCache::isExpired (57 bytes)
Event: 15.392 Thread 0x000002bed652c800 nmethod 4071 0x000002bec0684d10 code [0x000002bec0684f20, 0x000002bec06855e8]
Event: 15.392 Thread 0x000002bed652c800 4072       1       org.gradle.cache.internal.btree.BlockPayload::setBlock (6 bytes)
Event: 15.392 Thread 0x000002bed652c800 nmethod 4072 0x000002bec7557d90 code [0x000002bec7557f40, 0x000002bec7558038]
Event: 15.393 Thread 0x000002bed652c800 4073       1       com.google.common.io.CountingInputStream::getCount (5 bytes)
Event: 15.393 Thread 0x000002bed652c800 nmethod 4073 0x000002bec7558090 code [0x000002bec7558240, 0x000002bec75582f8]
Event: 15.393 Thread 0x000002bed652c800 4074       3       org.gradle.cache.internal.cacheops.CacheAccessOperationsStack::pushCacheAction (11 bytes)
Event: 15.394 Thread 0x000002bed652c800 nmethod 4074 0x000002bec0685810 code [0x000002bec0685a20, 0x000002bec0685fb8]
Event: 15.395 Thread 0x000002bed652c800 4076       1       org.gradle.internal.component.external.model.AbstractModuleComponentResolveMetadata::getSources (5 bytes)
Event: 15.396 Thread 0x000002bed652c800 nmethod 4076 0x000002bec7558390 code [0x000002bec7558540, 0x000002bec75585f8]
Event: 15.396 Thread 0x000002bed652c800 4077       1       org.gradle.internal.component.external.model.AbstractStatelessDerivationStrategy::hashCode (5 bytes)
Event: 15.396 Thread 0x000002bed652c800 nmethod 4077 0x000002bec7558690 code [0x000002bec7558840, 0x000002bec75588f8]
Event: 15.396 Thread 0x000002bed652c800 4078       1       org.gradle.internal.component.external.model.AbstractModuleComponentResolveMetadata::isChanging (5 bytes)
Event: 15.396 Thread 0x000002bed652c800 nmethod 4078 0x000002bec7558990 code [0x000002bec7558b40, 0x000002bec7558bf8]
Event: 15.396 Thread 0x000002bed652c800 4079       3       com.google.common.collect.RegularImmutableMap$KeysOrValuesAsList::get (23 bytes)
Event: 15.397 Thread 0x000002bed652c800 nmethod 4079 0x000002bec0686210 code [0x000002bec0686400, 0x000002bec0686798]
Event: 15.398 Thread 0x000002bed652c800 4081       2       org.gradle.internal.component.external.model.DefaultConfigurationMetadata::mutate (9 bytes)
Event: 15.399 Thread 0x000002bed652c800 nmethod 4081 0x000002bec0686990 code [0x000002bec0686b40, 0x000002bec0686db8]
Event: 15.399 Thread 0x000002bed652c800 4082       2       org.gradle.internal.component.external.model.DefaultConfigurationMetadata$Builder::build (143 bytes)

GC Heap History (20 events):
Event: 5.138 GC heap after
{Heap after GC invocations=4 (full 0):
 garbage-first heap   total 63488K, used 15014K [0x0000000080000000, 0x0000000100000000)
  region size 1024K, 3 young (3072K), 3 survivors (3072K)
 Metaspace       used 13784K, capacity 14143K, committed 14208K, reserved 1062912K
  class space    used 1520K, capacity 1654K, committed 1664K, reserved 1048576K
}
Event: 6.585 GC heap before
{Heap before GC invocations=4 (full 0):
 garbage-first heap   total 63488K, used 38566K [0x0000000080000000, 0x0000000100000000)
  region size 1024K, 26 young (26624K), 3 survivors (3072K)
 Metaspace       used 18666K, capacity 19076K, committed 19328K, reserved 1067008K
  class space    used 2232K, capacity 2372K, committed 2432K, reserved 1048576K
}
Event: 6.597 GC heap after
{Heap after GC invocations=5 (full 0):
 garbage-first heap   total 63488K, used 16641K [0x0000000080000000, 0x0000000100000000)
  region size 1024K, 2 young (2048K), 2 survivors (2048K)
 Metaspace       used 18666K, capacity 19076K, committed 19328K, reserved 1067008K
  class space    used 2232K, capacity 2372K, committed 2432K, reserved 1048576K
}
Event: 7.015 GC heap before
{Heap before GC invocations=5 (full 0):
 garbage-first heap   total 63488K, used 32001K [0x0000000080000000, 0x0000000100000000)
  region size 1024K, 18 young (18432K), 2 survivors (2048K)
 Metaspace       used 20586K, capacity 21100K, committed 21248K, reserved 1067008K
  class space    used 2506K, capacity 2690K, committed 2816K, reserved 1048576K
}
Event: 7.022 GC heap after
{Heap after GC invocations=6 (full 0):
 garbage-first heap   total 63488K, used 17001K [0x0000000080000000, 0x0000000100000000)
  region size 1024K, 2 young (2048K), 2 survivors (2048K)
 Metaspace       used 20586K, capacity 21100K, committed 21248K, reserved 1067008K
  class space    used 2506K, capacity 2690K, committed 2816K, reserved 1048576K
}
Event: 7.685 GC heap before
{Heap before GC invocations=7 (full 0):
 garbage-first heap   total 63488K, used 40553K [0x0000000080000000, 0x0000000100000000)
  region size 1024K, 26 young (26624K), 2 survivors (2048K)
 Metaspace       used 22954K, capacity 23501K, committed 23680K, reserved 1069056K
  class space    used 2925K, capacity 3110K, committed 3200K, reserved 1048576K
}
Event: 7.696 GC heap after
{Heap after GC invocations=8 (full 0):
 garbage-first heap   total 63488K, used 17843K [0x0000000080000000, 0x0000000100000000)
  region size 1024K, 3 young (3072K), 3 survivors (3072K)
 Metaspace       used 22954K, capacity 23501K, committed 23680K, reserved 1069056K
  class space    used 2925K, capacity 3110K, committed 3200K, reserved 1048576K
}
Event: 8.714 GC heap before
{Heap before GC invocations=8 (full 0):
 garbage-first heap   total 63488K, used 42419K [0x0000000080000000, 0x0000000100000000)
  region size 1024K, 27 young (27648K), 3 survivors (3072K)
 Metaspace       used 25791K, capacity 26368K, committed 26496K, reserved 1073152K
  class space    used 3366K, capacity 3600K, committed 3712K, reserved 1048576K
}
Event: 8.730 GC heap after
{Heap after GC invocations=9 (full 0):
 garbage-first heap   total 76800K, used 18873K [0x0000000080000000, 0x0000000100000000)
  region size 1024K, 3 young (3072K), 3 survivors (3072K)
 Metaspace       used 25791K, capacity 26368K, committed 26496K, reserved 1073152K
  class space    used 3366K, capacity 3600K, committed 3712K, reserved 1048576K
}
Event: 9.555 GC heap before
{Heap before GC invocations=9 (full 0):
 garbage-first heap   total 76800K, used 47545K [0x0000000080000000, 0x0000000100000000)
  region size 1024K, 32 young (32768K), 3 survivors (3072K)
 Metaspace       used 28345K, capacity 29062K, committed 29184K, reserved 1075200K
  class space    used 3774K, capacity 4030K, committed 4096K, reserved 1048576K
}
Event: 9.566 GC heap after
{Heap after GC invocations=10 (full 0):
 garbage-first heap   total 76800K, used 19608K [0x0000000080000000, 0x0000000100000000)
  region size 1024K, 3 young (3072K), 3 survivors (3072K)
 Metaspace       used 28345K, capacity 29062K, committed 29184K, reserved 1075200K
  class space    used 3774K, capacity 4030K, committed 4096K, reserved 1048576K
}
Event: 10.882 GC heap before
{Heap before GC invocations=10 (full 0):
 garbage-first heap   total 76800K, used 49304K [0x0000000080000000, 0x0000000100000000)
  region size 1024K, 33 young (33792K), 3 survivors (3072K)
 Metaspace       used 35056K, capacity 35838K, committed 35840K, reserved 1081344K
  class space    used 4538K, capacity 4864K, committed 4864K, reserved 1048576K
}
Event: 10.903 GC heap after
{Heap after GC invocations=11 (full 0):
 garbage-first heap   total 76800K, used 22470K [0x0000000080000000, 0x0000000100000000)
  region size 1024K, 5 young (5120K), 5 survivors (5120K)
 Metaspace       used 35056K, capacity 35838K, committed 35840K, reserved 1081344K
  class space    used 4538K, capacity 4864K, committed 4864K, reserved 1048576K
}
Event: 12.135 GC heap before
{Heap before GC invocations=12 (full 0):
 garbage-first heap   total 76800K, used 53190K [0x0000000080000000, 0x0000000100000000)
  region size 1024K, 35 young (35840K), 5 survivors (5120K)
 Metaspace       used 37186K, capacity 38050K, committed 38272K, reserved 1083392K
  class space    used 4800K, capacity 5127K, committed 5248K, reserved 1048576K
}
Event: 12.164 GC heap after
{Heap after GC invocations=13 (full 0):
 garbage-first heap   total 76800K, used 25774K [0x0000000080000000, 0x0000000100000000)
  region size 1024K, 4 young (4096K), 4 survivors (4096K)
 Metaspace       used 37186K, capacity 38050K, committed 38272K, reserved 1083392K
  class space    used 4800K, capacity 5127K, committed 5248K, reserved 1048576K
}
Event: 13.208 GC heap before
{Heap before GC invocations=13 (full 0):
 garbage-first heap   total 76800K, used 57518K [0x0000000080000000, 0x0000000100000000)
  region size 1024K, 33 young (33792K), 4 survivors (4096K)
 Metaspace       used 39572K, capacity 40503K, committed 40832K, reserved 1085440K
  class space    used 5034K, capacity 5390K, committed 5504K, reserved 1048576K
}
Event: 13.227 GC heap after
{Heap after GC invocations=14 (full 0):
 garbage-first heap   total 92160K, used 27482K [0x0000000080000000, 0x0000000100000000)
  region size 1024K, 3 young (3072K), 3 survivors (3072K)
 Metaspace       used 39572K, capacity 40503K, committed 40832K, reserved 1085440K
  class space    used 5034K, capacity 5390K, committed 5504K, reserved 1048576K
}
Event: 14.201 GC heap before
{Heap before GC invocations=14 (full 0):
 garbage-first heap   total 92160K, used 63322K [0x0000000080000000, 0x0000000100000000)
  region size 1024K, 38 young (38912K), 3 survivors (3072K)
 Metaspace       used 43238K, capacity 44224K, committed 44288K, reserved 1087488K
  class space    used 5498K, capacity 5856K, committed 5888K, reserved 1048576K
}
Event: 14.215 GC heap after
{Heap after GC invocations=15 (full 0):
 garbage-first heap   total 92160K, used 28460K [0x0000000080000000, 0x0000000100000000)
  region size 1024K, 4 young (4096K), 4 survivors (4096K)
 Metaspace       used 43238K, capacity 44224K, committed 44288K, reserved 1087488K
  class space    used 5498K, capacity 5856K, committed 5888K, reserved 1048576K
}
Event: 15.403 GC heap before
{Heap before GC invocations=15 (full 0):
 garbage-first heap   total 92160K, used 66348K [0x0000000080000000, 0x0000000100000000)
  region size 1024K, 41 young (41984K), 4 survivors (4096K)
 Metaspace       used 45981K, capacity 47154K, committed 47360K, reserved 1089536K
  class space    used 5878K, capacity 6301K, committed 6400K, reserved 1048576K
}

Deoptimization events (20 events):
Event: 13.695 Thread 0x000002bed8100000 DEOPT PACKING pc=0x000002bec749ba88 sp=0x000000dd79cf90e0
Event: 13.695 Thread 0x000002bed8100000 DEOPT UNPACKING pc=0x000002bebf8f6ca9 sp=0x000000dd79cf9078 mode 2
Event: 13.734 Thread 0x000002bed8100000 Uncommon trap: trap_request=0xffffff4d fr.pc=0x000002bec750108c relative=0x000000000000198c
Event: 13.735 Thread 0x000002bed8100000 Uncommon trap: reason=unstable_if action=reinterpret pc=0x000002bec750108c method=java.util.concurrent.ConcurrentHashMap.computeIfAbsent(Ljava/lang/Object;Ljava/util/function/Function;)Ljava/lang/Object; @ 123 c2
Event: 13.735 Thread 0x000002bed8100000 DEOPT PACKING pc=0x000002bec750108c sp=0x000000dd79cfa5d0
Event: 13.735 Thread 0x000002bed8100000 DEOPT UNPACKING pc=0x000002bebf8f6ca9 sp=0x000000dd79cfa560 mode 2
Event: 14.308 Thread 0x000002bed8100000 Uncommon trap: trap_request=0xffffff4d fr.pc=0x000002bec73e7a90 relative=0x00000000000001d0
Event: 14.308 Thread 0x000002bed8100000 Uncommon trap: reason=unstable_if action=reinterpret pc=0x000002bec73e7a90 method=java.net.URI$Parser.scan(IILjava/lang/String;)I @ 26 c2
Event: 14.308 Thread 0x000002bed8100000 DEOPT PACKING pc=0x000002bec73e7a90 sp=0x000000dd79cf8a20
Event: 14.308 Thread 0x000002bed8100000 DEOPT UNPACKING pc=0x000002bebf8f6ca9 sp=0x000000dd79cf89b0 mode 2
Event: 14.308 Thread 0x000002bed8100000 Uncommon trap: trap_request=0xffffff4d fr.pc=0x000002bec73e385c relative=0x000000000000011c
Event: 14.308 Thread 0x000002bed8100000 Uncommon trap: reason=unstable_if action=reinterpret pc=0x000002bec73e385c method=java.net.URI.match(CJJ)Z @ 45 c2
Event: 14.308 Thread 0x000002bed8100000 DEOPT PACKING pc=0x000002bec73e385c sp=0x000000dd79cf8790
Event: 14.308 Thread 0x000002bed8100000 DEOPT UNPACKING pc=0x000002bebf8f6ca9 sp=0x000000dd79cf86c8 mode 2
Event: 14.308 Thread 0x000002bed8100000 Uncommon trap: trap_request=0xffffff4d fr.pc=0x000002bec73b1568 relative=0x0000000000000048
Event: 14.308 Thread 0x000002bed8100000 Uncommon trap: reason=unstable_if action=reinterpret pc=0x000002bec73b1568 method=java.net.URI.match(CJJ)Z @ 19 c2
Event: 14.308 Thread 0x000002bed8100000 DEOPT PACKING pc=0x000002bec73b1568 sp=0x000000dd79cf87a0
Event: 14.308 Thread 0x000002bed8100000 DEOPT UNPACKING pc=0x000002bebf8f6ca9 sp=0x000000dd79cf8750 mode 2
Event: 14.734 Thread 0x000002bed8100000 DEOPT PACKING pc=0x000002bec0167ecb sp=0x000000dd79cf73a0
Event: 14.734 Thread 0x000002bed8100000 DEOPT UNPACKING pc=0x000002bebf8f6abf sp=0x000000dd79cf6870 mode 0

Classes redefined (0 events):
No events

Internal exceptions (20 events):
Event: 13.952 Thread 0x000002bed8100000 Exception <a 'java/lang/ClassNotFoundException'{0x0000000083fa0338}: org/gradle/api/internal/project/ProjectScriptBeanInfo> (0x0000000083fa0338) thrown at [./src/hotspot/share/classfile/systemDictionary.cpp, line 231]
Event: 13.953 Thread 0x000002bed8100000 Exception <a 'java/lang/ClassNotFoundException'{0x0000000083fb6350}: org/gradle/api/internal/project/ProjectScriptCustomizer> (0x0000000083fb6350) thrown at [./src/hotspot/share/classfile/systemDictionary.cpp, line 231]
Event: 13.955 Thread 0x000002bed8100000 Exception <a 'java/lang/ClassNotFoundException'{0x0000000083fd17c0}: build_dxfmmrxpfrk1ub9ke82gbsnm2Customizer> (0x0000000083fd17c0) thrown at [./src/hotspot/share/classfile/systemDictionary.cpp, line 231]
Event: 13.976 Thread 0x000002bed8100000 Exception <a 'java/lang/ClassNotFoundException'{0x0000000083e64428}: org/gradle/api/internal/initialization/DefaultScriptHandlerBeanInfo> (0x0000000083e64428) thrown at [./src/hotspot/share/classfile/systemDictionary.cpp, line 231]
Event: 13.977 Thread 0x000002bed8100000 Exception <a 'java/lang/ClassNotFoundException'{0x0000000083e8d620}: org/gradle/api/internal/initialization/DefaultScriptHandlerCustomizer> (0x0000000083e8d620) thrown at [./src/hotspot/share/classfile/systemDictionary.cpp, line 231]
Event: 14.222 Thread 0x000002bed8100000 Exception <a 'java/lang/ClassNotFoundException'{0x0000000085974888}: org/gradle/api/internal/artifacts/dsl/dependencies/DefaultDependencyHandler_DecoratedBeanInfo> (0x0000000085974888) thrown at [./src/hotspot/share/classfile/systemDictionary.cpp, line 231]
Event: 14.224 Thread 0x000002bed8100000 Exception <a 'java/lang/ClassNotFoundException'{0x00000000859b4a10}: org/gradle/api/internal/artifacts/dsl/dependencies/DefaultDependencyHandlerBeanInfo> (0x00000000859b4a10) thrown at [./src/hotspot/share/classfile/systemDictionary.cpp, line 231]
Event: 14.226 Thread 0x000002bed8100000 Exception <a 'java/lang/ClassNotFoundException'{0x00000000859f2f18}: org/gradle/api/internal/artifacts/dsl/dependencies/DefaultDependencyHandlerCustomizer> (0x00000000859f2f18) thrown at [./src/hotspot/share/classfile/systemDictionary.cpp, line 231]
Event: 14.234 Thread 0x000002bed8100000 Exception <a 'java/lang/ClassNotFoundException'{0x000000008585a7b0}: org/gradle/api/internal/artifacts/dsl/dependencies/DefaultDependencyHandler_DecoratedCustomizer> (0x000000008585a7b0) thrown at [./src/hotspot/share/classfile/systemDictionary.cpp, line 231]
Event: 14.287 Thread 0x000002bed8100000 Exception <a 'java/lang/NoSuchMethodError'{0x0000000085769338}: 'java.lang.Object java.lang.invoke.DirectMethodHandle$Holder.invokeStatic(java.lang.Object, java.lang.Object, int, java.lang.Object)'> (0x0000000085769338) thrown at [./src/hotspot/share/interpreter/linkResolver.cpp, line 773]
Event: 14.288 Thread 0x000002bed8100000 Exception <a 'java/lang/NoSuchMethodError'{0x00000000857705d0}: 'java.lang.Object java.lang.invoke.Invokers$Holder.linkToTargetMethod(java.lang.Object, int, java.lang.Object, java.lang.Object)'> (0x00000000857705d0) thrown at [./src/hotspot/share/interpreter/linkResolver.cpp, line 773]
Event: 14.726 Thread 0x000002bed8100000 Exception <a 'java/lang/NoSuchMethodError'{0x00000000846d9228}: 'java.lang.Object java.lang.invoke.DelegatingMethodHandle$Holder.reinvoke_L(java.lang.Object, java.lang.Object, java.lang.Object, java.lang.Object, java.lang.Object, java.lang.Object, java.lang.Object, java.lang.Object, java.lang.Object, java.lang.Object, java.lang.Object, java.lang.Object, java.lang.Object, java.lang.Object, java.lang.Object, java.lang.Object, java.lang.Object, java.lang.Object, java.lang.Object, java.lang.Object, java.lang.O
Event: 14.727 Thread 0x000002bed8100000 Exception <a 'java/lang/NoSuchMethodError'{0x00000000846e4c30}: 'java.lang.Object java.lang.invoke.DirectMethodHandle$Holder.invokeSpecial(java.lang.Object, java.lang.Object, java.lang.Object, java.lang.Object, java.lang.Object, java.lang.Object, java.lang.Object, java.lang.Object, java.lang.Object, java.lang.Object, java.lang.Object, java.lang.Object, java.lang.Object, java.lang.Object, java.lang.Object, java.lang.Object, java.lang.Object, java.lang.Object, java.lang.Object, java.lang.Object, java.lang.Ob
Event: 14.728 Thread 0x000002bed8100000 Exception <a 'java/lang/NoSuchMethodError'{0x00000000846eae20}: 'java.lang.Object java.lang.invoke.Invokers$Holder.invoker(java.lang.Object, java.lang.Object, java.lang.Object, java.lang.Object, java.lang.Object, java.lang.Object, java.lang.Object, java.lang.Object, java.lang.Object, java.lang.Object, java.lang.Object, java.lang.Object, java.lang.Object, java.lang.Object, java.lang.Object, java.lang.Object, java.lang.Object, java.lang.Object, java.lang.Object, java.lang.Object, java.lang.Object)'> (0x00000
Event: 14.728 Thread 0x000002bed8100000 Exception <a 'java/lang/NoSuchMethodError'{0x00000000846f2190}: 'java.lang.Object java.lang.invoke.DelegatingMethodHandle$Holder.delegate(java.lang.Object, java.lang.Object, java.lang.Object, java.lang.Object, java.lang.Object, java.lang.Object, java.lang.Object, java.lang.Object, java.lang.Object, java.lang.Object, java.lang.Object, java.lang.Object, java.lang.Object, java.lang.Object, java.lang.Object, java.lang.Object, java.lang.Object, java.lang.Object, java.lang.Object, java.lang.Object, java.lang.Obj
Event: 14.748 Thread 0x000002bed8100000 Exception <a 'java/lang/NoSuchMethodError'{0x000000008453c140}: 'java.lang.Object java.lang.invoke.DirectMethodHandle$Holder.invokeStatic(java.lang.Object, java.lang.Object, java.lang.Object, java.lang.Object, java.lang.Object, java.lang.Object, java.lang.Object, java.lang.Object, java.lang.Object, java.lang.Object, java.lang.Object, java.lang.Object, java.lang.Object, java.lang.Object, java.lang.Object)'> (0x000000008453c140) thrown at [./src/hotspot/share/interpreter/linkResolver.cpp, line 773]
Event: 14.753 Thread 0x000002bed8100000 Exception <a 'java/lang/NoSuchMethodError'{0x000000008454c778}: 'java.lang.Object java.lang.invoke.DirectMethodHandle$Holder.invokeStatic(java.lang.Object, java.lang.Object, java.lang.Object, java.lang.Object, java.lang.Object, java.lang.Object, java.lang.Object, java.lang.Object, java.lang.Object, java.lang.Object, java.lang.Object, java.lang.Object, java.lang.Object, java.lang.Object, java.lang.Object, java.lang.Object)'> (0x000000008454c778) thrown at [./src/hotspot/share/interpreter/linkResolver.cpp, l
Event: 14.756 Thread 0x000002bed8100000 Exception <a 'java/lang/NoSuchMethodError'{0x000000008455ccc0}: 'java.lang.Object java.lang.invoke.DelegatingMethodHandle$Holder.reinvoke_L(java.lang.Object, java.lang.Object, java.lang.Object, java.lang.Object, java.lang.Object, java.lang.Object, java.lang.Object, java.lang.Object, java.lang.Object, java.lang.Object, java.lang.Object, java.lang.Object, java.lang.Object, java.lang.Object, java.lang.Object, java.lang.Object, java.lang.Object, java.lang.Object, java.lang.Object, java.lang.Object)'> (0x000000
Event: 14.848 Thread 0x000002bed8100000 Exception <a 'java/lang/IncompatibleClassChangeError'{0x00000000842c9238}: Found class java.lang.Object, but interface was expected> (0x00000000842c9238) thrown at [./src/hotspot/share/interpreter/linkResolver.cpp, line 839]
Event: 15.050 Thread 0x000002bed8100000 Exception <a 'java/lang/NoSuchMethodError'{0x0000000083902458}: 'int java.lang.invoke.DirectMethodHandle$Holder.invokeStaticInit(java.lang.Object)'> (0x0000000083902458) thrown at [./src/hotspot/share/interpreter/linkResolver.cpp, line 773]

Events (20 events):
Event: 15.257 loading class org/gradle/internal/component/external/model/DefaultShadowedCapability done
Event: 15.258 loading class org/gradle/internal/component/external/model/ShadowedCapability
Event: 15.258 loading class org/gradle/internal/component/external/model/ShadowedCapability done
Event: 15.259 loading class org/gradle/api/internal/artifacts/repositories/metadata/DefaultMavenImmutableAttributesFactory$ComponentTypeEntry
Event: 15.259 loading class org/gradle/api/internal/artifacts/repositories/metadata/DefaultMavenImmutableAttributesFactory$ComponentTypeEntry done
Event: 15.289 loading class org/gradle/api/internal/artifacts/ivyservice/ivyresolve/strategy/LatestVersionSelector
Event: 15.289 loading class org/gradle/api/internal/artifacts/ivyservice/ivyresolve/strategy/LatestVersionSelector done
Event: 15.290 Executing VM operation: RevokeBias
Event: 15.291 Executing VM operation: RevokeBias done
Event: 15.291 loading class com/google/common/primitives/Longs$AsciiDigits
Event: 15.291 loading class com/google/common/primitives/Longs$AsciiDigits done
Event: 15.292 loading class org/gradle/api/internal/artifacts/ivyservice/resolveengine/graph/selectors/SelectorStateResolverResults$Registration
Event: 15.292 loading class org/gradle/api/internal/artifacts/ivyservice/resolveengine/graph/selectors/SelectorStateResolverResults$Registration done
Event: 15.293 loading class org/gradle/api/internal/artifacts/ivyservice/resolveengine/graph/conflicts/DefaultConflictResolverDetails
Event: 15.293 loading class org/gradle/api/internal/artifacts/ivyservice/resolveengine/graph/conflicts/DefaultConflictResolverDetails done
Event: 15.294 loading class org/gradle/api/internal/artifacts/ivyservice/resolveengine/graph/conflicts/CompositeConflictResolver$CompositeDetails
Event: 15.294 loading class org/gradle/api/internal/artifacts/ivyservice/resolveengine/graph/conflicts/CompositeConflictResolver$CompositeDetails done
Event: 15.296 loading class org/gradle/api/internal/artifacts/ivyservice/resolveengine/graph/conflicts/VersionConflictResolutionDetails
Event: 15.296 loading class org/gradle/api/internal/artifacts/ivyservice/resolveengine/graph/conflicts/VersionConflictResolutionDetails done
Event: 15.403 Executing VM operation: G1CollectForAllocation


Dynamic libraries:
0x00007ff7447d0000 - 0x00007ff7447da000 	C:\Program Files\Android\Android Studio\jre\bin\java.exe
0x00007ffc12190000 - 0x00007ffc12385000 	C:\Windows\SYSTEM32\ntdll.dll
0x00007ffc11dd0000 - 0x00007ffc11e8d000 	C:\Windows\System32\KERNEL32.DLL
0x00007ffc0f9d0000 - 0x00007ffc0fc98000 	C:\Windows\System32\KERNELBASE.dll
0x00007ffc0f8d0000 - 0x00007ffc0f9d0000 	C:\Windows\System32\ucrtbase.dll
0x00007ffc06d10000 - 0x00007ffc06d27000 	C:\Program Files\Android\Android Studio\jre\bin\VCRUNTIME140.dll
0x00007ffc06c80000 - 0x00007ffc06c99000 	C:\Program Files\Android\Android Studio\jre\bin\jli.dll
0x00007ffc10be0000 - 0x00007ffc10d80000 	C:\Windows\System32\USER32.dll
0x00007ffc0ef90000 - 0x00007ffc0f22a000 	C:\Windows\WinSxS\amd64_microsoft.windows.common-controls_6595b64144ccf1df_6.0.19041.844_none_ca00b6081b84eb1d\COMCTL32.dll
0x00007ffc10120000 - 0x00007ffc10142000 	C:\Windows\System32\win32u.dll
0x00007ffc11390000 - 0x00007ffc1142e000 	C:\Windows\System32\msvcrt.dll
0x00007ffc10950000 - 0x00007ffc1097a000 	C:\Windows\System32\GDI32.dll
0x00007ffc0ff10000 - 0x00007ffc1001b000 	C:\Windows\System32\gdi32full.dll
0x00007ffc10150000 - 0x00007ffc101ed000 	C:\Windows\System32\msvcp_win.dll
0x00007ffc114e0000 - 0x00007ffc11510000 	C:\Windows\System32\IMM32.DLL
0x00007ffc06be0000 - 0x00007ffc06c7d000 	C:\Program Files\Android\Android Studio\jre\bin\msvcp140.dll
0x00007ffbdbc90000 - 0x00007ffbdc75f000 	C:\Program Files\Android\Android Studio\jre\bin\server\jvm.dll
0x00007ffc11520000 - 0x00007ffc115cc000 	C:\Windows\System32\ADVAPI32.dll
0x00007ffc120b0000 - 0x00007ffc1214b000 	C:\Windows\System32\sechost.dll
0x00007ffc10980000 - 0x00007ffc10aab000 	C:\Windows\System32\RPCRT4.dll
0x00007ffc10d80000 - 0x00007ffc10d88000 	C:\Windows\System32\PSAPI.DLL
0x00007ffc09e00000 - 0x00007ffc09e09000 	C:\Windows\SYSTEM32\WSOCK32.dll
0x00007ffc12040000 - 0x00007ffc120ab000 	C:\Windows\System32\WS2_32.dll
0x00007ffbf7130000 - 0x00007ffbf7157000 	C:\Windows\SYSTEM32\WINMM.dll
0x00007ffc0a7c0000 - 0x00007ffc0a7ca000 	C:\Windows\SYSTEM32\VERSION.dll
0x00007ffc0d1c0000 - 0x00007ffc0d1d2000 	C:\Windows\SYSTEM32\kernel.appcore.dll
0x00007ffbe3480000 - 0x00007ffbe3491000 	C:\Program Files\Android\Android Studio\jre\bin\verify.dll
0x00007ffc0f350000 - 0x00007ffc0f534000 	C:\Windows\SYSTEM32\DBGHELP.DLL
0x00007ffc0f250000 - 0x00007ffc0f27c000 	C:\Windows\SYSTEM32\dbgcore.DLL
0x00007ffc0fe60000 - 0x00007ffc0fee0000 	C:\Windows\System32\bcryptPrimitives.dll
0x00007ffbe18a0000 - 0x00007ffbe18c9000 	C:\Program Files\Android\Android Studio\jre\bin\java.dll
0x00007ffc09df0000 - 0x00007ffc09dfb000 	C:\Program Files\Android\Android Studio\jre\bin\jimage.dll
0x00007ffbe1880000 - 0x00007ffbe1898000 	C:\Program Files\Android\Android Studio\jre\bin\zip.dll
0x00007ffc101f0000 - 0x00007ffc10932000 	C:\Windows\System32\SHELL32.dll
0x00007ffc0d3c0000 - 0x00007ffc0db51000 	C:\Windows\SYSTEM32\windows.storage.dll
0x00007ffc115d0000 - 0x00007ffc11925000 	C:\Windows\System32\combase.dll
0x00007ffc0ec30000 - 0x00007ffc0ec5c000 	C:\Windows\SYSTEM32\Wldp.dll
0x00007ffc11430000 - 0x00007ffc114de000 	C:\Windows\System32\SHCORE.dll
0x00007ffc11b60000 - 0x00007ffc11bb5000 	C:\Windows\System32\shlwapi.dll
0x00007ffc0f810000 - 0x00007ffc0f82f000 	C:\Windows\SYSTEM32\profapi.dll
0x00007ffbe1860000 - 0x00007ffbe187a000 	C:\Program Files\Android\Android Studio\jre\bin\net.dll
0x00007ffc06730000 - 0x00007ffc0683b000 	C:\Windows\SYSTEM32\WINHTTP.dll
0x00007ffc0e9c0000 - 0x00007ffc0ea2a000 	C:\Windows\system32\mswsock.dll
0x00007ffbe1840000 - 0x00007ffbe1854000 	C:\Program Files\Android\Android Studio\jre\bin\nio.dll
0x00007ffbfcb70000 - 0x00007ffbfcb97000 	C:\Users\Prasanth\.gradle\native\8bec1ad78214c89d9ad589b4d07fe93259594b29d510b10fafb7a158f7737e5d\windows-amd64\native-platform.dll
0x00007ffbf0960000 - 0x00007ffbf0a9d000 	C:\Users\Prasanth\.gradle\native\53dbd7edfb1c66fb8903c78663c9afc45aea4f116125fa6feffd364cf09443e8\windows-amd64\native-platform-file-events.dll
0x00007ffbed620000 - 0x00007ffbed62a000 	C:\Program Files\Android\Android Studio\jre\bin\management.dll
0x00007ffbea830000 - 0x00007ffbea83c000 	C:\Program Files\Android\Android Studio\jre\bin\management_ext.dll
0x00007ffc0f660000 - 0x00007ffc0f678000 	C:\Windows\SYSTEM32\CRYPTSP.dll
0x00007ffc0e320000 - 0x00007ffc0e354000 	C:\Windows\system32\rsaenh.dll
0x00007ffc0fee0000 - 0x00007ffc0ff07000 	C:\Windows\System32\bcrypt.dll
0x00007ffc0f790000 - 0x00007ffc0f7be000 	C:\Windows\SYSTEM32\USERENV.dll
0x00007ffc0eb90000 - 0x00007ffc0eb9c000 	C:\Windows\SYSTEM32\CRYPTBASE.dll
0x00007ffc0e6b0000 - 0x00007ffc0e6eb000 	C:\Windows\SYSTEM32\IPHLPAPI.DLL
0x00007ffc11510000 - 0x00007ffc11518000 	C:\Windows\System32\NSI.dll
0x00007ffc07580000 - 0x00007ffc07597000 	C:\Windows\SYSTEM32\dhcpcsvc6.DLL
0x00007ffc079c0000 - 0x00007ffc079dd000 	C:\Windows\SYSTEM32\dhcpcsvc.DLL
0x00007ffc0e6f0000 - 0x00007ffc0e7bc000 	C:\Windows\SYSTEM32\DNSAPI.dll

dbghelp: loaded successfully - version: 4.0.5 - missing functions: none
symbol engine: initialized successfully - sym options: 0x614 - pdb path: .;C:\Program Files\Android\Android Studio\jre\bin;C:\Windows\SYSTEM32;C:\Windows\WinSxS\amd64_microsoft.windows.common-controls_6595b64144ccf1df_6.0.19041.844_none_ca00b6081b84eb1d;C:\Program Files\Android\Android Studio\jre\bin\server;C:\Users\Prasanth\.gradle\native\8bec1ad78214c89d9ad589b4d07fe93259594b29d510b10fafb7a158f7737e5d\windows-amd64;C:\Users\Prasanth\.gradle\native\53dbd7edfb1c66fb8903c78663c9afc45aea4f116125fa6feffd364cf09443e8\windows-amd64

VM Arguments:
jvm_args: --add-opens=java.base/java.util=ALL-UNNAMED --add-opens=java.base/java.lang=ALL-UNNAMED --add-opens=java.base/java.lang.invoke=ALL-UNNAMED --add-opens=java.base/java.util=ALL-UNNAMED --add-opens=java.prefs/java.util.prefs=ALL-UNNAMED --add-opens=java.prefs/java.util.prefs=ALL-UNNAMED --add-opens=java.base/java.nio.charset=ALL-UNNAMED --add-opens=java.base/java.net=ALL-UNNAMED --add-opens=java.base/java.util.concurrent.atomic=ALL-UNNAMED -Xmx2048m -Dfile.encoding=windows-1252 -Duser.country=IN -Duser.language=en -Duser.variant 
java_command: org.gradle.launcher.daemon.bootstrap.GradleDaemon 7.0.2
java_class_path (initial): C:\Users\Prasanth\.gradle\wrapper\dists\gradle-7.0.2-bin\857tjihv64xamwrf0h14cai3r\gradle-7.0.2\lib\gradle-launcher-7.0.2.jar
Launcher Type: SUN_STANDARD

[Global flags]
     intx CICompilerCount                          = 2                                         {product} {ergonomic}
     uint ConcGCThreads                            = 1                                         {product} {ergonomic}
     uint G1ConcRefinementThreads                  = 2                                         {product} {ergonomic}
   size_t G1HeapRegionSize                         = 1048576                                   {product} {ergonomic}
    uintx GCDrainStackTargetSize                   = 64                                        {product} {ergonomic}
   size_t InitialHeapSize                          = 65011712                                  {product} {ergonomic}
   size_t MarkStackSize                            = 4194304                                   {product} {ergonomic}
   size_t MaxHeapSize                              = 2147483648                                {product} {command line}
   size_t MaxNewSize                               = 1287651328                                {product} {ergonomic}
   size_t MinHeapDeltaBytes                        = 1048576                                   {product} {ergonomic}
    uintx NonNMethodCodeHeapSize                   = 5825164                                {pd product} {ergonomic}
    uintx NonProfiledCodeHeapSize                  = 122916538                              {pd product} {ergonomic}
    uintx ProfiledCodeHeapSize                     = 122916538                              {pd product} {ergonomic}
    uintx ReservedCodeCacheSize                    = 251658240                              {pd product} {ergonomic}
     bool SegmentedCodeCache                       = true                                      {product} {ergonomic}
     bool UseCompressedClassPointers               = true                                 {lp64_product} {ergonomic}
     bool UseCompressedOops                        = true                                 {lp64_product} {ergonomic}
     bool UseG1GC                                  = true                                      {product} {ergonomic}
     bool UseLargePagesIndividualAllocation        = false                                  {pd product} {ergonomic}

Logging:
Log output configuration:
 #0: stdout all=warning uptime,level,tags
 #1: stderr all=off uptime,level,tags

Environment Variables:
PATH=C:\Windows\system32;C:\Windows;C:\Windows\System32\Wbem;C:\Windows\System32\WindowsPowerShell\v1.0\;C:\Windows\System32\OpenSSH\;C:\Users\Prasanth\AppData\Local\Microsoft\WindowsApps;
USERNAME=Prasanth
OS=Windows_NT
PROCESSOR_IDENTIFIER=Intel64 Family 6 Model 42 Stepping 7, GenuineIntel



---------------  S Y S T E M  ---------------

OS: Windows 10 , 64 bit Build 19041 (10.0.19041.928)
OS uptime: 0 days 0:32 hours

CPU:total 2 (initial active 2) (2 cores per cpu, 1 threads per core) family 6 model 42 stepping 7 microcode 0x2f, cmov, cx8, fxsr, mmx, sse, sse2, sse3, ssse3, sse4.1, sse4.2, popcnt, clmul, tsc, tscinvbit

Memory: 4k page, system-wide physical 3931M (956M free)
TotalPageFile size 6491M (AvailPageFile size 3283M)
current process WorkingSet (physical memory assigned to process): 225M, peak: 239M
current process commit charge ("private bytes"): 250M, peak: 263M

vm_info: OpenJDK 64-Bit Server VM (11.0.10+0-b96-7249189) for windows-amd64 JRE (11.0.10+0-b96-7249189), built on Mar 31 2021 21:44:00 by "builder" with MS VC++ 14.0 (VS2015)

END.
