#
# A fatal error has been detected by the Java Runtime Environment:
#
#  EXCEPTION_ACCESS_VIOLATION (0xc0000005) at pc=0x00007ffa56fc420d, pid=6780, tid=6072
#
# JRE version: OpenJDK Runtime Environment (11.0.10) (build 11.0.10+0-b96-7249189)
# Java VM: OpenJDK 64-Bit Server VM (11.0.10+0-b96-7249189, mixed mode, tiered, compressed oops, g1 gc, windows-amd64)
# Problematic frame:
# V  [jvm.dll+0x2d420d]
#
# No core dump will be written. Minidumps are not enabled by default on client versions of Windows
#
# If you would like to submit a bug report, please visit:
#   https://bugreport.java.com/bugreport/crash.jsp
#

---------------  S U M M A R Y ------------

Command Line: --add-opens=java.base/java.util=ALL-UNNAMED --add-opens=java.base/java.lang=ALL-UNNAMED --add-opens=java.base/java.lang.invoke=ALL-UNNAMED --add-opens=java.base/java.util=ALL-UNNAMED --add-opens=java.prefs/java.util.prefs=ALL-UNNAMED --add-opens=java.prefs/java.util.prefs=ALL-UNNAMED --add-opens=java.base/java.nio.charset=ALL-UNNAMED --add-opens=java.base/java.net=ALL-UNNAMED --add-opens=java.base/java.util.concurrent.atomic=ALL-UNNAMED -Xmx2048m -Dfile.encoding=windows-1252 -Duser.country=IN -Duser.language=en -Duser.variant org.gradle.launcher.daemon.bootstrap.GradleDaemon 7.0.2

Host: Intel(R) Pentium(R) CPU B950 @ 2.10GHz, 2 cores, 3G,  Windows 10 , 64 bit Build 19041 (10.0.19041.928)
Time: Wed Oct  6 21:59:28 2021 Pacific Daylight Time elapsed time: 44.814746 seconds (0d 0h 0m 44s)

---------------  T H R E A D  ---------------

Current thread (0x00000253f2781800):  GCTaskThread "GC Thread#0" [stack: 0x000000d19d900000,0x000000d19da00000] [id=6072]

Stack: [0x000000d19d900000,0x000000d19da00000],  sp=0x000000d19d9feef0,  free space=1019k
Native frames: (J=compiled Java code, j=interpreted, Vv=VM code, C=native code)
V  [jvm.dll+0x2d420d]
V  [jvm.dll+0x2fe6ff]
V  [jvm.dll+0x2ff998]
V  [jvm.dll+0x2d1282]
V  [jvm.dll+0x2fdb7b]
V  [jvm.dll+0x2fd8ae]
V  [jvm.dll+0x30c177]
V  [jvm.dll+0x2ace4e]
V  [jvm.dll+0x2acd71]
V  [jvm.dll+0x2da2f5]
V  [jvm.dll+0x30dbb5]
V  [jvm.dll+0x30c9fd]
V  [jvm.dll+0x2dd418]
V  [jvm.dll+0x748da0]
V  [jvm.dll+0x6e3d45]
V  [jvm.dll+0x5ebe96]
C  [ucrtbase.dll+0x21bb2]
C  [KERNEL32.DLL+0x17034]
C  [ntdll.dll+0x52651]


siginfo: EXCEPTION_ACCESS_VIOLATION (0xc0000005), reading address 0x00000000000000f8


Register to memory mapping:

RIP=0x00007ffa56fc420d jvm.dll
RAX=0x00000253f2794f80 points into unknown readable memory: 0x0000000000000000 | 00 00 00 00 00 00 00 00
RBX=0x00000253918f0600 points into unknown readable memory: 0x00007ffa575130f8 | f8 30 51 57 fa 7f 00 00
RCX=0x0 is NULL
RDX=0x00000253f27eeaf0 points into unknown readable memory: 0x00007ffa5751aae0 | e0 aa 51 57 fa 7f 00 00
RSP=0x000000d19d9feef0 points into unknown readable memory: 0x0000000084ea9754 | 54 97 ea 84 00 00 00 00
RBP=0x00000253918f0770 points into unknown readable memory: 0x00007ffa575130b0 | b0 30 51 57 fa 7f 00 00
RSI=0x0000000100009648 is pointing into metadata
RDI=0x0000000083c29840 is pointing into object: java.lang.reflect.Method 
{0x0000000083c29818} - klass: 'java/lang/reflect/Method'
R8 =0x0000000083c29860 is pointing into object: java.lang.reflect.Method 
{0x0000000083c29818} - klass: 'java/lang/reflect/Method'
R9 =0x0 is NULL
R10=0x0000000083c29860 is pointing into object: java.lang.reflect.Method 
{0x0000000083c29818} - klass: 'java/lang/reflect/Method'
R11=0x00000253918f0770 points into unknown readable memory: 0x00007ffa575130b0 | b0 30 51 57 fa 7f 00 00
R12=0x000000000000000b is an unknown value
R13=0x0 is NULL
R14=0x0000000100009638 is pointing into metadata
R15=0x0000000083c29818 is an oop: java.lang.reflect.Method 
{0x0000000083c29818} - klass: 'java/lang/reflect/Method'


Registers:
RAX=0x00000253f2794f80, RBX=0x00000253918f0600, RCX=0x0000000000000000, RDX=0x00000253f27eeaf0
RSP=0x000000d19d9feef0, RBP=0x00000253918f0770, RSI=0x0000000100009648, RDI=0x0000000083c29840
R8 =0x0000000083c29860, R9 =0x0000000000000000, R10=0x0000000083c29860, R11=0x00000253918f0770
R12=0x000000000000000b, R13=0x0000000000000000, R14=0x0000000100009638, R15=0x0000000083c29818
RIP=0x00007ffa56fc420d, EFLAGS=0x0000000000010246

Top of Stack: (sp=0x000000d19d9feef0)
0x000000d19d9feef0:   0000000084ea9754 0000000083c2986d
0x000000d19d9fef00:   00000253f2784ab0 0000000083c2978d
0x000000d19d9fef10:   0000000083c29860 00007ffa56fee6ff
0x000000d19d9fef20:   0000000083c2986c 00007ffa56fefc22
0x000000d19d9fef30:   0000000083c2978c 0000000100005e88
0x000000d19d9fef40:   0000000084722370 0000000000000002
0x000000d19d9fef50:   0000000083c29818 00007ffa56fef998
0x000000d19d9fef60:   0000000000000002 00000253ffa59815
0x000000d19d9fef70:   00000253918f0600 00007ffa56fc03fe
0x000000d19d9fef80:   00000253f2784ab0 0000000000000000
0x000000d19d9fef90:   00000003918f0770 00000253ffa59815
0x000000d19d9fefa0:   0000000000000001 00000253918f0600
0x000000d19d9fefb0:   0000000000000040 00000253f2784b30
0x000000d19d9fefc0:   0000000000000000 00000253918f0600
0x000000d19d9fefd0:   000000d19d9ff201 00007ffa56fc1282
0x000000d19d9fefe0:   00000253918f0600 00007ffa56ff9d01 

Instructions: (pc=0x00007ffa56fc420d)
0x00007ffa56fc410d:   74 24 38 48 83 c4 20 5f c3 cc cc cc cc cc cc cc
0x00007ffa56fc411d:   cc cc cc 48 89 5c 24 08 57 48 83 ec 20 48 8b 41
0x00007ffa56fc412d:   18 48 8b da 48 83 cb 01 48 8b d3 48 8b 78 10 48
0x00007ffa56fc413d:   8b cf e8 6c 7b 00 00 84 c0 75 29 48 81 c7 90 00
0x00007ffa56fc414d:   00 00 48 8b 47 08 48 39 47 20 75 08 48 8b cf e8
0x00007ffa56fc415d:   7f 47 0b 00 48 8b 4f 20 48 8b 47 38 48 89 1c c8
0x00007ffa56fc416d:   48 ff 47 20 48 8b 5c 24 30 48 83 c4 20 5f c3 cc
0x00007ffa56fc417d:   cc cc cc 48 89 5c 24 08 57 48 83 ec 20 48 8b 79
0x00007ffa56fc418d:   10 48 8b da 48 83 cb 01 48 8b cf 48 8b d3 e8 10
0x00007ffa56fc419d:   7b 00 00 84 c0 75 29 48 81 c7 90 00 00 00 48 8b
0x00007ffa56fc41ad:   47 08 48 39 47 20 75 08 48 8b cf e8 23 47 0b 00
0x00007ffa56fc41bd:   48 8b 4f 20 48 8b 47 38 48 89 1c c8 48 ff 47 20
0x00007ffa56fc41cd:   48 8b 5c 24 30 48 83 c4 20 5f c3 cc cc cc cc cc
0x00007ffa56fc41dd:   cc cc cc 40 53 48 83 ec 20 8b 82 04 01 00 00 48
0x00007ffa56fc41ed:   8b d9 d1 e8 a8 01 75 6b 48 8b 41 08 8b 88 c0 02
0x00007ffa56fc41fd:   00 00 48 8b 80 b0 02 00 00 49 d3 e9 4a 8b 0c c8
0x00007ffa56fc420d:   48 8b 81 f8 00 00 00 83 b8 18 01 00 00 00 74 43
0x00007ffa56fc421d:   48 8b 4b 50 48 89 7c 24 30 49 c1 e8 09 48 8b 79
0x00007ffa56fc422d:   48 48 2b 79 40 49 03 f8 48 8b d7 e8 93 c1 ff ff
0x00007ffa56fc423d:   84 c0 74 1a 80 7b 28 00 48 8d 4b 18 74 10 48 8b
0x00007ffa56fc424d:   43 50 48 8b 50 40 48 03 d7 e8 35 25 36 00 48 8b
0x00007ffa56fc425d:   7c 24 30 48 83 c4 20 5b c3 cc cc cc cc cc cc cc
0x00007ffa56fc426d:   cc cc cc 48 89 5c 24 08 48 89 74 24 10 57 48 83
0x00007ffa56fc427d:   ec 20 48 63 fa 48 8d 05 5f 91 54 00 45 33 c0 48
0x00007ffa56fc428d:   89 01 48 8b f1 89 79 08 48 8b df 48 8d 0c fd 00
0x00007ffa56fc429d:   00 00 00 41 8d 50 05 e8 37 f6 dd ff 45 33 db 48
0x00007ffa56fc42ad:   89 46 10 4c 8d 4e 10 4c 8b d0 45 8b c3 85 ff 7e
0x00007ffa56fc42bd:   56 83 ff 02 72 51 8d 4f ff 48 63 d1 48 8d 04 d0
0x00007ffa56fc42cd:   4d 3b d1 77 05 49 3b c1 73 3d 8b c7 25 01 00 00
0x00007ffa56fc42dd:   80 7d 07 ff c8 83 c8 fe ff c0 2b f8 0f 1f 80 00
0x00007ffa56fc42ed:   00 00 00 41 83 c0 02 44 3b c7 7c f7 8d 47 01 49
0x00007ffa56fc42fd:   8b fa 99 2b c2 d1 f8 48 63 c8 48 c1 e1 04 48 c1 


Stack slot to memory mapping:
stack at sp + 0 slots: 0x0000000084ea9754 is pointing into object: [Ljava.util.HashMap$Node; 
{0x0000000084ea9680} - klass: 'java/util/HashMap$Node'[]
 - length: 256
stack at sp + 1 slots: 0x0000000083c2986d is pointing into object: java.lang.reflect.Method 
{0x0000000083c29818} - klass: 'java/lang/reflect/Method'
stack at sp + 2 slots: 0x00000253f2784ab0 points into unknown readable memory: 0x000000000000062d | 2d 06 00 00 00 00 00 00
stack at sp + 3 slots: 0x0000000083c2978d is pointing into object: [Ljava.lang.Object; 
{0x0000000083c29778} - klass: 'java/lang/Object'[]
 - length: 2
stack at sp + 4 slots: 0x0000000083c29860 is pointing into object: java.lang.reflect.Method 
{0x0000000083c29818} - klass: 'java/lang/reflect/Method'
stack at sp + 5 slots: 0x00007ffa56fee6ff jvm.dll
stack at sp + 6 slots: 0x0000000083c2986c is pointing into object: java.lang.reflect.Method 
{0x0000000083c29818} - klass: 'java/lang/reflect/Method'
stack at sp + 7 slots: 0x00007ffa56fefc22 jvm.dll


---------------  P R O C E S S  ---------------

Threads class SMR info:
_java_thread_list=0x0000025393ae97a0, length=41, elements={
0x00000253f276a000, 0x00000253fd5eb000, 0x00000253fd5ec800, 0x00000253fd64d000,
0x00000253fd64e000, 0x00000253fd650800, 0x00000253fd659800, 0x00000253fd65e800,
0x00000253fd672800, 0x00000253fe0d5800, 0x00000253ff943000, 0x00000253ff690800,
0x00000253ff4b1000, 0x00000253ff4b2000, 0x00000253ff691000, 0x00000253ff202800,
0x00000253ffa59800, 0x00000253ff026000, 0x00000253ff027000, 0x000002538f320800,
0x000002538f321000, 0x000002538f322000, 0x000002538f31c800, 0x000002538f31f800,
0x000002538f31e000, 0x000002538f31e800, 0x000002538f31d000, 0x000002538f323000,
0x00000253917b9800, 0x00000253917bc000, 0x00000253917ba800, 0x00000253917bd000,
0x00000253917bb000, 0x00000253917b8000, 0x00000253917be800, 0x00000253917c1000,
0x00000253917c2000, 0x00000253917c2800, 0x00000253917c5000, 0x00000253917c0000,
0x00000253917c4000
}

Java Threads: ( => current thread )
  0x00000253f276a000 JavaThread "main" [_thread_blocked, id=5516, stack(0x000000d19d800000,0x000000d19d900000)]
  0x00000253fd5eb000 JavaThread "Reference Handler" daemon [_thread_blocked, id=6940, stack(0x000000d19df00000,0x000000d19e000000)]
  0x00000253fd5ec800 JavaThread "Finalizer" daemon [_thread_blocked, id=4220, stack(0x000000d19e000000,0x000000d19e100000)]
  0x00000253fd64d000 JavaThread "Signal Dispatcher" daemon [_thread_blocked, id=6468, stack(0x000000d19e100000,0x000000d19e200000)]
  0x00000253fd64e000 JavaThread "Attach Listener" daemon [_thread_blocked, id=4680, stack(0x000000d19e200000,0x000000d19e300000)]
  0x00000253fd650800 JavaThread "Service Thread" daemon [_thread_blocked, id=3392, stack(0x000000d19e300000,0x000000d19e400000)]
  0x00000253fd659800 JavaThread "C2 CompilerThread0" daemon [_thread_blocked, id=4040, stack(0x000000d19e400000,0x000000d19e500000)]
  0x00000253fd65e800 JavaThread "C1 CompilerThread0" daemon [_thread_blocked, id=4248, stack(0x000000d19e500000,0x000000d19e600000)]
  0x00000253fd672800 JavaThread "Sweeper thread" daemon [_thread_blocked, id=2924, stack(0x000000d19e600000,0x000000d19e700000)]
  0x00000253fe0d5800 JavaThread "Common-Cleaner" daemon [_thread_blocked, id=4352, stack(0x000000d19e700000,0x000000d19e800000)]
  0x00000253ff943000 JavaThread "Daemon health stats" [_thread_blocked, id=6436, stack(0x000000d19ea00000,0x000000d19eb00000)]
  0x00000253ff690800 JavaThread "Incoming local TCP Connector on port 49775" [_thread_in_native, id=2324, stack(0x000000d19eb00000,0x000000d19ec00000)]
  0x00000253ff4b1000 JavaThread "Daemon" [_thread_blocked, id=1724, stack(0x000000d19ec00000,0x000000d19ed00000)]
  0x00000253ff4b2000 JavaThread "Handler for socket connection from /127.0.0.1:49775 to /127.0.0.1:49776" [_thread_in_native, id=6900, stack(0x000000d19ed00000,0x000000d19ee00000)]
  0x00000253ff691000 JavaThread "Daemon periodic checks" [_thread_blocked, id=5960, stack(0x000000d19ee00000,0x000000d19ef00000)]
  0x00000253ff202800 JavaThread "Cancel handler" [_thread_blocked, id=1112, stack(0x000000d19ef00000,0x000000d19f000000)]
  0x00000253ffa59800 JavaThread "Daemon worker" [_thread_blocked, id=4520, stack(0x000000d19f000000,0x000000d19f100000)]
  0x00000253ff026000 JavaThread "Asynchronous log dispatcher for DefaultDaemonConnection: socket connection from /127.0.0.1:49775 to /127.0.0.1:49776" [_thread_blocked, id=3200, stack(0x000000d19f100000,0x000000d19f200000)]
  0x00000253ff027000 JavaThread "Stdin handler" [_thread_blocked, id=1588, stack(0x000000d19f200000,0x000000d19f300000)]
  0x000002538f320800 JavaThread "Daemon client event forwarder" [_thread_blocked, id=3140, stack(0x000000d19f300000,0x000000d19f400000)]
  0x000002538f321000 JavaThread "Cache worker for file hash cache (C:\Users\Prasanth\.gradle\caches\7.0.2\fileHashes)" [_thread_blocked, id=6048, stack(0x000000d19f400000,0x000000d19f500000)]
  0x000002538f322000 JavaThread "File lock request listener" [_thread_in_native, id=6756, stack(0x000000d19f500000,0x000000d19f600000)]
  0x000002538f31c800 JavaThread "Cache worker for journal cache (C:\Users\Prasanth\.gradle\caches\journal-1)" [_thread_blocked, id=5884, stack(0x000000d19f600000,0x000000d19f700000)]
  0x000002538f31f800 JavaThread "Cache worker for file hash cache (C:\Users\Prasanth\AndroidStudioProjects\Skyblue\.gradle\7.0.2\fileHashes)" [_thread_blocked, id=780, stack(0x000000d19f700000,0x000000d19f800000)]
  0x000002538f31e000 JavaThread "File watcher server" daemon [_thread_in_native, id=5296, stack(0x000000d19f800000,0x000000d19f900000)]
  0x000002538f31e800 JavaThread "File watcher consumer" daemon [_thread_blocked, id=6124, stack(0x000000d19f900000,0x000000d19fa00000)]
  0x000002538f31d000 JavaThread "Cache worker for checksums cache (C:\Users\Prasanth\AndroidStudioProjects\Skyblue\.gradle\checksums)" [_thread_blocked, id=6840, stack(0x000000d19fa00000,0x000000d19fb00000)]
  0x000002538f323000 JavaThread "Cache worker for cache directory md-supplier (C:\Users\Prasanth\.gradle\caches\7.0.2\md-supplier)" [_thread_blocked, id=5224, stack(0x000000d19fb00000,0x000000d19fc00000)]
  0x00000253917b9800 JavaThread "Cache worker for cache directory md-rule (C:\Users\Prasanth\.gradle\caches\7.0.2\md-rule)" [_thread_blocked, id=3532, stack(0x000000d19fc00000,0x000000d19fd00000)]
  0x00000253917bc000 JavaThread "Cache worker for execution history cache (C:\Users\Prasanth\.gradle\caches\7.0.2\executionHistory)" [_thread_blocked, id=5380, stack(0x000000d19fd00000,0x000000d19fe00000)]
  0x00000253917ba800 JavaThread "jar transforms" [_thread_blocked, id=6888, stack(0x000000d19fe00000,0x000000d19ff00000)]
  0x00000253917bd000 JavaThread "jar transforms Thread 2" [_thread_blocked, id=3740, stack(0x000000d19ff00000,0x000000d1a0000000)]
  0x00000253917bb000 JavaThread "Cache worker for file content cache (C:\Users\Prasanth\.gradle\caches\7.0.2\fileContent)" [_thread_blocked, id=4756, stack(0x000000d1a0000000,0x000000d1a0100000)]
  0x00000253917b8000 JavaThread "Cache worker for dependencies-accessors (C:\Users\Prasanth\AndroidStudioProjects\Skyblue\.gradle\7.0.2\dependencies-accessors)" [_thread_blocked, id=5056, stack(0x000000d1a0100000,0x000000d1a0200000)]
  0x00000253917be800 JavaThread "Cache worker for Build Output Cleanup Cache (C:\Users\Prasanth\AndroidStudioProjects\Skyblue\.gradle\buildOutputCleanup)" [_thread_blocked, id=5408, stack(0x000000d1a0200000,0x000000d1a0300000)]
  0x00000253917c1000 JavaThread "Build operations" [_thread_blocked, id=6500, stack(0x000000d1a0300000,0x000000d1a0400000)]
  0x00000253917c2000 JavaThread "Build operations Thread 2" [_thread_blocked, id=2960, stack(0x000000d1a0400000,0x000000d1a0500000)]
  0x00000253917c2800 JavaThread "Memory manager" [_thread_blocked, id=1028, stack(0x000000d1a0500000,0x000000d1a0600000)]
  0x00000253917c5000 JavaThread "build event listener" [_thread_blocked, id=5448, stack(0x000000d1a0800000,0x000000d1a0900000)]
  0x00000253917c0000 JavaThread "Execution worker for ':'" [_thread_blocked, id=5440, stack(0x000000d1a0900000,0x000000d1a0a00000)]
  0x00000253917c4000 JavaThread "Cache worker for execution history cache (C:\Users\Prasanth\AndroidStudioProjects\Skyblue\.gradle\7.0.2\executionHistory)" [_thread_blocked, id=4372, stack(0x000000d1a0a00000,0x000000d1a0b00000)]

Other Threads:
  0x00000253fd5e6800 VMThread "VM Thread" [stack: 0x000000d19de00000,0x000000d19df00000] [id=5180]
  0x00000253fe0f3000 WatcherThread [stack: 0x000000d19e800000,0x000000d19e900000] [id=7040]
=>0x00000253f2781800 GCTaskThread "GC Thread#0" [stack: 0x000000d19d900000,0x000000d19da00000] [id=6072]
  0x00000253fe268000 GCTaskThread "GC Thread#1" [stack: 0x000000d19e900000,0x000000d19ea00000] [id=5356]
  0x00000253f27b5800 ConcurrentGCThread "G1 Main Marker" [stack: 0x000000d19da00000,0x000000d19db00000] [id=5284]
  0x00000253f27b7000 ConcurrentGCThread "G1 Conc#0" [stack: 0x000000d19db00000,0x000000d19dc00000] [id=5580]
  0x00000253f2807800 ConcurrentGCThread "G1 Refine#0" [stack: 0x000000d19dc00000,0x000000d19dd00000] [id=4228]
  0x00000253f2808800 ConcurrentGCThread "G1 Young RemSet Sampling" [stack: 0x000000d19dd00000,0x000000d19de00000] [id=1960]

Threads with active compile tasks:

VM state:at safepoint (normal execution)

VM Mutex/Monitor currently owned by a thread:  ([mutex/lock_event])
[0x00000253f2765c80] Threads_lock - owner thread: 0x00000253fd5e6800
[0x00000253f27667c0] Heap_lock - owner thread: 0x00000253ffa59800

Heap address: 0x0000000080000000, size: 2048 MB, Compressed Oops mode: 32-bit
Narrow klass base: 0x0000000000000000, Narrow klass shift: 3
Compressed class space size: 1073741824 Address: 0x0000000100000000

Heap:
 garbage-first heap   total 110592K, used 91887K [0x0000000080000000, 0x0000000100000000)
  region size 1024K, 31 young (31744K), 3 survivors (3072K)
 Metaspace       used 77691K, capacity 79543K, committed 79692K, reserved 1118208K
  class space    used 10145K, capacity 10822K, committed 10828K, reserved 1048576K
Heap Regions: E=young(eden), S=young(survivor), O=old, HS=humongous(starts), HC=humongous(continues), CS=collection set, F=free, A=archive, TAMS=top-at-mark-start (previous, next)
|   0|0x0000000080000000, 0x0000000080100000, 0x0000000080100000|100%| O|  |TAMS 0x0000000080100000, 0x0000000080100000| Untracked 
|   1|0x0000000080100000, 0x0000000080200000, 0x0000000080200000|100%| O|  |TAMS 0x0000000080200000, 0x0000000080200000| Untracked 
|   2|0x0000000080200000, 0x0000000080300000, 0x0000000080300000|100%| O|  |TAMS 0x0000000080300000, 0x0000000080300000| Untracked 
|   3|0x0000000080300000, 0x0000000080400000, 0x0000000080400000|100%| O|  |TAMS 0x0000000080400000, 0x0000000080400000| Untracked 
|   4|0x0000000080400000, 0x0000000080500000, 0x0000000080500000|100%|HS|  |TAMS 0x0000000080500000, 0x0000000080500000| Complete 
|   5|0x0000000080500000, 0x0000000080600000, 0x0000000080600000|100%|HC|  |TAMS 0x0000000080600000, 0x0000000080600000| Complete 
|   6|0x0000000080600000, 0x0000000080700000, 0x0000000080700000|100%|HC|  |TAMS 0x0000000080700000, 0x0000000080700000| Complete 
|   7|0x0000000080700000, 0x0000000080800000, 0x0000000080800000|100%| O|  |TAMS 0x0000000080800000, 0x0000000080800000| Untracked 
|   8|0x0000000080800000, 0x0000000080900000, 0x0000000080900000|100%| O|  |TAMS 0x0000000080900000, 0x0000000080900000| Untracked 
|   9|0x0000000080900000, 0x0000000080a00000, 0x0000000080a00000|100%| O|  |TAMS 0x0000000080a00000, 0x0000000080a00000| Untracked 
|  10|0x0000000080a00000, 0x0000000080b00000, 0x0000000080b00000|100%| O|  |TAMS 0x0000000080b00000, 0x0000000080b00000| Untracked 
|  11|0x0000000080b00000, 0x0000000080c00000, 0x0000000080c00000|100%| O|  |TAMS 0x0000000080c00000, 0x0000000080c00000| Untracked 
|  12|0x0000000080c00000, 0x0000000080d00000, 0x0000000080d00000|100%| O|  |TAMS 0x0000000080d00000, 0x0000000080d00000| Untracked 
|  13|0x0000000080d00000, 0x0000000080e00000, 0x0000000080e00000|100%| O|  |TAMS 0x0000000080e00000, 0x0000000080e00000| Untracked 
|  14|0x0000000080e00000, 0x0000000080f00000, 0x0000000080f00000|100%| O|  |TAMS 0x0000000080f00000, 0x0000000080f00000| Untracked 
|  15|0x0000000080f00000, 0x0000000081000000, 0x0000000081000000|100%| O|  |TAMS 0x0000000081000000, 0x0000000081000000| Untracked 
|  16|0x0000000081000000, 0x0000000081100000, 0x0000000081100000|100%| O|  |TAMS 0x0000000081100000, 0x0000000081100000| Untracked 
|  17|0x0000000081100000, 0x0000000081200000, 0x0000000081200000|100%| O|  |TAMS 0x0000000081200000, 0x0000000081200000| Untracked 
|  18|0x0000000081200000, 0x0000000081300000, 0x0000000081300000|100%| O|  |TAMS 0x0000000081300000, 0x0000000081300000| Untracked 
|  19|0x0000000081300000, 0x0000000081400000, 0x0000000081400000|100%| O|  |TAMS 0x0000000081400000, 0x0000000081400000| Untracked 
|  20|0x0000000081400000, 0x0000000081500000, 0x0000000081500000|100%| O|  |TAMS 0x0000000081500000, 0x0000000081500000| Untracked 
|  21|0x0000000081500000, 0x0000000081600000, 0x0000000081600000|100%| O|  |TAMS 0x0000000081600000, 0x0000000081600000| Untracked 
|  22|0x0000000081600000, 0x0000000081700000, 0x0000000081700000|100%| O|  |TAMS 0x0000000081700000, 0x0000000081700000| Untracked 
|  23|0x0000000081700000, 0x0000000081800000, 0x0000000081800000|100%| O|  |TAMS 0x0000000081800000, 0x0000000081800000| Untracked 
|  24|0x0000000081800000, 0x0000000081900000, 0x0000000081900000|100%| O|  |TAMS 0x0000000081900000, 0x0000000081900000| Untracked 
|  25|0x0000000081900000, 0x0000000081a00000, 0x0000000081a00000|100%| O|  |TAMS 0x0000000081a00000, 0x0000000081a00000| Untracked 
|  26|0x0000000081a00000, 0x0000000081b00000, 0x0000000081b00000|100%| O|  |TAMS 0x0000000081b00000, 0x0000000081b00000| Untracked 
|  27|0x0000000081b00000, 0x0000000081c00000, 0x0000000081c00000|100%|HS|  |TAMS 0x0000000081c00000, 0x0000000081c00000| Complete 
|  28|0x0000000081c00000, 0x0000000081d00000, 0x0000000081d00000|100%|HS|  |TAMS 0x0000000081d00000, 0x0000000081d00000| Complete 
|  29|0x0000000081d00000, 0x0000000081e00000, 0x0000000081e00000|100%|HS|  |TAMS 0x0000000081e00000, 0x0000000081e00000| Complete 
|  30|0x0000000081e00000, 0x0000000081f00000, 0x0000000081f00000|100%|HC|  |TAMS 0x0000000081f00000, 0x0000000081f00000| Complete 
|  31|0x0000000081f00000, 0x0000000082000000, 0x0000000082000000|100%| O|  |TAMS 0x0000000082000000, 0x0000000082000000| Untracked 
|  32|0x0000000082000000, 0x0000000082100000, 0x0000000082100000|100%| O|  |TAMS 0x0000000082100000, 0x0000000082100000| Untracked 
|  33|0x0000000082100000, 0x0000000082200000, 0x0000000082200000|100%| O|  |TAMS 0x0000000082200000, 0x0000000082200000| Untracked 
|  34|0x0000000082200000, 0x0000000082300000, 0x0000000082300000|100%| O|  |TAMS 0x0000000082300000, 0x0000000082300000| Untracked 
|  35|0x0000000082300000, 0x0000000082400000, 0x0000000082400000|100%| O|  |TAMS 0x0000000082400000, 0x0000000082400000| Untracked 
|  36|0x0000000082400000, 0x0000000082500000, 0x0000000082500000|100%| O|  |TAMS 0x0000000082500000, 0x0000000082500000| Untracked 
|  37|0x0000000082500000, 0x0000000082600000, 0x0000000082600000|100%| O|  |TAMS 0x0000000082600000, 0x0000000082600000| Untracked 
|  38|0x0000000082600000, 0x0000000082700000, 0x0000000082700000|100%| O|  |TAMS 0x0000000082700000, 0x0000000082700000| Untracked 
|  39|0x0000000082700000, 0x0000000082800000, 0x0000000082800000|100%| O|  |TAMS 0x0000000082800000, 0x0000000082800000| Untracked 
|  40|0x0000000082800000, 0x0000000082900000, 0x0000000082900000|100%| O|  |TAMS 0x0000000082900000, 0x0000000082900000| Untracked 
|  41|0x0000000082900000, 0x0000000082a00000, 0x0000000082a00000|100%| O|  |TAMS 0x0000000082a00000, 0x0000000082a00000| Untracked 
|  42|0x0000000082a00000, 0x0000000082b00000, 0x0000000082b00000|100%| O|  |TAMS 0x0000000082b00000, 0x0000000082b00000| Untracked 
|  43|0x0000000082b00000, 0x0000000082c00000, 0x0000000082c00000|100%| O|  |TAMS 0x0000000082c00000, 0x0000000082c00000| Untracked 
|  44|0x0000000082c00000, 0x0000000082d00000, 0x0000000082d00000|100%| O|  |TAMS 0x0000000082d00000, 0x0000000082d00000| Untracked 
|  45|0x0000000082d00000, 0x0000000082e00000, 0x0000000082e00000|100%| O|  |TAMS 0x0000000082e00000, 0x0000000082e00000| Untracked 
|  46|0x0000000082e00000, 0x0000000082f00000, 0x0000000082f00000|100%| O|  |TAMS 0x0000000082f00000, 0x0000000082f00000| Untracked 
|  47|0x0000000082f00000, 0x0000000083000000, 0x0000000083000000|100%| O|  |TAMS 0x0000000083000000, 0x0000000083000000| Untracked 
|  48|0x0000000083000000, 0x0000000083100000, 0x0000000083100000|100%| O|  |TAMS 0x0000000083100000, 0x0000000083100000| Untracked 
|  49|0x0000000083100000, 0x0000000083200000, 0x0000000083200000|100%| O|  |TAMS 0x0000000083200000, 0x0000000083200000| Untracked 
|  50|0x0000000083200000, 0x0000000083300000, 0x0000000083300000|100%| O|  |TAMS 0x0000000083300000, 0x0000000083300000| Untracked 
|  51|0x0000000083300000, 0x0000000083400000, 0x0000000083400000|100%| O|  |TAMS 0x0000000083400000, 0x0000000083400000| Untracked 
|  52|0x0000000083400000, 0x0000000083500000, 0x0000000083500000|100%| O|  |TAMS 0x0000000083500000, 0x0000000083500000| Untracked 
|  53|0x0000000083500000, 0x0000000083600000, 0x0000000083600000|100%| O|  |TAMS 0x0000000083600000, 0x0000000083600000| Untracked 
|  54|0x0000000083600000, 0x0000000083700000, 0x0000000083700000|100%| O|  |TAMS 0x0000000083700000, 0x0000000083700000| Untracked 
|  55|0x0000000083700000, 0x0000000083800000, 0x0000000083800000|100%| O|  |TAMS 0x0000000083759c00, 0x0000000083800000| Untracked 
|  56|0x0000000083800000, 0x0000000083900000, 0x0000000083900000|100%| O|  |TAMS 0x0000000083800000, 0x0000000083900000| Untracked 
|  57|0x0000000083900000, 0x0000000083a00000, 0x0000000083a00000|100%| O|  |TAMS 0x0000000083900000, 0x0000000083a00000| Untracked 
|  58|0x0000000083a00000, 0x0000000083b00000, 0x0000000083b00000|100%| O|  |TAMS 0x0000000083a00000, 0x0000000083b00000| Untracked 
|  59|0x0000000083b00000, 0x0000000083c00000, 0x0000000083c00000|100%| O|  |TAMS 0x0000000083b00000, 0x0000000083c00000| Untracked 
|  60|0x0000000083c00000, 0x0000000083d00000, 0x0000000083d00000|100%| O|  |TAMS 0x0000000083c00000, 0x0000000083d00000| Untracked 
|  61|0x0000000083d00000, 0x0000000083d4cad8, 0x0000000083e00000| 29%| O|  |TAMS 0x0000000083d00000, 0x0000000083e00000| Untracked 
|  62|0x0000000083e00000, 0x0000000083e00000, 0x0000000083f00000|  0%| F|  |TAMS 0x0000000083e00000, 0x0000000083e00000| Untracked 
|  63|0x0000000083f00000, 0x0000000083f00000, 0x0000000084000000|  0%| F|  |TAMS 0x0000000083f00000, 0x0000000083f00000| Untracked 
|  64|0x0000000084000000, 0x0000000084000000, 0x0000000084100000|  0%| F|  |TAMS 0x0000000084000000, 0x0000000084000000| Untracked 
|  65|0x0000000084100000, 0x0000000084100000, 0x0000000084200000|  0%| F|  |TAMS 0x0000000084100000, 0x0000000084100000| Untracked 
|  66|0x0000000084200000, 0x0000000084200000, 0x0000000084300000|  0%| F|  |TAMS 0x0000000084200000, 0x0000000084200000| Untracked 
|  67|0x0000000084300000, 0x0000000084300000, 0x0000000084400000|  0%| F|  |TAMS 0x0000000084300000, 0x0000000084300000| Untracked 
|  68|0x0000000084400000, 0x0000000084400000, 0x0000000084500000|  0%| F|  |TAMS 0x0000000084400000, 0x0000000084400000| Untracked 
|  69|0x0000000084500000, 0x0000000084500000, 0x0000000084600000|  0%| F|  |TAMS 0x0000000084500000, 0x0000000084500000| Untracked 
|  70|0x0000000084600000, 0x0000000084700000, 0x0000000084700000|100%| E|CS|TAMS 0x0000000084600000, 0x0000000084700000| Complete 
|  71|0x0000000084700000, 0x0000000084800000, 0x0000000084800000|100%| E|CS|TAMS 0x0000000084700000, 0x0000000084800000| Complete 
|  72|0x0000000084800000, 0x0000000084800000, 0x0000000084900000|  0%| F|  |TAMS 0x0000000084800000, 0x0000000084800000| Untracked 
|  73|0x0000000084900000, 0x0000000084900000, 0x0000000084a00000|  0%| F|  |TAMS 0x0000000084900000, 0x0000000084900000| Untracked 
|  74|0x0000000084a00000, 0x0000000084b00000, 0x0000000084b00000|100%| E|CS|TAMS 0x0000000084a00000, 0x0000000084b00000| Complete 
|  75|0x0000000084b00000, 0x0000000084b00000, 0x0000000084c00000|  0%| F|  |TAMS 0x0000000084b00000, 0x0000000084b00000| Untracked 
|  76|0x0000000084c00000, 0x0000000084d00000, 0x0000000084d00000|100%| E|CS|TAMS 0x0000000084c00000, 0x0000000084d00000| Complete 
|  77|0x0000000084d00000, 0x0000000084db87b0, 0x0000000084e00000| 72%| S|  |TAMS 0x0000000084d00000, 0x0000000084d00000| Complete 
|  78|0x0000000084e00000, 0x0000000084f00000, 0x0000000084f00000|100%| S|  |TAMS 0x0000000084e00000, 0x0000000084e00000| Complete 
|  79|0x0000000084f00000, 0x0000000085000000, 0x0000000085000000|100%| S|  |TAMS 0x0000000084f00000, 0x0000000084f00000| Complete 
|  80|0x0000000085000000, 0x0000000085100000, 0x0000000085100000|100%| E|CS|TAMS 0x0000000085000000, 0x0000000085100000| Complete 
|  81|0x0000000085100000, 0x0000000085200000, 0x0000000085200000|100%| E|CS|TAMS 0x0000000085100000, 0x0000000085200000| Complete 
|  82|0x0000000085200000, 0x0000000085300000, 0x0000000085300000|100%| E|CS|TAMS 0x0000000085200000, 0x0000000085300000| Complete 
|  83|0x0000000085300000, 0x0000000085400000, 0x0000000085400000|100%| E|CS|TAMS 0x0000000085300000, 0x0000000085400000| Complete 
|  84|0x0000000085400000, 0x0000000085500000, 0x0000000085500000|100%| E|CS|TAMS 0x0000000085400000, 0x0000000085500000| Complete 
|  85|0x0000000085500000, 0x0000000085600000, 0x0000000085600000|100%| E|CS|TAMS 0x0000000085500000, 0x0000000085600000| Complete 
|  86|0x0000000085600000, 0x0000000085700000, 0x0000000085700000|100%| E|CS|TAMS 0x0000000085600000, 0x0000000085700000| Complete 
|  87|0x0000000085700000, 0x0000000085800000, 0x0000000085800000|100%| E|CS|TAMS 0x0000000085700000, 0x0000000085800000| Complete 
|  88|0x0000000085800000, 0x0000000085900000, 0x0000000085900000|100%| E|CS|TAMS 0x0000000085800000, 0x0000000085900000| Complete 
|  89|0x0000000085900000, 0x0000000085a00000, 0x0000000085a00000|100%| E|CS|TAMS 0x0000000085900000, 0x0000000085a00000| Complete 
|  90|0x0000000085a00000, 0x0000000085b00000, 0x0000000085b00000|100%| E|CS|TAMS 0x0000000085a00000, 0x0000000085b00000| Complete 
|  91|0x0000000085b00000, 0x0000000085c00000, 0x0000000085c00000|100%| E|CS|TAMS 0x0000000085b00000, 0x0000000085c00000| Complete 
|  92|0x0000000085c00000, 0x0000000085d00000, 0x0000000085d00000|100%| E|CS|TAMS 0x0000000085c00000, 0x0000000085d00000| Complete 
|  93|0x0000000085d00000, 0x0000000085e00000, 0x0000000085e00000|100%| E|CS|TAMS 0x0000000085d00000, 0x0000000085e00000| Complete 
|  94|0x0000000085e00000, 0x0000000085f00000, 0x0000000085f00000|100%| E|CS|TAMS 0x0000000085e00000, 0x0000000085f00000| Complete 
|  95|0x0000000085f00000, 0x0000000086000000, 0x0000000086000000|100%| E|CS|TAMS 0x0000000085f00000, 0x0000000086000000| Complete 
|  96|0x0000000086000000, 0x0000000086100000, 0x0000000086100000|100%| E|CS|TAMS 0x0000000086000000, 0x0000000086100000| Complete 
|  97|0x0000000086100000, 0x0000000086200000, 0x0000000086200000|100%| E|CS|TAMS 0x0000000086100000, 0x0000000086200000| Complete 
|  98|0x0000000086200000, 0x0000000086300000, 0x0000000086300000|100%| E|CS|TAMS 0x0000000086200000, 0x0000000086300000| Complete 
|  99|0x0000000086300000, 0x0000000086400000, 0x0000000086400000|100%| E|CS|TAMS 0x0000000086300000, 0x0000000086400000| Complete 
| 100|0x0000000086400000, 0x0000000086500000, 0x0000000086500000|100%| E|CS|TAMS 0x0000000086400000, 0x0000000086500000| Complete 
| 101|0x0000000086500000, 0x0000000086600000, 0x0000000086600000|100%| E|CS|TAMS 0x0000000086500000, 0x0000000086600000| Complete 
| 102|0x0000000086600000, 0x0000000086700000, 0x0000000086700000|100%| E|CS|TAMS 0x0000000086600000, 0x0000000086700000| Complete 
| 103|0x0000000086700000, 0x0000000086800000, 0x0000000086800000|100%| E|CS|TAMS 0x0000000086700000, 0x0000000086800000| Complete 
| 104|0x0000000086800000, 0x0000000086900000, 0x0000000086900000|100%| E|CS|TAMS 0x0000000086800000, 0x0000000086900000| Complete 
| 105|0x0000000086900000, 0x0000000086a00000, 0x0000000086a00000|100%| E|CS|TAMS 0x0000000086900000, 0x0000000086a00000| Complete 
| 106|0x0000000086a00000, 0x0000000086b00000, 0x0000000086b00000|100%| E|CS|TAMS 0x0000000086a00000, 0x0000000086b00000| Complete 
| 107|0x0000000086b00000, 0x0000000086c00000, 0x0000000086c00000|100%| E|CS|TAMS 0x0000000086b00000, 0x0000000086c00000| Complete 

Card table byte_map: [0x00000253f6a60000,0x00000253f6e60000] _byte_map_base: 0x00000253f6660000

Marking Bits (Prev, Next): (CMBitMap*) 0x00000253f27ac9b0, (CMBitMap*) 0x00000253f27ac978
 Prev Bits: [0x00000253f9260000, 0x00000253fb260000)
 Next Bits: [0x00000253f7260000, 0x00000253f9260000)

Polling page: 0x00000253f0e00000

Metaspace:

Usage:
  Non-class:     67.11 MB capacity,    65.96 MB ( 98%) used,   975.43 KB (  1%) free+waste,   199.31 KB ( <1%) overhead. 
      Class:     10.57 MB capacity,     9.91 MB ( 94%) used,   584.04 KB (  5%) free+waste,    92.44 KB ( <1%) overhead. 
       Both:     77.68 MB capacity,    75.87 MB ( 98%) used,     1.52 MB (  2%) free+waste,   291.75 KB ( <1%) overhead. 

Virtual space:
  Non-class space:       68.00 MB reserved,      67.25 MB ( 99%) committed 
      Class space:        1.00 GB reserved,      10.57 MB (  1%) committed 
             Both:        1.07 GB reserved,      77.82 MB (  7%) committed 

Chunk freelists:
   Non-Class:  15.00 KB
       Class:  0 bytes
        Both:  15.00 KB

MaxMetaspaceSize: 17179869184.00 GB
CompressedClassSpaceSize: 1.00 GB

CodeHeap 'non-profiled nmethods': size=120064Kb used=4057Kb max_used=4057Kb free=116007Kb
 bounds [0x0000025387ac0000, 0x0000025387ec0000, 0x000002538f000000]
CodeHeap 'profiled nmethods': size=120000Kb used=16254Kb max_used=16254Kb free=103746Kb
 bounds [0x0000025380590000, 0x0000025381570000, 0x0000025387ac0000]
CodeHeap 'non-nmethods': size=5696Kb used=2261Kb max_used=2316Kb free=3435Kb
 bounds [0x0000025380000000, 0x0000025380270000, 0x0000025380590000]
 total_blobs=8346 nmethods=7477 adapters=781
 compilation: enabled
              stopped_count=0, restarted_count=0
 full_count=0

Compilation events (20 events):
Event: 44.599 Thread 0x00000253fd65e800 nmethod 7507 0x000002538156d090 code [0x000002538156d260, 0x000002538156d568]
Event: 44.601 Thread 0x00000253fd65e800 7509       3       org.gradle.api.internal.provider.ValueSanitizers$1::sanitize (14 bytes)
Event: 44.601 Thread 0x00000253fd65e800 nmethod 7509 0x000002538156d710 code [0x000002538156d8e0, 0x000002538156dbe8]
Event: 44.603 Thread 0x00000253fd65e800 7510       3       java.io.ObjectInputStream$PeekInputStream::peek (49 bytes)
Event: 44.603 Thread 0x00000253fd65e800 nmethod 7510 0x000002538156dc90 code [0x000002538156de60, 0x000002538156e0e8]
Event: 44.604 Thread 0x00000253fd65e800 7511       1       java.io.ObjectInputStream$BlockDataInputStream::getBlockDataMode (5 bytes)
Event: 44.604 Thread 0x00000253fd65e800 nmethod 7511 0x0000025387eb3210 code [0x0000025387eb33c0, 0x0000025387eb3478]
Event: 44.613 Thread 0x00000253fd659800 nmethod 7495 0x0000025387eb3510 code [0x0000025387eb3700, 0x0000025387eb3e78]
Event: 44.613 Thread 0x00000253fd659800 7512       4       jdk.internal.org.objectweb.asm.ClassReader::<init> (257 bytes)
Event: 44.634 Thread 0x00000253fd659800 nmethod 7512 0x0000025387eb4190 code [0x0000025387eb4340, 0x0000025387eb4a78]
Event: 44.634 Thread 0x00000253fd659800 7513  s    4       java.io.BufferedInputStream::read (113 bytes)
Event: 44.640 Thread 0x00000253fd65e800 7514       3       com.google.common.util.concurrent.AbstractFuture$TrustedFuture::get (5 bytes)
Event: 44.640 Thread 0x00000253fd65e800 nmethod 7514 0x000002538156e190 code [0x000002538156e340, 0x000002538156e468]
Event: 44.640 Thread 0x00000253fd65e800 7515       3       com.google.common.util.concurrent.AbstractFuture::getDoneValue (55 bytes)
Event: 44.641 Thread 0x00000253fd65e800 nmethod 7515 0x000002538156e510 code [0x000002538156e740, 0x000002538156ef88]
Event: 44.641 Thread 0x00000253fd65e800 7516       3       com.google.common.cache.LocalCache$LoadingValueReference::notifyNewValue (21 bytes)
Event: 44.642 Thread 0x00000253fd65e800 nmethod 7516 0x000002538156f190 code [0x000002538156f380, 0x000002538156f6a8]
Event: 44.655 Thread 0x00000253fd659800 nmethod 7513 0x0000025387eb4e10 code [0x0000025387eb5000, 0x0000025387eb5b90]
Event: 44.655 Thread 0x00000253fd659800 7508       4       java.lang.Class::getReflectionFactory (26 bytes)
Event: 44.656 Thread 0x00000253fd659800 nmethod 7508 0x0000025387eb6190 code [0x0000025387eb6320, 0x0000025387eb6378]

GC Heap History (20 events):
Event: 29.514 GC heap after
{Heap after GC invocations=17 (full 0):
 garbage-first heap   total 110592K, used 42342K [0x0000000080000000, 0x0000000100000000)
  region size 1024K, 6 young (6144K), 6 survivors (6144K)
 Metaspace       used 50302K, capacity 51660K, committed 51916K, reserved 1093632K
  class space    used 6396K, capacity 6822K, committed 6860K, reserved 1048576K
}
Event: 32.681 GC heap before
{Heap before GC invocations=17 (full 0):
 garbage-first heap   total 110592K, used 84326K [0x0000000080000000, 0x0000000100000000)
  region size 1024K, 47 young (48128K), 6 survivors (6144K)
 Metaspace       used 56502K, capacity 57906K, committed 58060K, reserved 1099776K
  class space    used 7150K, capacity 7619K, committed 7628K, reserved 1048576K
}
Event: 32.701 GC heap after
{Heap after GC invocations=18 (full 0):
 garbage-first heap   total 110592K, used 44563K [0x0000000080000000, 0x0000000100000000)
  region size 1024K, 2 young (2048K), 2 survivors (2048K)
 Metaspace       used 56502K, capacity 57906K, committed 58060K, reserved 1099776K
  class space    used 7150K, capacity 7619K, committed 7628K, reserved 1048576K
}
Event: 33.503 GC heap before
{Heap before GC invocations=18 (full 0):
 garbage-first heap   total 110592K, used 55827K [0x0000000080000000, 0x0000000100000000)
  region size 1024K, 14 young (14336K), 2 survivors (2048K)
 Metaspace       used 58663K, capacity 60150K, committed 60236K, reserved 1101824K
  class space    used 7413K, capacity 7961K, committed 8012K, reserved 1048576K
}
Event: 33.513 GC heap after
{Heap after GC invocations=19 (full 0):
 garbage-first heap   total 110592K, used 45674K [0x0000000080000000, 0x0000000100000000)
  region size 1024K, 3 young (3072K), 3 survivors (3072K)
 Metaspace       used 58663K, capacity 60150K, committed 60236K, reserved 1101824K
  class space    used 7413K, capacity 7961K, committed 8012K, reserved 1048576K
}
Event: 34.938 GC heap before
{Heap before GC invocations=20 (full 0):
 garbage-first heap   total 110592K, used 80490K [0x0000000080000000, 0x0000000100000000)
  region size 1024K, 38 young (38912K), 3 survivors (3072K)
 Metaspace       used 62003K, capacity 63479K, committed 63692K, reserved 1103872K
  class space    used 7826K, capacity 8360K, committed 8396K, reserved 1048576K
}
Event: 34.960 GC heap after
{Heap after GC invocations=21 (full 0):
 garbage-first heap   total 110592K, used 48814K [0x0000000080000000, 0x0000000100000000)
  region size 1024K, 5 young (5120K), 5 survivors (5120K)
 Metaspace       used 62003K, capacity 63479K, committed 63692K, reserved 1103872K
  class space    used 7826K, capacity 8360K, committed 8396K, reserved 1048576K
}
Event: 36.252 GC heap before
{Heap before GC invocations=21 (full 0):
 garbage-first heap   total 110592K, used 83630K [0x0000000080000000, 0x0000000100000000)
  region size 1024K, 39 young (39936K), 5 survivors (5120K)
 Metaspace       used 63664K, capacity 65160K, committed 65228K, reserved 1105920K
  class space    used 8071K, capacity 8610K, committed 8652K, reserved 1048576K
}
Event: 36.276 GC heap after
{Heap after GC invocations=22 (full 0):
 garbage-first heap   total 110592K, used 51420K [0x0000000080000000, 0x0000000100000000)
  region size 1024K, 3 young (3072K), 3 survivors (3072K)
 Metaspace       used 63664K, capacity 65160K, committed 65228K, reserved 1105920K
  class space    used 8071K, capacity 8610K, committed 8652K, reserved 1048576K
}
Event: 37.106 GC heap before
{Heap before GC invocations=22 (full 0):
 garbage-first heap   total 110592K, used 85212K [0x0000000080000000, 0x0000000100000000)
  region size 1024K, 36 young (36864K), 3 survivors (3072K)
 Metaspace       used 65051K, capacity 66653K, committed 66764K, reserved 1107968K
  class space    used 8255K, capacity 8808K, committed 8908K, reserved 1048576K
}
Event: 37.127 GC heap after
{Heap after GC invocations=23 (full 0):
 garbage-first heap   total 110592K, used 54619K [0x0000000080000000, 0x0000000100000000)
  region size 1024K, 3 young (3072K), 3 survivors (3072K)
 Metaspace       used 65051K, capacity 66653K, committed 66764K, reserved 1107968K
  class space    used 8255K, capacity 8808K, committed 8908K, reserved 1048576K
}
Event: 39.341 GC heap before
{Heap before GC invocations=23 (full 0):
 garbage-first heap   total 110592K, used 87387K [0x0000000080000000, 0x0000000100000000)
  region size 1024K, 35 young (35840K), 3 survivors (3072K)
 Metaspace       used 68876K, capacity 70500K, committed 70732K, reserved 1110016K
  class space    used 8888K, capacity 9507K, committed 9548K, reserved 1048576K
}
Event: 39.361 GC heap after
{Heap after GC invocations=24 (full 0):
 garbage-first heap   total 110592K, used 57171K [0x0000000080000000, 0x0000000100000000)
  region size 1024K, 3 young (3072K), 3 survivors (3072K)
 Metaspace       used 68876K, capacity 70500K, committed 70732K, reserved 1110016K
  class space    used 8888K, capacity 9507K, committed 9548K, reserved 1048576K
}
Event: 40.028 GC heap before
{Heap before GC invocations=25 (full 0):
 garbage-first heap   total 110592K, used 88915K [0x0000000080000000, 0x0000000100000000)
  region size 1024K, 34 young (34816K), 3 survivors (3072K)
 Metaspace       used 69293K, capacity 71038K, committed 71372K, reserved 1112064K
  class space    used 8948K, capacity 9557K, committed 9676K, reserved 1048576K
}
Event: 40.049 GC heap after
{Heap after GC invocations=26 (full 0):
 garbage-first heap   total 110592K, used 59152K [0x0000000080000000, 0x0000000100000000)
  region size 1024K, 5 young (5120K), 5 survivors (5120K)
 Metaspace       used 69293K, capacity 71038K, committed 71372K, reserved 1112064K
  class space    used 8948K, capacity 9557K, committed 9676K, reserved 1048576K
}
Event: 41.427 GC heap before
{Heap before GC invocations=26 (full 0):
 garbage-first heap   total 110592K, used 89872K [0x0000000080000000, 0x0000000100000000)
  region size 1024K, 35 young (35840K), 5 survivors (5120K)
 Metaspace       used 72379K, capacity 74135K, committed 74444K, reserved 1114112K
  class space    used 9442K, capacity 10055K, committed 10188K, reserved 1048576K
}
Event: 41.453 GC heap after
{Heap after GC invocations=27 (full 0):
 garbage-first heap   total 110592K, used 60452K [0x0000000080000000, 0x0000000100000000)
  region size 1024K, 4 young (4096K), 4 survivors (4096K)
 Metaspace       used 72379K, capacity 74135K, committed 74444K, reserved 1114112K
  class space    used 9442K, capacity 10055K, committed 10188K, reserved 1048576K
}
Event: 43.559 GC heap before
{Heap before GC invocations=28 (full 0):
 garbage-first heap   total 110592K, used 91172K [0x0000000080000000, 0x0000000100000000)
  region size 1024K, 34 young (34816K), 4 survivors (4096K)
 Metaspace       used 75958K, capacity 77700K, committed 77900K, reserved 1116160K
  class space    used 9877K, capacity 10500K, committed 10572K, reserved 1048576K
}
Event: 43.587 GC heap after
{Heap after GC invocations=29 (full 0):
 garbage-first heap   total 110592K, used 63215K [0x0000000080000000, 0x0000000100000000)
  region size 1024K, 4 young (4096K), 4 survivors (4096K)
 Metaspace       used 75958K, capacity 77700K, committed 77900K, reserved 1116160K
  class space    used 9877K, capacity 10500K, committed 10572K, reserved 1048576K
}
Event: 44.660 GC heap before
{Heap before GC invocations=29 (full 0):
 garbage-first heap   total 110592K, used 91887K [0x0000000080000000, 0x0000000100000000)
  region size 1024K, 32 young (32768K), 4 survivors (4096K)
 Metaspace       used 77691K, capacity 79543K, committed 79692K, reserved 1118208K
  class space    used 10145K, capacity 10822K, committed 10828K, reserved 1048576K
}

Deoptimization events (20 events):
Event: 44.416 Thread 0x00000253ffa59800 DEOPT PACKING pc=0x0000025387d480fc sp=0x000000d19f0fa9e0
Event: 44.416 Thread 0x00000253ffa59800 DEOPT UNPACKING pc=0x0000025380026ca9 sp=0x000000d19f0fa970 mode 2
Event: 44.474 Thread 0x00000253ffa59800 Uncommon trap: trap_request=0xffffffc6 fr.pc=0x0000025387e28c00 relative=0x0000000000000420
Event: 44.474 Thread 0x00000253ffa59800 Uncommon trap: reason=bimorphic_or_optimized_type_check action=maybe_recompile pc=0x0000025387e28c00 method=java.util.Collections$SetFromMap.remove(Ljava/lang/Object;)Z @ 5 c2
Event: 44.474 Thread 0x00000253ffa59800 DEOPT PACKING pc=0x0000025387e28c00 sp=0x000000d19f0fb770
Event: 44.474 Thread 0x00000253ffa59800 DEOPT UNPACKING pc=0x0000025380026ca9 sp=0x000000d19f0fb768 mode 2
Event: 44.477 Thread 0x00000253ffa59800 Uncommon trap: trap_request=0xffffffde fr.pc=0x0000025387d480fc relative=0x000000000000005c
Event: 44.477 Thread 0x00000253ffa59800 Uncommon trap: reason=class_check action=maybe_recompile pc=0x0000025387d480fc method=java.util.stream.StreamOpFlag.fromCharacteristics(Ljava/util/Spliterator;)I @ 14 c2
Event: 44.477 Thread 0x00000253ffa59800 DEOPT PACKING pc=0x0000025387d480fc sp=0x000000d19f0fb4d0
Event: 44.477 Thread 0x00000253ffa59800 DEOPT UNPACKING pc=0x0000025380026ca9 sp=0x000000d19f0fb460 mode 2
Event: 44.480 Thread 0x00000253ffa59800 Uncommon trap: trap_request=0xffffffc6 fr.pc=0x0000025387e28c00 relative=0x0000000000000420
Event: 44.480 Thread 0x00000253ffa59800 Uncommon trap: reason=bimorphic_or_optimized_type_check action=maybe_recompile pc=0x0000025387e28c00 method=java.util.Collections$SetFromMap.remove(Ljava/lang/Object;)Z @ 5 c2
Event: 44.480 Thread 0x00000253ffa59800 DEOPT PACKING pc=0x0000025387e28c00 sp=0x000000d19f0fb770
Event: 44.480 Thread 0x00000253ffa59800 DEOPT UNPACKING pc=0x0000025380026ca9 sp=0x000000d19f0fb768 mode 2
Event: 44.480 Thread 0x00000253ffa59800 Uncommon trap: trap_request=0xffffffc6 fr.pc=0x0000025387e28c00 relative=0x0000000000000420
Event: 44.480 Thread 0x00000253ffa59800 Uncommon trap: reason=bimorphic_or_optimized_type_check action=maybe_recompile pc=0x0000025387e28c00 method=java.util.Collections$SetFromMap.remove(Ljava/lang/Object;)Z @ 5 c2
Event: 44.480 Thread 0x00000253ffa59800 DEOPT PACKING pc=0x0000025387e28c00 sp=0x000000d19f0fb620
Event: 44.480 Thread 0x00000253ffa59800 DEOPT UNPACKING pc=0x0000025380026ca9 sp=0x000000d19f0fb618 mode 2
Event: 44.610 Thread 0x00000253917c5000 DEOPT PACKING pc=0x0000025381215a27 sp=0x000000d1a08fdc90
Event: 44.610 Thread 0x00000253917c5000 DEOPT UNPACKING pc=0x0000025380026abf sp=0x000000d1a08fd120 mode 0

Classes redefined (0 events):
No events

Internal exceptions (20 events):
Event: 43.741 Thread 0x00000253ffa59800 Exception <a 'java/lang/ClassNotFoundException'{0x000000008655ffd0}: com/google/gms/googleservices/GoogleServicesTask_DecoratedBeanInfo> (0x000000008655ffd0) thrown at [./src/hotspot/share/classfile/systemDictionary.cpp, line 231]
Event: 43.743 Thread 0x00000253ffa59800 Exception <a 'java/lang/ClassNotFoundException'{0x0000000086577fb0}: com/google/gms/googleservices/GoogleServicesTaskBeanInfo> (0x0000000086577fb0) thrown at [./src/hotspot/share/classfile/systemDictionary.cpp, line 231]
Event: 43.744 Thread 0x00000253ffa59800 Exception <a 'java/lang/ClassNotFoundException'{0x00000000865909f8}: com/google/gms/googleservices/GoogleServicesTaskCustomizer> (0x00000000865909f8) thrown at [./src/hotspot/share/classfile/systemDictionary.cpp, line 231]
Event: 43.746 Thread 0x00000253ffa59800 Exception <a 'java/lang/ClassNotFoundException'{0x00000000865bea98}: com/google/gms/googleservices/GoogleServicesTask_DecoratedCustomizer> (0x00000000865bea98) thrown at [./src/hotspot/share/classfile/systemDictionary.cpp, line 231]
Event: 43.771 Thread 0x00000253ffa59800 Exception <a 'java/lang/ClassNotFoundException'{0x000000008644ff18}: com/android/build/gradle/internal/api/ReadOnlyBuildTypeBeanInfo> (0x000000008644ff18) thrown at [./src/hotspot/share/classfile/systemDictionary.cpp, line 231]
Event: 43.772 Thread 0x00000253ffa59800 Exception <a 'java/lang/ClassNotFoundException'{0x0000000086469538}: com/android/build/gradle/internal/api/ReadOnlyBaseConfigBeanInfo> (0x0000000086469538) thrown at [./src/hotspot/share/classfile/systemDictionary.cpp, line 231]
Event: 43.773 Thread 0x00000253ffa59800 Exception <a 'java/lang/ClassNotFoundException'{0x00000000864832f0}: com/android/build/gradle/internal/api/ReadOnlyBaseConfigCustomizer> (0x00000000864832f0) thrown at [./src/hotspot/share/classfile/systemDictionary.cpp, line 231]
Event: 43.774 Thread 0x00000253ffa59800 Exception <a 'java/lang/ClassNotFoundException'{0x00000000864acda8}: com/android/build/gradle/internal/api/ReadOnlyBuildTypeCustomizer> (0x00000000864acda8) thrown at [./src/hotspot/share/classfile/systemDictionary.cpp, line 231]
Event: 43.787 Thread 0x00000253ffa59800 Exception <a 'java/lang/ClassNotFoundException'{0x0000000086213898}: com/android/build/gradle/internal/api/ImmutableFlavorListBeanInfo> (0x0000000086213898) thrown at [./src/hotspot/share/classfile/systemDictionary.cpp, line 231]
Event: 43.788 Thread 0x00000253ffa59800 Exception <a 'java/lang/ClassNotFoundException'{0x000000008622dbd8}: com/android/build/gradle/internal/api/ImmutableFlavorListCustomizer> (0x000000008622dbd8) thrown at [./src/hotspot/share/classfile/systemDictionary.cpp, line 231]
Event: 43.831 Thread 0x00000253ffa59800 Exception <a 'java/lang/ClassNotFoundException'{0x000000008610cee0}: org/gradle/api/internal/file/collections/DefaultConfigurableFileCollectionBeanInfo> (0x000000008610cee0) thrown at [./src/hotspot/share/classfile/systemDictionary.cpp, line 231]
Event: 43.831 Thread 0x00000253ffa59800 Exception <a 'java/lang/ClassNotFoundException'{0x0000000086128b58}: org/gradle/api/internal/file/collections/DefaultConfigurableFileCollectionCustomizer> (0x0000000086128b58) thrown at [./src/hotspot/share/classfile/systemDictionary.cpp, line 231]
Event: 44.402 Thread 0x000002538f320800 Exception <a 'java/lang/NoSuchMethodError'{0x0000000085308540}: <clinit>> (0x0000000085308540) thrown at [./src/hotspot/share/prims/jni.cpp, line 1362]
Event: 44.406 Thread 0x000002538f320800 Exception <a 'java/lang/NoSuchMethodError'{0x0000000085313cd8}: <clinit>> (0x0000000085313cd8) thrown at [./src/hotspot/share/prims/jni.cpp, line 1362]
Event: 44.434 Thread 0x000002538f320800 Exception <a 'java/lang/NoSuchMethodError'{0x0000000085242d50}: <clinit>> (0x0000000085242d50) thrown at [./src/hotspot/share/prims/jni.cpp, line 1362]
Event: 44.438 Thread 0x000002538f320800 Exception <a 'java/lang/NoSuchMethodError'{0x0000000085290478}: <clinit>> (0x0000000085290478) thrown at [./src/hotspot/share/prims/jni.cpp, line 1362]
Event: 44.438 Thread 0x000002538f320800 Exception <a 'java/lang/NoSuchMethodError'{0x0000000085291bf8}: <clinit>> (0x0000000085291bf8) thrown at [./src/hotspot/share/prims/jni.cpp, line 1362]
Event: 44.471 Thread 0x00000253917c5000 Exception <a 'java/lang/NoSuchMethodError'{0x0000000085166c48}: <clinit>> (0x0000000085166c48) thrown at [./src/hotspot/share/prims/jni.cpp, line 1362]
Event: 44.490 Thread 0x00000253917c5000 Exception <a 'java/lang/NoSuchMethodError'{0x000000008517f138}: <clinit>> (0x000000008517f138) thrown at [./src/hotspot/share/prims/jni.cpp, line 1362]
Event: 44.600 Thread 0x00000253917c5000 Exception <a 'java/lang/NoSuchMethodError'{0x00000000851babe8}: <clinit>> (0x00000000851babe8) thrown at [./src/hotspot/share/prims/jni.cpp, line 1362]

Events (20 events):
Event: 44.654 loading class org/gradle/internal/execution/impl/DefaultInputFingerprinter$InputCollectingVisitor done
Event: 44.655 loading class org/gradle/internal/execution/InputFingerprinter$Result
Event: 44.655 loading class org/gradle/internal/execution/InputFingerprinter$Result done
Event: 44.656 loading class com/google/common/collect/ImmutableSortedMap$Builder
Event: 44.656 loading class com/google/common/collect/ImmutableSortedMap$Builder done
Event: 44.657 loading class org/gradle/api/internal/tasks/properties/InputPropertySpec
Event: 44.657 loading class org/gradle/api/internal/tasks/properties/InputPropertySpec done
Event: 44.657 loading class org/gradle/api/internal/tasks/execution/ExecuteActionsTaskExecuter$TaskExecution
Event: 44.657 loading class org/gradle/api/internal/tasks/execution/ExecuteActionsTaskExecuter$TaskExecution done
Event: 44.657 loading class org/gradle/internal/execution/UnitOfWork$ValueSupplier
Event: 44.657 loading class org/gradle/internal/execution/UnitOfWork$ValueSupplier done
Event: 44.658 loading class org/gradle/api/internal/tasks/properties/InputFilePropertySpec
Event: 44.658 loading class org/gradle/api/internal/tasks/properties/InputFilePropertySpec done
Event: 44.659 loading class org/gradle/internal/fingerprint/CurrentFileCollectionFingerprint
Event: 44.659 loading class org/gradle/internal/fingerprint/CurrentFileCollectionFingerprint done
Event: 44.659 loading class org/gradle/api/internal/tasks/execution/ExecuteActionsTaskExecuter$TaskExecution
Event: 44.659 loading class org/gradle/api/internal/tasks/execution/ExecuteActionsTaskExecuter$TaskExecution done
Event: 44.659 loading class org/gradle/internal/execution/impl/DefaultInputFingerprinter$InputFingerprints
Event: 44.659 loading class org/gradle/internal/execution/impl/DefaultInputFingerprinter$InputFingerprints done
Event: 44.659 Executing VM operation: G1CollectForAllocation


Dynamic libraries:
0x00007ff69ab50000 - 0x00007ff69ab5a000 	C:\Program Files\Android\Android Studio\jre\bin\java.exe
0x00007ffa84130000 - 0x00007ffa84325000 	C:\Windows\SYSTEM32\ntdll.dll
0x00007ffa83e00000 - 0x00007ffa83ebd000 	C:\Windows\System32\KERNEL32.DLL
0x00007ffa81a80000 - 0x00007ffa81d48000 	C:\Windows\System32\KERNELBASE.dll
0x00007ffa81fa0000 - 0x00007ffa820a0000 	C:\Windows\System32\ucrtbase.dll
0x00007ffa6ea10000 - 0x00007ffa6ea29000 	C:\Program Files\Android\Android Studio\jre\bin\jli.dll
0x00007ffa5cf90000 - 0x00007ffa5cfa7000 	C:\Program Files\Android\Android Studio\jre\bin\VCRUNTIME140.dll
0x00007ffa822e0000 - 0x00007ffa82480000 	C:\Windows\System32\USER32.dll
0x00007ffa81a50000 - 0x00007ffa81a72000 	C:\Windows\System32\win32u.dll
0x00007ffa830e0000 - 0x00007ffa8310a000 	C:\Windows\System32\GDI32.dll
0x00007ffa808d0000 - 0x00007ffa80b6a000 	C:\Windows\WinSxS\amd64_microsoft.windows.common-controls_6595b64144ccf1df_6.0.19041.844_none_ca00b6081b84eb1d\COMCTL32.dll
0x00007ffa81d50000 - 0x00007ffa81e5b000 	C:\Windows\System32\gdi32full.dll
0x00007ffa82660000 - 0x00007ffa826fe000 	C:\Windows\System32\msvcrt.dll
0x00007ffa820f0000 - 0x00007ffa8218d000 	C:\Windows\System32\msvcp_win.dll
0x00007ffa83ec0000 - 0x00007ffa83ef0000 	C:\Windows\System32\IMM32.DLL
0x00007ffa4def0000 - 0x00007ffa4df8d000 	C:\Program Files\Android\Android Studio\jre\bin\msvcp140.dll
0x00007ffa56cf0000 - 0x00007ffa577bf000 	C:\Program Files\Android\Android Studio\jre\bin\server\jvm.dll
0x00007ffa82480000 - 0x00007ffa8252c000 	C:\Windows\System32\ADVAPI32.dll
0x00007ffa83590000 - 0x00007ffa8362b000 	C:\Windows\System32\sechost.dll
0x00007ffa83230000 - 0x00007ffa8335b000 	C:\Windows\System32\RPCRT4.dll
0x00007ffa82530000 - 0x00007ffa82538000 	C:\Windows\System32\PSAPI.DLL
0x00007ffa76490000 - 0x00007ffa76499000 	C:\Windows\SYSTEM32\WSOCK32.dll
0x00007ffa68430000 - 0x00007ffa68457000 	C:\Windows\SYSTEM32\WINMM.dll
0x00007ffa83ef0000 - 0x00007ffa83f5b000 	C:\Windows\System32\WS2_32.dll
0x00007ffa7f7f0000 - 0x00007ffa7f7fa000 	C:\Windows\SYSTEM32\VERSION.dll
0x00007ffa7fd70000 - 0x00007ffa7fd82000 	C:\Windows\SYSTEM32\kernel.appcore.dll
0x00007ffa55300000 - 0x00007ffa55311000 	C:\Program Files\Android\Android Studio\jre\bin\verify.dll
0x00007ffa80c90000 - 0x00007ffa80e74000 	C:\Windows\SYSTEM32\DBGHELP.DLL
0x00007ffa80b90000 - 0x00007ffa80bbc000 	C:\Windows\SYSTEM32\dbgcore.DLL
0x00007ffa819d0000 - 0x00007ffa81a50000 	C:\Windows\System32\bcryptPrimitives.dll
0x00007ffa552a0000 - 0x00007ffa552c9000 	C:\Program Files\Android\Android Studio\jre\bin\java.dll
0x00007ffa67820000 - 0x00007ffa6782b000 	C:\Program Files\Android\Android Studio\jre\bin\jimage.dll
0x00007ffa53120000 - 0x00007ffa53138000 	C:\Program Files\Android\Android Studio\jre\bin\zip.dll
0x00007ffa82760000 - 0x00007ffa82ea2000 	C:\Windows\System32\SHELL32.dll
0x00007ffa7ebc0000 - 0x00007ffa7f351000 	C:\Windows\SYSTEM32\windows.storage.dll
0x00007ffa83630000 - 0x00007ffa83985000 	C:\Windows\System32\combase.dll
0x00007ffa81310000 - 0x00007ffa8133c000 	C:\Windows\SYSTEM32\Wldp.dll
0x00007ffa84040000 - 0x00007ffa840ee000 	C:\Windows\System32\SHCORE.dll
0x00007ffa831d0000 - 0x00007ffa83225000 	C:\Windows\System32\shlwapi.dll
0x00007ffa817b0000 - 0x00007ffa817cf000 	C:\Windows\SYSTEM32\profapi.dll
0x00007ffa6f0c0000 - 0x00007ffa6f0da000 	C:\Program Files\Android\Android Studio\jre\bin\net.dll
0x00007ffa78bd0000 - 0x00007ffa78cdb000 	C:\Windows\SYSTEM32\WINHTTP.dll
0x00007ffa81080000 - 0x00007ffa810ea000 	C:\Windows\system32\mswsock.dll
0x00007ffa6ef60000 - 0x00007ffa6ef74000 	C:\Program Files\Android\Android Studio\jre\bin\nio.dll
0x00007ffa5c9b0000 - 0x00007ffa5c9d7000 	C:\Users\Prasanth\.gradle\native\8bec1ad78214c89d9ad589b4d07fe93259594b29d510b10fafb7a158f7737e5d\windows-amd64\native-platform.dll
0x00007ffa470c0000 - 0x00007ffa471fd000 	C:\Users\Prasanth\.gradle\native\53dbd7edfb1c66fb8903c78663c9afc45aea4f116125fa6feffd364cf09443e8\windows-amd64\native-platform-file-events.dll
0x00007ffa764b0000 - 0x00007ffa764ba000 	C:\Program Files\Android\Android Studio\jre\bin\management.dll
0x00007ffa6efc0000 - 0x00007ffa6efcc000 	C:\Program Files\Android\Android Studio\jre\bin\management_ext.dll
0x00007ffa81250000 - 0x00007ffa81268000 	C:\Windows\SYSTEM32\CRYPTSP.dll
0x00007ffa80320000 - 0x00007ffa80354000 	C:\Windows\system32\rsaenh.dll
0x00007ffa81ec0000 - 0x00007ffa81ee7000 	C:\Windows\System32\bcrypt.dll
0x00007ffa81730000 - 0x00007ffa8175e000 	C:\Windows\SYSTEM32\USERENV.dll
0x00007ffa81270000 - 0x00007ffa8127c000 	C:\Windows\SYSTEM32\CRYPTBASE.dll
0x00007ffa80670000 - 0x00007ffa806ab000 	C:\Windows\SYSTEM32\IPHLPAPI.DLL
0x00007ffa831c0000 - 0x00007ffa831c8000 	C:\Windows\System32\NSI.dll
0x00007ffa79e90000 - 0x00007ffa79ea7000 	C:\Windows\SYSTEM32\dhcpcsvc6.DLL
0x00007ffa79e70000 - 0x00007ffa79e8d000 	C:\Windows\SYSTEM32\dhcpcsvc.DLL
0x00007ffa806b0000 - 0x00007ffa8077c000 	C:\Windows\SYSTEM32\DNSAPI.dll

dbghelp: loaded successfully - version: 4.0.5 - missing functions: none
symbol engine: initialized successfully - sym options: 0x614 - pdb path: .;C:\Program Files\Android\Android Studio\jre\bin;C:\Windows\SYSTEM32;C:\Windows\WinSxS\amd64_microsoft.windows.common-controls_6595b64144ccf1df_6.0.19041.844_none_ca00b6081b84eb1d;C:\Program Files\Android\Android Studio\jre\bin\server;C:\Users\Prasanth\.gradle\native\8bec1ad78214c89d9ad589b4d07fe93259594b29d510b10fafb7a158f7737e5d\windows-amd64;C:\Users\Prasanth\.gradle\native\53dbd7edfb1c66fb8903c78663c9afc45aea4f116125fa6feffd364cf09443e8\windows-amd64

VM Arguments:
jvm_args: --add-opens=java.base/java.util=ALL-UNNAMED --add-opens=java.base/java.lang=ALL-UNNAMED --add-opens=java.base/java.lang.invoke=ALL-UNNAMED --add-opens=java.base/java.util=ALL-UNNAMED --add-opens=java.prefs/java.util.prefs=ALL-UNNAMED --add-opens=java.prefs/java.util.prefs=ALL-UNNAMED --add-opens=java.base/java.nio.charset=ALL-UNNAMED --add-opens=java.base/java.net=ALL-UNNAMED --add-opens=java.base/java.util.concurrent.atomic=ALL-UNNAMED -Xmx2048m -Dfile.encoding=windows-1252 -Duser.country=IN -Duser.language=en -Duser.variant 
java_command: org.gradle.launcher.daemon.bootstrap.GradleDaemon 7.0.2
java_class_path (initial): C:\Users\Prasanth\.gradle\wrapper\dists\gradle-7.0.2-bin\857tjihv64xamwrf0h14cai3r\gradle-7.0.2\lib\gradle-launcher-7.0.2.jar
Launcher Type: SUN_STANDARD

[Global flags]
     intx CICompilerCount                          = 2                                         {product} {ergonomic}
     uint ConcGCThreads                            = 1                                         {product} {ergonomic}
     uint G1ConcRefinementThreads                  = 2                                         {product} {ergonomic}
   size_t G1HeapRegionSize                         = 1048576                                   {product} {ergonomic}
    uintx GCDrainStackTargetSize                   = 64                                        {product} {ergonomic}
   size_t InitialHeapSize                          = 65011712                                  {product} {ergonomic}
   size_t MarkStackSize                            = 4194304                                   {product} {ergonomic}
   size_t MaxHeapSize                              = 2147483648                                {product} {command line}
   size_t MaxNewSize                               = 1287651328                                {product} {ergonomic}
   size_t MinHeapDeltaBytes                        = 1048576                                   {product} {ergonomic}
    uintx NonNMethodCodeHeapSize                   = 5825164                                {pd product} {ergonomic}
    uintx NonProfiledCodeHeapSize                  = 122916538                              {pd product} {ergonomic}
    uintx ProfiledCodeHeapSize                     = 122916538                              {pd product} {ergonomic}
    uintx ReservedCodeCacheSize                    = 251658240                              {pd product} {ergonomic}
     bool SegmentedCodeCache                       = true                                      {product} {ergonomic}
     bool UseCompressedClassPointers               = true                                 {lp64_product} {ergonomic}
     bool UseCompressedOops                        = true                                 {lp64_product} {ergonomic}
     bool UseG1GC                                  = true                                      {product} {ergonomic}
     bool UseLargePagesIndividualAllocation        = false                                  {pd product} {ergonomic}

Logging:
Log output configuration:
 #0: stdout all=warning uptime,level,tags
 #1: stderr all=off uptime,level,tags

Environment Variables:
PATH=C:\Windows\system32;C:\Windows;C:\Windows\System32\Wbem;C:\Windows\System32\WindowsPowerShell\v1.0\;C:\Windows\System32\OpenSSH\;C:\Users\Prasanth\AppData\Local\Microsoft\WindowsApps;
USERNAME=Prasanth
OS=Windows_NT
PROCESSOR_IDENTIFIER=Intel64 Family 6 Model 42 Stepping 7, GenuineIntel



---------------  S Y S T E M  ---------------

OS: Windows 10 , 64 bit Build 19041 (10.0.19041.928)
OS uptime: 0 days 0:23 hours

CPU:total 2 (initial active 2) (2 cores per cpu, 1 threads per core) family 6 model 42 stepping 7 microcode 0x2f, cmov, cx8, fxsr, mmx, sse, sse2, sse3, ssse3, sse4.1, sse4.2, popcnt, clmul, tsc, tscinvbit

Memory: 4k page, system-wide physical 3931M (680M free)
TotalPageFile size 6747M (AvailPageFile size 3369M)
current process WorkingSet (physical memory assigned to process): 327M, peak: 327M
current process commit charge ("private bytes"): 349M, peak: 350M

vm_info: OpenJDK 64-Bit Server VM (11.0.10+0-b96-7249189) for windows-amd64 JRE (11.0.10+0-b96-7249189), built on Mar 31 2021 21:44:00 by "builder" with MS VC++ 14.0 (VS2015)

END.
